{"/Users/naxi/project/cursor/local-life-service-app/backend/src/config/app.ts": {"path":"/Users/naxi/project/cursor/local-life-service-app/backend/src/config/app.ts","statementMap":{"0":{"start":{"line":1,"column":0},"end":{"line":1,"column":28}},"1":{"start":{"line":2,"column":0},"end":{"line":2,"column":24}},"2":{"start":{"line":5,"column":0},"end":{"line":5,"column":16}},"3":{"start":{"line":10,"column":13},"end":{"line":134,"column":2}},"4":{"start":{"line":137,"column":24},"end":{"line":140,"column":2}},"5":{"start":{"line":142,"column":0},"end":{"line":148,"column":1}},"6":{"start":{"line":143,"column":2},"end":{"line":147,"column":5}},"7":{"start":{"line":144,"column":4},"end":{"line":146,"column":5}},"8":{"start":{"line":145,"column":6},"end":{"line":145,"column":74}},"9":{"start":{"line":150,"column":0},"end":{"line":150,"column":22}}},"fnMap":{"0":{"name":"(anonymous_1)","decl":{"start":{"line":143,"column":26},"end":{"line":143,"column":32}},"loc":{"start":{"line":143,"column":35},"end":{"line":147,"column":3}}}},"branchMap":{"0":{"loc":{"start":{"line":12,"column":11},"end":{"line":12,"column":48}},"type":"binary-expr","locations":[{"start":{"line":12,"column":11},"end":{"line":12,"column":31}},{"start":{"line":12,"column":35},"end":{"line":12,"column":48}}]},"1":{"loc":{"start":{"line":13,"column":7},"end":{"line":13,"column":44}},"type":"binary-expr","locations":[{"start":{"line":13,"column":7},"end":{"line":13,"column":27}},{"start":{"line":13,"column":31},"end":{"line":13,"column":44}}]},"2":{"loc":{"start":{"line":14,"column":17},"end":{"line":14,"column":43}},"type":"binary-expr","locations":[{"start":{"line":14,"column":17},"end":{"line":14,"column":33}},{"start":{"line":14,"column":37},"end":{"line":14,"column":43}}]},"3":{"loc":{"start":{"line":17,"column":11},"end":{"line":17,"column":46}},"type":"binary-expr","locations":[{"start":{"line":17,"column":11},"end":{"line":17,"column":31}},{"start":{"line":17,"column":35},"end":{"line":17,"column":46}}]},"4":{"loc":{"start":{"line":18,"column":14},"end":{"line":18,"column":48}},"type":"binary-expr","locations":[{"start":{"line":18,"column":14},"end":{"line":18,"column":37}},{"start":{"line":18,"column":41},"end":{"line":18,"column":48}}]},"5":{"loc":{"start":{"line":22,"column":12},"end":{"line":22,"column":86}},"type":"binary-expr","locations":[{"start":{"line":22,"column":12},"end":{"line":22,"column":34}},{"start":{"line":22,"column":38},"end":{"line":22,"column":86}}]},"6":{"loc":{"start":{"line":23,"column":19},"end":{"line":23,"column":78}},"type":"binary-expr","locations":[{"start":{"line":23,"column":19},"end":{"line":23,"column":49}},{"start":{"line":23,"column":53},"end":{"line":23,"column":78}}]},"7":{"loc":{"start":{"line":24,"column":15},"end":{"line":24,"column":50}},"type":"binary-expr","locations":[{"start":{"line":24,"column":15},"end":{"line":24,"column":41}},{"start":{"line":24,"column":45},"end":{"line":24,"column":50}}]},"8":{"loc":{"start":{"line":25,"column":22},"end":{"line":25,"column":64}},"type":"binary-expr","locations":[{"start":{"line":25,"column":22},"end":{"line":25,"column":56}},{"start":{"line":25,"column":60},"end":{"line":25,"column":64}}]},"9":{"loc":{"start":{"line":30,"column":9},"end":{"line":30,"column":108}},"type":"binary-expr","locations":[{"start":{"line":30,"column":9},"end":{"line":30,"column":32}},{"start":{"line":30,"column":36},"end":{"line":30,"column":108}}]},"10":{"loc":{"start":{"line":31,"column":10},"end":{"line":31,"column":44}},"type":"binary-expr","locations":[{"start":{"line":31,"column":10},"end":{"line":31,"column":29}},{"start":{"line":31,"column":33},"end":{"line":31,"column":44}}]},"11":{"loc":{"start":{"line":32,"column":19},"end":{"line":32,"column":49}},"type":"binary-expr","locations":[{"start":{"line":32,"column":19},"end":{"line":32,"column":38}},{"start":{"line":32,"column":42},"end":{"line":32,"column":49}}]},"12":{"loc":{"start":{"line":33,"column":14},"end":{"line":33,"column":57}},"type":"binary-expr","locations":[{"start":{"line":33,"column":14},"end":{"line":33,"column":33}},{"start":{"line":33,"column":37},"end":{"line":33,"column":57}}]},"13":{"loc":{"start":{"line":34,"column":14},"end":{"line":34,"column":51}},"type":"binary-expr","locations":[{"start":{"line":34,"column":14},"end":{"line":34,"column":37}},{"start":{"line":34,"column":41},"end":{"line":34,"column":51}}]},"14":{"loc":{"start":{"line":35,"column":14},"end":{"line":35,"column":59}},"type":"binary-expr","locations":[{"start":{"line":35,"column":14},"end":{"line":35,"column":37}},{"start":{"line":35,"column":41},"end":{"line":35,"column":59}}]},"15":{"loc":{"start":{"line":40,"column":10},"end":{"line":40,"column":47}},"type":"binary-expr","locations":[{"start":{"line":40,"column":10},"end":{"line":40,"column":32}},{"start":{"line":40,"column":36},"end":{"line":40,"column":47}}]},"16":{"loc":{"start":{"line":41,"column":19},"end":{"line":41,"column":51}},"type":"binary-expr","locations":[{"start":{"line":41,"column":19},"end":{"line":41,"column":41}},{"start":{"line":41,"column":45},"end":{"line":41,"column":51}}]},"17":{"loc":{"start":{"line":42,"column":14},"end":{"line":42,"column":53}},"type":"binary-expr","locations":[{"start":{"line":42,"column":14},"end":{"line":42,"column":40}},{"start":{"line":42,"column":44},"end":{"line":42,"column":53}}]},"18":{"loc":{"start":{"line":43,"column":17},"end":{"line":43,"column":44}},"type":"binary-expr","locations":[{"start":{"line":43,"column":17},"end":{"line":43,"column":37}},{"start":{"line":43,"column":41},"end":{"line":43,"column":44}}]},"19":{"loc":{"start":{"line":44,"column":15},"end":{"line":44,"column":60}},"type":"binary-expr","locations":[{"start":{"line":44,"column":15},"end":{"line":44,"column":43}},{"start":{"line":44,"column":47},"end":{"line":44,"column":60}}]},"20":{"loc":{"start":{"line":49,"column":26},"end":{"line":49,"column":64}},"type":"binary-expr","locations":[{"start":{"line":49,"column":26},"end":{"line":49,"column":51}},{"start":{"line":49,"column":55},"end":{"line":49,"column":64}}]},"21":{"loc":{"start":{"line":50,"column":19},"end":{"line":50,"column":86}},"type":"binary-expr","locations":[{"start":{"line":50,"column":19},"end":{"line":50,"column":49}},{"start":{"line":50,"column":53},"end":{"line":50,"column":86}}]},"22":{"loc":{"start":{"line":51,"column":15},"end":{"line":51,"column":76}},"type":"binary-expr","locations":[{"start":{"line":51,"column":15},"end":{"line":51,"column":37}},{"start":{"line":51,"column":41},"end":{"line":51,"column":76}}]},"23":{"loc":{"start":{"line":52,"column":15},"end":{"line":52,"column":51}},"type":"binary-expr","locations":[{"start":{"line":52,"column":15},"end":{"line":52,"column":37}},{"start":{"line":52,"column":41},"end":{"line":52,"column":51}}]},"24":{"loc":{"start":{"line":57,"column":11},"end":{"line":57,"column":42}},"type":"binary-expr","locations":[{"start":{"line":57,"column":11},"end":{"line":57,"column":36}},{"start":{"line":57,"column":40},"end":{"line":57,"column":42}}]},"25":{"loc":{"start":{"line":58,"column":15},"end":{"line":58,"column":50}},"type":"binary-expr","locations":[{"start":{"line":58,"column":15},"end":{"line":58,"column":44}},{"start":{"line":58,"column":48},"end":{"line":58,"column":50}}]},"26":{"loc":{"start":{"line":59,"column":11},"end":{"line":59,"column":42}},"type":"binary-expr","locations":[{"start":{"line":59,"column":11},"end":{"line":59,"column":36}},{"start":{"line":59,"column":40},"end":{"line":59,"column":42}}]},"27":{"loc":{"start":{"line":60,"column":12},"end":{"line":60,"column":44}},"type":"binary-expr","locations":[{"start":{"line":60,"column":12},"end":{"line":60,"column":38}},{"start":{"line":60,"column":42},"end":{"line":60,"column":44}}]},"28":{"loc":{"start":{"line":65,"column":11},"end":{"line":65,"column":42}},"type":"binary-expr","locations":[{"start":{"line":65,"column":11},"end":{"line":65,"column":36}},{"start":{"line":65,"column":40},"end":{"line":65,"column":42}}]},"29":{"loc":{"start":{"line":66,"column":16},"end":{"line":66,"column":52}},"type":"binary-expr","locations":[{"start":{"line":66,"column":16},"end":{"line":66,"column":46}},{"start":{"line":66,"column":50},"end":{"line":66,"column":52}}]},"30":{"loc":{"start":{"line":67,"column":15},"end":{"line":67,"column":50}},"type":"binary-expr","locations":[{"start":{"line":67,"column":15},"end":{"line":67,"column":44}},{"start":{"line":67,"column":48},"end":{"line":67,"column":50}}]},"31":{"loc":{"start":{"line":72,"column":14},"end":{"line":72,"column":50}},"type":"binary-expr","locations":[{"start":{"line":72,"column":14},"end":{"line":72,"column":38}},{"start":{"line":72,"column":42},"end":{"line":72,"column":50}}]},"32":{"loc":{"start":{"line":73,"column":17},"end":{"line":73,"column":52}},"type":"binary-expr","locations":[{"start":{"line":73,"column":17},"end":{"line":73,"column":46}},{"start":{"line":73,"column":50},"end":{"line":73,"column":52}}]},"33":{"loc":{"start":{"line":74,"column":21},"end":{"line":74,"column":60}},"type":"binary-expr","locations":[{"start":{"line":74,"column":21},"end":{"line":74,"column":54}},{"start":{"line":74,"column":58},"end":{"line":74,"column":60}}]},"34":{"loc":{"start":{"line":75,"column":14},"end":{"line":75,"column":51}},"type":"binary-expr","locations":[{"start":{"line":75,"column":14},"end":{"line":75,"column":39}},{"start":{"line":75,"column":43},"end":{"line":75,"column":51}}]},"35":{"loc":{"start":{"line":76,"column":18},"end":{"line":76,"column":53}},"type":"binary-expr","locations":[{"start":{"line":76,"column":18},"end":{"line":76,"column":47}},{"start":{"line":76,"column":51},"end":{"line":76,"column":53}}]},"36":{"loc":{"start":{"line":81,"column":11},"end":{"line":81,"column":42}},"type":"binary-expr","locations":[{"start":{"line":81,"column":11},"end":{"line":81,"column":32}},{"start":{"line":81,"column":36},"end":{"line":81,"column":42}}]},"37":{"loc":{"start":{"line":82,"column":10},"end":{"line":82,"column":48}},"type":"binary-expr","locations":[{"start":{"line":82,"column":10},"end":{"line":82,"column":30}},{"start":{"line":82,"column":34},"end":{"line":82,"column":48}}]},"38":{"loc":{"start":{"line":83,"column":13},"end":{"line":83,"column":46}},"type":"binary-expr","locations":[{"start":{"line":83,"column":13},"end":{"line":83,"column":37}},{"start":{"line":83,"column":41},"end":{"line":83,"column":46}}]},"39":{"loc":{"start":{"line":84,"column":23},"end":{"line":84,"column":56}},"type":"binary-expr","locations":[{"start":{"line":84,"column":23},"end":{"line":84,"column":48}},{"start":{"line":84,"column":52},"end":{"line":84,"column":56}}]},"40":{"loc":{"start":{"line":89,"column":11},"end":{"line":89,"column":42}},"type":"binary-expr","locations":[{"start":{"line":89,"column":11},"end":{"line":89,"column":32}},{"start":{"line":89,"column":36},"end":{"line":89,"column":42}}]},"41":{"loc":{"start":{"line":90,"column":14},"end":{"line":90,"column":46}},"type":"binary-expr","locations":[{"start":{"line":90,"column":14},"end":{"line":90,"column":34}},{"start":{"line":90,"column":38},"end":{"line":90,"column":46}}]},"42":{"loc":{"start":{"line":95,"column":14},"end":{"line":95,"column":87}},"type":"binary-expr","locations":[{"start":{"line":95,"column":14},"end":{"line":95,"column":38}},{"start":{"line":95,"column":42},"end":{"line":95,"column":87}}]},"43":{"loc":{"start":{"line":101,"column":23},"end":{"line":101,"column":67}},"type":"binary-expr","locations":[{"start":{"line":101,"column":23},"end":{"line":101,"column":55}},{"start":{"line":101,"column":59},"end":{"line":101,"column":67}}]},"44":{"loc":{"start":{"line":102,"column":18},"end":{"line":102,"column":53}},"type":"binary-expr","locations":[{"start":{"line":102,"column":18},"end":{"line":102,"column":44}},{"start":{"line":102,"column":48},"end":{"line":102,"column":53}}]},"45":{"loc":{"start":{"line":107,"column":27},"end":{"line":107,"column":60}},"type":"binary-expr","locations":[{"start":{"line":107,"column":27},"end":{"line":107,"column":52}},{"start":{"line":107,"column":56},"end":{"line":107,"column":60}}]},"46":{"loc":{"start":{"line":108,"column":19},"end":{"line":108,"column":91}},"type":"binary-expr","locations":[{"start":{"line":108,"column":19},"end":{"line":108,"column":45}},{"start":{"line":108,"column":49},"end":{"line":108,"column":91}}]},"47":{"loc":{"start":{"line":115,"column":29},"end":{"line":115,"column":69}},"type":"binary-expr","locations":[{"start":{"line":115,"column":29},"end":{"line":115,"column":59}},{"start":{"line":115,"column":63},"end":{"line":115,"column":69}}]},"48":{"loc":{"start":{"line":116,"column":32},"end":{"line":116,"column":72}},"type":"binary-expr","locations":[{"start":{"line":116,"column":32},"end":{"line":116,"column":65}},{"start":{"line":116,"column":69},"end":{"line":116,"column":72}}]},"49":{"loc":{"start":{"line":117,"column":27},"end":{"line":117,"column":66}},"type":"binary-expr","locations":[{"start":{"line":117,"column":27},"end":{"line":117,"column":57}},{"start":{"line":117,"column":61},"end":{"line":117,"column":66}}]},"50":{"loc":{"start":{"line":122,"column":32},"end":{"line":122,"column":74}},"type":"binary-expr","locations":[{"start":{"line":122,"column":32},"end":{"line":122,"column":64}},{"start":{"line":122,"column":68},"end":{"line":122,"column":74}}]},"51":{"loc":{"start":{"line":123,"column":32},"end":{"line":123,"column":74}},"type":"binary-expr","locations":[{"start":{"line":123,"column":32},"end":{"line":123,"column":64}},{"start":{"line":123,"column":68},"end":{"line":123,"column":74}}]},"52":{"loc":{"start":{"line":124,"column":32},"end":{"line":124,"column":75}},"type":"binary-expr","locations":[{"start":{"line":124,"column":32},"end":{"line":124,"column":64}},{"start":{"line":124,"column":68},"end":{"line":124,"column":75}}]},"53":{"loc":{"start":{"line":129,"column":28},"end":{"line":129,"column":67}},"type":"binary-expr","locations":[{"start":{"line":129,"column":28},"end":{"line":129,"column":60}},{"start":{"line":129,"column":64},"end":{"line":129,"column":67}}]},"54":{"loc":{"start":{"line":130,"column":31},"end":{"line":130,"column":74}},"type":"binary-expr","locations":[{"start":{"line":130,"column":31},"end":{"line":130,"column":67}},{"start":{"line":130,"column":71},"end":{"line":130,"column":74}}]},"55":{"loc":{"start":{"line":131,"column":37},"end":{"line":131,"column":80}},"type":"binary-expr","locations":[{"start":{"line":131,"column":37},"end":{"line":131,"column":73}},{"start":{"line":131,"column":77},"end":{"line":131,"column":80}}]},"56":{"loc":{"start":{"line":142,"column":0},"end":{"line":148,"column":1}},"type":"if","locations":[{"start":{"line":142,"column":0},"end":{"line":148,"column":1}}]},"57":{"loc":{"start":{"line":144,"column":4},"end":{"line":146,"column":5}},"type":"if","locations":[{"start":{"line":144,"column":4},"end":{"line":146,"column":5}}]}},"s":{"0":8,"1":8,"2":8,"3":8,"4":8,"5":8,"6":0,"7":0,"8":0,"9":8},"f":{"0":0},"b":{"0":[8,0],"1":[8,0],"2":[8,0],"3":[8,0],"4":[8,0],"5":[8,0],"6":[8,0],"7":[8,0],"8":[8,0],"9":[8,0],"10":[8,8],"11":[8,8],"12":[8,8],"13":[8,8],"14":[8,8],"15":[8,0],"16":[8,0],"17":[8,0],"18":[8,0],"19":[8,8],"20":[8,0],"21":[8,0],"22":[8,8],"23":[8,8],"24":[8,0],"25":[8,0],"26":[8,8],"27":[8,8],"28":[8,8],"29":[8,8],"30":[8,8],"31":[8,8],"32":[8,8],"33":[8,8],"34":[8,8],"35":[8,8],"36":[8,8],"37":[8,8],"38":[8,8],"39":[8,8],"40":[8,8],"41":[8,8],"42":[8,8],"43":[8,8],"44":[8,8],"45":[8,8],"46":[8,8],"47":[8,8],"48":[8,8],"49":[8,8],"50":[8,8],"51":[8,8],"52":[8,8],"53":[8,8],"54":[8,8],"55":[8,8],"56":[0],"57":[0]}}
,"/Users/naxi/project/cursor/local-life-service-app/backend/src/config/database.ts": {"path":"/Users/naxi/project/cursor/local-life-service-app/backend/src/config/database.ts","statementMap":{"0":{"start":{"line":1,"column":0},"end":{"line":1,"column":7}},"1":{"start":{"line":127,"column":9},"end":{"line":1,"column":32}},"2":{"start":{"line":2,"column":0},"end":{"line":2,"column":31}},"3":{"start":{"line":3,"column":0},"end":{"line":3,"column":40}},"4":{"start":{"line":8,"column":21},"end":{"line":24,"column":2}},"5":{"start":{"line":29,"column":31},"end":{"line":60,"column":1}},"6":{"start":{"line":30,"column":2},"end":{"line":59,"column":3}},"7":{"start":{"line":32,"column":4},"end":{"line":32,"column":38}},"8":{"start":{"line":35,"column":4},"end":{"line":35,"column":62}},"9":{"start":{"line":37,"column":4},"end":{"line":41,"column":7}},"10":{"start":{"line":44,"column":4},"end":{"line":46,"column":7}},"11":{"start":{"line":45,"column":6},"end":{"line":45,"column":45}},"12":{"start":{"line":48,"column":4},"end":{"line":50,"column":7}},"13":{"start":{"line":49,"column":6},"end":{"line":49,"column":37}},"14":{"start":{"line":52,"column":4},"end":{"line":54,"column":7}},"15":{"start":{"line":53,"column":6},"end":{"line":53,"column":39}},"16":{"start":{"line":57,"column":4},"end":{"line":57,"column":43}},"17":{"start":{"line":58,"column":4},"end":{"line":58,"column":16}},"18":{"start":{"line":29,"column":13},"end":{"line":29,"column":31}},"19":{"start":{"line":65,"column":29},"end":{"line":73,"column":1}},"20":{"start":{"line":66,"column":2},"end":{"line":72,"column":3}},"21":{"start":{"line":67,"column":4},"end":{"line":67,"column":38}},"22":{"start":{"line":68,"column":4},"end":{"line":68,"column":35}},"23":{"start":{"line":70,"column":4},"end":{"line":70,"column":46}},"24":{"start":{"line":71,"column":4},"end":{"line":71,"column":16}},"25":{"start":{"line":65,"column":13},"end":{"line":65,"column":29}},"26":{"start":{"line":78,"column":33},"end":{"line":93,"column":1}},"27":{"start":{"line":79,"column":17},"end":{"line":84,"column":4}},"28":{"start":{"line":86,"column":2},"end":{"line":92,"column":4}},"29":{"start":{"line":78,"column":13},"end":{"line":78,"column":33}},"30":{"start":{"line":98,"column":27},"end":{"line":124,"column":1}},"31":{"start":{"line":102,"column":2},"end":{"line":123,"column":3}},"32":{"start":{"line":104,"column":4},"end":{"line":104,"column":48}},"33":{"start":{"line":106,"column":21},"end":{"line":106,"column":40}},"34":{"start":{"line":108,"column":4},"end":{"line":114,"column":6}},"35":{"start":{"line":116,"column":4},"end":{"line":122,"column":6}},"36":{"start":{"line":98,"column":13},"end":{"line":98,"column":27}}},"fnMap":{"0":{"name":"(anonymous_1)","decl":{"start":{"line":29,"column":31},"end":{"line":29,"column":36}},"loc":{"start":{"line":29,"column":57},"end":{"line":60,"column":1}}},"1":{"name":"(anonymous_2)","decl":{"start":{"line":44,"column":36},"end":{"line":44,"column":37}},"loc":{"start":{"line":44,"column":46},"end":{"line":46,"column":5}}},"2":{"name":"(anonymous_3)","decl":{"start":{"line":48,"column":43},"end":{"line":48,"column":46}},"loc":{"start":{"line":48,"column":48},"end":{"line":50,"column":5}}},"3":{"name":"(anonymous_4)","decl":{"start":{"line":52,"column":42},"end":{"line":52,"column":45}},"loc":{"start":{"line":52,"column":47},"end":{"line":54,"column":5}}},"4":{"name":"(anonymous_5)","decl":{"start":{"line":65,"column":29},"end":{"line":65,"column":34}},"loc":{"start":{"line":65,"column":55},"end":{"line":73,"column":1}}},"5":{"name":"(anonymous_6)","decl":{"start":{"line":78,"column":33},"end":{"line":78,"column":36}},"loc":{"start":{"line":78,"column":38},"end":{"line":93,"column":1}}},"6":{"name":"(anonymous_7)","decl":{"start":{"line":98,"column":27},"end":{"line":98,"column":32}},"loc":{"start":{"line":101,"column":5},"end":{"line":124,"column":1}}}},"branchMap":{},"s":{"0":0,"1":0,"2":0,"3":0,"4":0,"5":0,"6":0,"7":0,"8":0,"9":0,"10":0,"11":0,"12":0,"13":0,"14":0,"15":0,"16":0,"17":0,"18":0,"19":0,"20":0,"21":0,"22":0,"23":0,"24":0,"25":0,"26":0,"27":0,"28":0,"29":0,"30":0,"31":0,"32":0,"33":0,"34":0,"35":0,"36":0},"f":{"0":0,"1":0,"2":0,"3":0,"4":0,"5":0,"6":0},"b":{}}
,"/Users/naxi/project/cursor/local-life-service-app/backend/src/config/redis.ts": {"path":"/Users/naxi/project/cursor/local-life-service-app/backend/src/config/redis.ts","statementMap":{"0":{"start":{"line":1,"column":0},"end":{"line":1,"column":54}},"1":{"start":{"line":2,"column":0},"end":{"line":2,"column":31}},"2":{"start":{"line":3,"column":0},"end":{"line":3,"column":40}},"3":{"start":{"line":11,"column":28},"end":{"line":39,"column":1}},"4":{"start":{"line":12,"column":2},"end":{"line":38,"column":3}},"5":{"start":{"line":13,"column":4},"end":{"line":20,"column":7}},"6":{"start":{"line":22,"column":4},"end":{"line":24,"column":7}},"7":{"start":{"line":23,"column":6},"end":{"line":23,"column":42}},"8":{"start":{"line":26,"column":4},"end":{"line":28,"column":7}},"9":{"start":{"line":27,"column":6},"end":{"line":27,"column":37}},"10":{"start":{"line":30,"column":4},"end":{"line":32,"column":7}},"11":{"start":{"line":31,"column":6},"end":{"line":31,"column":33}},"12":{"start":{"line":34,"column":4},"end":{"line":34,"column":32}},"13":{"start":{"line":36,"column":4},"end":{"line":36,"column":40}},"14":{"start":{"line":37,"column":4},"end":{"line":37,"column":16}},"15":{"start":{"line":11,"column":13},"end":{"line":11,"column":28}},"16":{"start":{"line":44,"column":30},"end":{"line":49,"column":1}},"17":{"start":{"line":45,"column":2},"end":{"line":47,"column":3}},"18":{"start":{"line":46,"column":4},"end":{"line":46,"column":36}},"19":{"start":{"line":48,"column":2},"end":{"line":48,"column":21}},"20":{"start":{"line":44,"column":13},"end":{"line":44,"column":30}},"21":{"start":{"line":54,"column":26},"end":{"line":64,"column":1}},"22":{"start":{"line":55,"column":2},"end":{"line":63,"column":3}},"23":{"start":{"line":56,"column":4},"end":{"line":59,"column":5}},"24":{"start":{"line":57,"column":6},"end":{"line":57,"column":31}},"25":{"start":{"line":58,"column":6},"end":{"line":58,"column":34}},"26":{"start":{"line":61,"column":4},"end":{"line":61,"column":42}},"27":{"start":{"line":62,"column":4},"end":{"line":62,"column":16}},"28":{"start":{"line":54,"column":13},"end":{"line":54,"column":26}},"29":{"start":{"line":70,"column":10},"end":{"line":70,"column":48}},"30":{"start":{"line":73,"column":4},"end":{"line":75,"column":5}},"31":{"start":{"line":74,"column":6},"end":{"line":74,"column":37}},"32":{"start":{"line":76,"column":4},"end":{"line":76,"column":23}},"33":{"start":{"line":83,"column":19},"end":{"line":83,"column":35}},"34":{"start":{"line":84,"column":28},"end":{"line":84,"column":49}},"35":{"start":{"line":85,"column":4},"end":{"line":89,"column":5}},"36":{"start":{"line":86,"column":6},"end":{"line":86,"column":52}},"37":{"start":{"line":88,"column":6},"end":{"line":88,"column":45}},"38":{"start":{"line":96,"column":19},"end":{"line":96,"column":35}},"39":{"start":{"line":97,"column":18},"end":{"line":97,"column":39}},"40":{"start":{"line":98,"column":4},"end":{"line":98,"column":28}},"41":{"start":{"line":98,"column":16},"end":{"line":98,"column":28}},"42":{"start":{"line":100,"column":4},"end":{"line":105,"column":5}},"43":{"start":{"line":101,"column":6},"end":{"line":101,"column":31}},"44":{"start":{"line":103,"column":6},"end":{"line":103,"column":44}},"45":{"start":{"line":104,"column":6},"end":{"line":104,"column":18}},"46":{"start":{"line":112,"column":19},"end":{"line":112,"column":35}},"47":{"start":{"line":113,"column":4},"end":{"line":113,"column":26}},"48":{"start":{"line":120,"column":19},"end":{"line":120,"column":35}},"49":{"start":{"line":121,"column":19},"end":{"line":121,"column":43}},"50":{"start":{"line":122,"column":4},"end":{"line":122,"column":24}},"51":{"start":{"line":129,"column":19},"end":{"line":129,"column":35}},"52":{"start":{"line":130,"column":4},"end":{"line":130,"column":34}},"53":{"start":{"line":137,"column":19},"end":{"line":137,"column":35}},"54":{"start":{"line":138,"column":4},"end":{"line":138,"column":33}},"55":{"start":{"line":145,"column":19},"end":{"line":145,"column":35}},"56":{"start":{"line":146,"column":4},"end":{"line":146,"column":34}},"57":{"start":{"line":153,"column":19},"end":{"line":153,"column":35}},"58":{"start":{"line":154,"column":4},"end":{"line":154,"column":47}},"59":{"start":{"line":161,"column":19},"end":{"line":161,"column":35}},"60":{"start":{"line":162,"column":4},"end":{"line":162,"column":38}},"61":{"start":{"line":169,"column":19},"end":{"line":169,"column":35}},"62":{"start":{"line":170,"column":4},"end":{"line":170,"column":27}},"63":{"start":{"line":177,"column":19},"end":{"line":177,"column":35}},"64":{"start":{"line":178,"column":4},"end":{"line":178,"column":43}},"65":{"start":{"line":185,"column":19},"end":{"line":185,"column":35}},"66":{"start":{"line":186,"column":4},"end":{"line":186,"column":34}},"67":{"start":{"line":193,"column":19},"end":{"line":193,"column":35}},"68":{"start":{"line":194,"column":4},"end":{"line":194,"column":49}},"69":{"start":{"line":201,"column":19},"end":{"line":201,"column":35}},"70":{"start":{"line":202,"column":4},"end":{"line":202,"column":41}},"71":{"start":{"line":69,"column":0},"end":{"line":69,"column":13}},"72":{"start":{"line":207,"column":13},"end":{"line":207,"column":38}}},"fnMap":{"0":{"name":"(anonymous_0)","decl":{"start":{"line":11,"column":28},"end":{"line":11,"column":33}},"loc":{"start":{"line":11,"column":54},"end":{"line":39,"column":1}}},"1":{"name":"(anonymous_1)","decl":{"start":{"line":22,"column":28},"end":{"line":22,"column":29}},"loc":{"start":{"line":22,"column":38},"end":{"line":24,"column":5}}},"2":{"name":"(anonymous_2)","decl":{"start":{"line":26,"column":30},"end":{"line":26,"column":33}},"loc":{"start":{"line":26,"column":35},"end":{"line":28,"column":5}}},"3":{"name":"(anonymous_3)","decl":{"start":{"line":30,"column":28},"end":{"line":30,"column":31}},"loc":{"start":{"line":30,"column":33},"end":{"line":32,"column":5}}},"4":{"name":"(anonymous_4)","decl":{"start":{"line":44,"column":30},"end":{"line":44,"column":50}},"loc":{"start":{"line":44,"column":52},"end":{"line":49,"column":1}}},"5":{"name":"(anonymous_5)","decl":{"start":{"line":54,"column":26},"end":{"line":54,"column":31}},"loc":{"start":{"line":54,"column":52},"end":{"line":64,"column":1}}},"6":{"name":"(anonymous_6)","decl":{"start":{"line":69,"column":0},"end":{"line":69,"column":13}},"loc":{"start":{"line":69,"column":0},"end":{"line":204,"column":1}}},"7":{"name":"(anonymous_7)","decl":{"start":{"line":72,"column":10},"end":{"line":72,"column":19}},"loc":{"start":{"line":72,"column":19},"end":{"line":77,"column":3}}},"8":{"name":"(anonymous_8)","decl":{"start":{"line":82,"column":2},"end":{"line":82,"column":7}},"loc":{"start":{"line":82,"column":49},"end":{"line":90,"column":3}}},"9":{"name":"(anonymous_9)","decl":{"start":{"line":95,"column":2},"end":{"line":95,"column":7}},"loc":{"start":{"line":95,"column":26},"end":{"line":106,"column":3}}},"10":{"name":"(anonymous_10)","decl":{"start":{"line":111,"column":2},"end":{"line":111,"column":7}},"loc":{"start":{"line":111,"column":23},"end":{"line":114,"column":3}}},"11":{"name":"(anonymous_11)","decl":{"start":{"line":119,"column":2},"end":{"line":119,"column":7}},"loc":{"start":{"line":119,"column":26},"end":{"line":123,"column":3}}},"12":{"name":"(anonymous_12)","decl":{"start":{"line":128,"column":2},"end":{"line":128,"column":7}},"loc":{"start":{"line":128,"column":39},"end":{"line":131,"column":3}}},"13":{"name":"(anonymous_13)","decl":{"start":{"line":136,"column":2},"end":{"line":136,"column":7}},"loc":{"start":{"line":136,"column":23},"end":{"line":139,"column":3}}},"14":{"name":"(anonymous_14)","decl":{"start":{"line":144,"column":2},"end":{"line":144,"column":7}},"loc":{"start":{"line":144,"column":24},"end":{"line":147,"column":3}}},"15":{"name":"(anonymous_15)","decl":{"start":{"line":152,"column":2},"end":{"line":152,"column":7}},"loc":{"start":{"line":152,"column":45},"end":{"line":155,"column":3}}},"16":{"name":"(anonymous_16)","decl":{"start":{"line":160,"column":2},"end":{"line":160,"column":7}},"loc":{"start":{"line":160,"column":28},"end":{"line":163,"column":3}}},"17":{"name":"(anonymous_17)","decl":{"start":{"line":168,"column":2},"end":{"line":168,"column":7}},"loc":{"start":{"line":168,"column":15},"end":{"line":171,"column":3}}},"18":{"name":"(anonymous_18)","decl":{"start":{"line":176,"column":2},"end":{"line":176,"column":7}},"loc":{"start":{"line":176,"column":46},"end":{"line":179,"column":3}}},"19":{"name":"(anonymous_19)","decl":{"start":{"line":184,"column":2},"end":{"line":184,"column":7}},"loc":{"start":{"line":184,"column":24},"end":{"line":187,"column":3}}},"20":{"name":"(anonymous_20)","decl":{"start":{"line":192,"column":2},"end":{"line":192,"column":7}},"loc":{"start":{"line":192,"column":55},"end":{"line":195,"column":3}}},"21":{"name":"(anonymous_21)","decl":{"start":{"line":200,"column":2},"end":{"line":200,"column":7}},"loc":{"start":{"line":200,"column":54},"end":{"line":203,"column":3}}}},"branchMap":{"0":{"loc":{"start":{"line":45,"column":2},"end":{"line":47,"column":3}},"type":"if","locations":[{"start":{"line":45,"column":2},"end":{"line":47,"column":3}}]},"1":{"loc":{"start":{"line":56,"column":4},"end":{"line":59,"column":5}},"type":"if","locations":[{"start":{"line":56,"column":4},"end":{"line":59,"column":5}}]},"2":{"loc":{"start":{"line":73,"column":4},"end":{"line":75,"column":5}},"type":"if","locations":[{"start":{"line":73,"column":4},"end":{"line":75,"column":5}}]},"3":{"loc":{"start":{"line":85,"column":4},"end":{"line":89,"column":5}},"type":"if","locations":[{"start":{"line":85,"column":4},"end":{"line":89,"column":5}},{"start":{"line":87,"column":11},"end":{"line":89,"column":5}}]},"4":{"loc":{"start":{"line":98,"column":4},"end":{"line":98,"column":28}},"type":"if","locations":[{"start":{"line":98,"column":4},"end":{"line":98,"column":28}}]}},"s":{"0":2,"1":2,"2":2,"3":2,"4":0,"5":0,"6":0,"7":0,"8":0,"9":0,"10":0,"11":0,"12":0,"13":0,"14":0,"15":2,"16":2,"17":0,"18":0,"19":0,"20":2,"21":2,"22":0,"23":0,"24":0,"25":0,"26":0,"27":0,"28":2,"29":2,"30":0,"31":0,"32":0,"33":0,"34":0,"35":0,"36":0,"37":0,"38":0,"39":0,"40":0,"41":0,"42":0,"43":0,"44":0,"45":0,"46":0,"47":0,"48":0,"49":0,"50":0,"51":0,"52":0,"53":0,"54":0,"55":0,"56":0,"57":0,"58":0,"59":0,"60":0,"61":0,"62":0,"63":0,"64":0,"65":0,"66":0,"67":0,"68":0,"69":0,"70":0,"71":2,"72":2},"f":{"0":0,"1":0,"2":0,"3":0,"4":0,"5":0,"6":2,"7":0,"8":0,"9":0,"10":0,"11":0,"12":0,"13":0,"14":0,"15":0,"16":0,"17":0,"18":0,"19":0,"20":0,"21":0},"b":{"0":[0],"1":[0],"2":[0],"3":[0,0],"4":[0]}}
,"/Users/naxi/project/cursor/local-life-service-app/backend/src/controllers/AuthController.ts": {"path":"/Users/naxi/project/cursor/local-life-service-app/backend/src/controllers/AuthController.ts","statementMap":{"0":{"start":{"line":2,"column":0},"end":{"line":2,"column":37}},"1":{"start":{"line":3,"column":0},"end":{"line":3,"column":108}},"2":{"start":{"line":4,"column":0},"end":{"line":4,"column":56}},"3":{"start":{"line":5,"column":0},"end":{"line":5,"column":39}},"4":{"start":{"line":6,"column":0},"end":{"line":6,"column":56}},"5":{"start":{"line":7,"column":0},"end":{"line":7,"column":55}},"6":{"start":{"line":13,"column":0},"end":{"line":13,"column":13}},"7":{"start":{"line":17,"column":9},"end":{"line":17,"column":20}},"8":{"start":{"line":18,"column":76},"end":{"line":18,"column":84}},"9":{"start":{"line":21,"column":21},"end":{"line":21,"column":49}},"10":{"start":{"line":22,"column":23},"end":{"line":22,"column":48}},"11":{"start":{"line":24,"column":4},"end":{"line":26,"column":5}},"12":{"start":{"line":25,"column":6},"end":{"line":25,"column":77}},"13":{"start":{"line":29,"column":25},"end":{"line":29,"column":54}},"14":{"start":{"line":30,"column":4},"end":{"line":32,"column":5}},"15":{"start":{"line":31,"column":6},"end":{"line":31,"column":67}},"16":{"start":{"line":35,"column":26},"end":{"line":39,"column":6}},"17":{"start":{"line":42,"column":4},"end":{"line":45,"column":5}},"18":{"start":{"line":44,"column":6},"end":{"line":44,"column":38}},"19":{"start":{"line":47,"column":17},"end":{"line":47,"column":35}},"20":{"start":{"line":48,"column":4},"end":{"line":48,"column":22}},"21":{"start":{"line":51,"column":4},"end":{"line":51,"column":30}},"22":{"start":{"line":54,"column":18},"end":{"line":59,"column":6}},"23":{"start":{"line":61,"column":25},"end":{"line":61,"column":55}},"24":{"start":{"line":64,"column":4},"end":{"line":64,"column":81}},"25":{"start":{"line":67,"column":4},"end":{"line":73,"column":7}},"26":{"start":{"line":76,"column":68},"end":{"line":97,"column":6}},"27":{"start":{"line":99,"column":4},"end":{"line":99,"column":35}},"28":{"start":{"line":105,"column":9},"end":{"line":105,"column":17}},"29":{"start":{"line":106,"column":50},"end":{"line":106,"column":58}},"30":{"start":{"line":109,"column":17},"end":{"line":109,"column":46}},"31":{"start":{"line":110,"column":4},"end":{"line":112,"column":5}},"32":{"start":{"line":111,"column":6},"end":{"line":111,"column":74}},"33":{"start":{"line":115,"column":28},"end":{"line":115,"column":64}},"34":{"start":{"line":116,"column":4},"end":{"line":126,"column":5}},"35":{"start":{"line":118,"column":6},"end":{"line":123,"column":8}},"36":{"start":{"line":125,"column":6},"end":{"line":125,"column":74}},"37":{"start":{"line":129,"column":4},"end":{"line":131,"column":5}},"38":{"start":{"line":130,"column":6},"end":{"line":130,"column":64}},"39":{"start":{"line":134,"column":4},"end":{"line":134,"column":33}},"40":{"start":{"line":137,"column":18},"end":{"line":143,"column":6}},"41":{"start":{"line":145,"column":25},"end":{"line":145,"column":55}},"42":{"start":{"line":148,"column":4},"end":{"line":148,"column":81}},"43":{"start":{"line":151,"column":4},"end":{"line":154,"column":7}},"44":{"start":{"line":157,"column":68},"end":{"line":179,"column":6}},"45":{"start":{"line":181,"column":4},"end":{"line":181,"column":35}},"46":{"start":{"line":187,"column":9},"end":{"line":187,"column":24}},"47":{"start":{"line":188,"column":29},"end":{"line":188,"column":37}},"48":{"start":{"line":190,"column":4},"end":{"line":192,"column":5}},"49":{"start":{"line":191,"column":6},"end":{"line":191,"column":73}},"50":{"start":{"line":195,"column":20},"end":{"line":195,"column":52}},"51":{"start":{"line":196,"column":23},"end":{"line":196,"column":30}},"52":{"start":{"line":199,"column":24},"end":{"line":199,"column":66}},"53":{"start":{"line":200,"column":4},"end":{"line":202,"column":5}},"54":{"start":{"line":201,"column":6},"end":{"line":201,"column":75}},"55":{"start":{"line":205,"column":17},"end":{"line":205,"column":44}},"56":{"start":{"line":206,"column":4},"end":{"line":208,"column":5}},"57":{"start":{"line":207,"column":6},"end":{"line":207,"column":69}},"58":{"start":{"line":211,"column":21},"end":{"line":217,"column":6}},"59":{"start":{"line":219,"column":28},"end":{"line":219,"column":58}},"60":{"start":{"line":222,"column":4},"end":{"line":222,"column":82}},"61":{"start":{"line":225,"column":45},"end":{"line":234,"column":6}},"62":{"start":{"line":236,"column":4},"end":{"line":236,"column":35}},"63":{"start":{"line":242,"column":9},"end":{"line":242,"column":18}},"64":{"start":{"line":243,"column":19},"end":{"line":243,"column":31}},"65":{"start":{"line":244,"column":18},"end":{"line":244,"column":67}},"66":{"start":{"line":246,"column":4},"end":{"line":260,"column":5}},"67":{"start":{"line":248,"column":6},"end":{"line":248,"column":49}},"68":{"start":{"line":251,"column":6},"end":{"line":253,"column":7}},"69":{"start":{"line":252,"column":8},"end":{"line":252,"column":51}},"70":{"start":{"line":256,"column":6},"end":{"line":259,"column":9}},"71":{"start":{"line":262,"column":34},"end":{"line":266,"column":6}},"72":{"start":{"line":268,"column":4},"end":{"line":268,"column":35}},"73":{"start":{"line":274,"column":9},"end":{"line":274,"column":23}},"74":{"start":{"line":275,"column":28},"end":{"line":275,"column":36}},"75":{"start":{"line":278,"column":4},"end":{"line":288,"column":5}},"76":{"start":{"line":279,"column":19},"end":{"line":279,"column":48}},"77":{"start":{"line":280,"column":6},"end":{"line":282,"column":7}},"78":{"start":{"line":281,"column":8},"end":{"line":281,"column":69}},"79":{"start":{"line":283,"column":11},"end":{"line":288,"column":5}},"80":{"start":{"line":284,"column":19},"end":{"line":284,"column":48}},"81":{"start":{"line":285,"column":6},"end":{"line":287,"column":7}},"82":{"start":{"line":286,"column":8},"end":{"line":286,"column":69}},"83":{"start":{"line":291,"column":17},"end":{"line":291,"column":71}},"84":{"start":{"line":294,"column":21},"end":{"line":294,"column":48}},"85":{"start":{"line":295,"column":4},"end":{"line":295,"column":44}},"86":{"start":{"line":301,"column":26},"end":{"line":301,"column":64}},"87":{"start":{"line":303,"column":53},"end":{"line":308,"column":6}},"88":{"start":{"line":310,"column":4},"end":{"line":310,"column":35}},"89":{"start":{"line":316,"column":9},"end":{"line":316,"column":25}},"90":{"start":{"line":317,"column":34},"end":{"line":317,"column":42}},"91":{"start":{"line":319,"column":21},"end":{"line":319,"column":48}},"92":{"start":{"line":320,"column":23},"end":{"line":320,"column":48}},"93":{"start":{"line":322,"column":4},"end":{"line":324,"column":5}},"94":{"start":{"line":323,"column":6},"end":{"line":323,"column":77}},"95":{"start":{"line":327,"column":4},"end":{"line":327,"column":30}},"96":{"start":{"line":329,"column":34},"end":{"line":333,"column":6}},"97":{"start":{"line":335,"column":4},"end":{"line":335,"column":35}},"98":{"start":{"line":341,"column":9},"end":{"line":341,"column":25}},"99":{"start":{"line":342,"column":53},"end":{"line":342,"column":61}},"100":{"start":{"line":345,"column":21},"end":{"line":345,"column":55}},"101":{"start":{"line":346,"column":23},"end":{"line":346,"column":48}},"102":{"start":{"line":348,"column":4},"end":{"line":350,"column":5}},"103":{"start":{"line":349,"column":6},"end":{"line":349,"column":77}},"104":{"start":{"line":353,"column":17},"end":{"line":353,"column":46}},"105":{"start":{"line":354,"column":4},"end":{"line":356,"column":5}},"106":{"start":{"line":355,"column":6},"end":{"line":355,"column":60}},"107":{"start":{"line":359,"column":4},"end":{"line":359,"column":32}},"108":{"start":{"line":360,"column":4},"end":{"line":360,"column":22}},"109":{"start":{"line":363,"column":4},"end":{"line":363,"column":30}},"110":{"start":{"line":366,"column":4},"end":{"line":366,"column":49}},"111":{"start":{"line":369,"column":4},"end":{"line":373,"column":7}},"112":{"start":{"line":375,"column":34},"end":{"line":379,"column":6}},"113":{"start":{"line":381,"column":4},"end":{"line":381,"column":35}},"114":{"start":{"line":387,"column":9},"end":{"line":387,"column":22}},"115":{"start":{"line":388,"column":19},"end":{"line":388,"column":31}},"116":{"start":{"line":390,"column":4},"end":{"line":392,"column":5}},"117":{"start":{"line":391,"column":6},"end":{"line":391,"column":65}},"118":{"start":{"line":394,"column":17},"end":{"line":394,"column":88}},"119":{"start":{"line":395,"column":4},"end":{"line":397,"column":5}},"120":{"start":{"line":396,"column":6},"end":{"line":396,"column":60}},"121":{"start":{"line":399,"column":34},"end":{"line":420,"column":6}},"122":{"start":{"line":422,"column":4},"end":{"line":422,"column":35}},"123":{"start":{"line":428,"column":9},"end":{"line":428,"column":25}},"124":{"start":{"line":429,"column":19},"end":{"line":429,"column":31}},"125":{"start":{"line":430,"column":43},"end":{"line":430,"column":51}},"126":{"start":{"line":432,"column":4},"end":{"line":434,"column":5}},"127":{"start":{"line":433,"column":6},"end":{"line":433,"column":65}},"128":{"start":{"line":436,"column":17},"end":{"line":436,"column":44}},"129":{"start":{"line":437,"column":4},"end":{"line":439,"column":5}},"130":{"start":{"line":438,"column":6},"end":{"line":438,"column":60}},"131":{"start":{"line":442,"column":4},"end":{"line":442,"column":57}},"132":{"start":{"line":442,"column":32},"end":{"line":442,"column":57}},"133":{"start":{"line":443,"column":4},"end":{"line":443,"column":51}},"134":{"start":{"line":443,"column":30},"end":{"line":443,"column":51}},"135":{"start":{"line":444,"column":4},"end":{"line":444,"column":57}},"136":{"start":{"line":444,"column":32},"end":{"line":444,"column":57}},"137":{"start":{"line":446,"column":4},"end":{"line":446,"column":22}},"138":{"start":{"line":448,"column":34},"end":{"line":459,"column":6}},"139":{"start":{"line":461,"column":4},"end":{"line":461,"column":35}}},"fnMap":{"0":{"name":"(anonymous_0)","decl":{"start":{"line":17,"column":31},"end":{"line":17,"column":36}},"loc":{"start":{"line":17,"column":84},"end":{"line":100,"column":3}}},"1":{"name":"(anonymous_1)","decl":{"start":{"line":105,"column":28},"end":{"line":105,"column":33}},"loc":{"start":{"line":105,"column":81},"end":{"line":182,"column":3}}},"2":{"name":"(anonymous_2)","decl":{"start":{"line":187,"column":35},"end":{"line":187,"column":40}},"loc":{"start":{"line":187,"column":88},"end":{"line":237,"column":3}}},"3":{"name":"(anonymous_3)","decl":{"start":{"line":242,"column":29},"end":{"line":242,"column":34}},"loc":{"start":{"line":242,"column":82},"end":{"line":269,"column":3}}},"4":{"name":"(anonymous_4)","decl":{"start":{"line":274,"column":34},"end":{"line":274,"column":39}},"loc":{"start":{"line":274,"column":87},"end":{"line":311,"column":3}}},"5":{"name":"(anonymous_5)","decl":{"start":{"line":316,"column":36},"end":{"line":316,"column":41}},"loc":{"start":{"line":316,"column":89},"end":{"line":336,"column":3}}},"6":{"name":"(anonymous_6)","decl":{"start":{"line":341,"column":36},"end":{"line":341,"column":41}},"loc":{"start":{"line":341,"column":89},"end":{"line":382,"column":3}}},"7":{"name":"(anonymous_7)","decl":{"start":{"line":387,"column":33},"end":{"line":387,"column":38}},"loc":{"start":{"line":387,"column":86},"end":{"line":423,"column":3}}},"8":{"name":"(anonymous_8)","decl":{"start":{"line":428,"column":36},"end":{"line":428,"column":41}},"loc":{"start":{"line":428,"column":89},"end":{"line":462,"column":3}}}},"branchMap":{"0":{"loc":{"start":{"line":24,"column":4},"end":{"line":26,"column":5}},"type":"if","locations":[{"start":{"line":24,"column":4},"end":{"line":26,"column":5}}]},"1":{"loc":{"start":{"line":24,"column":8},"end":{"line":24,"column":54}},"type":"binary-expr","locations":[{"start":{"line":24,"column":8},"end":{"line":24,"column":19}},{"start":{"line":24,"column":23},"end":{"line":24,"column":54}}]},"2":{"loc":{"start":{"line":30,"column":4},"end":{"line":32,"column":5}},"type":"if","locations":[{"start":{"line":30,"column":4},"end":{"line":32,"column":5}}]},"3":{"loc":{"start":{"line":42,"column":4},"end":{"line":45,"column":5}},"type":"if","locations":[{"start":{"line":42,"column":4},"end":{"line":45,"column":5}}]},"4":{"loc":{"start":{"line":110,"column":4},"end":{"line":112,"column":5}},"type":"if","locations":[{"start":{"line":110,"column":4},"end":{"line":112,"column":5}}]},"5":{"loc":{"start":{"line":116,"column":4},"end":{"line":126,"column":5}},"type":"if","locations":[{"start":{"line":116,"column":4},"end":{"line":126,"column":5}}]},"6":{"loc":{"start":{"line":129,"column":4},"end":{"line":131,"column":5}},"type":"if","locations":[{"start":{"line":129,"column":4},"end":{"line":131,"column":5}}]},"7":{"loc":{"start":{"line":142,"column":15},"end":{"line":142,"column":70}},"type":"cond-expr","locations":[{"start":{"line":142,"column":46},"end":{"line":142,"column":58}},{"start":{"line":142,"column":61},"end":{"line":142,"column":70}}]},"8":{"loc":{"start":{"line":190,"column":4},"end":{"line":192,"column":5}},"type":"if","locations":[{"start":{"line":190,"column":4},"end":{"line":192,"column":5}}]},"9":{"loc":{"start":{"line":200,"column":4},"end":{"line":202,"column":5}},"type":"if","locations":[{"start":{"line":200,"column":4},"end":{"line":202,"column":5}}]},"10":{"loc":{"start":{"line":200,"column":8},"end":{"line":200,"column":52}},"type":"binary-expr","locations":[{"start":{"line":200,"column":8},"end":{"line":200,"column":20}},{"start":{"line":200,"column":24},"end":{"line":200,"column":52}}]},"11":{"loc":{"start":{"line":206,"column":4},"end":{"line":208,"column":5}},"type":"if","locations":[{"start":{"line":206,"column":4},"end":{"line":208,"column":5}}]},"12":{"loc":{"start":{"line":206,"column":8},"end":{"line":206,"column":31}},"type":"binary-expr","locations":[{"start":{"line":206,"column":8},"end":{"line":206,"column":13}},{"start":{"line":206,"column":17},"end":{"line":206,"column":31}}]},"13":{"loc":{"start":{"line":216,"column":15},"end":{"line":216,"column":70}},"type":"cond-expr","locations":[{"start":{"line":216,"column":46},"end":{"line":216,"column":58}},{"start":{"line":216,"column":61},"end":{"line":216,"column":70}}]},"14":{"loc":{"start":{"line":246,"column":4},"end":{"line":260,"column":5}},"type":"if","locations":[{"start":{"line":246,"column":4},"end":{"line":260,"column":5}}]},"15":{"loc":{"start":{"line":251,"column":6},"end":{"line":253,"column":7}},"type":"if","locations":[{"start":{"line":251,"column":6},"end":{"line":253,"column":7}}]},"16":{"loc":{"start":{"line":278,"column":4},"end":{"line":288,"column":5}},"type":"if","locations":[{"start":{"line":278,"column":4},"end":{"line":288,"column":5}},{"start":{"line":283,"column":11},"end":{"line":288,"column":5}}]},"17":{"loc":{"start":{"line":278,"column":8},"end":{"line":278,"column":53}},"type":"binary-expr","locations":[{"start":{"line":278,"column":8},"end":{"line":278,"column":24}},{"start":{"line":278,"column":28},"end":{"line":278,"column":53}}]},"18":{"loc":{"start":{"line":280,"column":6},"end":{"line":282,"column":7}},"type":"if","locations":[{"start":{"line":280,"column":6},"end":{"line":282,"column":7}}]},"19":{"loc":{"start":{"line":283,"column":11},"end":{"line":288,"column":5}},"type":"if","locations":[{"start":{"line":283,"column":11},"end":{"line":288,"column":5}}]},"20":{"loc":{"start":{"line":285,"column":6},"end":{"line":287,"column":7}},"type":"if","locations":[{"start":{"line":285,"column":6},"end":{"line":287,"column":7}}]},"21":{"loc":{"start":{"line":306,"column":12},"end":{"line":306,"column":48}},"type":"cond-expr","locations":[{"start":{"line":306,"column":28},"end":{"line":306,"column":36}},{"start":{"line":306,"column":39},"end":{"line":306,"column":48}}]},"22":{"loc":{"start":{"line":322,"column":4},"end":{"line":324,"column":5}},"type":"if","locations":[{"start":{"line":322,"column":4},"end":{"line":324,"column":5}}]},"23":{"loc":{"start":{"line":322,"column":8},"end":{"line":322,"column":42}},"type":"binary-expr","locations":[{"start":{"line":322,"column":8},"end":{"line":322,"column":19}},{"start":{"line":322,"column":23},"end":{"line":322,"column":42}}]},"24":{"loc":{"start":{"line":348,"column":4},"end":{"line":350,"column":5}},"type":"if","locations":[{"start":{"line":348,"column":4},"end":{"line":350,"column":5}}]},"25":{"loc":{"start":{"line":348,"column":8},"end":{"line":348,"column":54}},"type":"binary-expr","locations":[{"start":{"line":348,"column":8},"end":{"line":348,"column":19}},{"start":{"line":348,"column":23},"end":{"line":348,"column":54}}]},"26":{"loc":{"start":{"line":354,"column":4},"end":{"line":356,"column":5}},"type":"if","locations":[{"start":{"line":354,"column":4},"end":{"line":356,"column":5}}]},"27":{"loc":{"start":{"line":390,"column":4},"end":{"line":392,"column":5}},"type":"if","locations":[{"start":{"line":390,"column":4},"end":{"line":392,"column":5}}]},"28":{"loc":{"start":{"line":395,"column":4},"end":{"line":397,"column":5}},"type":"if","locations":[{"start":{"line":395,"column":4},"end":{"line":397,"column":5}}]},"29":{"loc":{"start":{"line":432,"column":4},"end":{"line":434,"column":5}},"type":"if","locations":[{"start":{"line":432,"column":4},"end":{"line":434,"column":5}}]},"30":{"loc":{"start":{"line":437,"column":4},"end":{"line":439,"column":5}},"type":"if","locations":[{"start":{"line":437,"column":4},"end":{"line":439,"column":5}}]},"31":{"loc":{"start":{"line":442,"column":4},"end":{"line":442,"column":57}},"type":"if","locations":[{"start":{"line":442,"column":4},"end":{"line":442,"column":57}}]},"32":{"loc":{"start":{"line":443,"column":4},"end":{"line":443,"column":51}},"type":"if","locations":[{"start":{"line":443,"column":4},"end":{"line":443,"column":51}}]},"33":{"loc":{"start":{"line":444,"column":4},"end":{"line":444,"column":57}},"type":"if","locations":[{"start":{"line":444,"column":4},"end":{"line":444,"column":57}}]}},"s":{"0":1,"1":1,"2":1,"3":1,"4":1,"5":1,"6":1,"7":1,"8":3,"9":3,"10":3,"11":3,"12":1,"13":2,"14":2,"15":0,"16":2,"17":2,"18":1,"19":2,"20":2,"21":1,"22":1,"23":1,"24":1,"25":1,"26":1,"27":1,"28":1,"29":1,"30":1,"31":1,"32":1,"33":0,"34":0,"35":0,"36":0,"37":0,"38":0,"39":0,"40":0,"41":0,"42":0,"43":0,"44":0,"45":0,"46":1,"47":2,"48":2,"49":0,"50":2,"51":0,"52":0,"53":0,"54":0,"55":0,"56":0,"57":0,"58":0,"59":0,"60":0,"61":0,"62":0,"63":1,"64":1,"65":1,"66":1,"67":0,"68":0,"69":0,"70":0,"71":1,"72":1,"73":1,"74":2,"75":2,"76":1,"77":1,"78":1,"79":1,"80":1,"81":1,"82":0,"83":1,"84":1,"85":1,"86":1,"87":1,"88":1,"89":1,"90":1,"91":1,"92":1,"93":1,"94":1,"95":0,"96":0,"97":0,"98":1,"99":1,"100":1,"101":1,"102":1,"103":1,"104":0,"105":0,"106":0,"107":0,"108":0,"109":0,"110":0,"111":0,"112":0,"113":0,"114":1,"115":1,"116":1,"117":1,"118":0,"119":0,"120":0,"121":0,"122":0,"123":1,"124":0,"125":0,"126":0,"127":0,"128":0,"129":0,"130":0,"131":0,"132":0,"133":0,"134":0,"135":0,"136":0,"137":0,"138":0,"139":0},"f":{"0":3,"1":1,"2":2,"3":1,"4":2,"5":1,"6":1,"7":1,"8":0},"b":{"0":[1],"1":[3,3],"2":[0],"3":[1],"4":[1],"5":[0],"6":[0],"7":[0,0],"8":[0],"9":[0],"10":[0,0],"11":[0],"12":[0,0],"13":[0,0],"14":[0],"15":[0],"16":[1,1],"17":[2,1],"18":[1],"19":[1],"20":[0],"21":[1,0],"22":[1],"23":[1,1],"24":[1],"25":[1,1],"26":[0],"27":[1],"28":[0],"29":[0],"30":[0],"31":[0],"32":[0],"33":[0]}}
,"/Users/naxi/project/cursor/local-life-service-app/backend/src/controllers/BookingController.ts": {"path":"/Users/naxi/project/cursor/local-life-service-app/backend/src/controllers/BookingController.ts","statementMap":{"0":{"start":{"line":2,"column":0},"end":{"line":2,"column":32}},"1":{"start":{"line":3,"column":0},"end":{"line":3,"column":52}},"2":{"start":{"line":4,"column":0},"end":{"line":4,"column":39}},"3":{"start":{"line":5,"column":0},"end":{"line":5,"column":37}},"4":{"start":{"line":6,"column":0},"end":{"line":6,"column":37}},"5":{"start":{"line":7,"column":0},"end":{"line":7,"column":75}},"6":{"start":{"line":8,"column":0},"end":{"line":8,"column":56}},"7":{"start":{"line":9,"column":0},"end":{"line":9,"column":48}},"8":{"start":{"line":10,"column":0},"end":{"line":10,"column":55}},"9":{"start":{"line":16,"column":0},"end":{"line":16,"column":13}},"10":{"start":{"line":20,"column":9},"end":{"line":20,"column":25}},"11":{"start":{"line":21,"column":19},"end":{"line":21,"column":31}},"12":{"start":{"line":22,"column":81},"end":{"line":22,"column":89}},"13":{"start":{"line":24,"column":4},"end":{"line":26,"column":5}},"14":{"start":{"line":25,"column":6},"end":{"line":25,"column":66}},"15":{"start":{"line":29,"column":18},"end":{"line":29,"column":47}},"16":{"start":{"line":30,"column":4},"end":{"line":32,"column":5}},"17":{"start":{"line":31,"column":6},"end":{"line":31,"column":61}},"18":{"start":{"line":34,"column":4},"end":{"line":36,"column":5}},"19":{"start":{"line":35,"column":6},"end":{"line":35,"column":66}},"20":{"start":{"line":39,"column":17},"end":{"line":39,"column":44}},"21":{"start":{"line":40,"column":4},"end":{"line":42,"column":5}},"22":{"start":{"line":41,"column":6},"end":{"line":41,"column":60}},"23":{"start":{"line":44,"column":4},"end":{"line":46,"column":5}},"24":{"start":{"line":45,"column":6},"end":{"line":45,"column":70}},"25":{"start":{"line":49,"column":4},"end":{"line":51,"column":5}},"26":{"start":{"line":50,"column":6},"end":{"line":50,"column":83}},"27":{"start":{"line":54,"column":24},"end":{"line":54,"column":88}},"28":{"start":{"line":55,"column":4},"end":{"line":57,"column":5}},"29":{"start":{"line":56,"column":6},"end":{"line":56,"column":70}},"30":{"start":{"line":60,"column":17},"end":{"line":60,"column":44}},"31":{"start":{"line":61,"column":4},"end":{"line":63,"column":5}},"32":{"start":{"line":62,"column":6},"end":{"line":62,"column":60}},"33":{"start":{"line":65,"column":18},"end":{"line":65,"column":91}},"34":{"start":{"line":68,"column":21},"end":{"line":68,"column":101}},"35":{"start":{"line":69,"column":21},"end":{"line":69,"column":42}},"36":{"start":{"line":70,"column":20},"end":{"line":70,"column":66}},"37":{"start":{"line":73,"column":20},"end":{"line":73,"column":49}},"38":{"start":{"line":75,"column":4},"end":{"line":134,"column":5}},"39":{"start":{"line":76,"column":6},"end":{"line":131,"column":9}},"40":{"start":{"line":78,"column":22},"end":{"line":100,"column":10}},"41":{"start":{"line":102,"column":8},"end":{"line":102,"column":38}},"42":{"start":{"line":105,"column":8},"end":{"line":109,"column":10}},"43":{"start":{"line":112,"column":8},"end":{"line":121,"column":11}},"44":{"start":{"line":123,"column":8},"end":{"line":130,"column":11}},"45":{"start":{"line":133,"column":6},"end":{"line":133,"column":33}},"46":{"start":{"line":140,"column":9},"end":{"line":140,"column":25}},"47":{"start":{"line":141,"column":19},"end":{"line":141,"column":31}},"48":{"start":{"line":142,"column":24},"end":{"line":142,"column":34}},"49":{"start":{"line":143,"column":23},"end":{"line":143,"column":31}},"50":{"start":{"line":145,"column":4},"end":{"line":147,"column":5}},"51":{"start":{"line":146,"column":6},"end":{"line":146,"column":66}},"52":{"start":{"line":149,"column":18},"end":{"line":149,"column":47}},"53":{"start":{"line":150,"column":4},"end":{"line":152,"column":5}},"54":{"start":{"line":151,"column":6},"end":{"line":151,"column":61}},"55":{"start":{"line":155,"column":4},"end":{"line":157,"column":5}},"56":{"start":{"line":156,"column":6},"end":{"line":156,"column":73}},"57":{"start":{"line":159,"column":4},"end":{"line":161,"column":5}},"58":{"start":{"line":160,"column":6},"end":{"line":160,"column":67}},"59":{"start":{"line":164,"column":16},"end":{"line":164,"column":26}},"60":{"start":{"line":165,"column":22},"end":{"line":165,"column":48}},"61":{"start":{"line":166,"column":21},"end":{"line":166,"column":56}},"62":{"start":{"line":167,"column":22},"end":{"line":167,"column":49}},"63":{"start":{"line":170,"column":17},"end":{"line":170,"column":44}},"64":{"start":{"line":171,"column":18},"end":{"line":171,"column":92}},"65":{"start":{"line":172,"column":27},"end":{"line":172,"column":40}},"66":{"start":{"line":174,"column":4},"end":{"line":179,"column":5}},"67":{"start":{"line":175,"column":6},"end":{"line":178,"column":8}},"68":{"start":{"line":181,"column":20},"end":{"line":181,"column":49}},"69":{"start":{"line":183,"column":4},"end":{"line":207,"column":5}},"70":{"start":{"line":184,"column":6},"end":{"line":204,"column":9}},"71":{"start":{"line":186,"column":8},"end":{"line":186,"column":35}},"72":{"start":{"line":189,"column":8},"end":{"line":195,"column":9}},"73":{"start":{"line":190,"column":10},"end":{"line":194,"column":12}},"74":{"start":{"line":198,"column":8},"end":{"line":203,"column":11}},"75":{"start":{"line":206,"column":6},"end":{"line":206,"column":33}},"76":{"start":{"line":209,"column":4},"end":{"line":213,"column":7}},"77":{"start":{"line":219,"column":9},"end":{"line":219,"column":25}},"78":{"start":{"line":220,"column":42},"end":{"line":220,"column":50}},"79":{"start":{"line":221,"column":23},"end":{"line":221,"column":35}},"80":{"start":{"line":223,"column":4},"end":{"line":225,"column":5}},"81":{"start":{"line":224,"column":6},"end":{"line":224,"column":66}},"82":{"start":{"line":228,"column":4},"end":{"line":230,"column":5}},"83":{"start":{"line":229,"column":6},"end":{"line":229,"column":76}},"84":{"start":{"line":232,"column":18},"end":{"line":232,"column":67}},"85":{"start":{"line":233,"column":4},"end":{"line":235,"column":5}},"86":{"start":{"line":234,"column":6},"end":{"line":234,"column":61}},"87":{"start":{"line":238,"column":4},"end":{"line":240,"column":5}},"88":{"start":{"line":239,"column":6},"end":{"line":239,"column":77}},"89":{"start":{"line":242,"column":4},"end":{"line":244,"column":5}},"90":{"start":{"line":243,"column":6},"end":{"line":243,"column":75}},"91":{"start":{"line":247,"column":25},"end":{"line":247,"column":55}},"92":{"start":{"line":248,"column":4},"end":{"line":250,"column":5}},"93":{"start":{"line":249,"column":6},"end":{"line":249,"column":73}},"94":{"start":{"line":253,"column":16},"end":{"line":253,"column":26}},"95":{"start":{"line":254,"column":22},"end":{"line":254,"column":48}},"96":{"start":{"line":255,"column":20},"end":{"line":255,"column":44}},"97":{"start":{"line":257,"column":25},"end":{"line":257,"column":60}},"98":{"start":{"line":258,"column":24},"end":{"line":258,"column":57}},"99":{"start":{"line":260,"column":4},"end":{"line":262,"column":5}},"100":{"start":{"line":261,"column":6},"end":{"line":261,"column":64}},"101":{"start":{"line":264,"column":4},"end":{"line":266,"column":5}},"102":{"start":{"line":265,"column":6},"end":{"line":265,"column":56}},"103":{"start":{"line":268,"column":20},"end":{"line":268,"column":49}},"104":{"start":{"line":270,"column":4},"end":{"line":314,"column":5}},"105":{"start":{"line":271,"column":6},"end":{"line":311,"column":9}},"106":{"start":{"line":273,"column":8},"end":{"line":273,"column":45}},"107":{"start":{"line":274,"column":8},"end":{"line":274,"column":39}},"108":{"start":{"line":275,"column":8},"end":{"line":275,"column":38}},"109":{"start":{"line":278,"column":8},"end":{"line":284,"column":9}},"110":{"start":{"line":279,"column":10},"end":{"line":283,"column":12}},"111":{"start":{"line":287,"column":21},"end":{"line":287,"column":54}},"112":{"start":{"line":288,"column":8},"end":{"line":302,"column":9}},"113":{"start":{"line":290,"column":29},"end":{"line":290,"column":59}},"114":{"start":{"line":291,"column":31},"end":{"line":291,"column":74}},"115":{"start":{"line":293,"column":10},"end":{"line":301,"column":11}},"116":{"start":{"line":294,"column":12},"end":{"line":300,"column":14}},"117":{"start":{"line":305,"column":8},"end":{"line":310,"column":11}},"118":{"start":{"line":313,"column":6},"end":{"line":313,"column":33}},"119":{"start":{"line":316,"column":4},"end":{"line":326,"column":7}},"120":{"start":{"line":332,"column":9},"end":{"line":332,"column":27}},"121":{"start":{"line":333,"column":19},"end":{"line":333,"column":31}},"122":{"start":{"line":334,"column":45},"end":{"line":334,"column":54}},"123":{"start":{"line":336,"column":4},"end":{"line":338,"column":5}},"124":{"start":{"line":337,"column":6},"end":{"line":337,"column":66}},"125":{"start":{"line":340,"column":23},"end":{"line":343,"column":6}},"126":{"start":{"line":345,"column":4},"end":{"line":347,"column":5}},"127":{"start":{"line":346,"column":6},"end":{"line":346,"column":28}},"128":{"start":{"line":349,"column":17},"end":{"line":349,"column":51}},"129":{"start":{"line":351,"column":28},"end":{"line":359,"column":6}},"130":{"start":{"line":361,"column":23},"end":{"line":361,"column":55}},"131":{"start":{"line":363,"column":4},"end":{"line":374,"column":7}},"132":{"start":{"line":380,"column":9},"end":{"line":380,"column":31}},"133":{"start":{"line":381,"column":23},"end":{"line":381,"column":35}},"134":{"start":{"line":382,"column":51},"end":{"line":382,"column":60}},"135":{"start":{"line":384,"column":4},"end":{"line":386,"column":5}},"136":{"start":{"line":385,"column":6},"end":{"line":385,"column":66}},"137":{"start":{"line":389,"column":4},"end":{"line":391,"column":5}},"138":{"start":{"line":390,"column":6},"end":{"line":390,"column":76}},"139":{"start":{"line":394,"column":19},"end":{"line":394,"column":54}},"140":{"start":{"line":395,"column":21},"end":{"line":395,"column":51}},"141":{"start":{"line":395,"column":41},"end":{"line":395,"column":50}},"142":{"start":{"line":397,"column":4},"end":{"line":402,"column":5}},"143":{"start":{"line":398,"column":6},"end":{"line":401,"column":9}},"144":{"start":{"line":404,"column":23},"end":{"line":407,"column":6}},"145":{"start":{"line":409,"column":4},"end":{"line":411,"column":5}},"146":{"start":{"line":410,"column":6},"end":{"line":410,"column":28}},"147":{"start":{"line":413,"column":4},"end":{"line":422,"column":5}},"148":{"start":{"line":414,"column":24},"end":{"line":414,"column":48}},"149":{"start":{"line":415,"column":22},"end":{"line":415,"column":41}},"150":{"start":{"line":416,"column":6},"end":{"line":416,"column":45}},"151":{"start":{"line":418,"column":6},"end":{"line":421,"column":8}},"152":{"start":{"line":424,"column":17},"end":{"line":424,"column":51}},"153":{"start":{"line":426,"column":28},"end":{"line":435,"column":6}},"154":{"start":{"line":437,"column":23},"end":{"line":437,"column":55}},"155":{"start":{"line":439,"column":4},"end":{"line":450,"column":7}},"156":{"start":{"line":456,"column":9},"end":{"line":456,"column":28}},"157":{"start":{"line":457,"column":24},"end":{"line":457,"column":34}},"158":{"start":{"line":458,"column":19},"end":{"line":458,"column":31}},"159":{"start":{"line":460,"column":4},"end":{"line":462,"column":5}},"160":{"start":{"line":461,"column":6},"end":{"line":461,"column":66}},"161":{"start":{"line":464,"column":18},"end":{"line":467,"column":59}},"162":{"start":{"line":469,"column":4},"end":{"line":471,"column":5}},"163":{"start":{"line":470,"column":6},"end":{"line":470,"column":61}},"164":{"start":{"line":474,"column":20},"end":{"line":474,"column":58}},"165":{"start":{"line":475,"column":23},"end":{"line":476,"column":65}},"166":{"start":{"line":477,"column":20},"end":{"line":477,"column":50}},"167":{"start":{"line":479,"column":4},"end":{"line":481,"column":5}},"168":{"start":{"line":480,"column":6},"end":{"line":480,"column":73}},"169":{"start":{"line":483,"column":4},"end":{"line":486,"column":7}}},"fnMap":{"0":{"name":"(anonymous_1)","decl":{"start":{"line":20,"column":36},"end":{"line":20,"column":41}},"loc":{"start":{"line":20,"column":89},"end":{"line":135,"column":3}}},"1":{"name":"(anonymous_2)","decl":{"start":{"line":76,"column":36},"end":{"line":76,"column":41}},"loc":{"start":{"line":76,"column":47},"end":{"line":131,"column":7}}},"2":{"name":"(anonymous_3)","decl":{"start":{"line":140,"column":36},"end":{"line":140,"column":41}},"loc":{"start":{"line":140,"column":89},"end":{"line":214,"column":3}}},"3":{"name":"(anonymous_4)","decl":{"start":{"line":184,"column":36},"end":{"line":184,"column":41}},"loc":{"start":{"line":184,"column":47},"end":{"line":204,"column":7}}},"4":{"name":"(anonymous_5)","decl":{"start":{"line":219,"column":36},"end":{"line":219,"column":41}},"loc":{"start":{"line":219,"column":89},"end":{"line":327,"column":3}}},"5":{"name":"(anonymous_6)","decl":{"start":{"line":271,"column":36},"end":{"line":271,"column":41}},"loc":{"start":{"line":271,"column":47},"end":{"line":311,"column":7}}},"6":{"name":"(anonymous_7)","decl":{"start":{"line":332,"column":38},"end":{"line":332,"column":43}},"loc":{"start":{"line":332,"column":91},"end":{"line":375,"column":3}}},"7":{"name":"(anonymous_8)","decl":{"start":{"line":380,"column":42},"end":{"line":380,"column":47}},"loc":{"start":{"line":380,"column":95},"end":{"line":451,"column":3}}},"8":{"name":"(anonymous_9)","decl":{"start":{"line":395,"column":32},"end":{"line":395,"column":37}},"loc":{"start":{"line":395,"column":41},"end":{"line":395,"column":50}}},"9":{"name":"(anonymous_10)","decl":{"start":{"line":456,"column":39},"end":{"line":456,"column":44}},"loc":{"start":{"line":456,"column":92},"end":{"line":487,"column":3}}}},"branchMap":{"0":{"loc":{"start":{"line":24,"column":4},"end":{"line":26,"column":5}},"type":"if","locations":[{"start":{"line":24,"column":4},"end":{"line":26,"column":5}}]},"1":{"loc":{"start":{"line":30,"column":4},"end":{"line":32,"column":5}},"type":"if","locations":[{"start":{"line":30,"column":4},"end":{"line":32,"column":5}}]},"2":{"loc":{"start":{"line":34,"column":4},"end":{"line":36,"column":5}},"type":"if","locations":[{"start":{"line":34,"column":4},"end":{"line":36,"column":5}}]},"3":{"loc":{"start":{"line":40,"column":4},"end":{"line":42,"column":5}},"type":"if","locations":[{"start":{"line":40,"column":4},"end":{"line":42,"column":5}}]},"4":{"loc":{"start":{"line":44,"column":4},"end":{"line":46,"column":5}},"type":"if","locations":[{"start":{"line":44,"column":4},"end":{"line":46,"column":5}}]},"5":{"loc":{"start":{"line":49,"column":4},"end":{"line":51,"column":5}},"type":"if","locations":[{"start":{"line":49,"column":4},"end":{"line":51,"column":5}}]},"6":{"loc":{"start":{"line":55,"column":4},"end":{"line":57,"column":5}},"type":"if","locations":[{"start":{"line":55,"column":4},"end":{"line":57,"column":5}}]},"7":{"loc":{"start":{"line":61,"column":4},"end":{"line":63,"column":5}},"type":"if","locations":[{"start":{"line":61,"column":4},"end":{"line":63,"column":5}}]},"8":{"loc":{"start":{"line":65,"column":18},"end":{"line":65,"column":91}},"type":"binary-expr","locations":[{"start":{"line":65,"column":18},"end":{"line":65,"column":35}},{"start":{"line":65,"column":40},"end":{"line":65,"column":57}},{"start":{"line":65,"column":61},"end":{"line":65,"column":90}}]},"9":{"loc":{"start":{"line":70,"column":20},"end":{"line":70,"column":66}},"type":"cond-expr","locations":[{"start":{"line":70,"column":28},"end":{"line":70,"column":29}},{"start":{"line":70,"column":33},"end":{"line":70,"column":65}}]},"10":{"loc":{"start":{"line":70,"column":33},"end":{"line":70,"column":65}},"type":"binary-expr","locations":[{"start":{"line":70,"column":33},"end":{"line":70,"column":45}},{"start":{"line":70,"column":49},"end":{"line":70,"column":65}}]},"11":{"loc":{"start":{"line":125,"column":19},"end":{"line":125,"column":54}},"type":"cond-expr","locations":[{"start":{"line":125,"column":27},"end":{"line":125,"column":43}},{"start":{"line":125,"column":46},"end":{"line":125,"column":54}}]},"12":{"loc":{"start":{"line":128,"column":27},"end":{"line":128,"column":67}},"type":"cond-expr","locations":[{"start":{"line":128,"column":35},"end":{"line":128,"column":60}},{"start":{"line":128,"column":63},"end":{"line":128,"column":67}}]},"13":{"loc":{"start":{"line":145,"column":4},"end":{"line":147,"column":5}},"type":"if","locations":[{"start":{"line":145,"column":4},"end":{"line":147,"column":5}}]},"14":{"loc":{"start":{"line":150,"column":4},"end":{"line":152,"column":5}},"type":"if","locations":[{"start":{"line":150,"column":4},"end":{"line":152,"column":5}}]},"15":{"loc":{"start":{"line":155,"column":4},"end":{"line":157,"column":5}},"type":"if","locations":[{"start":{"line":155,"column":4},"end":{"line":157,"column":5}}]},"16":{"loc":{"start":{"line":155,"column":8},"end":{"line":155,"column":76}},"type":"binary-expr","locations":[{"start":{"line":155,"column":8},"end":{"line":155,"column":42}},{"start":{"line":155,"column":46},"end":{"line":155,"column":76}}]},"17":{"loc":{"start":{"line":159,"column":4},"end":{"line":161,"column":5}},"type":"if","locations":[{"start":{"line":159,"column":4},"end":{"line":161,"column":5}}]},"18":{"loc":{"start":{"line":171,"column":18},"end":{"line":171,"column":92}},"type":"binary-expr","locations":[{"start":{"line":171,"column":18},"end":{"line":171,"column":36}},{"start":{"line":171,"column":41},"end":{"line":171,"column":58}},{"start":{"line":171,"column":62},"end":{"line":171,"column":91}}]},"19":{"loc":{"start":{"line":172,"column":27},"end":{"line":172,"column":40}},"type":"cond-expr","locations":[{"start":{"line":172,"column":35},"end":{"line":172,"column":36}},{"start":{"line":172,"column":39},"end":{"line":172,"column":40}}]},"20":{"loc":{"start":{"line":174,"column":4},"end":{"line":179,"column":5}},"type":"if","locations":[{"start":{"line":174,"column":4},"end":{"line":179,"column":5}}]},"21":{"loc":{"start":{"line":189,"column":8},"end":{"line":195,"column":9}},"type":"if","locations":[{"start":{"line":189,"column":8},"end":{"line":195,"column":9}}]},"22":{"loc":{"start":{"line":223,"column":4},"end":{"line":225,"column":5}},"type":"if","locations":[{"start":{"line":223,"column":4},"end":{"line":225,"column":5}}]},"23":{"loc":{"start":{"line":228,"column":4},"end":{"line":230,"column":5}},"type":"if","locations":[{"start":{"line":228,"column":4},"end":{"line":230,"column":5}}]},"24":{"loc":{"start":{"line":228,"column":8},"end":{"line":228,"column":75}},"type":"binary-expr","locations":[{"start":{"line":228,"column":8},"end":{"line":228,"column":41}},{"start":{"line":228,"column":45},"end":{"line":228,"column":75}}]},"25":{"loc":{"start":{"line":233,"column":4},"end":{"line":235,"column":5}},"type":"if","locations":[{"start":{"line":233,"column":4},"end":{"line":235,"column":5}}]},"26":{"loc":{"start":{"line":238,"column":4},"end":{"line":240,"column":5}},"type":"if","locations":[{"start":{"line":238,"column":4},"end":{"line":240,"column":5}}]},"27":{"loc":{"start":{"line":238,"column":8},"end":{"line":238,"column":92}},"type":"binary-expr","locations":[{"start":{"line":238,"column":8},"end":{"line":238,"column":41}},{"start":{"line":238,"column":45},"end":{"line":238,"column":92}}]},"28":{"loc":{"start":{"line":242,"column":4},"end":{"line":244,"column":5}},"type":"if","locations":[{"start":{"line":242,"column":4},"end":{"line":244,"column":5}}]},"29":{"loc":{"start":{"line":248,"column":4},"end":{"line":250,"column":5}},"type":"if","locations":[{"start":{"line":248,"column":4},"end":{"line":250,"column":5}}]},"30":{"loc":{"start":{"line":260,"column":4},"end":{"line":262,"column":5}},"type":"if","locations":[{"start":{"line":260,"column":4},"end":{"line":262,"column":5}}]},"31":{"loc":{"start":{"line":264,"column":4},"end":{"line":266,"column":5}},"type":"if","locations":[{"start":{"line":264,"column":4},"end":{"line":266,"column":5}}]},"32":{"loc":{"start":{"line":278,"column":8},"end":{"line":284,"column":9}},"type":"if","locations":[{"start":{"line":278,"column":8},"end":{"line":284,"column":9}}]},"33":{"loc":{"start":{"line":288,"column":8},"end":{"line":302,"column":9}},"type":"if","locations":[{"start":{"line":288,"column":8},"end":{"line":302,"column":9}}]},"34":{"loc":{"start":{"line":290,"column":29},"end":{"line":290,"column":59}},"type":"cond-expr","locations":[{"start":{"line":290,"column":49},"end":{"line":290,"column":52}},{"start":{"line":290,"column":55},"end":{"line":290,"column":59}}]},"35":{"loc":{"start":{"line":293,"column":10},"end":{"line":301,"column":11}},"type":"if","locations":[{"start":{"line":293,"column":10},"end":{"line":301,"column":11}}]},"36":{"loc":{"start":{"line":334,"column":20},"end":{"line":334,"column":28}},"type":"default-arg","locations":[{"start":{"line":334,"column":27},"end":{"line":334,"column":28}}]},"37":{"loc":{"start":{"line":334,"column":30},"end":{"line":334,"column":40}},"type":"default-arg","locations":[{"start":{"line":334,"column":38},"end":{"line":334,"column":40}}]},"38":{"loc":{"start":{"line":336,"column":4},"end":{"line":338,"column":5}},"type":"if","locations":[{"start":{"line":336,"column":4},"end":{"line":338,"column":5}}]},"39":{"loc":{"start":{"line":345,"column":4},"end":{"line":347,"column":5}},"type":"if","locations":[{"start":{"line":345,"column":4},"end":{"line":347,"column":5}}]},"40":{"loc":{"start":{"line":382,"column":26},"end":{"line":382,"column":34}},"type":"default-arg","locations":[{"start":{"line":382,"column":33},"end":{"line":382,"column":34}}]},"41":{"loc":{"start":{"line":382,"column":36},"end":{"line":382,"column":46}},"type":"default-arg","locations":[{"start":{"line":382,"column":44},"end":{"line":382,"column":46}}]},"42":{"loc":{"start":{"line":384,"column":4},"end":{"line":386,"column":5}},"type":"if","locations":[{"start":{"line":384,"column":4},"end":{"line":386,"column":5}}]},"43":{"loc":{"start":{"line":389,"column":4},"end":{"line":391,"column":5}},"type":"if","locations":[{"start":{"line":389,"column":4},"end":{"line":391,"column":5}}]},"44":{"loc":{"start":{"line":389,"column":8},"end":{"line":389,"column":75}},"type":"binary-expr","locations":[{"start":{"line":389,"column":8},"end":{"line":389,"column":41}},{"start":{"line":389,"column":45},"end":{"line":389,"column":75}}]},"45":{"loc":{"start":{"line":397,"column":4},"end":{"line":402,"column":5}},"type":"if","locations":[{"start":{"line":397,"column":4},"end":{"line":402,"column":5}}]},"46":{"loc":{"start":{"line":409,"column":4},"end":{"line":411,"column":5}},"type":"if","locations":[{"start":{"line":409,"column":4},"end":{"line":411,"column":5}}]},"47":{"loc":{"start":{"line":413,"column":4},"end":{"line":422,"column":5}},"type":"if","locations":[{"start":{"line":413,"column":4},"end":{"line":422,"column":5}}]},"48":{"loc":{"start":{"line":460,"column":4},"end":{"line":462,"column":5}},"type":"if","locations":[{"start":{"line":460,"column":4},"end":{"line":462,"column":5}}]},"49":{"loc":{"start":{"line":469,"column":4},"end":{"line":471,"column":5}},"type":"if","locations":[{"start":{"line":469,"column":4},"end":{"line":471,"column":5}}]},"50":{"loc":{"start":{"line":475,"column":23},"end":{"line":476,"column":65}},"type":"binary-expr","locations":[{"start":{"line":475,"column":23},"end":{"line":475,"column":56}},{"start":{"line":476,"column":22},"end":{"line":476,"column":65}}]},"51":{"loc":{"start":{"line":479,"column":4},"end":{"line":481,"column":5}},"type":"if","locations":[{"start":{"line":479,"column":4},"end":{"line":481,"column":5}}]},"52":{"loc":{"start":{"line":479,"column":8},"end":{"line":479,"column":43}},"type":"binary-expr","locations":[{"start":{"line":479,"column":8},"end":{"line":479,"column":16}},{"start":{"line":479,"column":20},"end":{"line":479,"column":31}},{"start":{"line":479,"column":35},"end":{"line":479,"column":43}}]}},"s":{"0":0,"1":0,"2":0,"3":0,"4":0,"5":0,"6":0,"7":0,"8":0,"9":0,"10":0,"11":0,"12":0,"13":0,"14":0,"15":0,"16":0,"17":0,"18":0,"19":0,"20":0,"21":0,"22":0,"23":0,"24":0,"25":0,"26":0,"27":0,"28":0,"29":0,"30":0,"31":0,"32":0,"33":0,"34":0,"35":0,"36":0,"37":0,"38":0,"39":0,"40":0,"41":0,"42":0,"43":0,"44":0,"45":0,"46":0,"47":0,"48":0,"49":0,"50":0,"51":0,"52":0,"53":0,"54":0,"55":0,"56":0,"57":0,"58":0,"59":0,"60":0,"61":0,"62":0,"63":0,"64":0,"65":0,"66":0,"67":0,"68":0,"69":0,"70":0,"71":0,"72":0,"73":0,"74":0,"75":0,"76":0,"77":0,"78":0,"79":0,"80":0,"81":0,"82":0,"83":0,"84":0,"85":0,"86":0,"87":0,"88":0,"89":0,"90":0,"91":0,"92":0,"93":0,"94":0,"95":0,"96":0,"97":0,"98":0,"99":0,"100":0,"101":0,"102":0,"103":0,"104":0,"105":0,"106":0,"107":0,"108":0,"109":0,"110":0,"111":0,"112":0,"113":0,"114":0,"115":0,"116":0,"117":0,"118":0,"119":0,"120":0,"121":0,"122":0,"123":0,"124":0,"125":0,"126":0,"127":0,"128":0,"129":0,"130":0,"131":0,"132":0,"133":0,"134":0,"135":0,"136":0,"137":0,"138":0,"139":0,"140":0,"141":0,"142":0,"143":0,"144":0,"145":0,"146":0,"147":0,"148":0,"149":0,"150":0,"151":0,"152":0,"153":0,"154":0,"155":0,"156":0,"157":0,"158":0,"159":0,"160":0,"161":0,"162":0,"163":0,"164":0,"165":0,"166":0,"167":0,"168":0,"169":0},"f":{"0":0,"1":0,"2":0,"3":0,"4":0,"5":0,"6":0,"7":0,"8":0,"9":0},"b":{"0":[0],"1":[0],"2":[0],"3":[0],"4":[0],"5":[0],"6":[0],"7":[0],"8":[0,0,0],"9":[0,0],"10":[0,0],"11":[0,0],"12":[0,0],"13":[0],"14":[0],"15":[0],"16":[0,0],"17":[0],"18":[0,0,0],"19":[0,0],"20":[0],"21":[0],"22":[0],"23":[0],"24":[0,0],"25":[0],"26":[0],"27":[0,0],"28":[0],"29":[0],"30":[0],"31":[0],"32":[0],"33":[0],"34":[0,0],"35":[0],"36":[0],"37":[0],"38":[0],"39":[0],"40":[0],"41":[0],"42":[0],"43":[0],"44":[0,0],"45":[0],"46":[0],"47":[0],"48":[0],"49":[0],"50":[0,0],"51":[0],"52":[0,0,0]}}
,"/Users/naxi/project/cursor/local-life-service-app/backend/src/controllers/DishController.ts": {"path":"/Users/naxi/project/cursor/local-life-service-app/backend/src/controllers/DishController.ts","statementMap":{"0":{"start":{"line":2,"column":0},"end":{"line":2,"column":32}},"1":{"start":{"line":3,"column":0},"end":{"line":3,"column":37}},"2":{"start":{"line":4,"column":0},"end":{"line":4,"column":39}},"3":{"start":{"line":5,"column":0},"end":{"line":5,"column":56}},"4":{"start":{"line":6,"column":0},"end":{"line":6,"column":48}},"5":{"start":{"line":7,"column":0},"end":{"line":7,"column":55}},"6":{"start":{"line":9,"column":0},"end":{"line":9,"column":39}},"7":{"start":{"line":14,"column":0},"end":{"line":14,"column":13}},"8":{"start":{"line":18,"column":9},"end":{"line":18,"column":22}},"9":{"start":{"line":19,"column":19},"end":{"line":19,"column":31}},"10":{"start":{"line":20,"column":21},"end":{"line":20,"column":29}},"11":{"start":{"line":22,"column":4},"end":{"line":24,"column":5}},"12":{"start":{"line":23,"column":6},"end":{"line":23,"column":66}},"13":{"start":{"line":27,"column":4},"end":{"line":29,"column":5}},"14":{"start":{"line":28,"column":6},"end":{"line":28,"column":76}},"15":{"start":{"line":32,"column":18},"end":{"line":32,"column":56}},"16":{"start":{"line":33,"column":4},"end":{"line":35,"column":5}},"17":{"start":{"line":34,"column":6},"end":{"line":34,"column":61}},"18":{"start":{"line":37,"column":4},"end":{"line":39,"column":5}},"19":{"start":{"line":38,"column":6},"end":{"line":38,"column":75}},"20":{"start":{"line":42,"column":25},"end":{"line":46,"column":6}},"21":{"start":{"line":48,"column":4},"end":{"line":50,"column":5}},"22":{"start":{"line":49,"column":6},"end":{"line":49,"column":64}},"23":{"start":{"line":53,"column":17},"end":{"line":58,"column":6}},"24":{"start":{"line":60,"column":4},"end":{"line":60,"column":22}},"25":{"start":{"line":63,"column":4},"end":{"line":63,"column":56}},"26":{"start":{"line":64,"column":4},"end":{"line":64,"column":60}},"27":{"start":{"line":67,"column":4},"end":{"line":73,"column":7}},"28":{"start":{"line":75,"column":4},"end":{"line":79,"column":7}},"29":{"start":{"line":85,"column":9},"end":{"line":85,"column":26}},"30":{"start":{"line":86,"column":24},"end":{"line":86,"column":34}},"31":{"start":{"line":87,"column":79},"end":{"line":87,"column":88}},"32":{"start":{"line":90,"column":18},"end":{"line":90,"column":47}},"33":{"start":{"line":91,"column":4},"end":{"line":93,"column":5}},"34":{"start":{"line":92,"column":6},"end":{"line":92,"column":61}},"35":{"start":{"line":96,"column":23},"end":{"line":99,"column":6}},"36":{"start":{"line":101,"column":4},"end":{"line":103,"column":5}},"37":{"start":{"line":102,"column":6},"end":{"line":102,"column":32}},"38":{"start":{"line":105,"column":4},"end":{"line":107,"column":5}},"39":{"start":{"line":106,"column":6},"end":{"line":106,"column":51}},"40":{"start":{"line":110,"column":29},"end":{"line":110,"column":31}},"41":{"start":{"line":111,"column":4},"end":{"line":124,"column":5}},"42":{"start":{"line":113,"column":8},"end":{"line":113,"column":30}},"43":{"start":{"line":114,"column":8},"end":{"line":114,"column":14}},"44":{"start":{"line":116,"column":8},"end":{"line":116,"column":32}},"45":{"start":{"line":117,"column":8},"end":{"line":117,"column":37}},"46":{"start":{"line":118,"column":8},"end":{"line":118,"column":14}},"47":{"start":{"line":121,"column":8},"end":{"line":121,"column":36}},"48":{"start":{"line":122,"column":8},"end":{"line":122,"column":35}},"49":{"start":{"line":123,"column":8},"end":{"line":123,"column":14}},"50":{"start":{"line":126,"column":17},"end":{"line":126,"column":51}},"51":{"start":{"line":129,"column":21},"end":{"line":129,"column":94}},"52":{"start":{"line":130,"column":17},"end":{"line":130,"column":42}},"53":{"start":{"line":132,"column":4},"end":{"line":137,"column":5}},"54":{"start":{"line":133,"column":6},"end":{"line":136,"column":9}},"55":{"start":{"line":139,"column":28},"end":{"line":145,"column":6}},"56":{"start":{"line":147,"column":23},"end":{"line":147,"column":55}},"57":{"start":{"line":149,"column":19},"end":{"line":157,"column":6}},"58":{"start":{"line":160,"column":4},"end":{"line":162,"column":5}},"59":{"start":{"line":161,"column":6},"end":{"line":161,"column":63}},"60":{"start":{"line":164,"column":4},"end":{"line":167,"column":7}},"61":{"start":{"line":173,"col
[...]
umn":29}},"100":{"start":{"line":309,"column":6},"end":{"line":314,"column":7}},"101":{"start":{"line":310,"column":8},"end":{"line":312,"column":11}},"102":{"start":{"line":311,"column":10},"end":{"line":311,"column":29}},"103":{"start":{"line":313,"column":8},"end":{"line":313,"column":46}},"104":{"start":{"line":318,"column":4},"end":{"line":326,"column":7}},"105":{"start":{"line":319,"column":25},"end":{"line":319,"column":29}},"106":{"start":{"line":320,"column":6},"end":{"line":325,"column":7}},"107":{"start":{"line":321,"column":8},"end":{"line":323,"column":11}},"108":{"start":{"line":322,"column":10},"end":{"line":322,"column":30}},"109":{"start":{"line":324,"column":8},"end":{"line":324,"column":48}},"110":{"start":{"line":329,"column":4},"end":{"line":331,"column":5}},"111":{"start":{"line":330,"column":6},"end":{"line":330,"column":39}},"112":{"start":{"line":334,"column":4},"end":{"line":336,"column":5}},"113":{"start":{"line":335,"column":6},"end":{"line":335,"column":36}},"114":{"start":{"line":343,"column":24},"end":{"line":343,"column":40}},"115":{"start":{"line":346,"column":4},"end":{"line":363,"column":7}},"116":{"start":{"line":347,"column":33},"end":{"line":347,"column":37}},"117":{"start":{"line":349,"column":6},"end":{"line":362,"column":7}},"118":{"start":{"line":353,"column":8},"end":{"line":357,"column":11}},"119":{"start":{"line":359,"column":8},"end":{"line":359,"column":63}},"120":{"start":{"line":361,"column":8},"end":{"line":361,"column":54}},"121":{"start":{"line":366,"column":4},"end":{"line":383,"column":7}},"122":{"start":{"line":367,"column":34},"end":{"line":367,"column":38}},"123":{"start":{"line":369,"column":6},"end":{"line":382,"column":7}},"124":{"start":{"line":373,"column":8},"end":{"line":377,"column":11}},"125":{"start":{"line":379,"column":8},"end":{"line":379,"column":58}},"126":{"start":{"line":381,"column":8},"end":{"line":381,"column":52}},"127":{"start":{"line":391,"column":4},"end":{"line":407,"column":7}},"128":{"start":{"line":392,"column":49},"end":{"line":392,"column":53}},"129":{"start":{"line":394,"column":6},"end":{"line":406,"column":7}},"130":{"start":{"line":395,"column":8},"end":{"line":398,"column":11}},"131":{"start":{"line":399,"column":13},"end":{"line":406,"column":7}},"132":{"start":{"line":400,"column":8},"end":{"line":405,"column":11}},"133":{"start":{"line":401,"column":10},"end":{"line":404,"column":13}},"134":{"start":{"line":410,"column":4},"end":{"line":413,"column":7}},"135":{"start":{"line":411,"column":20},"end":{"line":411,"column":53}},"136":{"start":{"line":412,"column":6},"end":{"line":412,"column":45}},"137":{"start":{"line":420,"column":4},"end":{"line":423,"column":7}},"138":{"start":{"line":430,"column":4},"end":{"line":433,"column":7}},"139":{"start":{"line":440,"column":4},"end":{"line":443,"column":7}},"140":{"start":{"line":450,"column":4},"end":{"line":453,"column":7}},"141":{"start":{"line":461,"column":4},"end":{"line":465,"column":7}},"142":{"start":{"line":468,"column":4},"end":{"line":472,"column":7}},"143":{"start":{"line":480,"column":4},"end":{"line":484,"column":7}},"144":{"start":{"line":487,"column":4},"end":{"line":491,"column":7}},"145":{"start":{"line":499,"column":4},"end":{"line":502,"column":7}},"146":{"start":{"line":505,"column":4},"end":{"line":508,"column":7}},"147":{"start":{"line":520,"column":4},"end":{"line":520,"column":68}},"148":{"start":{"line":527,"column":4},"end":{"line":527,"column":56}},"149":{"start":{"line":534,"column":4},"end":{"line":534,"column":60}},"150":{"start":{"line":541,"column":4},"end":{"line":541,"column":72}},"151":{"start":{"line":548,"column":4},"end":{"line":548,"column":19}},"152":{"start":{"line":150,"column":0},"end":{"line":150,"column":13}},"153":{"start":{"line":557,"column":35},"end":{"line":560,"column":1}},"154":{"start":{"line":558,"column":2},"end":{"line":558,"column":52}},"155":{"start":{"line":559,"column":2},"end":{"line":559,"column":25}},"156":{"start":{"line":557,"column":13},"end":{"line":557,"column":35}},"157":{"start":{"line":562,"column":34},"end":{"line":567,"column":1}},"158":{"start":{"line":563,"column":2},"end":{"line":565,"column":3}},"159":{"start":{"line":564,"column":4},"end":{"line":564,"column":40}},"160":{"start":{"line":566,"column":2},"end":{"line":566,"column":25}},"161":{"start":{"line":562,"column":13},"end":{"line":562,"column":34}}},"fnMap":{"0":{"name":"(anonymous_1)","decl":{"start":{"line":12,"column":0},"end":{"line":12,"column":6}},"loc":{"start":{"line":12,"column":0},"end":{"line":117,"column":1}}},"1":{"name":"(anonymous_2)","decl":{"start":{"line":20,"column":2},"end":{"line":20,"column":19}},"loc":{"start":{"line":20,"column":88},"end":{"line":44,"column":3}}},"2":{"name":"(anonymous_3)","decl":{"start":{"line":49,"column":2},"end":{"line":49,"column":18}},"loc":{"start":{"line":49,"column":35},"end":{"line":84,"column":3}}},"3":{"name":"(anonymous_4)","decl":{"start":{"line":89,"column":2},"end":{"line":89,"column":20}},"loc":{"start":{"line":89,"column":35},"end":{"line":91,"column":3}}},"4":{"name":"(anonymous_5)","decl":{"start":{"line":96,"column":2},"end":{"line":96,"column":24}},"loc":{"start":{"line":96,"column":40},"end":{"line":98,"column":3}}},"5":{"name":"(anonymous_6)","decl":{"start":{"line":103,"column":2},"end":{"line":103,"column":15}},"loc":{"start":{"line":103,"column":32},"end":{"line":105,"column":3}}},"6":{"name":"(anonymous_7)","decl":{"start":{"line":110,"column":2},"end":{"line":110,"column":10}},"loc":{"start":{"line":110,"column":10},"end":{"line":116,"column":3}}},"7":{"name":"(anonymous_8)","decl":{"start":{"line":122,"column":0},"end":{"line":122,"column":12}},"loc":{"start":{"line":122,"column":23},"end":{"line":145,"column":1}}},"8":{"name":"(anonymous_9)","decl":{"start":{"line":154,"column":2},"end":{"line":154,"column":14}},"loc":{"start":{"line":154,"column":36},"end":{"line":170,"column":3}}},"9":{"name":"(anonymous_10)","decl":{"start":{"line":175,"column":10},"end":{"line":175,"column":25}},"loc":{"start":{"line":175,"column":25},"end":{"line":238,"column":3}}},"10":{"name":"(anonymous_11)","decl":{"start":{"line":177,"column":16},"end":{"line":177,"column":21}},"loc":{"start":{"line":177,"column":39},"end":{"line":217,"column":5}}},"11":{"name":"(anonymous_12)","decl":{"start":{"line":220,"column":16},"end":{"line":220,"column":21}},"loc":{"start":{"line":220,"column":39},"end":{"line":237,"column":5}}},"12":{"name":"(anonymous_13)","decl":{"start":{"line":243,"column":10},"end":{"line":243,"column":28}},"loc":{"start":{"line":243,"column":28},"end":{"line":247,"column":3}}},"13":{"name":"(anonymous_14)","decl":{"start":{"line":244,"column":29},"end":{"line":244,"column":30}},"loc":{"start":{"line":244,"column":48},"end":{"line":246,"column":5}}},"14":{"name":"(anonymous_15)","decl":{"start":{"line":252,"column":10},"end":{"line":252,"column":26}},"loc":{"start":{"line":252,"column":41},"end":{"line":293,"column":3}}},"15":{"name":"(anonymous_16)","decl":{"start":{"line":275,"column":28},"end":{"line":275,"column":29}},"loc":{"start":{"line":275,"column":39},"end":{"line":283,"column":5}}},"16":{"name":"(anonymous_17)","decl":{"start":{"line":286,"column":23},"end":{"line":286,"column":24}},"loc":{"start":{"line":286,"column":33},"end":{"line":292,"column":5}}},"17":{"name":"(anonymous_18)","decl":{"start":{"line":298,"column":10},"end":{"line":298,"column":27}},"loc":{"start":{"line":298,"column":42},"end":{"line":337,"column":3}}},"18":{"name":"(anonymous_19)","decl":{"start":{"line":302,"column":22},"end":{"line":302,"column":25}},"loc":{"start":{"line":302,"column":27},"end":{"line":304,"column":5}}},"19":{"name":"(anonymous_20)","decl":{"start":{"line":307,"column":27},"end":{"line":307,"column":28}},"loc":{"start":{"line":307,"column":36},"end":{"line":315,"column":5}}},"20":{"name":"(anonymous_21)","decl":{"start":{"line":310,"column":23},"end":{"line":310,"column":28}},"loc":{"start":{"line":310,"column":31},"end":{"line":312,"column":9}}},"21":{"name":"(anonymous_22)","decl":{"start":{"line":318,"column":29},"end":{"line":318,"column":30}},"loc":{"start":{"line":318,"column":38},"end":{"line":326,"column":5}}},"22":{"name":"(anonymous_23)","decl":{"start":{"line":321,"column":23},"end":{"line":321,"column":28}},"loc":{"start":{"line":321,"column":31},"end":{"line":323,"column":9}}},"23":{"name":"(anonymous_24)","decl":{"start":{"line":342,"column":10},"end":{"line":342,"column":29}},"loc":{"start":{"line":342,"column":44},"end":{"line":384,"column":3}}},"24":{"name":"(anonymous_25)","decl":{"start":{"line":346,"column":36},"end":{"line":346,"column":41}},"loc":{"start":{"line":346,"column":51},"end":{"line":363,"column":5}}},"25":{"name":"(anonymous_26)","decl":{"start":{"line":366,"column":30},"end":{"line":366,"column":35}},"loc":{"start":{"line":366,"column":45},"end":{"line":383,"column":5}}},"26":{"name":"(anonymous_27)","decl":{"start":{"line":389,"column":10},"end":{"line":389,"column":26}},"loc":{"start":{"line":389,"column":41},"end":{"line":414,"column":3}}},"27":{"name":"(anonymous_28)","decl":{"start":{"line":391,"column":37},"end":{"line":391,"column":38}},"loc":{"start":{"line":391,"column":46},"end":{"line":407,"column":5}}},"28":{"name":"(anonymous_29)","decl":{"start":{"line":400,"column":26},"end":{"line":400,"column":32}},"loc":{"start":{"line":400,"column":35},"end":{"line":405,"column":9}}},"29":{"name":"(anonymous_30)","decl":{"start":{"line":410,"column":38},"end":{"line":410,"column":41}},"loc":{"start":{"line":410,"column":43},"end":{"line":413,"column":5}}},"30":{"name":"(anonymous_31)","decl":{"start":{"line":419,"column":9},"end":{"line":419,"column":19}},"loc":{"start":{"line":419,"column":64},"end":{"line":424,"column":3}}},"31":{"name":"(anonymous_32)","decl":{"start":{"line":429,"column":9},"end":{"line":429,"column":25}},"loc":{"start":{"line":429,"column":71},"end":{"line":434,"column":3}}},"32":{"name":"(anonymous_33)","decl":{"start":{"line":439,"column":9},"end":{"line":439,"column":23}},"loc":{"start":{"line":439,"column":52},"end":{"line":444,"column":3}}},"33":{"name":"(anonymous_34)","decl":{"start":{"line":449,"column":9},"end":{"line":449,"column":24}},"loc":{"start":{"line":449,"column":67},"end":{"line":454,"column":3}}},"34":{"name":"(anonymous_35)","decl":{"start":{"line":459,"column":9},"end":{"line":459,"column":32}},"loc":{"start":{"line":459,"column":116},"end":{"line":473,"column":3}}},"35":{"name":"(anonymous_36)","decl":{"start":{"line":478,"column":9},"end":{"line":478,"column":31}},"loc":{"start":{"line":478,"column":97},"end":{"line":492,"column":3}}},"36":{"name":"(anonymous_37)","decl":{"start":{"line":497,"column":9},"end":{"line":497,"column":29}},"loc":{"start":{"line":497,"column":96},"end":{"line":509,"column":3}}},"37":{"name":"(anonymous_38)","decl":{"start":{"line":514,"column":9},"end":{"line":514,"column":25}},"loc":{"start":{"line":519,"column":3},"end":{"line":521,"column":3}}},"38":{"name":"(anonymous_39)","decl":{"start":{"line":526,"column":9},"end":{"line":526,"column":27}},"loc":{"start":{"line":526,"column":27},"end":{"line":528,"column":3}}},"39":{"name":"(anonymous_40)","decl":{"start":{"line":533,"column":9},"end":{"line":533,"column":31}},"loc":{"start":{"line":533,"column":31},"end":{"line":535,"column":3}}},"40":{"name":"(anonymous_41)","decl":{"start":{"line":540,"column":9},"end":{"line":540,"column":21}},"loc":{"start":{"line":540,"column":36},"end":{"line":542,"column":3}}},"41":{"name":"(anonymous_42)","decl":{"start":{"line":547,"column":9},"end":{"line":547,"column":14}},"loc":{"start":{"line":547,"column":14},"end":{"line":549,"column":3}}},"42":{"name":"(anonymous_43)","decl":{"start":{"line":557,"column":35},"end":{"line":557,"column":36}},"loc":{"start":{"line":557,"column":79},"end":{"line":560,"column":1}}},"43":{"name":"(anonymous_44)","decl":{"start":{"line":562,"column":34},"end":{"line":562,"column":54}},"loc":{"start":{"line":562,"column":56},"end":{"line":567,"column":1}}}},"branchMap":{"0":{"loc":{"start":{"line":22,"column":4},"end":{"line":24,"column":5}},"type":"if","locations":[{"start":{"line":22,"column":4},"end":{"line":24,"column":5}}]},"1":{"loc":{"start":{"line":28,"column":4},"end":{"line":33,"column":5}},"type":"if","locations":[{"start":{"line":28,"column":4},"end":{"line":33,"column":5}}]},"2":{"loc":{"start":{"line":28,"column":8},"end":{"line":28,"column":42}},"type":"binary-expr","locations":[{"start":{"line":28,"column":8},"end":{"line":28,"column":31}},{"start":{"line":28,"column":35},"end":{"line":28,"column":42}}]},"3":{"loc":{"start":{"line":29,"column":6},"end":{"line":31,"column":7}},"type":"if","locations":[{"start":{"line":29,"column":6},"end":{"line":31,"column":7}}]},"4":{"loc":{"start":{"line":51,"column":4},"end":{"line":51,"column":26}},"type":"if","locations":[{"start":{"line":51,"column":4},"end":{"line":51,"column":26}}]},"5":{"loc":{"start":{"line":57,"column":4},"end":{"line":62,"column":5}},"type":"if","locations":[{"start":{"line":57,"column":4},"end":{"line":62,"column":5}}]},"6":{"loc":{"start":{"line":59,"column":6},"end":{"line":61,"column":7}},"type":"if","locations":[{"start":{"line":59,"column":6},"end":{"line":61,"column":7}}]},"7":{"loc":{"start":{"line":65,"column":4},"end":{"line":73,"column":5}},"type":"if","locations":[{"start":{"line":65,"column":4},"end":{"line":73,"column":5}}]},"8":{"loc":{"start":{"line":65,"column":8},"end":{"line":65,"column":42}},"type":"binary-expr","locations":[{"start":{"line":65,"column":8},"end":{"line":65,"column":31}},{"start":{"line":65,"column":35},"end":{"line":65,"column":42}}]},"9":{"loc":{"start":{"line":67,"column":6},"end":{"line":72,"column":7}},"type":"if","locations":[{"start":{"line":67,"column":6},"end":{"line":72,"column":7}}]},"10":{"loc":{"start":{"line":69,"column":8},"end":{"line":71,"column":9}},"type":"if","locations":[{"start":{"line":69,"column":8},"end":{"line":71,"column":9}}]},"11":{"loc":{"start":{"line":90,"column":22},"end":{"line":90,"column":60}},"type":"binary-expr","locations":[{"start":{"line":90,"column":22},"end":{"line":90,"column":54}},{"start":{"line":90,"column":58},"end":{"line":90,"column":60}}]},"12":{"loc":{"start":{"line":97,"column":22},"end":{"line":97,"column":65}},"type":"binary-expr","locations":[{"start":{"line":97,"column":22},"end":{"line":97,"column":59}},{"start":{"line":97,"column":63},"end":{"line":97,"column":65}}]},"13":{"loc":{"start":{"line":122,"column":12},"end":{"line":122,"column":null}},"type":"binary-expr","locations":[{"start":{"line":122,"column":12},"end":{"line":122,"column":23}},{"start":{"line":122,"column":23},"end":{"line":122,"column":null}}]},"14":{"loc":{"start":{"line":159,"column":16},"end":{"line":159,"column":47}},"type":"binary-expr","locations":[{"start":{"line":159,"column":16},"end":{"line":159,"column":40}},{"start":{"line":159,"column":44},"end":{"line":159,"column":47}}]},"15":{"loc":{"start":{"line":179,"column":22},"end":{"line":179,"column":91}},"type":"binary-expr","locations":[{"start":{"line":179,"column":22},"end":{"line":179,"column":49}},{"start":{"line":179,"column":53},"end":{"line":179,"column":91}}]},"16":{"loc":{"start":{"line":181,"column":8},"end":{"line":183,"column":9}},"type":"if","locations":[{"start":{"line":181,"column":8},"end":{"line":183,"column":9}}]},"17":{"loc":{"start":{"line":190,"column":8},"end":{"line":192,"column":9}},"type":"if","locations":[{"start":{"line":190,"column":8},"end":{"line":192,"column":9}}]},"18":{"loc":{"start":{"line":190,"column":12},"end":{"line":190,"column":35}},"type":"binary-expr","locations":[{"start":{"line":190,"column":12},"end":{"line":190,"column":17}},{"start":{"line":190,"column":21},"end":{"line":190,"column":35}}]},"19":{"loc":{"start":{"line":196,"column":8},"end":{"line":199,"column":9}},"type":"if","locations":[{"start":{"line":196,"column":8},"end":{"line":199,"column":9}}]},"20":{"loc":{"start":{"line":222,"column":6},"end":{"line":224,"column":7}},"type":"if","locations":[{"start":{"line":222,"column":6},"end":{"line":224,"column":7}}]},"21":{"loc":{"start":{"line":228,"column":6},"end":{"line":234,"column":7}},"type":"if","locations":[{"start":{"line":228,"column":6},"end":{"line":234,"column":7}}]},"22":{"loc":{"start":{"line":267,"column":4},"end":{"line":269,"column":5}},"type":"if","locations":[{"start":{"line":267,"column":4},"end":{"line":269,"column":5}}]},"23":{"loc":{"start":{"line":267,"column":8},"end":{"line":267,"column":42}},"type":"binary-expr","locations":[{"start":{"line":267,"column":8},"end":{"line":267,"column":31}},{"start":{"line":267,"column":35},"end":{"line":267,"column":42}}]},"24":{"loc":{"start":{"line":309,"column":6},"end":{"line":314,"column":7}},"type":"if","locations":[{"start":{"line":309,"column":6},"end":{"line":314,"column":7}}]},"25":{"loc":{"start":{"line":320,"column":6},"end":{"line":325,"column":7}},"type":"if","locations":[{"start":{"line":320,"column":6},"end":{"line":325,"column":7}}]},"26":{"loc":{"start":{"line":329,"column":4},"end":{"line":331,"column":5}},"type":"if","locations":[{"start":{"line":329,"column":4},"end":{"line":331,"column":5}}]},"27":{"loc":{"start":{"line":334,"column":4},"end":{"line":336,"column":5}},"type":"if","locations":[{"start":{"line":334,"column":4},"end":{"line":336,"column":5}}]},"28":{"loc":{"start":{"line":394,"column":6},"end":{"line":406,"column":7}},"type":"if","locations":[{"start":{"line":394,"column":6},"end":{"line":406,"column":7}},{"start":{"line":399,"column":13},"end":{"line":406,"column":7}}]},"29":{"loc":{"start":{"line":399,"column":13},"end":{"line":406,"column":7}},"type":"if","locations":[{"start":{"line":399,"column":13},"end":{"line":406,"column":7}}]},"30":{"loc":{"start":{"line":399,"column":17},"end":{"line":399,"column":67}},"type":"binary-expr","locations":[{"start":{"line":399,"column":17},"end":{"line":399,"column":39}},{"start":{"line":399,"column":43},"end":{"line":399,"column":67}}]},"31":{"loc":{"start":{"line":563,"column":2},"end":{"line":565,"column":3}},"type":"if","locations":[{"start":{"line":563,"column":2},"end":{"line":565,"column":3}}]}},"s":{"0":1,"1":1,"2":1,"3":1,"4":1,"5":0,"6":0,"7":0,"8":0,"9":0,"10":0,"11":0,"12":0,"13":0,"14":0,"15":0,"16":0,"17":0,"18":0,"19":0,"20":0,"21":0,"22":0,"23":0,"24":0,"25":0,"26":0,"27":0,"28":0,"29":0,"30":0,"31":0,"32":0,"33":0,"34":0,"35":0,"36":0,"37":0,"38":1,"39":1,"40":1,"41":1,"42":1,"43":1,"44":1,"45":1,"46":1,"47":1,"48":1,"49":1,"50":1,"51":1,"52":0,"53":0,"54":0,"55":0,"56":0,"57":0,"58":0,"59":0,"60":0,"61":0,"62":0,"63":0,"64":0,"65":0,"66":0,"67":0,"68":0,"69":0,"70":0,"71":0,"72":0,"73":0,"74":0,"75":0,"76":0,"77":0,"78":0,"79":0,"80":0,"81":0,"82":0,"83":0,"84":0,"85":0,"86":0,"87":0,"88":0,"89":0,"90":0,"91":0,"92":0,"93":0,"94":0,"95":0,"96":0,"97":0,"98":0,"99":0,"100":0,"101":0,"102":0,"103":0,"104":0,"105":0,"106":0,"107":0,"108":0,"109":0,"110":0,"111":0,"112":0,"113":0,"114":0,"115":0,"116":0,"117":0,"118":0,"119":0,"120":0,"121":0,"122":0,"123":0,"124":0,"125":0,"126":0,"127":0,"128":0,"129":0,"130":0,"131":0,"132":0,"133":0,"134":0,"135":0,"136":0,"137":0,"138":0,"139":0,"140":0,"141":0,"142":0,"143":0,"144":0,"145":0,"146":0,"147":0,"148":0,"149":0,"150":0,"151":0,"152":1,"153":1,"154":0,"155":0,"156":1,"157":1,"158":0,"159":0,"160":0,"161":1},"f":{"0":0,"1":0,"2":0,"3":0,"4":0,"5":0,"6":0,"7":1,"8":0,"9":0,"10":0,"11":0,"12":0,"13":0,"14":0,"15":0,"16":0,"17":0,"18":0,"19":0,"20":0,"21":0,"22":0,"23":0,"24":0,"25":0,"26":0,"27":0,"28":0,"29":0,"30":0,"31":0,"32":0,"33":0,"34":0,"35":0,"36":0,"37":0,"38":0,"39":0,"40":0,"41":0,"42":0,"43":0},"b":{"0":[0],"1":[0],"2":[0,0],"3":[0],"4":[0],"5":[0],"6":[0],"7":[0],"8":[0,0],"9":[0],"10":[0],"11":[0,0],"12":[0,0],"13":[1,1],"14":[0,0],"15":[0,0],"16":[0],"17":[0],"18":[0,0],"19":[0],"20":[0],"21":[0],"22":[0],"23":[0,0],"24":[0],"25":[0],"26":[0],"27":[0],"28":[0,0],"29":[0],"30":[0,0],"31":[0]}}
}
