TN:
SF:src/config/app.ts
FN:143,(anonymous_1)
FNF:1
FNH:0
FNDA:0,(anonymous_1)
DA:1,8
DA:2,8
DA:5,8
DA:10,8
DA:137,8
DA:142,8
DA:143,0
DA:144,0
DA:145,0
DA:150,8
LF:10
LH:7
BRDA:12,0,0,8
BRDA:12,0,1,0
BRDA:13,1,0,8
BRDA:13,1,1,0
BRDA:14,2,0,8
BRDA:14,2,1,0
BRDA:17,3,0,8
BRDA:17,3,1,0
BRDA:18,4,0,8
BRDA:18,4,1,0
BRDA:22,5,0,8
BRDA:22,5,1,0
BRDA:23,6,0,8
BRDA:23,6,1,0
BRDA:24,7,0,8
BRDA:24,7,1,0
BRDA:25,8,0,8
BRDA:25,8,1,0
BRDA:30,9,0,8
BRDA:30,9,1,0
BRDA:31,10,0,8
BRDA:31,10,1,8
BRDA:32,11,0,8
BRDA:32,11,1,8
BRDA:33,12,0,8
BRDA:33,12,1,8
BRDA:34,13,0,8
BRDA:34,13,1,8
BRDA:35,14,0,8
BRDA:35,14,1,8
BRDA:40,15,0,8
BRDA:40,15,1,0
BRDA:41,16,0,8
BRDA:41,16,1,0
BRDA:42,17,0,8
BRDA:42,17,1,0
BRDA:43,18,0,8
BRDA:43,18,1,0
BRDA:44,19,0,8
BRDA:44,19,1,8
BRDA:49,20,0,8
BRDA:49,20,1,0
BRDA:50,21,0,8
BRDA:50,21,1,0
BRDA:51,22,0,8
BRDA:51,22,1,8
BRDA:52,23,0,8
BRDA:52,23,1,8
BRDA:57,24,0,8
BRDA:57,24,1,0
BRDA:58,25,0,8
BRDA:58,25,1,0
BRDA:59,26,0,8
BRDA:59,26,1,8
BRDA:60,27,0,8
BRDA:60,27,1,8
BRDA:65,28,0,8
BRDA:65,28,1,8
BRDA:66,29,0,8
BRDA:66,29,1,8
BRDA:67,30,0,8
BRDA:67,30,1,8
BRDA:72,31,0,8
BRDA:72,31,1,8
BRDA:73,32,0,8
BRDA:73,32,1,8
BRDA:74,33,0,8
BRDA:74,33,1,8
BRDA:75,34,0,8
BRDA:75,34,1,8
BRDA:76,35,0,8
BRDA:76,35,1,8
BRDA:81,36,0,8
BRDA:81,36,1,8
BRDA:82,37,0,8
BRDA:82,37,1,8
BRDA:83,38,0,8
BRDA:83,38,1,8
BRDA:84,39,0,8
BRDA:84,39,1,8
BRDA:89,40,0,8
BRDA:89,40,1,8
BRDA:90,41,0,8
BRDA:90,41,1,8
BRDA:95,42,0,8
BRDA:95,42,1,8
BRDA:101,43,0,8
BRDA:101,43,1,8
BRDA:102,44,0,8
BRDA:102,44,1,8
BRDA:107,45,0,8
BRDA:107,45,1,8
BRDA:108,46,0,8
BRDA:108,46,1,8
BRDA:115,47,0,8
BRDA:115,47,1,8
BRDA:116,48,0,8
BRDA:116,48,1,8
BRDA:117,49,0,8
BRDA:117,49,1,8
BRDA:122,50,0,8
BRDA:122,50,1,8
BRDA:123,51,0,8
BRDA:123,51,1,8
BRDA:124,52,0,8
BRDA:124,52,1,8
BRDA:129,53,0,8
BRDA:129,53,1,8
BRDA:130,54,0,8
BRDA:130,54,1,8
BRDA:131,55,0,8
BRDA:131,55,1,8
BRDA:142,56,0,0
BRDA:144,57,0,0
BRF:114
BRH:94
end_of_record
TN:
SF:src/config/database.ts
FN:29,(anonymous_1)
FN:44,(anonymous_2)
FN:48,(anonymous_3)
FN:52,(anonymous_4)
FN:65,(anonymous_5)
FN:78,(anonymous_6)
FN:98,(anonymous_7)
FNF:7
FNH:0
FNDA:0,(anonymous_1)
FNDA:0,(anonymous_2)
FNDA:0,(anonymous_3)
FNDA:0,(anonymous_4)
FNDA:0,(anonymous_5)
FNDA:0,(anonymous_6)
FNDA:0,(anonymous_7)
DA:1,0
DA:2,0
DA:3,0
DA:8,0
DA:29,0
DA:30,0
DA:32,0
DA:35,0
DA:37,0
DA:44,0
DA:45,0
DA:48,0
DA:49,0
DA:52,0
DA:53,0
DA:57,0
DA:58,0
DA:65,0
DA:66,0
DA:67,0
DA:68,0
DA:70,0
DA:71,0
DA:78,0
DA:79,0
DA:86,0
DA:98,0
DA:102,0
DA:104,0
DA:106,0
DA:108,0
DA:116,0
DA:127,0
LF:33
LH:0
BRF:0
BRH:0
end_of_record
TN:
SF:src/config/redis.ts
FN:11,(anonymous_0)
FN:22,(anonymous_1)
FN:26,(anonymous_2)
FN:30,(anonymous_3)
FN:44,(anonymous_4)
FN:54,(anonymous_5)
FN:69,(anonymous_6)
FN:72,(anonymous_7)
FN:82,(anonymous_8)
FN:95,(anonymous_9)
FN:111,(anonymous_10)
FN:119,(anonymous_11)
FN:128,(anonymous_12)
FN:136,(anonymous_13)
FN:144,(anonymous_14)
FN:152,(anonymous_15)
FN:160,(anonymous_16)
FN:168,(anonymous_17)
FN:176,(anonymous_18)
FN:184,(anonymous_19)
FN:192,(anonymous_20)
FN:200,(anonymous_21)
FNF:22
FNH:1
FNDA:0,(anonymous_0)
FNDA:0,(anonymous_1)
FNDA:0,(anonymous_2)
FNDA:0,(anonymous_3)
FNDA:0,(anonymous_4)
FNDA:0,(anonymous_5)
FNDA:2,(anonymous_6)
FNDA:0,(anonymous_7)
FNDA:0,(anonymous_8)
FNDA:0,(anonymous_9)
FNDA:0,(anonymous_10)
FNDA:0,(anonymous_11)
FNDA:0,(anonymous_12)
FNDA:0,(anonymous_13)
FNDA:0,(anonymous_14)
FNDA:0,(anonymous_15)
FNDA:0,(anonymous_16)
FNDA:0,(anonymous_17)
FNDA:0,(anonymous_18)
FNDA:0,(anonymous_19)
FNDA:0,(anonymous_20)
FNDA:0,(anonymous_21)
DA:1,2
DA:2,2
DA:3,2
DA:11,2
DA:12,0
DA:13,0
DA:22,0
DA:23,0
DA:26,0
DA:27,0
DA:30,0
DA:31,0
DA:34,0
DA:36,0
DA:37,0
DA:44,2
DA:45,0
DA:46,0
DA:48,0
DA:54,2
DA:55,0
DA:56,0
DA:57,0
DA:58,0
DA:61,0
DA:62,0
DA:69,2
DA:70,2
DA:73,0
DA:74,0
DA:76,0
DA:83,0
DA:84,0
DA:85,0
DA:86,0
DA:88,0
DA:96,0
DA:97,0
DA:98,0
DA:100,0
DA:101,0
DA:103,0
DA:104,0
DA:112,0
DA:113,0
DA:120,0
DA:121,0
DA:122,0
DA:129,0
DA:130,0
DA:137,0
DA:138,0
DA:145,0
DA:146,0
DA:153,0
DA:154,0
DA:161,0
DA:162,0
DA:169,0
DA:170,0
DA:177,0
DA:178,0
DA:185,0
DA:186,0
DA:193,0
DA:194,0
DA:201,0
DA:202,0
DA:207,2
LF:69
LH:9
BRDA:45,0,0,0
BRDA:56,1,0,0
BRDA:73,2,0,0
BRDA:85,3,0,0
BRDA:85,3,1,0
BRDA:98,4,0,0
BRF:6
BRH:0
end_of_record
TN:
SF:src/controllers/AuthController.ts
FN:17,(anonymous_0)
FN:105,(anonymous_1)
FN:187,(anonymous_2)
FN:242,(anonymous_3)
FN:274,(anonymous_4)
FN:316,(anonymous_5)
FN:341,(anonymous_6)
FN:387,(anonymous_7)
FN:428,(anonymous_8)
FNF:9
FNH:8
FNDA:3,(anonymous_0)
FNDA:1,(anonymous_1)
FNDA:2,(anonymous_2)
FNDA:1,(anonymous_3)
FNDA:2,(anonymous_4)
FNDA:1,(anonymous_5)
FNDA:1,(anonymous_6)
FNDA:1,(anonymous_7)
FNDA:0,(anonymous_8)
DA:2,1
DA:3,1
DA:4,1
DA:5,1
DA:6,1
DA:7,1
DA:13,1
DA:17,1
DA:18,3
DA:21,3
DA:22,3
DA:24,3
DA:25,1
DA:29,2
DA:30,2
DA:31,0
DA:35,2
DA:42,2
DA:44,1
DA:47,2
DA:48,2
DA:51,1
DA:54,1
DA:61,1
DA:64,1
DA:67,1
DA:76,1
DA:99,1
DA:105,1
DA:106,1
DA:109,1
DA:110,1
DA:111,1
DA:115,0
DA:116,0
DA:118,0
DA:125,0
DA:129,0
DA:130,0
DA:134,0
DA:137,0
DA:145,0
DA:148,0
DA:151,0
DA:157,0
DA:181,0
DA:187,1
DA:188,2
DA:190,2
DA:191,0
DA:195,2
DA:196,0
DA:199,0
DA:200,0
DA:201,0
DA:205,0
DA:206,0
DA:207,0
DA:211,0
DA:219,0
DA:222,0
DA:225,0
DA:236,0
DA:242,1
DA:243,1
DA:244,1
DA:246,1
DA:248,0
DA:251,0
DA:252,0
DA:256,0
DA:262,1
DA:268,1
DA:274,1
DA:275,2
DA:278,2
DA:279,1
DA:280,1
DA:281,1
DA:283,1
DA:284,1
DA:285,1
DA:286,0
DA:291,1
DA:294,1
DA:295,1
DA:301,1
DA:303,1
DA:310,1
DA:316,1
DA:317,1
DA:319,1
DA:320,1
DA:322,1
DA:323,1
DA:327,0
DA:329,0
DA:335,0
DA:341,1
DA:342,1
DA:345,1
DA:346,1
DA:348,1
DA:349,1
DA:353,0
DA:354,0
DA:355,0
DA:359,0
DA:360,0
DA:363,0
DA:366,0
DA:369,0
DA:375,0
DA:381,0
DA:387,1
DA:388,1
DA:390,1
DA:391,1
DA:394,0
DA:395,0
DA:396,0
DA:399,0
DA:422,0
DA:428,1
DA:429,0
DA:430,0
DA:432,0
DA:433,0
DA:436,0
DA:437,0
DA:438,0
DA:442,0
DA:443,0
DA:444,0
DA:446,0
DA:448,0
DA:461,0
LF:137
LH:74
BRDA:24,0,0,1
BRDA:24,1,0,3
BRDA:24,1,1,3
BRDA:30,2,0,0
BRDA:42,3,0,1
BRDA:110,4,0,1
BRDA:116,5,0,0
BRDA:129,6,0,0
BRDA:142,7,0,0
BRDA:142,7,1,0
BRDA:190,8,0,0
BRDA:200,9,0,0
BRDA:200,10,0,0
BRDA:200,10,1,0
BRDA:206,11,0,0
BRDA:206,12,0,0
BRDA:206,12,1,0
BRDA:216,13,0,0
BRDA:216,13,1,0
BRDA:246,14,0,0
BRDA:251,15,0,0
BRDA:278,16,0,1
BRDA:278,16,1,1
BRDA:278,17,0,2
BRDA:278,17,1,1
BRDA:280,18,0,1
BRDA:283,19,0,1
BRDA:285,20,0,0
BRDA:306,21,0,1
BRDA:306,21,1,0
BRDA:322,22,0,1
BRDA:322,23,0,1
BRDA:322,23,1,1
BRDA:348,24,0,1
BRDA:348,25,0,1
BRDA:348,25,1,1
BRDA:354,26,0,0
BRDA:390,27,0,1
BRDA:395,28,0,0
BRDA:432,29,0,0
BRDA:437,30,0,0
BRDA:442,31,0,0
BRDA:443,32,0,0
BRDA:444,33,0,0
BRF:44
BRH:19
end_of_record
TN:
SF:src/controllers/BookingController.ts
FN:20,(anonymous_1)
FN:76,(anonymous_2)
FN:140,(anonymous_3)
FN:184,(anonymous_4)
FN:219,(anonymous_5)
FN:271,(anonymous_6)
FN:332,(anonymous_7)
FN:380,(anonymous_8)
FN:395,(anonymous_9)
FN:456,(anonymous_10)
FNF:10
FNH:0
FNDA:0,(anonymous_1)
FNDA:0,(anonymous_2)
FNDA:0,(anonymous_3)
FNDA:0,(anonymous_4)
FNDA:0,(anonymous_5)
FNDA:0,(anonymous_6)
FNDA:0,(anonymous_7)
FNDA:0,(anonymous_8)
FNDA:0,(anonymous_9)
FNDA:0,(anonymous_10)
DA:2,0
DA:3,0
DA:4,0
DA:5,0
DA:6,0
DA:7,0
DA:8,0
DA:9,0
DA:10,0
DA:16,0
DA:20,0
DA:21,0
DA:22,0
DA:24,0
DA:25,0
DA:29,0
DA:30,0
DA:31,0
DA:34,0
DA:35,0
DA:39,0
DA:40,0
DA:41,0
DA:44,0
DA:45,0
DA:49,0
DA:50,0
DA:54,0
DA:55,0
DA:56,0
DA:60,0
DA:61,0
DA:62,0
DA:65,0
DA:68,0
DA:69,0
DA:70,0
DA:73,0
DA:75,0
DA:76,0
DA:78,0
DA:102,0
DA:105,0
DA:112,0
DA:123,0
DA:133,0
DA:140,0
DA:141,0
DA:142,0
DA:143,0
DA:145,0
DA:146,0
DA:149,0
DA:150,0
DA:151,0
DA:155,0
DA:156,0
DA:159,0
DA:160,0
DA:164,0
DA:165,0
DA:166,0
DA:167,0
DA:170,0
DA:171,0
DA:172,0
DA:174,0
DA:175,0
DA:181,0
DA:183,0
DA:184,0
DA:186,0
DA:189,0
DA:190,0
DA:198,0
DA:206,0
DA:209,0
DA:219,0
DA:220,0
DA:221,0
DA:223,0
DA:224,0
DA:228,0
DA:229,0
DA:232,0
DA:233,0
DA:234,0
DA:238,0
DA:239,0
DA:242,0
DA:243,0
DA:247,0
DA:248,0
DA:249,0
DA:253,0
DA:254,0
DA:255,0
DA:257,0
DA:258,0
DA:260,0
DA:261,0
DA:264,0
DA:265,0
DA:268,0
DA:270,0
DA:271,0
DA:273,0
DA:274,0
DA:275,0
DA:278,0
DA:279,0
DA:287,0
DA:288,0
DA:290,0
DA:291,0
DA:293,0
DA:294,0
DA:305,0
DA:313,0
DA:316,0
DA:332,0
DA:333,0
DA:334,0
DA:336,0
DA:337,0
DA:340,0
DA:345,0
DA:346,0
DA:349,0
DA:351,0
DA:361,0
DA:363,0
DA:380,0
DA:381,0
DA:382,0
DA:384,0
DA:385,0
DA:389,0
DA:390,0
DA:394,0
DA:395,0
DA:397,0
DA:398,0
DA:404,0
DA:409,0
DA:410,0
DA:413,0
DA:414,0
DA:415,0
DA:416,0
DA:418,0
DA:424,0
DA:426,0
DA:437,0
DA:439,0
DA:456,0
DA:457,0
DA:458,0
DA:460,0
DA:461,0
DA:464,0
DA:469,0
DA:470,0
DA:474,0
DA:475,0
DA:477,0
DA:479,0
DA:480,0
DA:483,0
LF:169
LH:0
BRDA:24,0,0,0
BRDA:30,1,0,0
BRDA:34,2,0,0
BRDA:40,3,0,0
BRDA:44,4,0,0
BRDA:49,5,0,0
BRDA:55,6,0,0
BRDA:61,7,0,0
BRDA:65,8,0,0
BRDA:65,8,1,0
BRDA:65,8,2,0
BRDA:70,9,0,0
BRDA:70,9,1,0
BRDA:70,10,0,0
BRDA:70,10,1,0
BRDA:125,11,0,0
BRDA:125,11,1,0
BRDA:128,12,0,0
BRDA:128,12,1,0
BRDA:145,13,0,0
BRDA:150,14,0,0
BRDA:155,15,0,0
BRDA:155,16,0,0
BRDA:155,16,1,0
BRDA:159,17,0,0
BRDA:171,18,0,0
BRDA:171,18,1,0
BRDA:171,18,2,0
BRDA:172,19,0,0
BRDA:172,19,1,0
BRDA:174,20,0,0
BRDA:189,21,0,0
BRDA:223,22,0,0
BRDA:228,23,0,0
BRDA:228,24,0,0
BRDA:228,24,1,0
BRDA:233,25,0,0
BRDA:238,26,0,0
BRDA:238,27,0,0
BRDA:238,27,1,0
BRDA:242,28,0,0
BRDA:248,29,0,0
BRDA:260,30,0,0
BRDA:264,31,0,0
BRDA:278,32,0,0
BRDA:288,33,0,0
BRDA:290,34,0,0
BRDA:290,34,1,0
BRDA:293,35,0,0
BRDA:334,36,0,0
BRDA:334,37,0,0
BRDA:336,38,0,0
BRDA:345,39,0,0
BRDA:382,40,0,0
BRDA:382,41,0,0
BRDA:384,42,0,0
BRDA:389,43,0,0
BRDA:389,44,0,0
BRDA:389,44,1,0
BRDA:397,45,0,0
BRDA:409,46,0,0
BRDA:413,47,0,0
BRDA:460,48,0,0
BRDA:469,49,0,0
BRDA:475,50,0,0
BRDA:475,50,1,0
BRDA:479,51,0,0
BRDA:479,52,0,0
BRDA:479,52,1,0
BRDA:479,52,2,0
BRF:70
BRH:0
end_of_record
TN:
SF:src/controllers/DishController.ts
FN:18,(anonymous_1)
FN:85,(anonymous_2)
FN:173,(anonymous_3)
FN:194,(anonymous_4)
FN:252,(anonymous_5)
FN:294,(anonymous_6)
FN:316,(anonymous_7)
FN:332,(anonymous_8)
FN:358,(anonymous_9)
FN:403,(anonymous_10)
FN:467,(anonymous_11)
FN:502,(anonymous_12)
FNF:12
FNH:0
FNDA:0,(anonymous_1)
FNDA:0,(anonymous_2)
FNDA:0,(anonymous_3)
FNDA:0,(anonymous_4)
FNDA:0,(anonymous_5)
FNDA:0,(anonymous_6)
FNDA:0,(anonymous_7)
FNDA:0,(anonymous_8)
FNDA:0,(anonymous_9)
FNDA:0,(anonymous_10)
FNDA:0,(anonymous_11)
FNDA:0,(anonymous_12)
DA:2,0
DA:3,0
DA:4,0
DA:5,0
DA:6,0
DA:7,0
DA:9,0
DA:14,0
DA:18,0
DA:19,0
DA:20,0
DA:22,0
DA:23,0
DA:27,0
DA:28,0
DA:32,0
DA:33,0
DA:34,0
DA:37,0
DA:38,0
DA:42,0
DA:48,0
DA:49,0
DA:53,0
DA:60,0
DA:63,0
DA:64,0
DA:67,0
DA:75,0
DA:85,0
DA:86,0
DA:87,0
DA:90,0
DA:91,0
DA:92,0
DA:96,0
DA:101,0
DA:102,0
DA:105,0
DA:106,0
DA:110,0
DA:111,0
DA:113,0
DA:114,0
DA:116,0
DA:117,0
DA:118,0
DA:121,0
DA:122,0
DA:123,0
DA:126,0
DA:129,0
DA:130,0
DA:132,0
DA:133,0
DA:139,0
DA:147,0
DA:149,0
DA:160,0
DA:161,0
DA:164,0
DA:173,0
DA:174,0
DA:176,0
DA:177,0
DA:178,0
DA:181,0
DA:182,0
DA:185,0
DA:194,0
DA:195,0
DA:196,0
DA:197,0
DA:199,0
DA:200,0
DA:203,0
DA:204,0
DA:205,0
DA:209,0
DA:210,0
DA:214,0
DA:215,0
DA:222,0
DA:223,0
DA:228,0
DA:229,0
DA:232,0
DA:233,0
DA:236,0
DA:242,0
DA:252,0
DA:253,0
DA:254,0
DA:256,0
DA:257,0
DA:260,0
DA:261,0
DA:262,0
DA:266,0
DA:267,0
DA:271,0
DA:272,0
DA:275,0
DA:276,0
DA:279,0
DA:285,0
DA:294,0
DA:295,0
DA:296,0
DA:298,0
DA:299,0
DA:302,0
DA:303,0
DA:307,0
DA:311,0
DA:312,0
DA:315,0
DA:316,0
DA:317,0
DA:320,0
DA:321,0
DA:326,0
DA:332,0
DA:333,0
DA:334,0
DA:338,0
DA:345,0
DA:358,0
DA:359,0
DA:360,0
DA:361,0
DA:363,0
DA:364,0
DA:367,0
DA:368,0
DA:369,0
DA:373,0
DA:374,0
DA:377,0
DA:378,0
DA:381,0
DA:389,0
DA:403,0
DA:404,0
DA:407,0
DA:408,0
DA:409,0
DA:413,0
DA:414,0
DA:416,0
DA:417,0
DA:424,0
DA:456,0
DA:458,0
DA:467,0
DA:468,0
DA:469,0
DA:472,0
DA:473,0
DA:474,0
DA:478,0
DA:479,0
DA:481,0
DA:482,0
DA:488,0
DA:491,0
DA:493,0
DA:502,0
DA:503,0
DA:505,0
DA:506,0
DA:510,0
DA:515,0
DA:516,0
DA:519,0
DA:520,0
DA:521,0
DA:522,0
DA:525,0
DA:527,0
DA:536,0
DA:538,0
LF:182
LH:0
BRDA:22,0,0,0
BRDA:27,1,0,0
BRDA:27,2,0,0
BRDA:27,2,1,0
BRDA:33,3,0,0
BRDA:37,4,0,0
BRDA:37,5,0,0
BRDA:37,5,1,0
BRDA:48,6,0,0
BRDA:87,7,0,0
BRDA:87,8,0,0
BRDA:87,9,0,0
BRDA:91,10,0,0
BRDA:101,11,0,0
BRDA:105,12,0,0
BRDA:111,13,0,0
BRDA:111,13,1,0
BRDA:111,13,2,0
BRDA:111,13,3,0
BRDA:129,14,0,0
BRDA:129,14,1,0
BRDA:132,15,0,0
BRDA:132,16,0,0
BRDA:132,16,1,0
BRDA:160,17,0,0
BRDA:177,18,0,0
BRDA:181,19,0,0
BRDA:199,20,0,0
BRDA:204,21,0,0
BRDA:209,22,0,0
BRDA:209,23,0,0
BRDA:209,23,1,0
BRDA:214,24,0,0
BRDA:214,25,0,0
BRDA:214,25,1,0
BRDA:222,26,0,0
BRDA:256,27,0,0
BRDA:261,28,0,0
BRDA:266,29,0,0
BRDA:266,30,0,0
BRDA:266,30,1,0
BRDA:298,31,0,0
BRDA:302,32,0,0
BRDA:302,33,0,0
BRDA:302,33,1,0
BRDA:311,34,0,0
BRDA:315,35,0,0
BRDA:320,36,0,0
BRDA:350,37,0,0
BRDA:350,37,1,0
BRDA:363,38,0,0
BRDA:368,39,0,0
BRDA:373,40,0,0
BRDA:373,41,0,0
BRDA:373,41,1,0
BRDA:408,42,0,0
BRDA:416,43,0,0
BRDA:469,44,0,0
BRDA:473,45,0,0
BRDA:481,46,0,0
BRDA:503,47,0,0
BRDA:503,48,0,0
BRDA:505,49,0,0
BRDA:515,50,0,0
BRDA:519,51,0,0
BRDA:519,52,0,0
BRDA:519,52,1,0
BRDA:521,53,0,0
BRDA:522,54,0,0
BRF:69
BRH:0
end_of_record
TN:
SF:src/controllers/MonitorController.ts
FN:31,(anonymous_0)
FN:40,(anonymous_1)
FN:42,(anonymous_2)
FN:87,(anonymous_3)
FN:122,(anonymous_4)
FN:157,(anonymous_5)
FN:165,(anonymous_6)
FN:178,(anonymous_7)
FN:180,(anonymous_8)
FN:184,(anonymous_9)
FN:191,(anonymous_10)
FN:210,(anonymous_11)
FN:239,(anonymous_12)
FN:244,(anonymous_13)
FN:254,(anonymous_14)
FN:255,(anonymous_15)
FN:259,(anonymous_16)
FN:261,(anonymous_17)
FN:262,(anonymous_18)
FN:285,(anonymous_19)
FN:293,(anonymous_20)
FN:318,(anonymous_21)
FNF:22
FNH:0
FNDA:0,(anonymous_0)
FNDA:0,(anonymous_1)
FNDA:0,(anonymous_2)
FNDA:0,(anonymous_3)
FNDA:0,(anonymous_4)
FNDA:0,(anonymous_5)
FNDA:0,(anonymous_6)
FNDA:0,(anonymous_7)
FNDA:0,(anonymous_8)
FNDA:0,(anonymous_9)
FNDA:0,(anonymous_10)
FNDA:0,(anonymous_11)
FNDA:0,(anonymous_12)
FNDA:0,(anonymous_13)
FNDA:0,(anonymous_14)
FNDA:0,(anonymous_15)
FNDA:0,(anonymous_16)
FNDA:0,(anonymous_17)
FNDA:0,(anonymous_18)
FNDA:0,(anonymous_19)
FNDA:0,(anonymous_20)
FNDA:0,(anonymous_21)
DA:2,0
DA:3,0
DA:27,0
DA:32,0
DA:33,0
DA:34,0
DA:35,0
DA:38,0
DA:39,0
DA:40,0
DA:42,0
DA:43,0
DA:45,0
DA:70,0
DA:76,0
DA:77,0
DA:88,0
DA:89,0
DA:92,0
DA:93,0
DA:95,0
DA:98,0
DA:99,0
DA:101,0
DA:111,0
DA:112,0
DA:123,0
DA:124,0
DA:127,0
DA:128,0
DA:130,0
DA:133,0
DA:134,0
DA:136,0
DA:146,0
DA:147,0
DA:158,0
DA:159,0
DA:160,0
DA:161,0
DA:164,0
DA:165,0
DA:168,0
DA:178,0
DA:180,0
DA:184,0
DA:191,0
DA:194,0
DA:199,0
DA:200,0
DA:211,0
DA:212,0
DA:217,0
DA:219,0
DA:220,0
DA:221,0
DA:223,0
DA:224,0
DA:225,0
DA:227,0
DA:228,0
DA:229,0
DA:231,0
DA:232,0
DA:235,0
DA:236,0
DA:238,0
DA:239,0
DA:242,0
DA:244,0
DA:245,0
DA:246,0
DA:247,0
DA:249,0
DA:253,0
DA:254,0
DA:255,0
DA:259,0
DA:261,0
DA:262,0
DA:265,0
DA:274,0
DA:275,0
DA:286,0
DA:287,0
DA:288,0
DA:293,0
DA:294,0
DA:296,0
DA:306,0
DA:307,0
DA:319,0
DA:320,0
DA:321,0
DA:330,0
DA:335,0
DA:336,0
LF:97
LH:0
BRDA:39,0,0,0
BRDA:39,0,1,0
BRDA:43,1,0,0
BRDA:43,1,1,0
BRDA:89,2,0,0
BRDA:92,3,0,0
BRDA:92,3,1,0
BRDA:124,4,0,0
BRDA:127,5,0,0
BRDA:127,5,1,0
BRDA:177,6,0,0
BRDA:177,6,1,0
BRDA:186,7,0,0
BRDA:186,7,1,0
BRDA:212,8,0,0
BRDA:217,9,0,0
BRDA:217,9,1,0
BRDA:217,9,2,0
BRDA:217,9,3,0
BRDA:246,10,0,0
BRDA:258,11,0,0
BRDA:258,11,1,0
BRDA:296,12,0,0
BRDA:296,12,1,0
BRDA:298,13,0,0
BRDA:298,13,1,0
BRDA:303,14,0,0
BRDA:303,14,1,0
BRDA:320,15,0,0
BRF:29
BRH:0
end_of_record
TN:
SF:src/controllers/NotificationController.ts
FN:15,(anonymous_0)
FN:37,(anonymous_1)
FN:56,(anonymous_2)
FN:86,(anonymous_3)
FN:102,(anonymous_4)
FN:125,(anonymous_5)
FNF:6
FNH:0
FNDA:0,(anonymous_0)
FNDA:0,(anonymous_1)
FNDA:0,(anonymous_2)
FNDA:0,(anonymous_3)
FNDA:0,(anonymous_4)
FNDA:0,(anonymous_5)
DA:2,0
DA:3,0
DA:4,0
DA:5,0
DA:11,0
DA:15,0
DA:16,0
DA:17,0
DA:19,0
DA:20,0
DA:23,0
DA:25,0
DA:37,0
DA:38,0
DA:39,0
DA:41,0
DA:42,0
DA:45,0
DA:47,0
DA:56,0
DA:57,0
DA:59,0
DA:60,0
DA:63,0
DA:71,0
DA:77,0
DA:86,0
DA:87,0
DA:88,0
DA:91,0
DA:93,0
DA:102,0
DA:103,0
DA:106,0
DA:107,0
DA:110,0
DA:112,0
DA:125,0
DA:126,0
DA:127,0
DA:130,0
DA:131,0
DA:134,0
DA:136,0
DA:144,0
DA:146,0
DA:147,0
DA:148,0
DA:150,0
DA:159,0
LF:50
LH:0
BRDA:17,0,0,0
BRDA:19,1,0,0
BRDA:41,2,0,0
BRDA:59,3,0,0
BRDA:74,4,0,0
BRDA:74,4,1,0
BRDA:87,5,0,0
BRDA:106,6,0,0
BRDA:106,7,0,0
BRDA:106,7,1,0
BRDA:126,8,0,0
BRDA:130,9,0,0
BRDA:137,10,0,0
BRDA:137,10,1,0
BRDA:138,11,0,0
BRDA:138,11,1,0
BRDA:139,12,0,0
BRDA:139,12,1,0
BRDA:144,13,0,0
BRDA:144,13,1,0
BRF:20
BRH:0
end_of_record
TN:
SF:src/controllers/OrderController.ts
FN:20,(anonymous_1)
FN:146,(anonymous_2)
FN:172,(anonymous_3)
FN:238,(anonymous_4)
FN:281,(anonymous_5)
FN:389,(anonymous_6)
FN:440,(anonymous_7)
FN:454,(anonymous_8)
FNF:8
FNH:0
FNDA:0,(anonymous_1)
FNDA:0,(anonymous_2)
FNDA:0,(anonymous_3)
FNDA:0,(anonymous_4)
FNDA:0,(anonymous_5)
FNDA:0,(anonymous_6)
FNDA:0,(anonymous_7)
FNDA:0,(anonymous_8)
DA:2,1
DA:3,1
DA:4,1
DA:5,1
DA:6,1
DA:7,1
DA:8,1
DA:9,1
DA:16,1
DA:20,1
DA:21,0
DA:22,0
DA:24,0
DA:25,0
DA:29,0
DA:30,0
DA:31,0
DA:34,0
DA:35,0
DA:39,0
DA:40,0
DA:41,0
DA:42,0
DA:43,0
DA:46,0
DA:47,0
DA:51,0
DA:52,0
DA:53,0
DA:54,0
DA:59,0
DA:60,0
DA:65,0
DA:66,0
DA:67,0
DA:71,0
DA:72,0
DA:75,0
DA:76,0
DA:77,0
DA:81,0
DA:82,0
DA:86,0
DA:87,0
DA:88,0
DA:89,0
DA:93,0
DA:112,0
DA:114,0
DA:117,0
DA:125,0
DA:140,0
DA:146,1
DA:147,0
DA:158,0
DA:160,0
DA:161,0
DA:164,0
DA:167,0
DA:168,0
DA:169,0
DA:171,0
DA:172,0
DA:173,0
DA:178,0
DA:179,0
DA:183,0
DA:184,0
DA:188,0
DA:189,0
DA:190,0
DA:191,0
DA:195,0
DA:196,0
DA:200,0
DA:201,0
DA:203,0
DA:205,0
DA:217,0
DA:232,0
DA:238,1
DA:239,0
DA:240,0
DA:242,0
DA:243,0
DA:246,0
DA:252,0
DA:253,0
DA:258,0
DA:264,0
DA:265,0
DA:268,0
DA:275,0
DA:281,1
DA:282,0
DA:283,0
DA:284,0
DA:286,0
DA:287,0
DA:290,0
DA:291,0
DA:292,0
DA:296,0
DA:297,0
DA:298,0
DA:299,0
DA:300,0
DA:301,0
DA:302,0
DA:304,0
DA:307,0
DA:308,0
DA:312,0
DA:322,0
DA:323,0
DA:330,0
DA:331,0
DA:333,0
DA:334,0
DA:335,0
DA:336,0
DA:339,0
DA:340,0
DA:341,0
DA:342,0
DA:346,0
DA:347,0
DA:348,0
DA:349,0
DA:352,0
DA:353,0
DA:354,0
DA:355,0
DA:359,0
DA:362,0
DA:370,0
DA:383,0
DA:389,1
DA:390,0
DA:391,0
DA:392,0
DA:394,0
DA:395,0
DA:398,0
DA:399,0
DA:400,0
DA:404,0
DA:405,0
DA:409,0
DA:410,0
DA:413,0
DA:416,0
DA:422,0
DA:434,0
DA:440,1
DA:441,0
DA:442,0
DA:444,0
DA:445,0
DA:448,0
DA:451,0
DA:453,0
DA:454,0
DA:455,0
DA:456,0
DA:457,0
DA:458,0
DA:459,0
DA:463,0
DA:464,0
DA:465,0
DA:466,0
DA:469,0
DA:490,0
DA:500,0
DA:501,0
DA:502,0
DA:504,0
DA:505,0
DA:508,0
DA:515,0
LF:181
LH:15
BRDA:24,0,0,0
BRDA:30,1,0,0
BRDA:34,2,0,0
BRDA:40,3,0,0
BRDA:42,4,0,0
BRDA:46,5,0,0
BRDA:51,6,0,0
BRDA:51,7,0,0
BRDA:51,7,1,0
BRDA:53,8,0,0
BRDA:59,9,0,0
BRDA:59,10,0,0
BRDA:59,10,1,0
BRDA:66,11,0,0
BRDA:75,12,0,0
BRDA:75,12,1,0
BRDA:81,13,0,0
BRDA:81,14,0,0
BRDA:81,14,1,0
BRDA:81,14,2,0
BRDA:87,15,0,0
BRDA:101,16,0,0
BRDA:101,16,1,0
BRDA:149,17,0,0
BRDA:150,18,0,0
BRDA:156,19,0,0
BRDA:157,20,0,0
BRDA:160,21,0,0
BRDA:167,22,0,0
BRDA:167,22,1,0
BRDA:169,23,0,0
BRDA:178,24,0,0
BRDA:183,25,0,0
BRDA:188,26,0,0
BRDA:188,27,0,0
BRDA:188,27,1,0
BRDA:190,28,0,0
BRDA:191,29,0,0
BRDA:195,30,0,0
BRDA:201,31,0,0
BRDA:201,31,1,0
BRDA:242,32,0,0
BRDA:252,33,0,0
BRDA:258,34,0,0
BRDA:258,34,1,0
BRDA:258,34,2,0
BRDA:258,34,3,0
BRDA:258,34,4,0
BRDA:264,35,0,0
BRDA:286,36,0,0
BRDA:291,37,0,0
BRDA:297,38,0,0
BRDA:297,38,1,0
BRDA:299,39,0,0
BRDA:299,39,1,0
BRDA:302,40,0,0
BRDA:302,41,0,0
BRDA:302,41,1,0
BRDA:307,42,0,0
BRDA:322,43,0,0
BRDA:333,44,0,0
BRDA:333,44,1,0
BRDA:335,45,0,0
BRDA:335,45,1,0
BRDA:339,46,0,0
BRDA:341,47,0,0
BRDA:346,48,0,0
BRDA:348,49,0,0
BRDA:352,50,0,0
BRDA:354,51,0,0
BRDA:355,52,0,0
BRDA:355,52,1,0
BRDA:394,53,0,0
BRDA:399,54,0,0
BRDA:404,55,0,0
BRDA:404,56,0,0
BRDA:404,56,1,0
BRDA:409,57,0,0
BRDA:444,58,0,0
BRDA:451,59,0,0
BRDA:451,59,1,0
BRDA:456,60,0,0
BRDA:456,60,1,0
BRDA:456,61,0,0
BRDA:456,61,1,0
BRDA:458,62,0,0
BRDA:463,63,0,0
BRDA:463,64,0,0
BRDA:463,64,1,0
BRDA:465,65,0,0
BRDA:466,66,0,0
BRDA:490,67,0,0
BRDA:490,67,1,0
BRDA:500,68,0,0
BRDA:500,68,1,0
BRF:95
BRH:0
end_of_record
TN:
SF:src/controllers/PaymentController.ts
FN:152,(anonymous_1)
FN:191,(anonymous_2)
FN:216,(anonymous_3)
FN:578,(anonymous_4)
FN:597,(anonymous_5)
FN:20,(anonymous_6)
FN:75,(anonymous_7)
FN:238,(anonymous_8)
FN:267,(anonymous_9)
FN:344,(anonymous_10)
FN:379,(anonymous_11)
FN:413,(anonymous_12)
FN:466,(anonymous_13)
FN:521,(anonymous_14)
FN:616,(anonymous_15)
FNF:15
FNH:0
FNDA:0,(anonymous_1)
FNDA:0,(anonymous_2)
FNDA:0,(anonymous_3)
FNDA:0,(anonymous_4)
FNDA:0,(anonymous_5)
FNDA:0,(anonymous_6)
FNDA:0,(anonymous_7)
FNDA:0,(anonymous_8)
FNDA:0,(anonymous_9)
FNDA:0,(anonymous_10)
FNDA:0,(anonymous_11)
FNDA:0,(anonymous_12)
FNDA:0,(anonymous_13)
FNDA:0,(anonymous_14)
FNDA:0,(anonymous_15)
DA:2,0
DA:3,0
DA:4,0
DA:5,0
DA:6,0
DA:7,0
DA:8,0
DA:9,0
DA:11,0
DA:16,0
DA:20,0
DA:21,0
DA:22,0
DA:24,0
DA:25,0
DA:29,0
DA:30,0
DA:31,0
DA:34,0
DA:35,0
DA:38,0
DA:39,0
DA:42,0
DA:43,0
DA:47,0
DA:48,0
DA:49,0
DA:53,0
DA:54,0
DA:57,0
DA:58,0
DA:59,0
DA:60,0
DA:64,0
DA:65,0
DA:66,0
DA:68,0
DA:69,0
DA:72,0
DA:74,0
DA:75,0
DA:77,0
DA:78,0
DA:89,0
DA:91,0
DA:92,0
DA:94,0
DA:95,0
DA:97,0
DA:98,0
DA:100,0
DA:104,0
DA:111,0
DA:112,0
DA:113,0
DA:116,0
DA:117,0
DA:119,0
DA:122,0
DA:132,0
DA:145,0
DA:155,0
DA:158,0
DA:167,0
DA:168,0
DA:171,0
DA:181,0
DA:194,0
DA:197,0
DA:207,0
DA:217,0
DA:218,0
DA:222,0
DA:223,0
DA:224,0
DA:227,0
DA:229,0
DA:238,0
DA:239,0
DA:242,0
DA:243,0
DA:244,0
DA:247,0
DA:250,0
DA:251,0
DA:254,0
DA:255,0
DA:256,0
DA:259,0
DA:261,0
DA:264,0
DA:266,0
DA:267,0
DA:268,0
DA:270,0
DA:271,0
DA:272,0
DA:274,0
DA:277,0
DA:278,0
DA:279,0
DA:280,0
DA:282,0
DA:283,0
DA:294,0
DA:297,0
DA:305,0
DA:306,0
DA:309,0
DA:314,0
DA:315,0
DA:324,0
DA:332,0
DA:335,0
DA:344,0
DA:345,0
DA:346,0
DA:348,0
DA:349,0
DA:352,0
DA:353,0
DA:354,0
DA:357,0
DA:358,0
DA:361,0
DA:370,0
DA:379,0
DA:380,0
DA:381,0
DA:382,0
DA:384,0
DA:385,0
DA:388,0
DA:389,0
DA:390,0
DA:393,0
DA:394,0
DA:397,0
DA:398,0
DA:401,0
DA:402,0
DA:405,0
DA:406,0
DA:407,0
DA:410,0
DA:412,0
DA:413,0
DA:415,0
DA:417,0
DA:418,0
DA:419,0
DA:423,0
DA:426,0
DA:435,0
DA:436,0
DA:438,0
DA:441,0
DA:449,0
DA:452,0
DA:466,0
DA:467,0
DA:469,0
DA:470,0
DA:473,0
DA:474,0
DA:475,0
DA:478,0
DA:480,0
DA:505,0
DA:521,0
DA:522,0
DA:523,0
DA:525,0
DA:526,0
DA:529,0
DA:530,0
DA:534,0
DA:545,0
DA:547,0
DA:548,0
DA:550,0
DA:551,0
DA:553,0
DA:557,0
DA:564,0
DA:579,0
DA:582,0
DA:588,0
DA:598,0
DA:601,0
DA:607,0
DA:616,0
DA:617,0
DA:619,0
DA:620,0
DA:621,0
DA:624,0
DA:626,0
DA:627,0
DA:630,0
DA:631,0
DA:632,0
DA:633,0
DA:636,0
DA:638,0
DA:647,0
LF:206
LH:0
BRDA:217,0,0,0
BRDA:223,1,0,0
BRDA:22,2,0,0
BRDA:24,3,0,0
BRDA:30,4,0,0
BRDA:34,5,0,0
BRDA:38,6,0,0
BRDA:42,7,0,0
BRDA:48,8,0,0
BRDA:57,9,0,0
BRDA:59,10,0,0
BRDA:77,11,0,0
BRDA:89,12,0,0
BRDA:89,12,1,0
BRDA:89,12,2,0
BRDA:89,12,3,0
BRDA:107,13,0,0
BRDA:107,13,1,0
BRDA:111,14,0,0
BRDA:116,15,0,0
BRDA:116,15,1,0
BRDA:134,16,0,0
BRDA:134,16,1,0
BRDA:139,17,0,0
BRDA:139,17,1,0
BRDA:243,18,0,0
BRDA:250,19,0,0
BRDA:255,20,0,0
BRDA:259,21,0,0
BRDA:268,22,0,0
BRDA:268,22,1,0
BRDA:278,23,0,0
BRDA:279,24,0,0
BRDA:279,24,1,0
BRDA:282,25,0,0
BRDA:337,26,0,0
BRDA:337,26,1,0
BRDA:348,27,0,0
BRDA:353,28,0,0
BRDA:357,29,0,0
BRDA:384,30,0,0
BRDA:389,31,0,0
BRDA:393,32,0,0
BRDA:397,33,0,0
BRDA:401,34,0,0
BRDA:405,35,0,0
BRDA:405,35,1,0
BRDA:406,36,0,0
BRDA:415,37,0,0
BRDA:415,37,1,0
BRDA:418,38,0,0
BRDA:436,39,0,0
BRDA:436,39,1,0
BRDA:469,40,0,0
BRDA:474,41,0,0
BRDA:525,42,0,0
BRDA:529,43,0,0
BRDA:529,44,0,0
BRDA:529,44,1,0
BRDA:545,45,0,0
BRDA:545,45,1,0
BRDA:545,45,2,0
BRDA:620,46,0,0
BRDA:626,47,0,0
BRDA:630,48,0,0
BRDA:632,49,0,0
BRDA:649,50,0,0
BRDA:649,50,1,0
BRF:68
BRH:0
end_of_record
TN:
SF:src/controllers/PointController.ts
FN:19,(anonymous_1)
FN:51,(anonymous_2)
FN:102,(anonymous_3)
FN:205,(anonymous_4)
FN:206,(anonymous_5)
FN:224,(anonymous_6)
FN:289,(anonymous_7)
FN:330,(anonymous_8)
FN:386,(anonymous_9)
FN:470,(anonymous_10)
FN:539,(anonymous_11)
FN:557,(anonymous_12)
FN:633,(anonymous_13)
FNF:13
FNH:0
FNDA:0,(anonymous_1)
FNDA:0,(anonymous_2)
FNDA:0,(anonymous_3)
FNDA:0,(anonymous_4)
FNDA:0,(anonymous_5)
FNDA:0,(anonymous_6)
FNDA:0,(anonymous_7)
FNDA:0,(anonymous_8)
FNDA:0,(anonymous_9)
FNDA:0,(anonymous_10)
FNDA:0,(anonymous_11)
FNDA:0,(anonymous_12)
FNDA:0,(anonymous_13)
DA:2,0
DA:3,0
DA:4,0
DA:5,0
DA:6,0
DA:7,0
DA:8,0
DA:10,0
DA:15,0
DA:19,0
DA:20,0
DA:22,0
DA:23,0
DA:27,0
DA:28,0
DA:30,0
DA:31,0
DA:37,0
DA:40,0
DA:42,0
DA:51,0
DA:52,0
DA:53,0
DA:55,0
DA:56,0
DA:60,0
DA:62,0
DA:63,0
DA:66,0
DA:67,0
DA:68,0
DA:69,0
DA:72,0
DA:74,0
DA:83,0
DA:85,0
DA:102,0
DA:103,0
DA:104,0
DA:106,0
DA:107,0
DA:111,0
DA:113,0
DA:115,0
DA:116,0
DA:117,0
DA:119,0
DA:120,0
DA:121,0
DA:123,0
DA:124,0
DA:125,0
DA:127,0
DA:128,0
DA:132,0
DA:133,0
DA:135,0
DA:136,0
DA:143,0
DA:201,0
DA:205,0
DA:206,0
DA:213,0
DA:215,0
DA:224,0
DA:225,0
DA:226,0
DA:228,0
DA:229,0
DA:232,0
DA:233,0
DA:237,0
DA:238,0
DA:239,0
DA:243,0
DA:244,0
DA:245,0
DA:246,0
DA:249,0
DA:250,0
DA:255,0
DA:263,0
DA:264,0
DA:267,0
DA:275,0
DA:289,0
DA:290,0
DA:291,0
DA:293,0
DA:294,0
DA:298,0
DA:306,0
DA:307,0
DA:308,0
DA:311,0
DA:314,0
DA:315,0
DA:316,0
DA:320,0
DA:321,0
DA:323,0
DA:324,0
DA:327,0
DA:329,0
DA:330,0
DA:332,0
DA:340,0
DA:343,0
DA:354,0
DA:363,0
DA:364,0
DA:366,0
DA:379,0
DA:386,0
DA:388,0
DA:461,0
DA:470,0
DA:471,0
DA:474,0
DA:533,0
DA:534,0
DA:535,0
DA:539,0
DA:545,0
DA:557,0
DA:558,0
DA:559,0
DA:561,0
DA:562,0
DA:566,0
DA:567,0
DA:571,0
DA:572,0
DA:573,0
DA:576,0
DA:577,0
DA:581,0
DA:583,0
DA:592,0
DA:593,0
DA:594,0
DA:597,0
DA:606,0
DA:607,0
DA:610,0
DA:618,0
DA:633,0
DA:635,0
DA:636,0
DA:639,0
DA:641,0
DA:646,0
LF:152
LH:0
BRDA:22,0,0,0
BRDA:30,1,0,0
BRDA:53,2,0,0
BRDA:53,3,0,0
BRDA:55,4,0,0
BRDA:62,5,0,0
BRDA:66,6,0,0
BRDA:66,7,0,0
BRDA:66,7,1,0
BRDA:68,8,0,0
BRDA:69,9,0,0
BRDA:104,10,0,0
BRDA:106,11,0,0
BRDA:113,12,0,0
BRDA:113,12,1,0
BRDA:113,12,2,0
BRDA:113,12,3,0
BRDA:135,13,0,0
BRDA:203,14,0,0
BRDA:203,14,1,0
BRDA:204,15,0,0
BRDA:204,15,1,0
BRDA:228,16,0,0
BRDA:232,17,0,0
BRDA:238,18,0,0
BRDA:243,19,0,0
BRDA:245,20,0,0
BRDA:249,21,0,0
BRDA:258,22,0,0
BRDA:258,22,1,0
BRDA:259,23,0,0
BRDA:259,23,1,0
BRDA:291,24,0,0
BRDA:293,25,0,0
BRDA:307,26,0,0
BRDA:315,27,0,0
BRDA:321,28,0,0
BRDA:321,28,1,0
BRDA:323,29,0,0
BRDA:534,30,0,0
BRDA:541,31,0,0
BRDA:541,31,1,0
BRDA:558,32,0,0
BRDA:561,33,0,0
BRDA:566,34,0,0
BRDA:572,35,0,0
BRDA:576,36,0,0
BRDA:581,37,0,0
BRDA:581,37,1,0
BRDA:587,38,0,0
BRDA:587,38,1,0
BRDA:593,39,0,0
BRDA:601,40,0,0
BRDA:601,40,1,0
BRDA:635,41,0,0
BRF:55
BRH:0
end_of_record
TN:
SF:src/controllers/StoreController.ts
FN:16,(anonymous_0)
FN:75,(anonymous_1)
FN:173,(anonymous_2)
FN:207,(anonymous_3)
FN:238,(anonymous_4)
FN:269,(anonymous_5)
FN:307,(anonymous_6)
FN:347,(anonymous_7)
FN:369,(anonymous_8)
FN:420,(anonymous_9)
FN:434,(anonymous_10)
FN:459,(anonymous_11)
FN:481,(anonymous_12)
FN:500,calculateDistance
FNF:14
FNH:3
FNDA:2,(anonymous_0)
FNDA:7,(anonymous_1)
FNDA:0,(anonymous_2)
FNDA:0,(anonymous_3)
FNDA:0,(anonymous_4)
FNDA:0,(anonymous_5)
FNDA:0,(anonymous_6)
FNDA:2,(anonymous_7)
FNDA:0,(anonymous_8)
FNDA:0,(anonymous_9)
FNDA:0,(anonymous_10)
FNDA:0,(anonymous_11)
FNDA:0,(anonymous_12)
FNDA:0,calculateDistance
DA:2,1
DA:3,1
DA:4,1
DA:5,1
DA:12,1
DA:16,1
DA:17,2
DA:18,2
DA:20,2
DA:21,0
DA:25,2
DA:26,1
DA:30,1
DA:31,1
DA:32,1
DA:33,0
DA:38,1
DA:48,1
DA:51,0
DA:57,0
DA:69,0
DA:75,1
DA:90,7
DA:92,7
DA:93,7
DA:96,7
DA:97,1
DA:101,7
DA:102,1
DA:106,7
DA:107,0
DA:108,0
DA:112,7
DA:113,1
DA:114,1
DA:115,1
DA:119,7
DA:120,1
DA:124,7
DA:125,1
DA:137,7
DA:139,0
DA:140,0
DA:142,0
DA:143,0
DA:145,0
DA:146,0
DA:148,0
DA:149,0
DA:151,7
DA:153,1
DA:155,6
DA:159,7
DA:161,7
DA:172,6
DA:173,0
DA:174,0
DA:175,0
DA:176,0
DA:186,6
DA:201,6
DA:207,1
DA:208,0
DA:210,0
DA:214,0
DA:215,0
DA:219,0
DA:222,0
DA:225,0
DA:232,0
DA:238,1
DA:239,0
DA:240,0
DA:241,0
DA:243,0
DA:244,0
DA:247,0
DA:248,0
DA:249,0
DA:253,0
DA:254,0
DA:258,0
DA:259,0
DA:263,0
DA:264,0
DA:268,0
DA:269,0
DA:271,0
DA:272,0
DA:273,0
DA:276,0
DA:277,0
DA:280,0
DA:286,0
DA:301,0
DA:307,1
DA:308,0
DA:309,0
DA:311,0
DA:312,0
DA:315,0
DA:316,0
DA:317,0
DA:321,0
DA:322,0
DA:326,0
DA:327,0
DA:330,0
DA:335,0
DA:341,0
DA:347,1
DA:348,2
DA:350,2
DA:351,1
DA:354,1
DA:356,1
DA:363,1
DA:369,1
DA:370,0
DA:371,0
DA:372,0
DA:374,0
DA:375,0
DA:378,0
DA:379,0
DA:380,0
DA:383,0
DA:384,0
DA:387,0
DA:388,0
DA:389,0
DA:390,0
DA:393,0
DA:396,0
DA:402,0
DA:414,0
DA:420,1
DA:421,0
DA:423,0
DA:424,0
DA:427,0
DA:434,0
DA:435,0
DA:436,0
DA:437,0
DA:446,0
DA:453,0
DA:459,1
DA:460,0
DA:462,0
DA:463,0
DA:466,0
DA:468,0
DA:475,0
DA:481,1
DA:482,0
DA:484,0
DA:486,0
DA:493,0
DA:501,0
DA:502,0
DA:503,0
DA:505,0
DA:509,0
DA:511,0
LF:165
LH:56
BRDA:20,0,0,0
BRDA:25,1,0,1
BRDA:25,2,0,2
BRDA:25,2,1,1
BRDA:30,3,0,1
BRDA:32,4,0,0
BRDA:77,5,0,0
BRDA:78,6,0,0
BRDA:87,7,0,6
BRDA:88,8,0,7
BRDA:89,9,0,7
BRDA:96,10,0,1
BRDA:101,11,0,1
BRDA:106,12,0,0
BRDA:107,13,0,0
BRDA:107,13,1,0
BRDA:112,14,0,1
BRDA:112,15,0,7
BRDA:112,15,1,6
BRDA:114,16,0,1
BRDA:115,17,0,1
BRDA:119,18,0,1
BRDA:124,19,0,1
BRDA:124,20,0,7
BRDA:124,20,1,1
BRDA:137,21,0,0
BRDA:137,21,1,0
BRDA:137,21,2,0
BRDA:137,21,3,0
BRDA:137,21,4,7
BRDA:139,22,0,0
BRDA:139,22,1,0
BRDA:142,23,0,0
BRDA:142,23,1,0
BRDA:151,24,0,1
BRDA:151,24,1,6
BRDA:151,25,0,7
BRDA:151,25,1,1
BRDA:172,26,0,0
BRDA:172,27,0,6
BRDA:172,27,1,0
BRDA:174,28,0,0
BRDA:214,29,0,0
BRDA:219,30,0,0
BRDA:219,31,0,0
BRDA:219,31,1,0
BRDA:219,31,2,0
BRDA:243,32,0,0
BRDA:248,33,0,0
BRDA:253,34,0,0
BRDA:253,35,0,0
BRDA:253,35,1,0
BRDA:258,36,0,0
BRDA:258,37,0,0
BRDA:258,37,1,0
BRDA:271,38,0,0
BRDA:271,39,0,0
BRDA:271,39,1,0
BRDA:283,40,0,0
BRDA:283,40,1,0
BRDA:288,41,0,0
BRDA:288,41,1,0
BRDA:288,42,0,0
BRDA:288,42,1,0
BRDA:311,43,0,0
BRDA:316,44,0,0
BRDA:321,45,0,0
BRDA:321,46,0,0
BRDA:321,46,1,0
BRDA:350,47,0,1
BRDA:374,48,0,0
BRDA:374,49,0,0
BRDA:374,49,1,0
BRDA:379,50,0,0
BRDA:383,51,0,0
BRDA:388,52,0,0
BRDA:404,53,0,0
BRDA:404,53,1,0
BRDA:421,54,0,0
BRDA:421,55,0,0
BRDA:423,56,0,0
BRDA:423,57,0,0
BRDA:423,57,1,0
BRDA:435,58,0,0
BRDA:460,59,0,0
BRDA:462,60,0,0
BRDA:462,61,0,0
BRDA:462,61,1,0
BRDA:482,62,0,0
BRF:89
BRH:25
end_of_record
TN:
SF:src/controllers/UploadController.ts
FN:56,(anonymous_1)
FN:58,(anonymous_2)
FN:67,(anonymous_3)
FN:80,(anonymous_4)
FN:81,(anonymous_5)
FN:398,(anonymous_6)
FN:98,(anonymous_7)
FN:105,(anonymous_8)
FN:112,(anonymous_9)
FN:153,(anonymous_10)
FN:164,(anonymous_11)
FN:171,(anonymous_12)
FN:183,(anonymous_13)
FN:217,(anonymous_14)
FN:224,(anonymous_15)
FN:235,(anonymous_16)
FN:247,(anonymous_17)
FN:254,(anonymous_18)
FN:266,(anonymous_19)
FN:303,(anonymous_20)
FN:313,(anonymous_21)
FN:325,(anonymous_22)
FN:332,(anonymous_23)
FN:339,(anonymous_24)
FN:376,(anonymous_25)
FN:386,(anonymous_26)
FN:452,(anonymous_27)
FN:510,(anonymous_28)
FN:562,(anonymous_29)
FN:563,(anonymous_30)
FN:583,(anonymous_31)
FNF:31
FNH:0
FNDA:0,(anonymous_1)
FNDA:0,(anonymous_2)
FNDA:0,(anonymous_3)
FNDA:0,(anonymous_4)
FNDA:0,(anonymous_5)
FNDA:0,(anonymous_6)
FNDA:0,(anonymous_7)
FNDA:0,(anonymous_8)
FNDA:0,(anonymous_9)
FNDA:0,(anonymous_10)
FNDA:0,(anonymous_11)
FNDA:0,(anonymous_12)
FNDA:0,(anonymous_13)
FNDA:0,(anonymous_14)
FNDA:0,(anonymous_15)
FNDA:0,(anonymous_16)
FNDA:0,(anonymous_17)
FNDA:0,(anonymous_18)
FNDA:0,(anonymous_19)
FNDA:0,(anonymous_20)
FNDA:0,(anonymous_21)
FNDA:0,(anonymous_22)
FNDA:0,(anonymous_23)
FNDA:0,(anonymous_24)
FNDA:0,(anonymous_25)
FNDA:0,(anonymous_26)
FNDA:0,(anonymous_27)
FNDA:0,(anonymous_28)
FNDA:0,(anonymous_29)
FNDA:0,(anonymous_30)
FNDA:0,(anonymous_31)
DA:2,0
DA:3,0
DA:4,0
DA:5,0
DA:6,0
DA:7,0
DA:8,0
DA:9,0
DA:16,0
DA:52,0
DA:57,0
DA:59,0
DA:60,0
DA:61,0
DA:62,0
DA:64,0
DA:68,0
DA:69,0
DA:70,0
DA:71,0
DA:72,0
DA:81,0
DA:82,0
DA:83,0
DA:84,0
DA:87,0
DA:88,0
DA:91,0
DA:98,0
DA:99,0
DA:105,0
DA:106,0
DA:108,0
DA:109,0
DA:112,0
DA:113,0
DA:114,0
DA:115,0
DA:116,0
DA:119,0
DA:122,0
DA:123,0
DA:126,0
DA:128,0
DA:131,0
DA:134,0
DA:141,0
DA:152,0
DA:153,0
DA:155,0
DA:164,0
DA:165,0
DA:171,0
DA:172,0
DA:174,0
DA:175,0
DA:179,0
DA:180,0
DA:183,0
DA:184,0
DA:185,0
DA:186,0
DA:187,0
DA:189,0
DA:190,0
DA:193,0
DA:196,0
DA:197,0
DA:198,0
DA:201,0
DA:202,0
DA:205,0
DA:206,0
DA:207,0
DA:210,0
DA:214,0
DA:217,0
DA:220,0
DA:224,0
DA:233,0
DA:234,0
DA:235,0
DA:238,0
DA:247,0
DA:248,0
DA:254,0
DA:255,0
DA:257,0
DA:258,0
DA:262,0
DA:263,0
DA:266,0
DA:267,0
DA:268,0
DA:269,0
DA:270,0
DA:272,0
DA:273,0
DA:276,0
DA:279,0
DA:280,0
DA:281,0
DA:284,0
DA:285,0
DA:287,0
DA:288,0
DA:289,0
DA:291,0
DA:294,0
DA:299,0
DA:303,0
DA:311,0
DA:312,0
DA:313,0
DA:316,0
DA:325,0
DA:326,0
DA:332,0
DA:333,0
DA:335,0
DA:336,0
DA:339,0
DA:340,0
DA:341,0
DA:342,0
DA:343,0
DA:345,0
DA:346,0
DA:349,0
DA:352,0
DA:353,0
DA:354,0
DA:357,0
DA:358,0
DA:360,0
DA:361,0
DA:362,0
DA:364,0
DA:367,0
DA:372,0
DA:376,0
DA:384,0
DA:385,0
DA:386,0
DA:389,0
DA:399,0
DA:400,0
DA:403,0
DA:405,0
DA:408,0
DA:411,0
DA:414,0
DA:415,0
DA:416,0
DA:423,0
DA:424,0
DA:425,0
DA:426,0
DA:427,0
DA:428,0
DA:432,0
DA:435,0
DA:438,0
DA:439,0
DA:441,0
DA:452,0
DA:453,0
DA:454,0
DA:456,0
DA:457,0
DA:460,0
DA:461,0
DA:464,0
DA:466,0
DA:467,0
DA:468,0
DA:470,0
DA:471,0
DA:472,0
DA:473,0
DA:474,0
DA:475,0
DA:476,0
DA:482,0
DA:483,0
DA:487,0
DA:489,0
DA:495,0
DA:500,0
DA:501,0
DA:503,0
DA:510,0
DA:511,0
DA:513,0
DA:514,0
DA:517,0
DA:519,0
DA:520,0
DA:522,0
DA:523,0
DA:524,0
DA:525,0
DA:526,0
DA:527,0
DA:529,0
DA:537,0
DA:543,0
DA:544,0
DA:547,0
DA:552,0
DA:553,0
DA:555,0
DA:562,0
DA:563,0
DA:564,0
DA:571,0
DA:574,0
DA:583,0
DA:584,0
DA:585,0
DA:588,0
DA:589,0
DA:590,0
DA:592,0
DA:593,0
DA:595,0
DA:596,0
DA:598,0
DA:599,0
DA:601,0
DA:602,0
DA:604,0
DA:605,0
DA:606,0
DA:608,0
DA:609,0
DA:610,0
DA:611,0
DA:619,0
DA:626,0
DA:636,0
DA:640,0
LF:242
LH:0
BRDA:83,0,0,0
BRDA:87,1,0,0
BRDA:414,2,0,0
BRDA:423,3,0,0
BRDA:423,3,1,0
BRDA:425,4,0,0
BRDA:425,4,1,0
BRDA:427,5,0,0
BRDA:108,6,0,0
BRDA:113,7,0,0
BRDA:114,8,0,0
BRDA:115,9,0,0
BRDA:122,10,0,0
BRDA:152,11,0,0
BRDA:174,12,0,0
BRDA:179,13,0,0
BRDA:179,14,0,0
BRDA:179,14,1,0
BRDA:184,15,0,0
BRDA:185,16,0,0
BRDA:186,17,0,0
BRDA:189,18,0,0
BRDA:197,19,0,0
BRDA:197,20,0,0
BRDA:197,20,1,0
BRDA:233,21,0,0
BRDA:257,22,0,0
BRDA:262,23,0,0
BRDA:262,24,0,0
BRDA:262,24,1,0
BRDA:267,25,0,0
BRDA:268,26,0,0
BRDA:269,27,0,0
BRDA:272,28,0,0
BRDA:280,29,0,0
BRDA:280,30,0,0
BRDA:280,30,1,0
BRDA:311,31,0,0
BRDA:335,32,0,0
BRDA:340,33,0,0
BRDA:341,34,0,0
BRDA:342,35,0,0
BRDA:345,36,0,0
BRDA:353,37,0,0
BRDA:353,38,0,0
BRDA:353,38,1,0
BRDA:384,39,0,0
BRDA:456,40,0,0
BRDA:460,41,0,0
BRDA:482,42,0,0
BRDA:500,43,0,0
BRDA:513,44,0,0
BRDA:543,45,0,0
BRDA:552,46,0,0
BRDA:584,47,0,0
BRDA:588,48,0,0
BRDA:608,49,0,0
BRF:57
BRH:0
end_of_record
TN:
SF:src/middleware/auth.ts
FN:41,(anonymous_1)
FN:52,(anonymous_2)
FN:67,(anonymous_3)
FN:84,(anonymous_4)
FN:95,(anonymous_5)
FN:114,(anonymous_6)
FN:126,(anonymous_7)
FN:137,(anonymous_8)
FN:184,(anonymous_9)
FN:218,(anonymous_10)
FN:219,(anonymous_11)
FN:246,(anonymous_12)
FN:247,(anonymous_13)
FN:274,(anonymous_14)
FNF:14
FNH:3
FNDA:1,(anonymous_1)
FNDA:1,(anonymous_2)
FNDA:0,(anonymous_3)
FNDA:2,(anonymous_4)
FNDA:0,(anonymous_5)
FNDA:0,(anonymous_6)
FNDA:0,(anonymous_7)
FNDA:0,(anonymous_8)
FNDA:0,(anonymous_9)
FNDA:0,(anonymous_10)
FNDA:0,(anonymous_11)
FNDA:0,(anonymous_12)
FNDA:0,(anonymous_13)
FNDA:0,(anonymous_14)
DA:2,1
DA:3,1
DA:4,1
DA:5,1
DA:6,1
DA:41,1
DA:42,1
DA:52,1
DA:53,1
DA:67,1
DA:68,0
DA:69,0
DA:71,0
DA:72,0
DA:73,0
DA:74,0
DA:76,0
DA:84,1
DA:85,2
DA:86,2
DA:88,2
DA:95,1
DA:96,0
DA:98,0
DA:99,0
DA:103,0
DA:104,0
DA:105,0
DA:108,0
DA:114,1
DA:115,0
DA:116,0
DA:118,0
DA:119,0
DA:126,1
DA:127,0
DA:128,0
DA:130,0
DA:137,1
DA:142,0
DA:143,0
DA:145,0
DA:146,0
DA:150,0
DA:153,0
DA:154,0
DA:155,0
DA:159,0
DA:168,0
DA:175,0
DA:177,0
DA:184,1
DA:189,0
DA:190,0
DA:192,0
DA:193,0
DA:196,0
DA:197,0
DA:198,0
DA:208,0
DA:211,0
DA:218,1
DA:219,0
DA:220,0
DA:221,0
DA:224,0
DA:225,0
DA:236,0
DA:239,0
DA:246,1
DA:247,0
DA:248,0
DA:249,0
DA:252,0
DA:253,0
DA:264,0
DA:267,0
DA:274,1
DA:275,0
DA:276,0
DA:279,0
DA:280,0
DA:284,0
DA:285,0
DA:289,0
DA:290,0
DA:291,0
DA:302,0
DA:305,0
DA:309,1
LF:90
LH:23
BRDA:71,0,0,0
BRDA:71,0,1,0
BRDA:73,1,0,0
BRDA:73,1,1,0
BRDA:98,2,0,0
BRDA:98,3,0,0
BRDA:98,3,1,0
BRDA:104,4,0,0
BRDA:145,5,0,0
BRDA:154,6,0,0
BRDA:192,7,0,0
BRDA:197,8,0,0
BRDA:220,9,0,0
BRDA:224,10,0,0
BRDA:248,11,0,0
BRDA:252,12,0,0
BRDA:275,13,0,0
BRDA:279,14,0,0
BRDA:279,15,0,0
BRDA:279,15,1,0
BRDA:284,16,0,0
BRDA:289,17,0,0
BRDA:289,17,1,0
BRDA:290,18,0,0
BRDA:290,19,0,0
BRDA:290,19,1,0
BRF:26
BRH:0
end_of_record
TN:
SF:src/middleware/errorHandler.ts
FN:13,(anonymous_0)
FN:37,(anonymous_1)
FN:40,(anonymous_2)
FN:43,(anonymous_3)
FN:46,(anonymous_4)
FN:49,(anonymous_5)
FN:52,(anonymous_6)
FN:55,(anonymous_7)
FN:58,(anonymous_8)
FN:61,(anonymous_9)
FN:100,(anonymous_10)
FN:126,(anonymous_11)
FN:136,(anonymous_12)
FN:195,(anonymous_13)
FN:203,(anonymous_14)
FN:204,(anonymous_15)
FN:212,(anonymous_16)
FN:214,(anonymous_17)
FN:223,(anonymous_18)
FN:232,(anonymous_19)
FN:238,(anonymous_20)
FNF:21
FNH:7
FNDA:10,(anonymous_0)
FNDA:3,(anonymous_1)
FNDA:5,(anonymous_2)
FNDA:1,(anonymous_3)
FNDA:1,(anonymous_4)
FNDA:0,(anonymous_5)
FNDA:0,(anonymous_6)
FNDA:0,(anonymous_7)
FNDA:0,(anonymous_8)
FNDA:0,(anonymous_9)
FNDA:0,(anonymous_10)
FNDA:0,(anonymous_11)
FNDA:0,(anonymous_12)
FNDA:0,(anonymous_13)
FNDA:25,(anonymous_14)
FNDA:23,(anonymous_15)
FNDA:0,(anonymous_16)
FNDA:0,(anonymous_17)
FNDA:0,(anonymous_18)
FNDA:0,(anonymous_19)
FNDA:0,(anonymous_20)
DA:2,3
DA:3,3
DA:8,3
DA:20,10
DA:21,10
DA:22,10
DA:23,10
DA:25,10
DA:26,0
DA:28,10
DA:36,3
DA:38,3
DA:41,5
DA:44,1
DA:47,1
DA:50,0
DA:53,0
DA:56,0
DA:59,0
DA:62,0
DA:68,3
DA:100,3
DA:101,0
DA:110,0
DA:111,0
DA:115,0
DA:116,0
DA:117,0
DA:120,0
DA:126,3
DA:127,0
DA:128,0
DA:130,0
DA:136,3
DA:145,0
DA:147,0
DA:148,0
DA:149,0
DA:150,0
DA:151,0
DA:152,0
DA:153,0
DA:154,0
DA:157,0
DA:163,0
DA:167,0
DA:168,0
DA:176,0
DA:177,0
DA:189,0
DA:195,3
DA:196,0
DA:197,0
DA:203,3
DA:204,25
DA:205,23
DA:212,3
DA:214,0
DA:215,0
DA:217,0
DA:218,0
DA:223,0
DA:224,0
DA:226,0
DA:227,0
DA:232,0
DA:233,0
DA:234,0
DA:238,0
DA:239,0
DA:240,0
LF:71
LH:23
BRDA:15,0,0,0
BRDA:16,1,0,0
BRDA:25,2,0,0
BRDA:25,2,1,10
BRDA:37,3,0,0
BRDA:40,4,0,0
BRDA:43,5,0,0
BRDA:46,6,0,0
BRDA:49,7,0,0
BRDA:52,8,0,0
BRDA:55,9,0,0
BRDA:58,10,0,0
BRDA:61,11,0,0
BRDA:110,12,0,0
BRDA:115,13,0,0
BRDA:127,14,0,0
BRDA:145,15,0,0
BRDA:145,15,1,0
BRDA:147,16,0,0
BRDA:147,16,1,0
BRDA:149,17,0,0
BRDA:149,17,1,0
BRDA:151,18,0,0
BRDA:151,18,1,0
BRDA:153,19,0,0
BRDA:153,19,1,0
BRDA:153,20,0,0
BRDA:153,20,1,0
BRDA:158,21,0,0
BRDA:158,21,1,0
BRDA:167,22,0,0
BRDA:167,22,1,0
BRDA:176,23,0,0
BRDA:217,24,0,0
BRDA:226,25,0,0
BRF:35
BRH:1
end_of_record
TN:
SF:src/middleware/errorMonitor.ts
FN:45,(anonymous_0)
FN:49,(anonymous_1)
FN:59,(anonymous_2)
FN:60,(anonymous_3)
FN:119,(anonymous_4)
FN:141,(anonymous_5)
FN:143,(anonymous_6)
FN:149,(anonymous_7)
FN:156,(anonymous_8)
FN:158,(anonymous_9)
FN:165,(anonymous_10)
FN:172,(anonymous_11)
FN:185,(anonymous_12)
FN:205,(anonymous_13)
FN:223,(anonymous_14)
FN:235,(anonymous_15)
FN:237,(anonymous_16)
FN:261,(anonymous_17)
FN:279,(anonymous_18)
FN:294,(anonymous_19)
FN:299,(anonymous_20)
FN:304,(anonymous_21)
FN:314,(anonymous_22)
FN:316,(anonymous_23)
FN:339,(anonymous_24)
FN:364,(anonymous_25)
FN:378,(anonymous_26)
FN:380,(anonymous_27)
FN:381,(anonymous_28)
FN:387,(anonymous_29)
FN:400,(anonymous_30)
FNF:31
FNH:0
FNDA:0,(anonymous_0)
FNDA:0,(anonymous_1)
FNDA:0,(anonymous_2)
FNDA:0,(anonymous_3)
FNDA:0,(anonymous_4)
FNDA:0,(anonymous_5)
FNDA:0,(anonymous_6)
FNDA:0,(anonymous_7)
FNDA:0,(anonymous_8)
FNDA:0,(anonymous_9)
FNDA:0,(anonymous_10)
FNDA:0,(anonymous_11)
FNDA:0,(anonymous_12)
FNDA:0,(anonymous_13)
FNDA:0,(anonymous_14)
FNDA:0,(anonymous_15)
FNDA:0,(anonymous_16)
FNDA:0,(anonymous_17)
FNDA:0,(anonymous_18)
FNDA:0,(anonymous_19)
FNDA:0,(anonymous_20)
FNDA:0,(anonymous_21)
FNDA:0,(anonymous_22)
FNDA:0,(anonymous_23)
FNDA:0,(anonymous_24)
FNDA:0,(anonymous_25)
FNDA:0,(anonymous_26)
FNDA:0,(anonymous_27)
FNDA:0,(anonymous_28)
FNDA:0,(anonymous_29)
FNDA:0,(anonymous_30)
DA:35,0
DA:36,0
DA:37,0
DA:38,0
DA:39,0
DA:46,0
DA:49,0
DA:50,0
DA:51,0
DA:52,0
DA:60,0
DA:61,0
DA:80,0
DA:83,0
DA:84,0
DA:91,0
DA:92,0
DA:101,0
DA:102,0
DA:104,0
DA:123,0
DA:134,0
DA:135,0
DA:142,0
DA:143,0
DA:150,0
DA:157,0
DA:158,0
DA:166,0
DA:183,0
DA:185,0
DA:186,0
DA:187,0
DA:193,0
DA:194,0
DA:204,0
DA:205,0
DA:208,0
DA:209,0
DA:217,0
DA:224,0
DA:227,0
DA:228,0
DA:237,0
DA:238,0
DA:240,0
DA:248,0
DA:254,0
DA:255,0
DA:256,0
DA:261,0
DA:262,0
DA:264,0
DA:272,0
DA:279,0
DA:280,0
DA:282,0
DA:295,0
DA:296,0
DA:299,0
DA:302,0
DA:304,0
DA:305,0
DA:306,0
DA:307,0
DA:309,0
DA:313,0
DA:314,0
DA:315,0
DA:316,0
DA:317,0
DA:319,0
DA:320,0
DA:321,0
DA:322,0
DA:323,0
DA:326,0
DA:340,0
DA:342,0
DA:343,0
DA:344,0
DA:345,0
DA:346,0
DA:347,0
DA:348,0
DA:349,0
DA:350,0
DA:351,0
DA:352,0
DA:353,0
DA:354,0
DA:355,0
DA:357,0
DA:365,0
DA:367,0
DA:368,0
DA:379,0
DA:380,0
DA:381,0
DA:389,0
DA:394,0
DA:401,0
DA:406,0
DA:408,0
LF:104
LH:0
BRDA:65,0,0,0
BRDA:65,0,1,0
BRDA:67,1,0,0
BRDA:67,1,1,0
BRDA:70,2,0,0
BRDA:70,2,1,0
BRDA:70,2,2,0
BRDA:83,3,0,0
BRDA:83,3,1,0
BRDA:91,4,0,0
BRDA:101,5,0,0
BRDA:107,6,0,0
BRDA:107,6,1,0
BRDA:109,7,0,0
BRDA:109,7,1,0
BRDA:121,8,0,0
BRDA:149,9,0,0
BRDA:156,10,0,0
BRDA:165,11,0,0
BRDA:186,12,0,0
BRDA:186,12,1,0
BRDA:193,13,0,0
BRDA:208,14,0,0
BRDA:227,15,0,0
BRDA:254,16,0,0
BRDA:266,17,0,0
BRDA:266,17,1,0
BRDA:272,18,0,0
BRDA:272,18,1,0
BRDA:306,19,0,0
BRDA:320,20,0,0
BRDA:320,20,1,0
BRDA:322,21,0,0
BRDA:342,22,0,0
BRDA:342,22,1,0
BRDA:342,23,0,0
BRDA:342,23,1,0
BRDA:344,24,0,0
BRDA:344,24,1,0
BRDA:346,25,0,0
BRDA:346,25,1,0
BRDA:346,26,0,0
BRDA:346,26,1,0
BRDA:348,27,0,0
BRDA:348,27,1,0
BRDA:348,28,0,0
BRDA:348,28,1,0
BRDA:350,29,0,0
BRDA:350,29,1,0
BRDA:350,30,0,0
BRDA:350,30,1,0
BRDA:352,31,0,0
BRDA:352,31,1,0
BRDA:354,32,0,0
BRDA:354,32,1,0
BRDA:367,33,0,0
BRF:56
BRH:0
end_of_record
TN:
SF:src/middleware/performance.ts
FN:41,(anonymous_0)
FN:43,(anonymous_1)
FN:49,(anonymous_2)
FN:57,(anonymous_3)
FN:58,(anonymous_4)
FN:66,(anonymous_5)
FN:104,(anonymous_6)
FN:116,(anonymous_7)
FN:121,(anonymous_8)
FN:126,(anonymous_9)
FN:135,(anonymous_10)
FN:137,(anonymous_11)
FN:138,(anonymous_12)
FN:139,(anonymous_13)
FN:157,(anonymous_14)
FN:159,(anonymous_15)
FN:165,(anonymous_16)
FN:178,(anonymous_17)
FN:185,(anonymous_18)
FN:188,(anonymous_19)
FN:195,(anonymous_20)
FN:219,(anonymous_21)
FN:238,(anonymous_22)
FN:261,(anonymous_23)
FN:263,(anonymous_24)
FN:269,(anonymous_25)
FN:283,(anonymous_26)
FN:297,(anonymous_27)
FNF:28
FNH:0
FNDA:0,(anonymous_0)
FNDA:0,(anonymous_1)
FNDA:0,(anonymous_2)
FNDA:0,(anonymous_3)
FNDA:0,(anonymous_4)
FNDA:0,(anonymous_5)
FNDA:0,(anonymous_6)
FNDA:0,(anonymous_7)
FNDA:0,(anonymous_8)
FNDA:0,(anonymous_9)
FNDA:0,(anonymous_10)
FNDA:0,(anonymous_11)
FNDA:0,(anonymous_12)
FNDA:0,(anonymous_13)
FNDA:0,(anonymous_14)
FNDA:0,(anonymous_15)
FNDA:0,(anonymous_16)
FNDA:0,(anonymous_17)
FNDA:0,(anonymous_18)
FNDA:0,(anonymous_19)
FNDA:0,(anonymous_20)
FNDA:0,(anonymous_21)
FNDA:0,(anonymous_22)
FNDA:0,(anonymous_23)
FNDA:0,(anonymous_24)
FNDA:0,(anonymous_25)
FNDA:0,(anonymous_26)
FNDA:0,(anonymous_27)
DA:2,0
DA:35,0
DA:36,0
DA:37,0
DA:38,0
DA:39,0
DA:43,0
DA:44,0
DA:45,0
DA:49,0
DA:50,0
DA:58,0
DA:59,0
DA:60,0
DA:63,0
DA:66,0
DA:67,0
DA:68,0
DA:70,0
DA:83,0
DA:86,0
DA:87,0
DA:97,0
DA:105,0
DA:108,0
DA:109,0
DA:117,0
DA:118,0
DA:121,0
DA:124,0
DA:126,0
DA:127,0
DA:128,0
DA:129,0
DA:131,0
DA:135,0
DA:136,0
DA:137,0
DA:138,0
DA:139,0
DA:141,0
DA:150,0
DA:158,0
DA:159,0
DA:166,0
DA:179,0
DA:186,0
DA:187,0
DA:188,0
DA:196,0
DA:199,0
DA:200,0
DA:202,0
DA:203,0
DA:208,0
DA:209,0
DA:217,0
DA:218,0
DA:219,0
DA:221,0
DA:222,0
DA:227,0
DA:228,0
DA:237,0
DA:238,0
DA:240,0
DA:241,0
DA:246,0
DA:247,0
DA:255,0
DA:262,0
DA:263,0
DA:270,0
DA:271,0
DA:273,0
DA:285,0
DA:288,0
DA:298,0
DA:303,0
DA:305,0
LF:80
LH:0
BRDA:73,0,0,0
BRDA:73,0,1,0
BRDA:80,1,0,0
BRDA:80,1,1,0
BRDA:80,1,2,0
BRDA:86,2,0,0
BRDA:108,3,0,0
BRDA:128,4,0,0
BRDA:170,5,0,0
BRDA:170,5,1,0
BRDA:178,6,0,0
BRDA:185,7,0,0
BRDA:202,8,0,0
BRDA:202,8,1,0
BRDA:208,9,0,0
BRDA:218,10,0,0
BRDA:221,11,0,0
BRDA:221,11,1,0
BRDA:227,12,0,0
BRDA:237,13,0,0
BRDA:240,14,0,0
BRDA:240,14,1,0
BRDA:246,15,0,0
BRF:23
BRH:0
end_of_record
TN:
SF:src/middleware/rateLimiter.ts
FN:23,(anonymous_1)
FN:37,(anonymous_2)
FN:44,(anonymous_3)
FN:114,(anonymous_4)
FN:141,(anonymous_5)
FN:158,(anonymous_6)
FN:166,(anonymous_7)
FN:183,(anonymous_8)
FN:186,(anonymous_9)
FN:214,(anonymous_10)
FN:231,(anonymous_11)
FN:249,(anonymous_12)
FN:262,(anonymous_13)
FN:317,(anonymous_14)
FN:318,(anonymous_15)
FN:271,(anonymous_16)
FNF:16
FNH:0
FNDA:0,(anonymous_1)
FNDA:0,(anonymous_2)
FNDA:0,(anonymous_3)
FNDA:0,(anonymous_4)
FNDA:0,(anonymous_5)
FNDA:0,(anonymous_6)
FNDA:0,(anonymous_7)
FNDA:0,(anonymous_8)
FNDA:0,(anonymous_9)
FNDA:0,(anonymous_10)
FNDA:0,(anonymous_11)
FNDA:0,(anonymous_12)
FNDA:0,(anonymous_13)
FNDA:0,(anonymous_14)
FNDA:0,(anonymous_15)
FNDA:0,(anonymous_16)
DA:2,0
DA:3,0
DA:4,0
DA:5,0
DA:6,0
DA:23,0
DA:24,0
DA:25,0
DA:28,0
DA:38,0
DA:44,0
DA:45,0
DA:46,0
DA:50,0
DA:53,0
DA:55,0
DA:57,0
DA:71,0
DA:77,0
DA:84,0
DA:87,0
DA:88,0
DA:92,0
DA:98,0
DA:100,0
DA:101,0
DA:104,0
DA:105,0
DA:114,0
DA:115,0
DA:123,0
DA:130,0
DA:137,0
DA:141,0
DA:145,0
DA:152,0
DA:158,0
DA:166,0
DA:173,0
DA:184,0
DA:187,0
DA:197,0
DA:209,0
DA:215,0
DA:222,0
DA:233,0
DA:240,0
DA:250,0
DA:257,0
DA:263,0
DA:264,0
DA:265,0
DA:272,0
DA:273,0
DA:274,0
DA:276,0
DA:278,0
DA:281,0
DA:284,0
DA:287,0
DA:290,0
DA:292,0
DA:293,0
DA:295,0
DA:296,0
DA:298,0
DA:304,0
DA:306,0
DA:317,0
DA:318,0
DA:319,0
DA:320,0
DA:323,0
DA:329,0
DA:330,0
DA:342,0
DA:345,0
DA:355,0
DA:356,0
DA:359,0
DA:362,0
DA:365,0
DA:368,0
LF:83
LH:0
BRDA:28,0,0,0
BRDA:28,0,1,0
BRDA:46,1,0,0
BRDA:46,1,1,0
BRDA:50,2,0,0
BRDA:50,2,1,0
BRDA:53,3,0,0
BRDA:53,3,1,0
BRDA:55,4,0,0
BRDA:78,5,0,0
BRDA:78,5,1,0
BRDA:87,6,0,0
BRDA:100,7,0,0
BRDA:100,7,1,0
BRDA:100,8,0,0
BRDA:100,8,1,0
BRDA:158,9,0,0
BRDA:158,9,1,0
BRDA:166,10,0,0
BRDA:166,10,1,0
BRDA:184,11,0,0
BRDA:184,11,1,0
BRDA:215,12,0,0
BRDA:215,12,1,0
BRDA:233,13,0,0
BRDA:233,13,1,0
BRDA:250,14,0,0
BRDA:250,14,1,0
BRDA:319,15,0,0
BRDA:319,15,1,0
BRDA:329,16,0,0
BRDA:293,17,0,0
BRDA:293,17,1,0
BRF:33
BRH:0
end_of_record
TN:
SF:src/middleware/validation.ts
FN:109,(anonymous_1)
FN:110,(anonymous_2)
FN:123,(anonymous_3)
FN:138,(anonymous_4)
FN:153,(anonymous_5)
FN:168,(anonymous_6)
FN:360,(anonymous_7)
FN:386,(anonymous_8)
FNF:8
FNH:0
FNDA:0,(anonymous_1)
FNDA:0,(anonymous_2)
FNDA:0,(anonymous_3)
FNDA:0,(anonymous_4)
FNDA:0,(anonymous_5)
FNDA:0,(anonymous_6)
FNDA:0,(anonymous_7)
FNDA:0,(anonymous_8)
DA:2,0
DA:3,0
DA:4,0
DA:19,0
DA:109,0
DA:110,0
DA:111,0
DA:113,0
DA:115,0
DA:116,0
DA:122,0
DA:123,0
DA:125,0
DA:130,0
DA:131,0
DA:137,0
DA:138,0
DA:140,0
DA:145,0
DA:146,0
DA:152,0
DA:153,0
DA:155,0
DA:160,0
DA:161,0
DA:167,0
DA:168,0
DA:170,0
DA:174,0
DA:175,0
DA:184,0
DA:187,0
DA:189,0
DA:199,0
DA:209,0
DA:217,0
DA:225,0
DA:234,0
DA:239,0
DA:246,0
DA:272,0
DA:285,0
DA:298,0
DA:313,0
DA:322,0
DA:335,0
DA:348,0
DA:360,0
DA:361,0
DA:363,0
DA:364,0
DA:365,0
DA:366,0
DA:368,0
DA:369,0
DA:372,0
DA:373,0
DA:376,0
DA:377,0
DA:378,0
DA:382,0
DA:386,0
DA:387,0
DA:389,0
DA:390,0
DA:391,0
DA:393,0
DA:394,0
DA:396,0
DA:397,0
DA:401,0
DA:407,0
DA:463,0
DA:582,0
DA:669,0
DA:727,0
LF:76
LH:0
BRDA:115,0,0,0
BRDA:122,1,0,0
BRDA:122,1,1,0
BRDA:130,2,0,0
BRDA:137,3,0,0
BRDA:137,3,1,0
BRDA:145,4,0,0
BRDA:152,5,0,0
BRDA:152,5,1,0
BRDA:160,6,0,0
BRDA:167,7,0,0
BRDA:167,7,1,0
BRDA:174,8,0,0
BRDA:363,9,0,0
BRDA:363,10,0,0
BRDA:363,10,1,0
BRDA:368,11,0,0
BRDA:372,12,0,0
BRDA:377,13,0,0
BRDA:387,14,0,0
BRDA:387,14,1,0
BRDA:389,15,0,0
BRDA:389,16,0,0
BRDA:389,16,1,0
BRDA:396,17,0,0
BRF:25
BRH:0
end_of_record
TN:
SF:src/models/Dish.ts
FN:80,(anonymous_9)
FN:81,(anonymous_10)
FN:87,(anonymous_11)
FN:88,(anonymous_12)
FN:90,(anonymous_13)
FN:112,(anonymous_14)
FN:139,(anonymous_15)
FN:140,(anonymous_16)
FN:190,(anonymous_17)
FN:215,(anonymous_18)
FN:229,(anonymous_19)
FN:239,(anonymous_20)
FN:249,(anonymous_21)
FN:278,(anonymous_22)
FN:287,(anonymous_23)
FN:297,(anonymous_24)
FN:306,(anonymous_25)
FN:316,(anonymous_26)
FN:327,(anonymous_27)
FN:339,(anonymous_28)
FN:344,(anonymous_29)
FN:349,(anonymous_30)
FNF:22
FNH:0
FNDA:0,(anonymous_9)
FNDA:0,(anonymous_10)
FNDA:0,(anonymous_11)
FNDA:0,(anonymous_12)
FNDA:0,(anonymous_13)
FNDA:0,(anonymous_14)
FNDA:0,(anonymous_15)
FNDA:0,(anonymous_16)
FNDA:0,(anonymous_17)
FNDA:0,(anonymous_18)
FNDA:0,(anonymous_19)
FNDA:0,(anonymous_20)
FNDA:0,(anonymous_21)
FNDA:0,(anonymous_22)
FNDA:0,(anonymous_23)
FNDA:0,(anonymous_24)
FNDA:0,(anonymous_25)
FNDA:0,(anonymous_26)
FNDA:0,(anonymous_27)
FNDA:0,(anonymous_28)
FNDA:0,(anonymous_29)
FNDA:0,(anonymous_30)
DA:1,0
DA:2,0
DA:55,0
DA:80,0
DA:81,0
DA:87,0
DA:88,0
DA:91,0
DA:113,0
DA:139,0
DA:140,0
DA:191,0
DA:192,0
DA:204,0
DA:205,0
DA:206,0
DA:207,0
DA:208,0
DA:209,0
DA:210,0
DA:215,0
DA:217,0
DA:218,0
DA:221,0
DA:229,0
DA:230,0
DA:231,0
DA:234,0
DA:235,0
DA:239,0
DA:240,0
DA:241,0
DA:244,0
DA:245,0
DA:249,0
DA:250,0
DA:251,0
DA:252,0
DA:263,0
DA:264,0
DA:265,0
DA:267,0
DA:268,0
DA:271,0
DA:273,0
DA:278,0
DA:279,0
DA:287,0
DA:288,0
DA:289,0
DA:290,0
DA:293,0
DA:297,0
DA:298,0
DA:306,0
DA:307,0
DA:316,0
DA:317,0
DA:327,0
DA:328,0
DA:339,0
DA:340,0
DA:344,0
DA:345,0
DA:349,0
DA:350,0
DA:351,0
DA:357,0
LF:68
LH:0
BRDA:87,0,0,0
BRDA:87,0,1,0
BRDA:88,1,0,0
BRDA:88,1,1,0
BRDA:91,2,0,0
BRDA:91,2,1,0
BRDA:217,3,0,0
BRDA:217,4,0,0
BRDA:217,4,1,0
BRDA:230,5,0,0
BRDA:240,6,0,0
BRDA:263,7,0,0
BRDA:263,7,1,0
BRDA:264,8,0,0
BRDA:264,8,1,0
BRDA:265,9,0,0
BRDA:265,9,1,0
BRDA:279,10,0,0
BRDA:279,10,1,0
BRDA:279,11,0,0
BRDA:279,11,1,0
BRDA:289,12,0,0
BRDA:316,13,0,0
BRDA:351,14,0,0
BRDA:351,14,1,0
BRF:25
BRH:0
end_of_record
TN:
SF:src/models/Order.ts
FN:7,(anonymous_9)
FN:20,(anonymous_10)
FN:160,(anonymous_11)
FN:169,(anonymous_12)
FN:195,(anonymous_13)
FN:196,(anonymous_14)
FN:208,(anonymous_15)
FN:209,(anonymous_16)
FN:221,(anonymous_17)
FN:222,(anonymous_18)
FN:228,(anonymous_19)
FN:229,(anonymous_20)
FN:235,(anonymous_21)
FN:236,(anonymous_22)
FN:242,(anonymous_23)
FN:243,(anonymous_24)
FN:249,(anonymous_25)
FN:250,(anonymous_26)
FN:267,(anonymous_27)
FN:268,(anonymous_28)
FN:274,(anonymous_29)
FN:275,(anonymous_30)
FN:322,(anonymous_31)
FN:347,(anonymous_32)
FN:369,(anonymous_33)
FN:371,(anonymous_34)
FN:389,(anonymous_35)
FN:421,(anonymous_36)
FN:433,(anonymous_37)
FN:454,(anonymous_38)
FN:466,(anonymous_39)
FN:494,(anonymous_40)
FN:499,(anonymous_41)
FN:514,(anonymous_42)
FN:528,(anonymous_43)
FN:541,(anonymous_44)
FN:554,(anonymous_45)
FN:562,(anonymous_46)
FN:591,(anonymous_47)
FN:597,(anonymous_48)
FNF:40
FNH:2
FNDA:1,(anonymous_9)
FNDA:1,(anonymous_10)
FNDA:0,(anonymous_11)
FNDA:0,(anonymous_12)
FNDA:0,(anonymous_13)
FNDA:0,(anonymous_14)
FNDA:0,(anonymous_15)
FNDA:0,(anonymous_16)
FNDA:0,(anonymous_17)
FNDA:0,(anonymous_18)
FNDA:0,(anonymous_19)
FNDA:0,(anonymous_20)
FNDA:0,(anonymous_21)
FNDA:0,(anonymous_22)
FNDA:0,(anonymous_23)
FNDA:0,(anonymous_24)
FNDA:0,(anonymous_25)
FNDA:0,(anonymous_26)
FNDA:0,(anonymous_27)
FNDA:0,(anonymous_28)
FNDA:0,(anonymous_29)
FNDA:0,(anonymous_30)
FNDA:0,(anonymous_31)
FNDA:0,(anonymous_32)
FNDA:0,(anonymous_33)
FNDA:0,(anonymous_34)
FNDA:0,(anonymous_35)
FNDA:0,(anonymous_36)
FNDA:0,(anonymous_37)
FNDA:0,(anonymous_38)
FNDA:0,(anonymous_39)
FNDA:0,(anonymous_40)
FNDA:0,(anonymous_41)
FNDA:0,(anonymous_42)
FNDA:0,(anonymous_43)
FNDA:0,(anonymous_44)
FNDA:0,(anonymous_45)
FNDA:0,(anonymous_46)
FNDA:0,(anonymous_47)
FNDA:0,(anonymous_48)
DA:1,1
DA:2,1
DA:7,1
DA:8,1
DA:9,1
DA:10,1
DA:11,1
DA:12,1
DA:13,1
DA:14,1
DA:20,1
DA:21,1
DA:22,1
DA:23,1
DA:123,1
DA:161,0
DA:170,0
DA:195,0
DA:196,0
DA:208,0
DA:209,0
DA:221,0
DA:222,0
DA:228,0
DA:229,0
DA:235,0
DA:236,0
DA:242,0
DA:243,0
DA:249,0
DA:250,0
DA:267,0
DA:268,0
DA:274,0
DA:275,0
DA:323,0
DA:324,0
DA:336,1
DA:337,1
DA:338,1
DA:339,1
DA:340,1
DA:341,1
DA:342,1
DA:347,1
DA:349,0
DA:350,0
DA:354,0
DA:357,0
DA:358,0
DA:361,0
DA:369,1
DA:371,0
DA:372,0
DA:373,0
DA:377,0
DA:380,0
DA:383,0
DA:384,0
DA:385,0
DA:389,1
DA:390,0
DA:391,0
DA:394,0
DA:395,0
DA:398,0
DA:402,0
DA:404,0
DA:407,0
DA:408,0
DA:413,0
DA:414,0
DA:415,0
DA:416,0
DA:421,1
DA:422,0
DA:423,0
DA:426,0
DA:427,0
DA:429,0
DA:433,1
DA:434,0
DA:435,0
DA:438,0
DA:439,0
DA:441,0
DA:442,0
DA:445,0
DA:448,0
DA:449,0
DA:454,1
DA:455,0
DA:456,0
DA:459,0
DA:460,0
DA:462,0
DA:466,1
DA:467,0
DA:468,0
DA:471,0
DA:473,0
DA:474,0
DA:478,0
DA:479,0
DA:480,0
DA:481,0
DA:482,0
DA:486,0
DA:488,0
DA:490,0
DA:494,1
DA:495,0
DA:499,1
DA:500,0
DA:506,0
DA:514,1
DA:515,0
DA:516,0
DA:517,0
DA:518,0
DA:519,0
DA:520,0
DA:521,0
DA:522,0
DA:524,0
DA:528,1
DA:529,0
DA:530,0
DA:531,0
DA:534,0
DA:541,1
DA:542,0
DA:543,0
DA:544,0
DA:547,0
DA:554,1
DA:555,0
DA:562,1
DA:567,0
DA:591,1
DA:592,0
DA:593,0
DA:597,1
DA:598,0
DA:607,0
DA:613,1
LF:146
LH:39
BRDA:7,0,0,1
BRDA:7,0,1,1
BRDA:20,1,0,1
BRDA:20,1,1,1
BRDA:161,2,0,0
BRDA:161,2,1,0
BRDA:170,3,0,0
BRDA:170,3,1,0
BRDA:170,3,2,0
BRDA:349,4,0,0
BRDA:357,5,0,0
BRDA:357,6,0,0
BRDA:357,6,1,0
BRDA:390,7,0,0
BRDA:394,8,0,0
BRDA:415,9,0,0
BRDA:422,10,0,0
BRDA:434,11,0,0
BRDA:441,12,0,0
BRDA:442,13,0,0
BRDA:442,13,1,0
BRDA:448,14,0,0
BRDA:455,15,0,0
BRDA:467,16,0,0
BRDA:471,17,0,0
BRDA:471,17,1,0
BRDA:473,18,0,0
BRDA:478,19,0,0
BRDA:481,20,0,0
BRDA:495,21,0,0
BRDA:495,21,1,0
BRDA:530,22,0,0
BRDA:543,23,0,0
BRDA:592,24,0,0
BRDA:592,25,0,0
BRDA:592,25,1,0
BRDA:607,26,0,0
BRDA:607,26,1,0
BRF:38
BRH:4
end_of_record
TN:
SF:src/models/PointRecord.ts
FN:7,(anonymous_9)
FN:17,(anonymous_10)
FN:92,(anonymous_11)
FN:130,(anonymous_12)
FN:172,(anonymous_13)
FN:196,(anonymous_14)
FN:213,(anonymous_15)
FN:240,(anonymous_16)
FN:262,(anonymous_17)
FN:278,(anonymous_18)
FN:287,(anonymous_19)
FN:297,(anonymous_20)
FN:307,(anonymous_21)
FN:346,(anonymous_22)
FN:371,(anonymous_23)
FN:399,(anonymous_24)
FN:433,(anonymous_25)
FN:444,(anonymous_26)
FNF:18
FNH:0
FNDA:0,(anonymous_9)
FNDA:0,(anonymous_10)
FNDA:0,(anonymous_11)
FNDA:0,(anonymous_12)
FNDA:0,(anonymous_13)
FNDA:0,(anonymous_14)
FNDA:0,(anonymous_15)
FNDA:0,(anonymous_16)
FNDA:0,(anonymous_17)
FNDA:0,(anonymous_18)
FNDA:0,(anonymous_19)
FNDA:0,(anonymous_20)
FNDA:0,(anonymous_21)
FNDA:0,(anonymous_22)
FNDA:0,(anonymous_23)
FNDA:0,(anonymous_24)
FNDA:0,(anonymous_25)
FNDA:0,(anonymous_26)
DA:1,0
DA:2,0
DA:7,0
DA:8,0
DA:9,0
DA:10,0
DA:11,0
DA:17,0
DA:18,0
DA:19,0
DA:20,0
DA:21,0
DA:22,0
DA:23,0
DA:71,0
DA:93,0
DA:94,0
DA:96,0
DA:132,0
DA:133,0
DA:135,0
DA:173,0
DA:174,0
DA:186,0
DA:187,0
DA:188,0
DA:189,0
DA:190,0
DA:191,0
DA:196,0
DA:198,0
DA:199,0
DA:203,0
DA:204,0
DA:207,0
DA:213,0
DA:214,0
DA:215,0
DA:216,0
DA:217,0
DA:221,0
DA:222,0
DA:223,0
DA:228,0
DA:230,0
DA:240,0
DA:241,0
DA:242,0
DA:245,0
DA:246,0
DA:247,0
DA:248,0
DA:252,0
DA:253,0
DA:255,0
DA:256,0
DA:257,0
DA:258,0
DA:262,0
DA:263,0
DA:265,0
DA:273,0
DA:278,0
DA:279,0
DA:287,0
DA:288,0
DA:289,0
DA:290,0
DA:293,0
DA:297,0
DA:298,0
DA:303,0
DA:307,0
DA:308,0
DA:320,0
DA:321,0
DA:322,0
DA:324,0
DA:335,0
DA:336,0
DA:338,0
DA:342,0
DA:346,0
DA:351,0
DA:371,0
DA:378,0
DA:379,0
DA:382,0
DA:384,0
DA:394,0
DA:395,0
DA:399,0
DA:405,0
DA:406,0
DA:409,0
DA:410,0
DA:411,0
DA:414,0
DA:424,0
DA:425,0
DA:433,0
DA:434,0
DA:440,0
DA:444,0
DA:445,0
DA:453,0
DA:459,0
LF:107
LH:0
BRDA:7,0,0,0
BRDA:7,0,1,0
BRDA:17,1,0,0
BRDA:17,1,1,0
BRDA:93,2,0,0
BRDA:93,2,1,0
BRDA:93,3,0,0
BRDA:93,3,1,0
BRDA:132,4,0,0
BRDA:133,5,0,0
BRDA:133,5,1,0
BRDA:198,6,0,0
BRDA:198,7,0,0
BRDA:198,7,1,0
BRDA:203,8,0,0
BRDA:203,9,0,0
BRDA:203,9,1,0
BRDA:203,9,2,0
BRDA:214,10,0,0
BRDA:241,11,0,0
BRDA:247,12,0,0
BRDA:252,13,0,0
BRDA:252,13,1,0
BRDA:263,14,0,0
BRDA:267,15,0,0
BRDA:267,15,1,0
BRDA:279,16,0,0
BRDA:279,16,1,0
BRDA:289,17,0,0
BRDA:303,18,0,0
BRDA:303,18,1,0
BRDA:376,19,0,0
BRDA:378,20,0,0
BRDA:405,21,0,0
BRDA:410,22,0,0
BRDA:440,23,0,0
BRDA:440,23,1,0
BRDA:453,24,0,0
BRDA:453,24,1,0
BRF:39
BRH:0
end_of_record
TN:
SF:src/models/Review.ts
FN:92,(anonymous_9)
FN:141,(anonymous_10)
FN:166,(anonymous_11)
FN:190,(anonymous_12)
FN:226,(anonymous_13)
FN:232,(anonymous_14)
FN:244,(anonymous_15)
FN:259,(anonymous_16)
FN:276,(anonymous_17)
FN:288,(anonymous_18)
FN:296,(anonymous_19)
FN:302,(anonymous_20)
FN:316,(anonymous_21)
FN:334,(anonymous_22)
FN:340,(anonymous_23)
FN:345,(anonymous_24)
FNF:16
FNH:0
FNDA:0,(anonymous_9)
FNDA:0,(anonymous_10)
FNDA:0,(anonymous_11)
FNDA:0,(anonymous_12)
FNDA:0,(anonymous_13)
FNDA:0,(anonymous_14)
FNDA:0,(anonymous_15)
FNDA:0,(anonymous_16)
FNDA:0,(anonymous_17)
FNDA:0,(anonymous_18)
FNDA:0,(anonymous_19)
FNDA:0,(anonymous_20)
FNDA:0,(anonymous_21)
FNDA:0,(anonymous_22)
FNDA:0,(anonymous_23)
FNDA:0,(anonymous_24)
DA:1,0
DA:2,0
DA:48,0
DA:93,0
DA:142,0
DA:143,0
DA:155,0
DA:156,0
DA:157,0
DA:158,0
DA:159,0
DA:160,0
DA:161,0
DA:166,0
DA:168,0
DA:169,0
DA:174,0
DA:175,0
DA:180,0
DA:181,0
DA:184,0
DA:190,0
DA:191,0
DA:193,0
DA:194,0
DA:195,0
DA:196,0
DA:200,0
DA:201,0
DA:202,0
DA:203,0
DA:204,0
DA:209,0
DA:210,0
DA:211,0
DA:212,0
DA:213,0
DA:217,0
DA:226,0
DA:227,0
DA:228,0
DA:232,0
DA:233,0
DA:236,0
DA:237,0
DA:240,0
DA:244,0
DA:245,0
DA:246,0
DA:249,0
DA:250,0
DA:253,0
DA:254,0
DA:255,0
DA:259,0
DA:260,0
DA:261,0
DA:264,0
DA:265,0
DA:266,0
DA:267,0
DA:276,0
DA:277,0
DA:278,0
DA:279,0
DA:282,0
DA:288,0
DA:289,0
DA:296,0
DA:297,0
DA:302,0
DA:303,0
DA:316,0
DA:317,0
DA:334,0
DA:335,0
DA:336,0
DA:340,0
DA:341,0
DA:345,0
DA:346,0
DA:352,0
LF:82
LH:0
BRDA:168,0,0,0
BRDA:168,1,0,0
BRDA:168,1,1,0
BRDA:174,2,0,0
BRDA:180,3,0,0
BRDA:180,4,0,0
BRDA:180,4,1,0
BRDA:195,5,0,0
BRDA:200,6,0,0
BRDA:203,7,0,0
BRDA:209,8,0,0
BRDA:212,9,0,0
BRDA:236,10,0,0
BRDA:245,11,0,0
BRDA:245,12,0,0
BRDA:245,12,1,0
BRDA:249,13,0,0
BRDA:266,14,0,0
BRDA:278,15,0,0
BRDA:336,16,0,0
BRDA:336,16,1,0
BRDA:341,17,0,0
BRDA:341,17,1,0
BRF:23
BRH:0
end_of_record
TN:
SF:src/models/Room.ts
FN:7,(anonymous_9)
FN:91,(anonymous_10)
FN:92,(anonymous_11)
FN:98,(anonymous_12)
FN:99,(anonymous_13)
FN:109,(anonymous_14)
FN:148,(anonymous_15)
FN:149,(anonymous_16)
FN:156,(anonymous_17)
FN:157,(anonymous_18)
FN:177,(anonymous_19)
FN:201,(anonymous_20)
FN:217,(anonymous_21)
FN:231,(anonymous_22)
FN:242,(anonymous_23)
FN:271,(anonymous_24)
FN:301,(anonymous_25)
FN:306,(anonymous_26)
FN:338,(anonymous_27)
FN:343,(anonymous_28)
FN:363,(anonymous_29)
FN:370,(anonymous_30)
FN:376,(anonymous_31)
FN:392,(anonymous_32)
FNF:24
FNH:1
FNDA:4,(anonymous_9)
FNDA:0,(anonymous_10)
FNDA:0,(anonymous_11)
FNDA:0,(anonymous_12)
FNDA:0,(anonymous_13)
FNDA:0,(anonymous_14)
FNDA:0,(anonymous_15)
FNDA:0,(anonymous_16)
FNDA:0,(anonymous_17)
FNDA:0,(anonymous_18)
FNDA:0,(anonymous_19)
FNDA:0,(anonymous_20)
FNDA:0,(anonymous_21)
FNDA:0,(anonymous_22)
FNDA:0,(anonymous_23)
FNDA:0,(anonymous_24)
FNDA:0,(anonymous_25)
FNDA:0,(anonymous_26)
FNDA:0,(anonymous_27)
FNDA:0,(anonymous_28)
FNDA:0,(anonymous_29)
FNDA:0,(anonymous_30)
FNDA:0,(anonymous_31)
FNDA:0,(anonymous_32)
DA:1,4
DA:2,4
DA:7,4
DA:8,4
DA:9,4
DA:10,4
DA:11,4
DA:12,4
DA:61,4
DA:91,0
DA:92,0
DA:98,0
DA:99,0
DA:110,0
DA:148,0
DA:149,0
DA:156,0
DA:157,0
DA:178,0
DA:179,0
DA:191,4
DA:192,4
DA:193,4
DA:194,4
DA:195,4
DA:196,4
DA:201,4
DA:203,0
DA:204,0
DA:205,0
DA:206,0
DA:209,0
DA:217,4
DA:218,0
DA:221,0
DA:222,0
DA:223,0
DA:224,0
DA:227,0
DA:231,4
DA:232,0
DA:233,0
DA:236,0
DA:237,0
DA:238,0
DA:242,4
DA:243,0
DA:244,0
DA:245,0
DA:256,0
DA:257,0
DA:258,0
DA:260,0
DA:261,0
DA:264,0
DA:266,0
DA:271,4
DA:272,0
DA:273,0
DA:276,0
DA:277,0
DA:278,0
DA:289,0
DA:291,0
DA:292,0
DA:301,4
DA:302,0
DA:306,4
DA:312,0
DA:319,0
DA:320,0
DA:323,0
DA:326,0
DA:327,0
DA:328,0
DA:329,0
DA:330,0
DA:334,0
DA:338,4
DA:339,0
DA:343,4
DA:344,0
DA:363,4
DA:364,0
DA:366,0
DA:370,4
DA:371,0
DA:372,0
DA:376,4
DA:377,0
DA:384,0
DA:392,4
DA:393,0
DA:394,0
DA:395,0
DA:398,0
DA:404,0
DA:406,0
DA:408,0
DA:415,4
LF:100
LH:29
BRDA:7,0,0,4
BRDA:7,0,1,4
BRDA:203,1,0,0
BRDA:203,1,1,0
BRDA:203,2,0,0
BRDA:203,2,1,0
BRDA:205,3,0,0
BRDA:221,4,0,0
BRDA:221,4,1,0
BRDA:221,5,0,0
BRDA:221,5,1,0
BRDA:223,6,0,0
BRDA:232,7,0,0
BRDA:256,8,0,0
BRDA:256,8,1,0
BRDA:257,9,0,0
BRDA:257,9,1,0
BRDA:258,10,0,0
BRDA:258,10,1,0
BRDA:272,11,0,0
BRDA:272,12,0,0
BRDA:272,12,1,0
BRDA:319,13,0,0
BRDA:329,14,0,0
BRDA:364,15,0,0
BRDA:371,16,0,0
BRDA:384,17,0,0
BRDA:384,17,1,0
BRF:28
BRH:2
end_of_record
TN:
SF:src/models/Store.ts
FN:115,(anonymous_9)
FN:144,(anonymous_10)
FN:160,(anonymous_11)
FN:161,(anonymous_12)
FN:173,(anonymous_13)
FN:174,(anonymous_14)
FN:180,(anonymous_15)
FN:181,(anonymous_16)
FN:207,(anonymous_17)
FN:223,(anonymous_18)
FN:224,(anonymous_19)
FN:230,(anonymous_20)
FN:231,(anonymous_21)
FN:254,(anonymous_22)
FN:279,(anonymous_23)
FN:305,(anonymous_24)
FN:334,(anonymous_25)
FN:345,(anonymous_26)
FN:364,(anonymous_27)
FN:385,(anonymous_28)
FN:390,(anonymous_29)
FN:410,(anonymous_30)
FN:415,(anonymous_31)
FN:428,(anonymous_32)
FN:443,(anonymous_33)
FN:451,(anonymous_34)
FN:462,(anonymous_35)
FNF:27
FNH:9
FNDA:51,(anonymous_9)
FNDA:51,(anonymous_10)
FNDA:0,(anonymous_11)
FNDA:103,(anonymous_12)
FNDA:0,(anonymous_13)
FNDA:53,(anonymous_14)
FNDA:0,(anonymous_15)
FNDA:53,(anonymous_16)
FNDA:0,(anonymous_17)
FNDA:0,(anonymous_18)
FNDA:104,(anonymous_19)
FNDA:0,(anonymous_20)
FNDA:104,(anonymous_21)
FNDA:0,(anonymous_22)
FNDA:23,(anonymous_23)
FNDA:0,(anonymous_24)
FNDA:0,(anonymous_25)
FNDA:0,(anonymous_26)
FNDA:0,(anonymous_27)
FNDA:2,(anonymous_28)
FNDA:0,(anonymous_29)
FNDA:0,(anonymous_30)
FNDA:0,(anonymous_31)
FNDA:0,(anonymous_32)
FNDA:0,(anonymous_33)
FNDA:0,(anonymous_34)
FNDA:0,(anonymous_35)
DA:1,5
DA:2,5
DA:71,5
DA:116,51
DA:145,51
DA:160,0
DA:161,103
DA:173,0
DA:174,53
DA:180,0
DA:181,53
DA:208,0
DA:223,0
DA:224,104
DA:230,0
DA:231,104
DA:255,0
DA:256,0
DA:268,5
DA:269,5
DA:270,5
DA:271,5
DA:272,5
DA:273,5
DA:274,5
DA:279,5
DA:281,23
DA:282,23
DA:283,23
DA:285,23
DA:286,23
DA:288,23
DA:289,23
DA:293,0
DA:294,0
DA:297,0
DA:305,5
DA:306,0
DA:307,0
DA:308,0
DA:319,0
DA:320,0
DA:321,0
DA:323,0
DA:324,0
DA:327,0
DA:329,0
DA:334,5
DA:335,0
DA:336,0
DA:339,0
DA:340,0
DA:341,0
DA:345,5
DA:346,0
DA:347,0
DA:350,0
DA:351,0
DA:352,0
DA:354,0
DA:355,0
DA:357,0
DA:358,0
DA:360,0
DA:364,5
DA:365,0
DA:367,0
DA:368,0
DA:369,0
DA:371,0
DA:375,0
DA:377,0
DA:385,5
DA:386,2
DA:390,5
DA:395,0
DA:410,5
DA:411,0
DA:415,5
DA:416,0
DA:422,0
DA:428,5
DA:429,0
DA:443,5
DA:444,0
DA:445,0
DA:447,0
DA:451,5
DA:452,0
DA:453,0
DA:454,0
DA:462,5
DA:463,0
DA:464,0
DA:465,0
DA:466,0
DA:468,0
DA:469,0
DA:473,0
DA:478,0
DA:480,0
DA:487,5
LF:102
LH:39
BRDA:116,0,0,51
BRDA:116,0,1,51
BRDA:116,0,2,51
BRDA:116,0,3,51
BRDA:116,0,4,51
BRDA:288,1,0,23
BRDA:293,2,0,0
BRDA:293,3,0,0
BRDA:293,3,1,0
BRDA:319,4,0,0
BRDA:319,4,1,0
BRDA:320,5,0,0
BRDA:320,5,1,0
BRDA:321,6,0,0
BRDA:321,6,1,0
BRDA:335,7,0,0
BRDA:345,8,0,0
BRDA:346,9,0,0
BRDA:346,10,0,0
BRDA:346,10,1,0
BRDA:360,11,0,0
BRDA:360,11,1,0
BRDA:393,12,0,0
BRDA:415,13,0,0
BRDA:428,14,0,0
BRDA:444,15,0,0
BRDA:444,16,0,0
BRDA:444,16,1,0
BRDA:452,17,0,0
BRDA:453,18,0,0
BRDA:454,19,0,0
BRDA:454,19,1,0
BRF:32
BRH:6
end_of_record
TN:
SF:src/models/User.ts
FN:75,(anonymous_10)
FN:100,(anonymous_11)
FN:110,(anonymous_12)
FN:111,(anonymous_13)
FN:117,(anonymous_14)
FN:118,(anonymous_15)
FN:133,(anonymous_16)
FN:164,(anonymous_17)
FN:189,(anonymous_18)
FN:204,(anonymous_19)
FN:219,(anonymous_20)
FN:229,(anonymous_21)
FN:235,(anonymous_22)
FN:253,(anonymous_23)
FN:263,(anonymous_24)
FN:283,(anonymous_25)
FN:288,(anonymous_26)
FN:293,(anonymous_27)
FN:311,(anonymous_28)
FN:335,(anonymous_29)
FN:340,(anonymous_30)
FN:351,(anonymous_31)
FNF:22
FNH:8
FNDA:115,(anonymous_10)
FNDA:115,(anonymous_11)
FNDA:1,(anonymous_12)
FNDA:232,(anonymous_13)
FNDA:0,(anonymous_14)
FNDA:232,(anonymous_15)
FNDA:0,(anonymous_16)
FNDA:0,(anonymous_17)
FNDA:117,(anonymous_18)
FNDA:0,(anonymous_19)
FNDA:0,(anonymous_20)
FNDA:0,(anonymous_21)
FNDA:0,(anonymous_22)
FNDA:0,(anonymous_23)
FNDA:0,(anonymous_24)
FNDA:5,(anonymous_25)
FNDA:0,(anonymous_26)
FNDA:0,(anonymous_27)
FNDA:0,(anonymous_28)
FNDA:1,(anonymous_29)
FNDA:0,(anonymous_30)
FNDA:0,(anonymous_31)
DA:1,5
DA:2,5
DA:3,5
DA:52,5
DA:76,115
DA:101,115
DA:110,1
DA:111,232
DA:117,0
DA:118,232
DA:134,0
DA:165,0
DA:166,0
DA:167,0
DA:179,5
DA:180,5
DA:181,5
DA:182,5
DA:183,5
DA:184,5
DA:189,5
DA:190,117
DA:192,117
DA:193,117
DA:194,117
DA:195,117
DA:197,0
DA:204,5
DA:205,0
DA:219,5
DA:220,0
DA:221,0
DA:223,0
DA:224,0
DA:229,5
DA:230,0
DA:231,0
DA:235,5
DA:236,0
DA:237,0
DA:240,0
DA:241,0
DA:242,0
DA:243,0
DA:244,0
DA:246,0
DA:249,0
DA:253,5
DA:254,0
DA:255,0
DA:258,0
DA:259,0
DA:263,5
DA:264,0
DA:265,0
DA:268,0
DA:269,0
DA:272,0
DA:273,0
DA:274,0
DA:275,0
DA:283,5
DA:284,5
DA:288,5
DA:289,0
DA:293,5
DA:294,0
DA:303,0
DA:304,0
DA:307,0
DA:311,5
DA:316,0
DA:335,5
DA:336,1
DA:340,5
DA:341,0
DA:342,0
DA:343,0
DA:351,5
DA:352,0
DA:354,0
DA:355,0
DA:357,0
DA:362,0
DA:367,0
DA:369,0
DA:376,5
LF:87
LH:37
BRDA:76,0,0,115
BRDA:76,0,1,115
BRDA:101,1,0,115
BRDA:101,1,1,0
BRDA:134,2,0,0
BRDA:134,2,1,0
BRDA:134,2,2,0
BRDA:134,2,3,0
BRDA:134,2,4,0
BRDA:190,3,0,0
BRDA:236,4,0,0
BRDA:236,5,0,0
BRDA:236,5,1,0
BRDA:241,6,0,0
BRDA:241,6,1,0
BRDA:254,7,0,0
BRDA:264,8,0,0
BRDA:268,9,0,0
BRDA:288,10,0,0
BRDA:303,11,0,0
BRDA:314,12,0,0
BRDA:336,13,0,1
BRDA:336,13,1,0
BRDA:336,13,2,0
BRDA:341,14,0,0
BRDA:342,15,0,0
BRDA:342,16,0,0
BRDA:342,16,1,0
BRF:28
BRH:4
end_of_record
TN:
SF:src/routes/auth.ts
FNF:0
FNH:0
DA:1,0
DA:2,0
DA:3,0
DA:10,0
DA:15,0
DA:16,0
DA:17,0
DA:19,0
DA:25,0
DA:36,0
DA:47,0
DA:64,0
DA:74,0
DA:86,0
DA:103,0
DA:114,0
DA:124,0
DA:141,0
LF:18
LH:0
BRF:0
BRH:0
end_of_record
TN:
SF:src/routes/booking.ts
FNF:0
FNH:0
DA:1,0
DA:2,0
DA:3,0
DA:4,0
DA:5,0
DA:6,0
DA:8,0
DA:15,0
DA:24,0
DA:33,0
DA:41,0
DA:53,0
DA:63,0
DA:71,0
LF:14
LH:0
BRF:0
BRH:0
end_of_record
TN:
SF:src/routes/dish.ts
FNF:0
FNH:0
DA:1,0
DA:2,0
DA:3,0
DA:4,0
DA:5,0
DA:6,0
DA:8,0
DA:15,0
DA:22,0
DA:29,0
DA:36,0
DA:43,0
DA:54,0
DA:64,0
DA:74,0
DA:83,0
DA:93,0
DA:102,0
LF:18
LH:0
BRF:0
BRH:0
end_of_record
TN:
SF:src/routes/notification.ts
FNF:0
FNH:0
DA:1,0
DA:2,0
DA:3,0
DA:4,0
DA:5,0
DA:6,0
DA:8,0
DA:15,0
DA:23,0
DA:32,0
DA:44,0
DA:54,0
DA:63,0
DA:72,0
LF:14
LH:0
BRF:0
BRH:0
end_of_record
TN:
SF:src/routes/order.ts
FNF:0
FNH:0
DA:1,0
DA:2,0
DA:3,0
DA:9,0
DA:14,0
DA:18,0
DA:19,0
DA:21,0
DA:27,0
DA:39,0
DA:63,0
DA:75,0
DA:93,0
DA:114,0
DA:129,0
LF:15
LH:0
BRF:0
BRH:0
end_of_record
TN:
SF:src/routes/payment.ts
FNF:0
FNH:0
DA:1,0
DA:2,0
DA:3,0
DA:4,0
DA:5,0
DA:6,0
DA:8,0
DA:15,0
DA:24,0
DA:31,0
DA:39,0
DA:48,0
DA:60,0
DA:69,0
DA:75,0
LF:15
LH:0
BRF:0
BRH:0
end_of_record
TN:
SF:src/routes/point.ts
FN:72,(anonymous_1)
FNF:1
FNH:0
FNDA:0,(anonymous_1)
DA:1,0
DA:2,0
DA:3,0
DA:4,0
DA:5,0
DA:6,0
DA:8,0
DA:15,0
DA:23,0
DA:32,0
DA:40,0
DA:49,0
DA:62,0
DA:69,0
DA:74,0
DA:75,0
DA:76,0
DA:78,0
DA:88,0
DA:98,0
DA:106,0
LF:21
LH:0
BRDA:75,0,0,0
BRF:1
BRH:0
end_of_record
TN:
SF:src/routes/store.ts
FNF:0
FNH:0
DA:1,0
DA:2,0
DA:3,0
DA:10,0
DA:14,0
DA:20,0
DA:21,0
DA:23,0
DA:29,0
DA:42,0
DA:73,0
DA:85,0
DA:122,0
DA:135,0
DA:147,0
DA:166,0
DA:185,0
DA:213,0
DA:225,0
LF:19
LH:0
BRF:0
BRH:0
end_of_record
TN:
SF:src/routes/upload.ts
FNF:0
FNH:0
DA:1,0
DA:2,0
DA:3,0
DA:4,0
DA:5,0
DA:7,0
DA:14,0
DA:22,0
DA:34,0
DA:43,0
DA:56,0
DA:63,0
DA:71,0
DA:83,0
DA:96,0
DA:98,0
LF:16
LH:0
BRF:0
BRH:0
end_of_record
TN:
SF:src/services/NotificationService.ts
FN:12,(anonymous_0)
FN:44,(anonymous_1)
FN:75,(anonymous_2)
FN:97,(anonymous_3)
FN:139,(anonymous_4)
FN:179,(anonymous_5)
FN:214,(anonymous_6)
FN:252,(anonymous_7)
FN:303,(anonymous_8)
FN:315,(anonymous_9)
FN:338,(anonymous_10)
FN:347,(anonymous_11)
FN:348,(anonymous_12)
FN:349,(anonymous_13)
FN:375,(anonymous_14)
FN:395,(anonymous_15)
FN:414,(anonymous_16)
FN:445,(anonymous_17)
FN:473,(anonymous_18)
FN:500,(anonymous_19)
FN:517,(anonymous_20)
FN:529,(anonymous_21)
FNF:22
FNH:12
FNDA:8,(anonymous_0)
FNDA:2,(anonymous_1)
FNDA:1,(anonymous_2)
FNDA:1,(anonymous_3)
FNDA:0,(anonymous_4)
FNDA:0,(anonymous_5)
FNDA:0,(anonymous_6)
FNDA:0,(anonymous_7)
FNDA:3,(anonymous_8)
FNDA:2,(anonymous_9)
FNDA:0,(anonymous_10)
FNDA:0,(anonymous_11)
FNDA:0,(anonymous_12)
FNDA:0,(anonymous_13)
FNDA:1,(anonymous_14)
FNDA:1,(anonymous_15)
FNDA:1,(anonymous_16)
FNDA:1,(anonymous_17)
FNDA:12,(anonymous_18)
FNDA:10,(anonymous_19)
FNDA:0,(anonymous_20)
FNDA:0,(anonymous_21)
DA:1,1
DA:2,1
DA:3,1
DA:8,1
DA:13,8
DA:14,8
DA:15,8
DA:18,5
DA:26,5
DA:33,3
DA:45,2
DA:46,2
DA:47,2
DA:50,2
DA:58,2
DA:64,0
DA:76,1
DA:77,1
DA:78,1
DA:80,1
DA:86,0
DA:98,1
DA:99,1
DA:102,1
DA:111,1
DA:119,1
DA:121,1
DA:127,0
DA:140,0
DA:141,0
DA:143,0
DA:154,0
DA:157,0
DA:163,0
DA:169,0
DA:180,0
DA:181,0
DA:183,0
DA:190,0
DA:193,0
DA:199,0
DA:204,0
DA:215,0
DA:216,0
DA:218,0
DA:219,0
DA:226,0
DA:229,0
DA:235,0
DA:242,0
DA:258,0
DA:259,0
DA:261,0
DA:263,0
DA:264,0
DA:272,0
DA:282,0
DA:289,0
DA:294,0
DA:308,3
DA:309,3
DA:310,3
DA:311,3
DA:312,3
DA:314,3
DA:315,3
DA:317,3
DA:323,0
DA:327,0
DA:339,0
DA:340,0
DA:342,0
DA:345,0
DA:346,0
DA:347,0
DA:348,0
DA:349,0
DA:351,0
DA:352,0
DA:353,0
DA:357,0
DA:360,0
DA:365,0
DA:376,1
DA:377,1
DA:379,1
DA:384,0
DA:396,1
DA:397,1
DA:398,1
DA:400,1
DA:404,0
DA:415,1
DA:416,1
DA:418,1
DA:426,1
DA:427,1
DA:429,1
DA:434,0
DA:446,1
DA:447,1
DA:449,1
DA:457,1
DA:459,1
DA:463,0
DA:474,12
DA:475,12
DA:476,12
DA:482,12
DA:485,12
DA:488,12
DA:490,0
DA:501,10
DA:511,10
DA:518,0
DA:519,0
DA:520,0
DA:522,0
DA:530,0
DA:531,0
DA:532,0
DA:537,0
LF:122
LH:59
BRDA:220,0,0,0
BRDA:220,0,1,0
BRDA:221,1,0,0
BRDA:221,1,1,0
BRDA:261,2,0,0
BRDA:261,2,1,0
BRDA:261,3,0,0
BRDA:261,3,1,0
BRDA:267,4,0,0
BRDA:267,4,1,0
BRDA:285,5,0,0
BRDA:285,5,1,0
BRDA:291,6,0,0
BRDA:291,6,1,0
BRDA:303,7,0,0
BRDA:303,8,0,0
BRDA:342,9,0,0
BRDA:342,9,1,0
BRDA:342,10,0,0
BRDA:342,10,1,0
BRDA:352,11,0,0
BRDA:362,12,0,0
BRDA:362,12,1,0
BRDA:511,13,0,10
BRDA:511,13,1,1
BRF:25
BRH:2
end_of_record
TN:
SF:src/utils/logger.ts
FN:15,(anonymous_1)
FN:36,(anonymous_2)
FN:104,(anonymous_3)
FN:107,(anonymous_4)
FN:136,(anonymous_5)
FN:149,(anonymous_6)
FN:162,(anonymous_7)
FN:176,(anonymous_8)
FN:190,(anonymous_9)
FN:204,(anonymous_10)
FN:215,(anonymous_11)
FNF:11
FNH:0
FNDA:0,(anonymous_1)
FNDA:0,(anonymous_2)
FNDA:0,(anonymous_3)
FNDA:0,(anonymous_4)
FNDA:0,(anonymous_5)
FNDA:0,(anonymous_6)
FNDA:0,(anonymous_7)
FNDA:0,(anonymous_8)
FNDA:0,(anonymous_9)
FNDA:0,(anonymous_10)
FNDA:0,(anonymous_11)
DA:1,3
DA:2,3
DA:3,3
DA:6,3
DA:9,3
DA:16,0
DA:18,0
DA:19,0
DA:22,0
DA:23,0
DA:26,0
DA:31,3
DA:37,0
DA:38,0
DA:39,0
DA:41,0
DA:46,3
DA:87,3
DA:88,3
DA:94,3
DA:95,0
DA:104,3
DA:105,0
DA:107,0
DA:108,0
DA:109,0
DA:119,0
DA:120,0
DA:122,0
DA:126,0
DA:132,3
DA:137,0
DA:150,0
DA:163,0
DA:177,0
DA:191,0
DA:205,0
DA:216,0
DA:224,3
LF:39
LH:13
BRDA:18,0,0,0
BRDA:22,1,0,0
BRDA:38,2,0,0
BRDA:87,3,0,3
BRDA:94,4,0,0
BRDA:114,5,0,0
BRDA:114,5,1,0
BRDA:116,6,0,0
BRDA:116,6,1,0
BRDA:119,7,0,0
BRDA:119,7,1,0
BRF:11
BRH:1
end_of_record
TN:
SF:src/websocket/server.ts
FN:12,(anonymous_1)
FN:20,(anonymous_2)
FN:49,(anonymous_3)
FN:89,(anonymous_4)
FN:96,(anonymous_5)
FN:103,(anonymous_6)
FN:110,(anonymous_7)
FN:122,(anonymous_8)
FN:154,(anonymous_9)
FN:175,(anonymous_10)
FN:177,(anonymous_11)
FN:220,(anonymous_12)
FN:243,(anonymous_13)
FN:244,(anonymous_14)
FN:252,(anonymous_15)
FN:275,(anonymous_16)
FN:286,(anonymous_17)
FN:298,(anonymous_18)
FN:302,(anonymous_19)
FN:307,(anonymous_20)
FN:310,(anonymous_21)
FN:318,(anonymous_22)
FN:321,(anonymous_23)
FN:342,(anonymous_24)
FN:346,(anonymous_25)
FN:366,(anonymous_26)
FN:389,(anonymous_27)
FN:391,(anonymous_28)
FN:400,(anonymous_29)
FN:410,(anonymous_30)
FN:419,(anonymous_31)
FN:429,(anonymous_32)
FN:439,(anonymous_33)
FN:449,(anonymous_34)
FN:459,(anonymous_35)
FN:478,(anonymous_36)
FN:497,(anonymous_37)
FN:514,(anonymous_38)
FN:526,(anonymous_39)
FN:533,(anonymous_40)
FN:540,(anonymous_41)
FN:547,(anonymous_42)
FN:557,(anonymous_43)
FN:562,(anonymous_44)
FNF:44
FNH:1
FNDA:0,(anonymous_1)
FNDA:0,(anonymous_2)
FNDA:0,(anonymous_3)
FNDA:0,(anonymous_4)
FNDA:0,(anonymous_5)
FNDA:0,(anonymous_6)
FNDA:0,(anonymous_7)
FNDA:1,(anonymous_8)
FNDA:0,(anonymous_9)
FNDA:0,(anonymous_10)
FNDA:0,(anonymous_11)
FNDA:0,(anonymous_12)
FNDA:0,(anonymous_13)
FNDA:0,(anonymous_14)
FNDA:0,(anonymous_15)
FNDA:0,(anonymous_16)
FNDA:0,(anonymous_17)
FNDA:0,(anonymous_18)
FNDA:0,(anonymous_19)
FNDA:0,(anonymous_20)
FNDA:0,(anonymous_21)
FNDA:0,(anonymous_22)
FNDA:0,(anonymous_23)
FNDA:0,(anonymous_24)
FNDA:0,(anonymous_25)
FNDA:0,(anonymous_26)
FNDA:0,(anonymous_27)
FNDA:0,(anonymous_28)
FNDA:0,(anonymous_29)
FNDA:0,(anonymous_30)
FNDA:0,(anonymous_31)
FNDA:0,(anonymous_32)
FNDA:0,(anonymous_33)
FNDA:0,(anonymous_34)
FNDA:0,(anonymous_35)
FNDA:0,(anonymous_36)
FNDA:0,(anonymous_37)
FNDA:0,(anonymous_38)
FNDA:0,(anonymous_39)
FNDA:0,(anonymous_40)
FNDA:0,(anonymous_41)
FNDA:0,(anonymous_42)
FNDA:0,(anonymous_43)
FNDA:0,(anonymous_44)
DA:1,1
DA:3,1
DA:4,1
DA:5,1
DA:6,1
DA:13,0
DA:14,0
DA:15,0
DA:22,0
DA:23,0
DA:25,0
DA:28,0
DA:29,0
DA:30,0
DA:32,0
DA:36,0
DA:38,0
DA:50,0
DA:51,0
DA:53,0
DA:56,0
DA:57,0
DA:58,0
DA:59,0
DA:60,0
DA:65,0
DA:66,0
DA:67,0
DA:68,0
DA:69,0
DA:70,0
DA:76,0
DA:78,0
DA:90,0
DA:97,0
DA:104,0
DA:111,0
DA:122,1
DA:124,1
DA:125,1
DA:126,1
DA:127,1
DA:130,1
DA:131,1
DA:132,1
DA:135,1
DA:136,1
DA:139,1
DA:142,1
DA:143,1
DA:144,1
DA:150,1
DA:155,0
DA:157,0
DA:168,0
DA:169,0
DA:177,0
DA:178,0
DA:179,0
DA:181,0
DA:182,0
DA:186,0
DA:189,0
DA:190,0
DA:191,0
DA:196,0
DA:197,0
DA:198,0
DA:202,0
DA:209,0
DA:211,0
DA:215,0
DA:220,0
DA:221,0
DA:222,0
DA:223,0
DA:227,0
DA:228,0
DA:229,0
DA:233,0
DA:236,0
DA:244,0
DA:245,0
DA:253,0
DA:256,0
DA:259,0
DA:266,0
DA:267,0
DA:268,0
DA:272,0
DA:275,0
DA:276,0
DA:278,0
DA:286,0
DA:287,0
DA:299,0
DA:302,0
DA:303,0
DA:307,0
DA:308,0
DA:309,0
DA:310,0
DA:311,0
DA:313,0
DA:318,0
DA:319,0
DA:320,0
DA:321,0
DA:322,0
DA:324,0
DA:329,0
DA:330,0
DA:334,0
DA:335,0
DA:343,0
DA:346,0
DA:347,0
DA:349,0
DA:353,0
DA:359,0
DA:361,0
DA:366,0
DA:367,0
DA:369,0
DA:373,0
DA:379,0
DA:381,0
DA:391,0
DA:392,0
DA:394,0
DA:395,0
DA:399,0
DA:400,0
DA:401,0
DA:410,0
DA:411,0
DA:412,0
DA:420,0
DA:430,0
DA:440,0
DA:450,0
DA:461,0
DA:468,0
DA:480,0
DA:487,0
DA:499,0
DA:505,0
DA:520,0
DA:527,0
DA:534,0
DA:541,0
DA:548,0
DA:557,1
DA:558,0
DA:559,0
DA:562,1
DA:563,0
DA:564,0
DA:566,0
LF:159
LH:22
BRDA:22,0,0,0
BRDA:28,1,0,0
BRDA:28,2,0,0
BRDA:28,2,1,0
BRDA:29,3,0,0
BRDA:51,4,0,0
BRDA:57,5,0,0
BRDA:59,6,0,0
BRDA:65,7,0,0
BRDA:65,8,0,0
BRDA:65,8,1,0
BRDA:67,9,0,0
BRDA:69,10,0,0
BRDA:90,11,0,0
BRDA:90,11,1,0
BRDA:97,12,0,0
BRDA:97,12,1,0
BRDA:122,13,0,1
BRDA:122,13,1,1
BRDA:159,14,0,0
BRDA:159,14,1,0
BRDA:179,15,0,0
BRDA:179,15,1,0
BRDA:181,16,0,0
BRDA:190,17,0,0
BRDA:190,18,0,0
BRDA:190,18,1,0
BRDA:196,19,0,0
BRDA:222,20,0,0
BRDA:228,21,0,0
BRDA:267,22,0,0
BRDA:267,23,0,0
BRDA:267,23,1,0
BRDA:309,24,0,0
BRDA:320,25,0,0
BRDA:329,26,0,0
BRDA:334,27,0,0
BRDA:394,28,0,0
BRDA:394,28,1,0
BRDA:399,29,0,0
BRDA:399,30,0,0
BRDA:399,30,1,0
BRDA:563,31,0,0
BRF:43
BRH:2
end_of_record
