{"/Users/naxi/project/cursor/local-life-service-app/backend/src/controllers/MonitorController.ts": {"path":"/Users/naxi/project/cursor/local-life-service-app/backend/src/controllers/MonitorController.ts","statementMap":{"0":{"start":{"line":2,"column":0},"end":{"line":2,"column":63}},"1":{"start":{"line":3,"column":0},"end":{"line":3,"column":58}},"2":{"start":{"line":32,"column":4},"end":{"line":81,"column":5}},"3":{"start":{"line":33,"column":28},"end":{"line":33,"column":65}},"4":{"start":{"line":34,"column":28},"end":{"line":34,"column":69}},"5":{"start":{"line":35,"column":27},"end":{"line":35,"column":60}},"6":{"start":{"line":38,"column":28},"end":{"line":38,"column":48}},"7":{"start":{"line":39,"column":34},"end":{"line":41,"column":11}},"8":{"start":{"line":40,"column":43},"end":{"line":40,"column":59}},"9":{"start":{"line":42,"column":32},"end":{"line":42,"column":83}},"10":{"start":{"line":42,"column":58},"end":{"line":42,"column":75}},"11":{"start":{"line":43,"column":24},"end":{"line":43,"column":91}},"12":{"start":{"line":45,"column":41},"end":{"line":68,"column":8}},"13":{"start":{"line":70,"column":6},"end":{"line":74,"column":9}},"14":{"start":{"line":76,"column":6},"end":{"line":76,"column":40}},"15":{"start":{"line":77,"column":6},"end":{"line":80,"column":9}},"16":{"start":{"line":88,"column":4},"end":{"line":116,"column":5}},"17":{"start":{"line":89,"column":40},"end":{"line":89,"column":49}},"18":{"start":{"line":92,"column":6},"end":{"line":96,"column":7}},"19":{"start":{"line":93,"column":8},"end":{"line":93,"column":91}},"20":{"start":{"line":95,"column":8},"end":{"line":95,"column":69}},"21":{"start":{"line":98,"column":23},"end":{"line":98,"column":55}},"22":{"start":{"line":99,"column":28},"end":{"line":99,"column":65}},"23":{"start":{"line":101,"column":6},"end":{"line":109,"column":9}},"24":{"start":{"line":111,"column":6},"end":{"line":111,"column":40}},"25":{"start":{"line":112,"column":6},"end":{"line":115,"column":9}},"26":{"start":{"line":123,"column":4},"end":{"line":151,"column":5}},"27":{"start":{"line":124,"column":36},"end":{"line":124,"column":45}},"28":{"start":{"line":127,"column":6},"end":{"line":131,"column":7}},"29":{"start":{"line":128,"column":8},"end":{"line":128,"column":77}},"30":{"start":{"line":130,"column":8},"end":{"line":130,"column":61}},"31":{"start":{"line":133,"column":25},"end":{"line":133,"column":53}},"32":{"start":{"line":134,"column":27},"end":{"line":134,"column":59}},"33":{"start":{"line":136,"column":6},"end":{"line":144,"column":9}},"34":{"start":{"line":146,"column":6},"end":{"line":146,"column":40}},"35":{"start":{"line":147,"column":6},"end":{"line":150,"column":9}},"36":{"start":{"line":158,"column":4},"end":{"line":204,"column":5}},"37":{"start":{"line":159,"column":28},"end":{"line":159,"column":65}},"38":{"start":{"line":160,"column":28},"end":{"line":160,"column":67}},"39":{"start":{"line":161,"column":27},"end":{"line":161,"column":59}},"40":{"start":{"line":164,"column":32},"end":{"line":165,"column":null}},"41":{"start":{"line":165,"column":13},"end":{"line":165,"column":55}},"42":{"start":{"line":168,"column":27},"end":{"line":192,"column":8}},"43":{"start":{"line":178,"column":62},"end":{"line":178,"column":78}},"44":{"start":{"line":180,"column":54},"end":{"line":180,"column":71}},"45":{"start":{"line":184,"column":17},"end":{"line":184,"column":59}},"46":{"start":{"line":191,"column":26},"end":{"line":191,"column":51}},"47":{"start":{"line":194,"column":6},"end":{"line":197,"column":9}},"48":{"start":{"line":199,"column":6},"end":{"line":199,"column":42}},"49":{"start":{"line":200,"column":6},"end":{"line":203,"column":9}},"50":{"start":{"line":211,"column":4},"end":{"line":279,"column":5}},"51":{"start":{"line":212,"column":32},"end":{"line":212,"column":41}},"52":{"start":{"line":217,"column":6},"end":{"line":233,"column":7}},"53":{"start":{"line":219,"column":10},"end":{"line":219,"column":37}},"54":{"start":{"line":220,"column":10},"end":{"line":220,"column":34}},"55":{"start":{"line":221,"column":10},"end":{"line":221,"column":16}},"56":{"start":{"line":223,"column":10},"end":{"line":223,"column":41}},"57":{"start":{"line":224,"column":10},"end":{"line":224,"column":35}},"58":{"start":{"line":225,"column":10},"end":{"line":225,"column":16}},"59":{"start":{"line":227,"column":10},"end":{"line":227,"column":42}},"60":{"start":{"line":228,"column":10},"end":{"line":228,"column":35}},"61":{"start":{"line":229,"column":10},"end":{"line":229,"column":16}},"62":{"start":{"line":231,"column":10},"end":{"line":231,"column":37}},"63":{"start":{"line":232,"column":10},"end":{"line":232,"column":34}},"64":{"start":{"line":235,"column":18},"end":{"line":235,"column":28}},"65":{"start":{"line":236,"column":24},"end":{"line":236,"column":39}},"66":{"start":{"line":238,"column":22},"end":{"line":239,"column":56}},"67":{"start":{"line":239,"column":21},"end":{"line":239,"column":55}},"68":{"start":{"line":242,"column":21},"end":{"line":242,"column":45}},"69":{"start":{"line":244,"column":6},"end":{"line":250,"column":9}},"70":{"start":{"line":245,"column":25},"end":{"line":245,"column":83}},"71":{"start":{"line":246,"column":8},"end":{"line":248,"column":9}},"72":{"start":{"line":247,"column":10},"end":{"line":247,"column":35}},"73":{"start":{"line":249,"column":8},"end":{"line":249,"column":43}},"74":{"start":{"line":253,"column":21},"end":{"line":263,"column":11}},"75":{"start":{"line":254,"column":24},"end":{"line":254,"column":35}},"76":{"start":{"line":255,"column":45},"end":{"line":263,"column":10}},"77":{"start":{"line":259,"column":46},"end":{"line":259,"column":62}},"78":{"start":{"line":261,"column":47},"end":{"line":261,"column":66}},"79":{"start":{"line":262,"column":53},"end":{"line":262,"column":70}},"80":{"start":{"line":265,"column":6},"end":{"line":272,"column":9}},"81":{"start":{"line":274,"column":6},"end":{"line":274,"column":40}},"82":{"start":{"line":275,"column":6},"end":{"line":278,"column":9}},"83":{"start":{"line":286,"column":4},"end":{"line":312,"column":5}},"84":{"start":{"line":287,"column":28},"end":{"line":287,"column":65}},"85":{"start":{"line":288,"column":21},"end":{"line":291,"column":8}},"86":{"start":{"line":293,"column":33},"end":{"line":293,"column":82}},"87":{"start":{"line":293,"column":56},"end":{"line":293,"column":81}},"88":{"start":{"line":294,"column":24},"end":{"line":294,"column":55}},"89":{"start":{"line":296,"column":6},"end":{"line":304,"column":9}},"90":{"start":{"line":306,"column":6},"end":{"line":306,"column":38}},"91":{"start":{"line":307,"column":6},"end":{"line":311,"column":9}},"92":{"start":{"line":319,"column":4},"end":{"line":340,"column":5}},"93":{"start":{"line":320,"column":6},"end":{"line":325,"column":7}},"94":{"start":{"line":321,"column":8},"end":{"line":324,"column":11}},"95":{"start":{"line":330,"column":6},"end":{"line":333,"column":9}},"96":{"start":{"line":335,"column":6},"end":{"line":335,"column":40}},"97":{"start":{"line":336,"column":6},"end":{"line":339,"column":9}},"98":{"start":{"line":27,"column":0},"end":{"line":27,"column":13}}},"fnMap":{"0":{"name":"(anonymous_7)","decl":{"start":{"line":31,"column":8},"end":{"line":31,"column":25}},"loc":{"start":{"line":31,"column":53},"end":{"line":82,"column":null}}},"1":{"name":"(anonymous_9)","decl":{"start":{"line":40,"column":31},"end":{"line":40,"column":32}},"loc":{"start":{"line":40,"column":43},"end":{"line":40,"column":59}}},"2":{"name":"(anonymous_10)","decl":{"start":{"line":42,"column":53},"end":{"line":42,"column":54}},"loc":{"start":{"line":42,"column":58},"end":{"line":42,"column":75}}},"3":{"name":"(anonymous_11)","decl":{"start":{"line":87,"column":8},"end":{"line":87,"column":29}},"loc":{"start":{"line":87,"column":57},"end":{"line":117,"column":null}}},"4":{"name":"(anonymous_13)","decl":{"start":{"line":122,"column":8},"end":{"line":122,"column":23}},"loc":{"start":{"line":122,"column":51},"end":{"line":152,"column":null}}},"5":{"name":"(anonymous_15)","decl":{"start":{"line":157,"column":8},"end":{"line":157,"column":23}},"loc":{"start":{"line":157,"column":51},"end":{"line":205,"column":null}}},"6":{"name":"(anonymous_17)","decl":{"start":{"line":165,"column":8},"end":{"line":165,"column":9}},"loc":{"start":{"line":165,"column":13},"end":{"line":165,"column":55}}},"7":{"name":"(anonymous_18)","decl":{"start":{"line":178,"column":50},"end":{"line":178,"column":51}},"loc":{"start":{"line":178,"column":62},"end":{"line":178,"column":78}}},"8":{"name":"(anonymous_19)","decl":{"start":{"line":180,"column":49},"end":{"line":180,"column":50}},"loc":{"start":{"line":180,"column":54},"end":{"line":180,"column":71}}},"9":{"name":"(anonymous_20)","decl":{"start":{"line":184,"column":12},"end":{"line":184,"column":13}},"loc":{"start":{"line":184,"column":17},"end":{"line":184,"column":59}}},"10":{"name":"(anonymous_21)","decl":{"start":{"line":191,"column":17},"end":{"line":191,"column":22}},"loc":{"start":{"line":191,"column":26},"end":{"line":191,"column":51}}},"11":{"name":"(anonymous_22)","decl":{"start":{"line":210,"column":8},"end":{"line":210,"column":28}},"loc":{"start":{"line":210,"column":56},"end":{"line":280,"column":null}}},"12":{"name":"(anonymous_24)","decl":{"start":{"line":239,"column":16},"end":{"line":239,"column":17}},"loc":{"start":{"line":239,"column":21},"end":{"line":239,"column":55}}},"13":{"name":"(anonymous_25)","decl":{"start":{"line":244,"column":22},"end":{"line":244,"column":28}},"loc":{"start":{"line":244,"column":31},"end":{"line":250,"column":7}}},"14":{"name":"(anonymous_26)","decl":{"start":{"line":254,"column":14},"end":{"line":254,"column":15}},"loc":{"start":{"line":254,"column":24},"end":{"line":254,"column":35}}},"15":{"name":"(anonymous_27)","decl":{"start":{"line":255,"column":13},"end":{"line":255,"column":14}},"loc":{"start":{"line":255,"column":45},"end":{"line":263,"column":10}}},"16":{"name":"(anonymous_28)","decl":{"start":{"line":259,"column":34},"end":{"line":259,"column":35}},"loc":{"start":{"line":259,"column":46},"end":{"line":259,"column":62}}},"17":{"name":"(anonymous_29)","decl":{"start":{"line":261,"column":42},"end":{"line":261,"column":43}},"loc":{"start":{"line":261,"column":47},"end":{"line":261,"column":66}}},"18":{"name":"(anonymous_30)","decl":{"start":{"line":262,"column":48},"end":{"line":262,"column":49}},"loc":{"start":{"line":262,"column":53},"end":{"line":262,"column":70}}},"19":{"name":"(anonymous_31)","decl":{"start":{"line":285,"column":8},"end":{"line":285,"column":19}},"loc":{"start":{"line":285,"column":47},"end":{"line":313,"column":null}}},"20":{"name":"(anonymous_33)","decl":{"start":{"line":293,"column":47},"end":{"line":293,"column":52}},"loc":{"start":{"line":293,"column":56},"end":{"line":293,"column":81}}},"21":{"name":"(anonymous_34)","decl":{"start":{"line":318,"column":8},"end":{"line":318,"column":23}},"loc":{"start":{"line":318,"column":51},"end":{"line":341,"column":null}}}},"branchMap":{"0":{"loc":{"start":{"line":39,"column":34},"end":{"line":41,"column":11}},"type":"cond-expr","locations":[{"start":{"line":40,"column":10},"end":{"line":40,"column":79}},{"start":{"line":41,"column":10},"end":{"line":41,"column":11}}]},"1":{"loc":{"start":{"line":43,"column":24},"end":{"line":43,"column":91}},"type":"cond-expr","locations":[{"start":{"line":43,"column":45},"end":{"line":43,"column":86}},{"start":{"line":43,"column":90},"end":{"line":43,"column":91}}]},"2":{"loc":{"start":{"line":89,"column":24},"end":{"line":89,"column":35}},"type":"default-arg","locations":[{"start":{"line":89,"column":32},"end":{"line":89,"column":35}}]},"3":{"loc":{"start":{"line":92,"column":6},"end":{"line":96,"column":7}},"type":"if","locations":[{"start":{"line":92,"column":6},"end":{"line":96,"column":7}},{"start":{"line":94,"column":13},"end":{"line":96,"column":7}}]},"4":{"loc":{"start":{"line":124,"column":20},"end":{"line":124,"column":31}},"type":"default-arg","locations":[{"start":{"line":124,"column":28},"end":{"line":124,"column":31}}]},"5":{"loc":{"start":{"line":127,"column":6},"end":{"line":131,"column":7}},"type":"if","locations":[{"start":{"line":127,"column":6},"end":{"line":131,"column":7}},{"start":{"line":129,"column":13},"end":{"line":131,"column":7}}]},"6":{"loc":{"start":{"line":177,"column":31},"end":{"line":179,"column":15}},"type":"cond-expr","locations":[{"start":{"line":178,"column":14},"end":{"line":178,"column":110}},{"start":{"line":179,"column":14},"end":{"line":179,"column":15}}]},"7":{"loc":{"start":{"line":186,"column":23},"end":{"line":186,"column":93}},"type":"cond-expr","locations":[{"start":{"line":186,"column":49},"end":{"line":186,"column":86}},{"start":{"line":186,"column":89},"end":{"line":186,"column":93}}]},"8":{"loc":{"start":{"line":212,"column":14},"end":{"line":212,"column":27}},"type":"default-arg","locations":[{"start":{"line":212,"column":23},"end":{"line":212,"column":27}}]},"9":{"loc":{"start":{"line":217,"column":6},"end":{"line":233,"column":7}},"type":"switch","locations":[{"start":{"line":218,"column":8},"end":{"line":221,"column":16}},{"start":{"line":222,"column":8},"end":{"line":225,"column":16}},{"start":{"line":226,"column":8},"end":{"line":229,"column":16}},{"start":{"line":230,"column":8},"end":{"line":232,"column":34}}]},"10":{"loc":{"start":{"line":246,"column":8},"end":{"line":248,"column":9}},"type":"if","locations":[{"start":{"line":246,"column":8},"end":{"line":248,"column":9}}]},"11":{"loc":{"start":{"line":258,"column":31},"end":{"line":260,"column":15}},"type":"cond-expr","locations":[{"start":{"line":259,"column":14},"end":{"line":259,"column":88}},{"start":{"line":260,"column":14},"end":{"line":260,"column":15}}]},"12":{"loc":{"start":{"line":296,"column":17},"end":{"line":296,"column":38}},"type":"cond-expr","locations":[{"start":{"line":296,"column":29},"end":{"line":296,"column":32}},{"start":{"line":296,"column":35},"end":{"line":296,"column":38}}]},"13":{"loc":{"start":{"line":298,"column":16},"end":{"line":298,"column":51}},"type":"cond-expr","locations":[{"start":{"line":298,"column":28},"end":{"line":298,"column":37}},{"start":{"line":298,"column":40},"end":{"line":298,"column":51}}]},"14":{"loc":{"start":{"line":303,"column":12},"end":{"line":303,"column":81}},"type":"binary-expr","locations":[{"start":{"line":303,"column":12},"end":{"line":303,"column":41}},{"start":{"line":303,"column":45},"end":{"line":303,"column":81}}]},"15":{"loc":{"start":{"line":320,"column":6},"end":{"line":325,"column":7}},"type":"if","locations":[{"start":{"line":320,"column":6},"end":{"line":325,"column":7}}]}},"s":{"0":0,"1":0,"2":0,"3":0,"4":0,"5":0,"6":0,"7":0,"8":0,"9":0,"10":0,"11":0,"12":0,"13":0,"14":0,"15":0,"16":0,"17":0,"18":0,"19":0,"20":0,"21":0,"22":0,"23":0,"24":0,"25":0,"26":0,"27":0,"28":0,"29":0,"30":0,"31":0,"32":0,"33":0,"34":0,"35":0,"36":0,"37":0,"38":0,"39":0,"40":0,"41":0,"42":0,"43":0,"44":0,"45":0,"46":0,"47":0,"48":0,"49":0,"50":0,"51":0,"52":0,"53":0,"54":0,"55":0,"56":0,"57":0,"58":0,"59":0,"60":0,"61":0,"62":0,"63":0,"64":0,"65":0,"66":0,"67":0,"68":0,"69":0,"70":0,"71":0,"72":0,"73":0,"74":0,"75":0,"76":0,"77":0,"78":0,"79":0,"80":0,"81":0,"82":0,"83":0,"84":0,"85":0,"86":0,"87":0,"88":0,"89":0,"90":0,"91":0,"92":0,"93":0,"94":0,"95":0,"96":0,"97":0,"98":0},"f":{"0":0,"1":0,"2":0,"3":0,"4":0,"5":0,"6":0,"7":0,"8":0,"9":0,"10":0,"11":0,"12":0,"13":0,"14":0,"15":0,"16":0,"17":0,"18":0,"19":0,"20":0,"21":0},"b":{"0":[0,0],"1":[0,0],"2":[0],"3":[0,0],"4":[0],"5":[0,0],"6":[0,0],"7":[0,0],"8":[0],"9":[0,0,0,0],"10":[0],"11":[0,0],"12":[0,0],"13":[0,0],"14":[0,0],"15":[0]}}
,"/Users/naxi/project/cursor/local-life-service-app/backend/src/middleware/errorMonitor.ts": {"path":"/Users/naxi/project/cursor/local-life-service-app/backend/src/middleware/errorMonitor.ts","statementMap":{"0":{"start":{"line":35,"column":10},"end":{"line":35,"column":38}},"1":{"start":{"line":36,"column":10},"end":{"line":36,"column":43}},"2":{"start":{"line":37,"column":10},"end":{"line":37,"column":58}},"3":{"start":{"line":38,"column":19},"end":{"line":38,"column":43}},"4":{"start":{"line":39,"column":19},"end":{"line":43,"column":4}},"5":{"start":{"line":46,"column":4},"end":{"line":46,"column":36}},"6":{"start":{"line":49,"column":4},"end":{"line":53,"column":14}},"7":{"start":{"line":50,"column":6},"end":{"line":50,"column":28}},"8":{"start":{"line":51,"column":6},"end":{"line":51,"column":30}},"9":{"start":{"line":52,"column":6},"end":{"line":52,"column":32}},"10":{"start":{"line":60,"column":4},"end":{"line":113,"column":6}},"11":{"start":{"line":61,"column":41},"end":{"line":78,"column":8}},"12":{"start":{"line":80,"column":6},"end":{"line":80,"column":37}},"13":{"start":{"line":83,"column":6},"end":{"line":98,"column":7}},"14":{"start":{"line":84,"column":8},"end":{"line":90,"column":11}},"15":{"start":{"line":91,"column":13},"end":{"line":98,"column":7}},"16":{"start":{"line":92,"column":8},"end":{"line":97,"column":11}},"17":{"start":{"line":101,"column":6},"end":{"line":112,"column":7}},"18":{"start":{"line":102,"column":30},"end":{"line":102,"column":68}},"19":{"start":{"line":104,"column":8},"end":{"line":111,"column":11}},"20":{"start":{"line":123,"column":22},"end":{"line":131,"column":null}},"21":{"start":{"line":134,"column":4},"end":{"line":134,"column":35}},"22":{"start":{"line":135,"column":4},"end":{"line":135,"column":32}},"23":{"start":{"line":142,"column":4},"end":{"line":143,"column":49}},"24":{"start":{"line":143,"column":22},"end":{"line":143,"column":47}},"25":{"start":{"line":150,"column":4},"end":{"line":150,"column":37}},"26":{"start":{"line":157,"column":4},"end":{"line":159,"column":21}},"27":{"start":{"line":158,"column":23},"end":{"line":158,"column":67}},"28":{"start":{"line":166,"column":4},"end":{"line":166,"column":43}},"29":{"start":{"line":183,"column":9},"end":{"line":183,"column":11}},"30":{"start":{"line":185,"column":4},"end":{"line":201,"column":7}},"31":{"start":{"line":186,"column":6},"end":{"line":200,"column":7}},"32":{"start":{"line":187,"column":8},"end":{"line":192,"column":11}},"33":{"start":{"line":193,"column":13},"end":{"line":200,"column":7}},"34":{"start":{"line":194,"column":8},"end":{"line":199,"column":11}},"35":{"start":{"line":204,"column":31},"end":{"line":206,"column":6}},"36":{"start":{"line":205,"column":15},"end":{"line":205,"column":70}},"37":{"start":{"line":208,"column":4},"end":{"line":215,"column":5}},"38":{"start":{"line":209,"column":6},"end":{"line":214,"column":9}},"39":{"start":{"line":217,"column":4},"end":{"line":217,"column":18}},"40":{"start":{"line":224,"column":4},"end":{"line":224,"column":35}},"41":{"start":{"line":227,"column":4},"end":{"line":229,"column":5}},"42":{"start":{"line":228,"column":6},"end":{"line":228,"column":62}},"43":{"start":{"line":237,"column":4},"end":{"line":258,"column":7}},"44":{"start":{"line":238,"column":6},"end":{"line":238,"column":41}},"45":{"start":{"line":240,"column":6},"end":{"line":245,"column":9}},"46":{"start":{"line":248,"column":6},"end":{"line":251,"column":9}},"47":{"start":{"line":254,"column":6},"end":{"line":257,"column":7}},"48":{"start":{"line":255,"column":8},"end":{"line":255,"column":35}},"49":{"start":{"line":256,"column":8},"end":{"line":256,"column":24}},"50":{"start":{"line":261,"column":4},"end":{"line":276,"column":7}},"51":{"start":{"line":262,"column":6},"end":{"line":262,"column":49}},"52":{"start":{"line":264,"column":6},"end":{"line":269,"column":9}},"53":{"start":{"line":272,"column":6},"end":{"line":275,"column":9}},"54":{"start":{"line":279,"column":4},"end":{"line":288,"column":7}},"55":{"start":{"line":280,"column":6},"end":{"line":280,"column":40}},"56":{"start":{"line":282,"column":6},"end":{"line":287,"column":9}},"57":{"start":{"line":295,"column":16},"end":{"line":295,"column":26}},"58":{"start":{"line":296,"column":23},"end":{"line":296,"column":63}},"59":{"start":{"line":299,"column":25},"end":{"line":299,"column":83}},"60":{"start":{"line":299,"column":53},"end":{"line":299,"column":82}},"61":{"start":{"line":302,"column":24},"end":{"line":302,"column":57}},"62":{"start":{"line":304,"column":4},"end":{"line":310,"column":7}},"63":{"start":{"line":305,"column":19},"end":{"line":305,"column":54}},"64":{"start":{"line":306,"column":6},"end":{"line":308,"column":7}},"65":{"start":{"line":307,"column":8},"end":{"line":307,"column":34}},"66":{"start":{"line":309,"column":6},"end":{"line":309,"column":41}},"67":{"start":{"line":313,"column":4},"end":{"line":313,"column":28}},"68":{"start":{"line":314,"column":4},"end":{"line":333,"column":7}},"69":{"start":{"line":315,"column":20},"end":{"line":315,"column":33}},"70":{"start":{"line":316,"column":29},"end":{"line":316,"column":90}},"71":{"start":{"line":316,"column":66},"end":{"line":316,"column":87}},"72":{"start":{"line":317,"column":24},"end":{"line":317,"column":29}},"73":{"start":{"line":319,"column":48},"end":{"line":319,"column":53}},"74":{"start":{"line":320,"column":6},"end":{"line":324,"column":7}},"75":{"start":{"line":321,"column":8},"end":{"line":321,"column":26}},"76":{"start":{"line":322,"column":13},"end":{"line":324,"column":7}},"77":{"start":{"line":323,"column":8},"end":{"line":323,"column":28}},"78":{"start":{"line":326,"column":6},"end":{"line":332,"column":9}},"79":{"start":{"line":340,"column":25},"end":{"line":340,"column":46}},"80":{"start":{"line":342,"column":4},"end":{"line":358,"column":5}},"81":{"start":{"line":343,"column":6},"end":{"line":343,"column":30}},"82":{"start":{"line":344,"column":11},"end":{"line":358,"column":5}},"83":{"start":{"line":345,"column":6},"end":{"line":345,"column":29}},"84":{"start":{"line":346,"column":11},"end":{"line":358,"column":5}},"85":{"start":{"line":347,"column":6},"end":{"line":347,"column":32}},"86":{"start":{"line":348,"column":11},"end":{"line":358,"column":5}},"87":{"start":{"line":349,"column":6},"end":{"line":349,"column":26}},"88":{"start":{"line":350,"column":11},"end":{"line":358,"column":5}},"89":{"start":{"line":351,"column":6},"end":{"line":351,"column":31}},"90":{"start":{"line":352,"column":11},"end":{"line":358,"column":5}},"91":{"start":{"line":353,"column":6},"end":{"line":353,"column":32}},"92":{"start":{"line":354,"column":11},"end":{"line":358,"column":5}},"93":{"start":{"line":355,"column":6},"end":{"line":355,"column":29}},"94":{"start":{"line":357,"column":6},"end":{"line":357,"column":29}},"95":{"start":{"line":365,"column":19},"end":{"line":365,"column":42}},"96":{"start":{"line":367,"column":4},"end":{"line":372,"column":5}},"97":{"start":{"line":368,"column":6},"end":{"line":368,"column":39}},"98":{"start":{"line":379,"column":31},"end":{"line":379,"column":73}},"99":{"start":{"line":380,"column":4},"end":{"line":380,"column":85}},"100":{"start":{"line":380,"column":46},"end":{"line":380,"column":83}},"101":{"start":{"line":381,"column":4},"end":{"line":381,"column":97}},"102":{"start":{"line":381,"column":58},"end":{"line":381,"column":95}},"103":{"start":{"line":389,"column":22},"end":{"line":392,"column":56}},"104":{"start":{"line":394,"column":4},"end":{"line":394,"column":21}},"105":{"start":{"line":401,"column":4},"end":{"line":401,"column":74}},"106":{"start":{"line":408,"column":9},"end":{"line":408,"column":21}},"107":{"start":{"line":406,"column":21},"end":{"line":406,"column":39}},"108":{"start":{"line":408,"column":23},"end":{"line":408,"column":35}}},"fnMap":{"0":{"name":"(anonymous_0)","decl":{"start":{"line":45,"column":2},"end":{"line":45,"column":null}},"loc":{"start":{"line":45,"column":2},"end":{"line":54,"column":3}}},"1":{"name":"(anonymous_1)","decl":{"start":{"line":49,"column":16},"end":{"line":49,"column":19}},"loc":{"start":{"line":49,"column":21},"end":{"line":53,"column":5}}},"2":{"name":"(anonymous_2)","decl":{"start":{"line":59,"column":2},"end":{"line":59,"column":14}},"loc":{"start":{"line":59,"column":14},"end":{"line":114,"column":3}}},"3":{"name":"(anonymous_3)","decl":{"start":{"line":60,"column":11},"end":{"line":60,"column":12}},"loc":{"start":{"line":60,"column":77},"end":{"line":113,"column":5}}},"4":{"name":"(anonymous_4)","decl":{"start":{"line":119,"column":2},"end":{"line":119,"column":19}},"loc":{"start":{"line":121,"column":39},"end":{"line":136,"column":3}}},"5":{"name":"(anonymous_5)","decl":{"start":{"line":141,"column":2},"end":{"line":141,"column":15}},"loc":{"start":{"line":141,"column":15},"end":{"line":144,"column":3}}},"6":{"name":"(anonymous_6)","decl":{"start":{"line":143,"column":12},"end":{"line":143,"column":13}},"loc":{"start":{"line":143,"column":22},"end":{"line":143,"column":47}}},"7":{"name":"(anonymous_7)","decl":{"start":{"line":149,"column":2},"end":{"line":149,"column":17}},"loc":{"start":{"line":149,"column":37},"end":{"line":151,"column":3}}},"8":{"name":"(anonymous_8)","decl":{"start":{"line":156,"column":2},"end":{"line":156,"column":17}},"loc":{"start":{"line":156,"column":50},"end":{"line":160,"column":3}}},"9":{"name":"(anonymous_9)","decl":{"start":{"line":158,"column":14},"end":{"line":158,"column":19}},"loc":{"start":{"line":158,"column":23},"end":{"line":158,"column":67}}},"10":{"name":"(anonymous_10)","decl":{"start":{"line":165,"column":2},"end":{"line":165,"column":17}},"loc":{"start":{"line":165,"column":36},"end":{"line":167,"column":3}}},"11":{"name":"(anonymous_11)","decl":{"start":{"line":172,"column":2},"end":{"line":172,"column":18}},"loc":{"start":{"line":172,"column":18},"end":{"line":218,"column":3}}},"12":{"name":"(anonymous_12)","decl":{"start":{"line":185,"column":28},"end":{"line":185,"column":29}},"loc":{"start":{"line":185,"column":44},"end":{"line":201,"column":5}}},"13":{"name":"(anonymous_13)","decl":{"start":{"line":205,"column":6},"end":{"line":205,"column":11}},"loc":{"start":{"line":205,"column":15},"end":{"line":205,"column":70}}},"14":{"name":"(anonymous_14)","decl":{"start":{"line":223,"column":10},"end":{"line":223,"column":21}},"loc":{"start":{"line":223,"column":48},"end":{"line":230,"column":3}}},"15":{"name":"(anonymous_15)","decl":{"start":{"line":235,"column":10},"end":{"line":235,"column":34}},"loc":{"start":{"line":235,"column":34},"end":{"line":289,"column":3}}},"16":{"name":"(anonymous_16)","decl":{"start":{"line":237,"column":36},"end":{"line":237,"column":37}},"loc":{"start":{"line":237,"column":53},"end":{"line":258,"column":5}}},"17":{"name":"(anonymous_17)","decl":{"start":{"line":261,"column":37},"end":{"line":261,"column":38}},"loc":{"start":{"line":261,"column":76},"end":{"line":276,"column":5}}},"18":{"name":"(anonymous_18)","decl":{"start":{"line":279,"column":26},"end":{"line":279,"column":27}},"loc":{"start":{"line":279,"column":45},"end":{"line":288,"column":5}}},"19":{"name":"(anonymous_19)","decl":{"start":{"line":294,"column":10},"end":{"line":294,"column":26}},"loc":{"start":{"line":294,"column":26},"end":{"line":334,"column":3}}},"20":{"name":"(anonymous_20)","decl":{"start":{"line":299,"column":44},"end":{"line":299,"column":49}},"loc":{"start":{"line":299,"column":53},"end":{"line":299,"column":82}}},"21":{"name":"(anonymous_21)","decl":{"start":{"line":304,"column":25},"end":{"line":304,"column":30}},"loc":{"start":{"line":304,"column":33},"end":{"line":310,"column":5}}},"22":{"name":"(anonymous_22)","decl":{"start":{"line":314,"column":24},"end":{"line":314,"column":25}},"loc":{"start":{"line":314,"column":41},"end":{"line":333,"column":5}}},"23":{"name":"(anonymous_23)","decl":{"start":{"line":316,"column":61},"end":{"line":316,"column":62}},"loc":{"start":{"line":316,"column":66},"end":{"line":316,"column":87}}},"24":{"name":"(anonymous_24)","decl":{"start":{"line":339,"column":10},"end":{"line":339,"column":25}},"loc":{"start":{"line":339,"column":41},"end":{"line":359,"column":3}}},"25":{"name":"(anonymous_25)","decl":{"start":{"line":364,"column":10},"end":{"line":364,"column":28}},"loc":{"start":{"line":364,"column":28},"end":{"line":373,"column":3}}},"26":{"name":"(anonymous_26)","decl":{"start":{"line":378,"column":10},"end":{"line":378,"column":24}},"loc":{"start":{"line":378,"column":24},"end":{"line":382,"column":3}}},"27":{"name":"(anonymous_27)","decl":{"start":{"line":380,"column":37},"end":{"line":380,"column":42}},"loc":{"start":{"line":380,"column":46},"end":{"line":380,"column":83}}},"28":{"name":"(anonymous_28)","decl":{"start":{"line":381,"column":49},"end":{"line":381,"column":54}},"loc":{"start":{"line":381,"column":58},"end":{"line":381,"column":95}}},"29":{"name":"(anonymous_29)","decl":{"start":{"line":387,"column":10},"end":{"line":387,"column":30}},"loc":{"start":{"line":387,"column":46},"end":{"line":395,"column":3}}},"30":{"name":"(anonymous_30)","decl":{"start":{"line":400,"column":10},"end":{"line":400,"column":25}},"loc":{"start":{"line":400,"column":25},"end":{"line":402,"column":3}}}},"branchMap":{"0":{"loc":{"start":{"line":65,"column":21},"end":{"line":65,"column":52}},"type":"binary-expr","locations":[{"start":{"line":65,"column":21},"end":{"line":65,"column":45}},{"start":{"line":65,"column":49},"end":{"line":65,"column":52}}]},"1":{"loc":{"start":{"line":67,"column":13},"end":{"line":67,"column":39}},"type":"binary-expr","locations":[{"start":{"line":67,"column":13},"end":{"line":67,"column":28}},{"start":{"line":67,"column":32},"end":{"line":67,"column":39}}]},"2":{"loc":{"start":{"line":68,"column":16},"end":{"line":68,"column":37}},"type":"cond-expr","locations":[{"start":{"line":68,"column":33},"end":{"line":68,"column":35}},{"start":{"line":68,"column":33},"end":{"line":68,"column":37}}]},"3":{"loc":{"start":{"line":68,"column":16},"end":{"line":68,"column":35}},"type":"binary-expr","locations":[{"start":{"line":68,"column":16},"end":{"line":68,"column":35}},{"start":{"line":68,"column":33},"end":{"line":68,"column":35}}]},"4":{"loc":{"start":{"line":70,"column":12},"end":{"line":70,"column":63}},"type":"binary-expr","locations":[{"start":{"line":70,"column":12},"end":{"line":70,"column":18}},{"start":{"line":70,"column":22},"end":{"line":70,"column":50}},{"start":{"line":70,"column":54},"end":{"line":70,"column":63}}]},"5":{"loc":{"start":{"line":83,"column":6},"end":{"line":98,"column":7}},"type":"if","locations":[{"start":{"line":83,"column":6},"end":{"line":98,"column":7}},{"start":{"line":91,"column":13},"end":{"line":98,"column":7}}]},"6":{"loc":{"start":{"line":91,"column":13},"end":{"line":98,"column":7}},"type":"if","locations":[{"start":{"line":91,"column":13},"end":{"line":98,"column":7}}]},"7":{"loc":{"start":{"line":101,"column":6},"end":{"line":112,"column":7}},"type":"if","locations":[{"start":{"line":101,"column":6},"end":{"line":112,"column":7}}]},"8":{"loc":{"start":{"line":107,"column":21},"end":{"line":107,"column":93}},"type":"cond-expr","locations":[{"start":{"line":107,"column":37},"end":{"line":107,"column":50}},{"start":{"line":107,"column":53},"end":{"line":107,"column":93}}]},"9":{"loc":{"start":{"line":109,"column":16},"end":{"line":109,"column":55}},"type":"binary-expr","locations":[{"start":{"line":109,"column":16},"end":{"line":109,"column":29}},{"start":{"line":109,"column":33},"end":{"line":109,"column":55}}]},"10":{"loc":{"start":{"line":121,"column":4},"end":{"line":121,"column":39}},"type":"default-arg","locations":[{"start":{"line":121,"column":37},"end":{"line":121,"column":39}}]},"11":{"loc":{"start":{"line":149,"column":18},"end":{"line":149,"column":37}},"type":"default-arg","locations":[{"start":{"line":149,"column":34},"end":{"line":149,"column":37}}]},"12":{"loc":{"start":{"line":156,"column":32},"end":{"line":156,"column":50}},"type":"default-arg","locations":[{"start":{"line":156,"column":48},"end":{"line":156,"column":50}}]},"13":{"loc":{"start":{"line":165,"column":18},"end":{"line":165,"column":36}},"type":"default-arg","locations":[{"start":{"line":165,"column":34},"end":{"line":165,"column":36}}]},"14":{"loc":{"start":{"line":186,"column":6},"end":{"line":200,"column":7}},"type":"if","locations":[{"start":{"line":186,"column":6},"end":{"line":200,"column":7}},{"start":{"line":193,"column":13},"end":{"line":200,"column":7}}]},"15":{"loc":{"start":{"line":193,"column":13},"end":{"line":200,"column":7}},"type":"if","locations":[{"start":{"line":193,"column":13},"end":{"line":200,"column":7}}]},"16":{"loc":{"start":{"line":208,"column":4},"end":{"line":215,"column":5}},"type":"if","locations":[{"start":{"line":208,"column":4},"end":{"line":215,"column":5}}]},"17":{"loc":{"start":{"line":227,"column":4},"end":{"line":229,"column":5}},"type":"if","locations":[{"start":{"line":227,"column":4},"end":{"line":229,"column":5}}]},"18":{"loc":{"start":{"line":254,"column":6},"end":{"line":257,"column":7}},"type":"if","locations":[{"start":{"line":254,"column":6},"end":{"line":257,"column":7}}]},"19":{"loc":{"start":{"line":266,"column":17},"end":{"line":266,"column":50}},"type":"binary-expr","locations":[{"start":{"line":266,"column":17},"end":{"line":266,"column":32}},{"start":{"line":266,"column":36},"end":{"line":266,"column":50}}]},"20":{"loc":{"start":{"line":266,"column":17},"end":{"line":266,"column":32}},"type":"cond-expr","locations":[{"start":{"line":266,"column":23},"end":{"line":266,"column":25}},{"start":{"line":266,"column":17},"end":{"line":266,"column":32}}]},"21":{"loc":{"start":{"line":266,"column":17},"end":{"line":266,"column":25}},"type":"binary-expr","locations":[{"start":{"line":266,"column":17},"end":{"line":266,"column":25}},{"start":{"line":266,"column":17},"end":{"line":266,"column":25}}]},"22":{"loc":{"start":{"line":267,"column":15},"end":{"line":267,"column":28}},"type":"cond-expr","locations":[{"start":{"line":267,"column":21},"end":{"line":267,"column":23}},{"start":{"line":267,"column":15},"end":{"line":267,"column":28}}]},"23":{"loc":{"start":{"line":267,"column":15},"end":{"line":267,"column":23}},"type":"binary-expr","locations":[{"start":{"line":267,"column":15},"end":{"line":267,"column":23}},{"start":{"line":267,"column":15},"end":{"line":267,"column":23}}]},"24":{"loc":{"start":{"line":272,"column":47},"end":{"line":272,"column":80}},"type":"binary-expr","locations":[{"start":{"line":272,"column":47},"end":{"line":272,"column":62}},{"start":{"line":272,"column":66},"end":{"line":272,"column":80}}]},"25":{"loc":{"start":{"line":272,"column":47},"end":{"line":272,"column":62}},"type":"cond-expr","locations":[{"start":{"line":272,"column":53},"end":{"line":272,"column":55}},{"start":{"line":272,"column":47},"end":{"line":272,"column":62}}]},"26":{"loc":{"start":{"line":272,"column":47},"end":{"line":272,"column":55}},"type":"binary-expr","locations":[{"start":{"line":272,"column":47},"end":{"line":272,"column":55}},{"start":{"line":272,"column":47},"end":{"line":272,"column":55}}]},"27":{"loc":{"start":{"line":274,"column":41},"end":{"line":274,"column":54}},"type":"cond-expr","locations":[{"start":{"line":274,"column":47},"end":{"line":274,"column":49}},{"start":{"line":274,"column":41},"end":{"line":274,"column":54}}]},"28":{"loc":{"start":{"line":274,"column":41},"end":{"line":274,"column":49}},"type":"binary-expr","locations":[{"start":{"line":274,"column":41},"end":{"line":274,"column":49}},{"start":{"line":274,"column":41},"end":{"line":274,"column":49}}]},"29":{"loc":{"start":{"line":306,"column":6},"end":{"line":308,"column":7}},"type":"if","locations":[{"start":{"line":306,"column":6},"end":{"line":308,"column":7}}]},"30":{"loc":{"start":{"line":320,"column":6},"end":{"line":324,"column":7}},"type":"if","locations":[{"start":{"line":320,"column":6},"end":{"line":324,"column":7}},{"start":{"line":322,"column":13},"end":{"line":324,"column":7}}]},"31":{"loc":{"start":{"line":322,"column":13},"end":{"line":324,"column":7}},"type":"if","locations":[{"start":{"line":322,"column":13},"end":{"line":324,"column":7}}]},"32":{"loc":{"start":{"line":342,"column":4},"end":{"line":358,"column":5}},"type":"if","locations":[{"start":{"line":342,"column":4},"end":{"line":358,"column":5}},{"start":{"line":344,"column":11},"end":{"line":358,"column":5}}]},"33":{"loc":{"start":{"line":342,"column":8},"end":{"line":342,"column":80}},"type":"binary-expr","locations":[{"start":{"line":342,"column":8},"end":{"line":342,"column":41}},{"start":{"line":342,"column":45},"end":{"line":342,"column":80}}]},"34":{"loc":{"start":{"line":344,"column":11},"end":{"line":358,"column":5}},"type":"if","locations":[{"start":{"line":344,"column":11},"end":{"line":358,"column":5}},{"start":{"line":346,"column":11},"end":{"line":358,"column":5}}]},"35":{"loc":{"start":{"line":346,"column":11},"end":{"line":358,"column":5}},"type":"if","locations":[{"start":{"line":346,"column":11},"end":{"line":358,"column":5}},{"start":{"line":348,"column":11},"end":{"line":358,"column":5}}]},"36":{"loc":{"start":{"line":346,"column":15},"end":{"line":346,"column":86}},"type":"binary-expr","locations":[{"start":{"line":346,"column":15},"end":{"line":346,"column":50}},{"start":{"line":346,"column":54},"end":{"line":346,"column":86}}]},"37":{"loc":{"start":{"line":348,"column":11},"end":{"line":358,"column":5}},"type":"if","locations":[{"start":{"line":348,"column":11},"end":{"line":358,"column":5}},{"start":{"line":350,"column":11},"end":{"line":358,"column":5}}]},"38":{"loc":{"start":{"line":348,"column":15},"end":{"line":348,"column":85}},"type":"binary-expr","locations":[{"start":{"line":348,"column":15},"end":{"line":348,"column":44}},{"start":{"line":348,"column":48},"end":{"line":348,"column":85}}]},"39":{"loc":{"start":{"line":350,"column":11},"end":{"line":358,"column":5}},"type":"if","locations":[{"start":{"line":350,"column":11},"end":{"line":358,"column":5}},{"start":{"line":352,"column":11},"end":{"line":358,"column":5}}]},"40":{"loc":{"start":{"line":350,"column":15},"end":{"line":350,"column":81}},"type":"binary-expr","locations":[{"start":{"line":350,"column":15},"end":{"line":350,"column":49}},{"start":{"line":350,"column":53},"end":{"line":350,"column":81}}]},"41":{"loc":{"start":{"line":352,"column":11},"end":{"line":358,"column":5}},"type":"if","locations":[{"start":{"line":352,"column":11},"end":{"line":358,"column":5}},{"start":{"line":354,"column":11},"end":{"line":358,"column":5}}]},"42":{"loc":{"start":{"line":354,"column":11},"end":{"line":358,"column":5}},"type":"if","locations":[{"start":{"line":354,"column":11},"end":{"line":358,"column":5}},{"start":{"line":356,"column":11},"end":{"line":358,"column":5}}]},"43":{"loc":{"start":{"line":367,"column":4},"end":{"line":372,"column":5}},"type":"if","locations":[{"start":{"line":367,"column":4},"end":{"line":372,"column":5}}]}},"s":{"0":0,"1":0,"2":0,"3":0,"4":0,"5":0,"6":0,"7":0,"8":0,"9":0,"10":0,"11":0,"12":0,"13":0,"14":0,"15":0,"16":0,"17":0,"18":0,"19":0,"20":0,"21":0,"22":0,"23":0,"24":0,"25":0,"26":0,"27":0,"28":0,"29":0,"30":0,"31":0,"32":0,"33":0,"34":0,"35":0,"36":0,"37":0,"38":0,"39":0,"40":0,"41":0,"42":0,"43":0,"44":0,"45":0,"46":0,"47":0,"48":0,"49":0,"50":0,"51":0,"52":0,"53":0,"54":0,"55":0,"56":0,"57":0,"58":0,"59":0,"60":0,"61":0,"62":0,"63":0,"64":0,"65":0,"66":0,"67":0,"68":0,"69":0,"70":0,"71":0,"72":0,"73":0,"74":0,"75":0,"76":0,"77":0,"78":0,"79":0,"80":0,"81":0,"82":0,"83":0,"84":0,"85":0,"86":0,"87":0,"88":0,"89":0,"90":0,"91":0,"92":0,"93":0,"94":0,"95":0,"96":0,"97":0,"98":0,"99":0,"100":0,"101":0,"102":0,"103":0,"104":0,"105":0,"106":0,"107":0,"108":0},"f":{"0":0,"1":0,"2":0,"3":0,"4":0,"5":0,"6":0,"7":0,"8":0,"9":0,"10":0,"11":0,"12":0,"13":0,"14":0,"15":0,"16":0,"17":0,"18":0,"19":0,"20":0,"21":0,"22":0,"23":0,"24":0,"25":0,"26":0,"27":0,"28":0,"29":0,"30":0},"b":{"0":[0,0],"1":[0,0],"2":[0,0],"3":[0,0],"4":[0,0,0],"5":[0,0],"6":[0],"7":[0],"8":[0,0],"9":[0,0],"10":[0],"11":[0],"12":[0],"13":[0],"14":[0,0],"15":[0],"16":[0],"17":[0],"18":[0],"19":[0,0],"20":[0,0],"21":[0,0],"22":[0,0],"23":[0,0],"24":[0,0],"25":[0,0],"26":[0,0],"27":[0,0],"28":[0,0],"29":[0],"30":[0,0],"31":[0],"32":[0,0],"33":[0,0],"34":[0,0],"35":[0,0],"36":[0,0],"37":[0,0],"38":[0,0],"39":[0,0],"40":[0,0],"41":[0,0],"42":[0,0],"43":[0]}}
,"/Users/naxi/project/cursor/local-life-service-app/backend/src/middleware/performance.ts": {"path":"/Users/naxi/project/cursor/local-life-service-app/backend/src/middleware/performance.ts","statementMap":{"0":{"start":{"line":2,"column":0},"end":{"line":2,"column":41}},"1":{"start":{"line":35,"column":10},"end":{"line":35,"column":45}},"2":{"start":{"line":36,"column":10},"end":{"line":36,"column":67}},"3":{"start":{"line":37,"column":19},"end":{"line":37,"column":49}},"4":{"start":{"line":38,"column":19},"end":{"line":38,"column":45}},"5":{"start":{"line":39,"column":19},"end":{"line":39,"column":49}},"6":{"start":{"line":43,"column":4},"end":{"line":46,"column":35}},"7":{"start":{"line":44,"column":6},"end":{"line":44,"column":29}},"8":{"start":{"line":45,"column":6},"end":{"line":45,"column":25}},"9":{"start":{"line":49,"column":4},"end":{"line":51,"column":14}},"10":{"start":{"line":50,"column":6},"end":{"line":50,"column":30}},"11":{"start":{"line":58,"column":4},"end":{"line":98,"column":6}},"12":{"start":{"line":59,"column":24},"end":{"line":59,"column":41}},"13":{"start":{"line":60,"column":24},"end":{"line":60,"column":48}},"14":{"start":{"line":63,"column":6},"end":{"line":63,"column":47}},"15":{"start":{"line":66,"column":6},"end":{"line":95,"column":9}},"16":{"start":{"line":67,"column":24},"end":{"line":67,"column":41}},"17":{"start":{"line":68,"column":25},"end":{"line":68,"column":44}},"18":{"start":{"line":70,"column":43},"end":{"line":81,"column":10}},"19":{"start":{"line":83,"column":8},"end":{"line":83,"column":34}},"20":{"start":{"line":86,"column":8},"end":{"line":94,"column":9}},"21":{"start":{"line":87,"column":10},"end":{"line":93,"column":13}},"22":{"start":{"line":97,"column":6},"end":{"line":97,"column":13}},"23":{"start":{"line":105,"column":4},"end":{"line":105,"column":30}},"24":{"start":{"line":108,"column":4},"end":{"line":110,"column":5}},"25":{"start":{"line":109,"column":6},"end":{"line":109,"column":65}},"26":{"start":{"line":117,"column":16},"end":{"line":117,"column":26}},"27":{"start":{"line":118,"column":23},"end":{"line":118,"column":63}},"28":{"start":{"line":121,"column":26},"end":{"line":121,"column":77}},"29":{"start":{"line":121,"column":51},"end":{"line":121,"column":76}},"30":{"start":{"line":124,"column":27},"end":{"line":124,"column":66}},"31":{"start":{"line":126,"column":4},"end":{"line":132,"column":7}},"32":{"start":{"line":127,"column":23},"end":{"line":127,"column":57}},"33":{"start":{"line":128,"column":6},"end":{"line":130,"column":7}},"34":{"start":{"line":129,"column":8},"end":{"line":129,"column":41}},"35":{"start":{"line":131,"column":6},"end":{"line":131,"column":49}},"36":{"start":{"line":135,"column":4},"end":{"line":151,"column":7}},"37":{"start":{"line":136,"column":28},"end":{"line":136,"column":42}},"38":{"start":{"line":137,"column":25},"end":{"line":137,"column":72}},"39":{"start":{"line":137,"column":45},"end":{"line":137,"column":64}},"40":{"start":{"line":138,"column":24},"end":{"line":138,"column":92}},"41":{"start":{"line":138,"column":44},"end":{"line":138,"column":84}},"42":{"start":{"line":139,"column":34},"end":{"line":139,"column":97}},"43":{"start":{"line":139,"column":61},"end":{"line":139,"column":77}},"44":{"start":{"line":141,"column":41},"end":{"line":148,"column":8}},"45":{"start":{"line":150,"column":6},"end":{"line":150,"column":43}},"46":{"start":{"line":158,"column":4},"end":{"line":159,"column":57}},"47":{"start":{"line":159,"column":22},"end":{"line":159,"column":55}},"48":{"start":{"line":166,"column":4},"end":{"line":172,"column":6}},"49":{"start":{"line":179,"column":4},"end":{"line":179,"column":38}},"50":{"start":{"line":186,"column":31},"end":{"line":186,"column":63}},"51":{"start":{"line":187,"column":4},"end":{"line":189,"column":21}},"52":{"start":{"line":188,"column":19},"end":{"line":188,"column":71}},"53":{"start":{"line":196,"column":96},"end":{"line":196,"column":98}},"54":{"start":{"line":199,"column":21},"end":{"line":199,"column":42}},"55":{"start":{"line":200,"column":23},"end":{"line":200,"column":54}},"56":{"start":{"line":202,"column":4},"end":{"line":214,"column":5}},"57":{"start":{"line":203,"column":6},"end":{"line":207,"column":9}},"58":{"start":{"line":208,"column":11},"end":{"line":214,"column":5}},"59":{"start":{"line":209,"column":6},"end":{"line":213,"column":9}},"60":{"start":{"line":217,"column":26},"end":{"line":217,"column":53}},"61":{"start":{"line":218,"column":4},"end":{"line":234,"column":5}},"62":{"start":{"line":219,"column":31},"end":{"line":219,"column":128}},"63":{"start":{"line":219,"column":57},"end":{"line":219,"column":97}},"64":{"start":{"line":221,"column":6},"end":{"line":233,"column":7}},"65":{"start":{"line":222,"column":8},"end":{"line":226,"column":11}},"66":{"start":{"line":227,"column":13},"end":{"line":233,"column":7}},"67":{"start":{"line":228,"column":8},"end":{"line":232,"column":11}},"68":{"start":{"line":237,"column":4},"end":{"line":253,"column":5}},"69":{"start":{"line":238,"column":24},"end":{"line":238,"column":100}},"70":{"start":{"line":238,"column":50},"end":{"line":238,"column":69}},"71":{"start":{"line":240,"column":6},"end":{"line":252,"column":7}},"72":{"start":{"line":241,"column":8},"end":{"line":245,"column":11}},"73":{"start":{"line":246,"column":13},"end":{"line":252,"column":7}},"74":{"start":{"line":247,"column":8},"end":{"line":251,"column":11}},"75":{"start":{"line":255,"column":4},"end":{"line":255,"column":18}},"76":{"start":{"line":262,"column":23},"end":{"line":262,"column":64}},"77":{"start":{"line":263,"column":4},"end":{"line":263,"column":71}},"78":{"start":{"line":263,"column":44},"end":{"line":263,"column":69}},"79":{"start":{"line":270,"column":20},"end":{"line":270,"column":43}},"80":{"start":{"line":271,"column":23},"end":{"line":271,"column":65}},"81":{"start":{"line":273,"column":4},"end":{"line":277,"column":7}},"82":{"start":{"line":285,"column":21},"end":{"line":285,"column":38}},"83":{"start":{"line":288,"column":4},"end":{"line":291,"column":48}},"84":{"start":{"line":298,"column":4},"end":{"line":298,"column":74}},"85":{"start":{"line":305,"column":9},"end":{"line":305,"column":27}},"86":{"start":{"line":303,"column":27},"end":{"line":303,"column":51}},"87":{"start":{"line":305,"column":29},"end":{"line":305,"column":47}}},"fnMap":{"0":{"name":"(anonymous_0)","decl":{"start":{"line":41,"column":2},"end":{"line":41,"column":null}},"loc":{"start":{"line":41,"column":2},"end":{"line":52,"column":3}}},"1":{"name":"(anonymous_1)","decl":{"start":{"line":43,"column":16},"end":{"line":43,"column":19}},"loc":{"start":{"line":43,"column":21},"end":{"line":46,"column":5}}},"2":{"name":"(anonymous_2)","decl":{"start":{"line":49,"column":16},"end":{"line":49,"column":19}},"loc":{"start":{"line":49,"column":21},"end":{"line":51,"column":5}}},"3":{"name":"(anonymous_3)","decl":{"start":{"line":57,"column":2},"end":{"line":57,"column":12}},"loc":{"start":{"line":57,"column":12},"end":{"line":99,"column":3}}},"4":{"name":"(anonymous_4)","decl":{"start":{"line":58,"column":11},"end":{"line":58,"column":12}},"loc":{"start":{"line":58,"column":63},"end":{"line":98,"column":5}}},"5":{"name":"(anonymous_5)","decl":{"start":{"line":66,"column":23},"end":{"line":66,"column":26}},"loc":{"start":{"line":66,"column":28},"end":{"line":95,"column":7}}},"6":{"name":"(anonymous_6)","decl":{"start":{"line":104,"column":10},"end":{"line":104,"column":22}},"loc":{"start":{"line":104,"column":49},"end":{"line":111,"column":3}}},"7":{"name":"(anonymous_7)","decl":{"start":{"line":116,"column":10},"end":{"line":116,"column":21}},"loc":{"start":{"line":116,"column":21},"end":{"line":152,"column":3}}},"8":{"name":"(anonymous_8)","decl":{"start":{"line":121,"column":46},"end":{"line":121,"column":47}},"loc":{"start":{"line":121,"column":51},"end":{"line":121,"column":76}}},"9":{"name":"(anonymous_9)","decl":{"start":{"line":126,"column":26},"end":{"line":126,"column":32}},"loc":{"start":{"line":126,"column":35},"end":{"line":132,"column":5}}},"10":{"name":"(anonymous_10)","decl":{"start":{"line":135,"column":27},"end":{"line":135,"column":28}},"loc":{"start":{"line":135,"column":49},"end":{"line":151,"column":5}}},"11":{"name":"(anonymous_11)","decl":{"start":{"line":137,"column":40},"end":{"line":137,"column":41}},"loc":{"start":{"line":137,"column":45},"end":{"line":137,"column":64}}},"12":{"name":"(anonymous_12)","decl":{"start":{"line":138,"column":39},"end":{"line":138,"column":40}},"loc":{"start":{"line":138,"column":44},"end":{"line":138,"column":84}}},"13":{"name":"(anonymous_13)","decl":{"start":{"line":139,"column":49},"end":{"line":139,"column":50}},"loc":{"start":{"line":139,"column":61},"end":{"line":139,"column":77}}},"14":{"name":"(anonymous_14)","decl":{"start":{"line":157,"column":2},"end":{"line":157,"column":13}},"loc":{"start":{"line":157,"column":13},"end":{"line":160,"column":3}}},"15":{"name":"(anonymous_15)","decl":{"start":{"line":159,"column":12},"end":{"line":159,"column":13}},"loc":{"start":{"line":159,"column":22},"end":{"line":159,"column":55}}},"16":{"name":"(anonymous_16)","decl":{"start":{"line":165,"column":2},"end":{"line":165,"column":18}},"loc":{"start":{"line":165,"column":18},"end":{"line":173,"column":3}}},"17":{"name":"(anonymous_17)","decl":{"start":{"line":178,"column":2},"end":{"line":178,"column":18}},"loc":{"start":{"line":178,"column":38},"end":{"line":180,"column":3}}},"18":{"name":"(anonymous_18)","decl":{"start":{"line":185,"column":2},"end":{"line":185,"column":20}},"loc":{"start":{"line":185,"column":57},"end":{"line":190,"column":3}}},"19":{"name":"(anonymous_19)","decl":{"start":{"line":188,"column":14},"end":{"line":188,"column":15}},"loc":{"start":{"line":188,"column":19},"end":{"line":188,"column":71}}},"20":{"name":"(anonymous_20)","decl":{"start":{"line":195,"column":2},"end":{"line":195,"column":13}},"loc":{"start":{"line":195,"column":13},"end":{"line":256,"column":3}}},"21":{"name":"(anonymous_21)","decl":{"start":{"line":219,"column":52},"end":{"line":219,"column":53}},"loc":{"start":{"line":219,"column":57},"end":{"line":219,"column":97}}},"22":{"name":"(anonymous_22)","decl":{"start":{"line":238,"column":45},"end":{"line":238,"column":46}},"loc":{"start":{"line":238,"column":50},"end":{"line":238,"column":69}}},"23":{"name":"(anonymous_23)","decl":{"start":{"line":261,"column":10},"end":{"line":261,"column":25}},"loc":{"start":{"line":261,"column":25},"end":{"line":264,"column":3}}},"24":{"name":"(anonymous_24)","decl":{"start":{"line":263,"column":39},"end":{"line":263,"column":40}},"loc":{"start":{"line":263,"column":44},"end":{"line":263,"column":69}}},"25":{"name":"(anonymous_25)","decl":{"start":{"line":269,"column":10},"end":{"line":269,"column":26}},"loc":{"start":{"line":269,"column":26},"end":{"line":278,"column":3}}},"26":{"name":"(anonymous_26)","decl":{"start":{"line":283,"column":10},"end":{"line":283,"column":27}},"loc":{"start":{"line":283,"column":39},"end":{"line":292,"column":3}}},"27":{"name":"(anonymous_27)","decl":{"start":{"line":297,"column":10},"end":{"line":297,"column":27}},"loc":{"start":{"line":297,"column":27},"end":{"line":299,"column":3}}}},"branchMap":{"0":{"loc":{"start":{"line":73,"column":15},"end":{"line":73,"column":41}},"type":"binary-expr","locations":[{"start":{"line":73,"column":15},"end":{"line":73,"column":30}},{"start":{"line":73,"column":34},"end":{"line":73,"column":41}}]},"1":{"loc":{"start":{"line":79,"column":18},"end":{"line":79,"column":39}},"type":"cond-expr","locations":[{"start":{"line":79,"column":35},"end":{"line":79,"column":37}},{"start":{"line":79,"column":35},"end":{"line":79,"column":39}}]},"2":{"loc":{"start":{"line":79,"column":18},"end":{"line":79,"column":37}},"type":"binary-expr","locations":[{"start":{"line":79,"column":18},"end":{"line":79,"column":37}},{"start":{"line":79,"column":35},"end":{"line":79,"column":37}}]},"3":{"loc":{"start":{"line":80,"column":14},"end":{"line":80,"column":65}},"type":"binary-expr","locations":[{"start":{"line":80,"column":14},"end":{"line":80,"column":20}},{"start":{"line":80,"column":24},"end":{"line":80,"column":52}},{"start":{"line":80,"column":56},"end":{"line":80,"column":65}}]},"4":{"loc":{"start":{"line":86,"column":8},"end":{"line":94,"column":9}},"type":"if","locations":[{"start":{"line":86,"column":8},"end":{"line":94,"column":9}}]},"5":{"loc":{"start":{"line":108,"column":4},"end":{"line":110,"column":5}},"type":"if","locations":[{"start":{"line":108,"column":4},"end":{"line":110,"column":5}}]},"6":{"loc":{"start":{"line":128,"column":6},"end":{"line":130,"column":7}},"type":"if","locations":[{"start":{"line":128,"column":6},"end":{"line":130,"column":7}}]},"7":{"loc":{"start":{"line":170,"column":25},"end":{"line":170,"column":76}},"type":"binary-expr","locations":[{"start":{"line":170,"column":25},"end":{"line":170,"column":71}},{"start":{"line":170,"column":75},"end":{"line":170,"column":76}}]},"8":{"loc":{"start":{"line":170,"column":25},"end":{"line":170,"column":71}},"type":"cond-expr","locations":[{"start":{"line":170,"column":60},"end":{"line":170,"column":65}},{"start":{"line":170,"column":60},"end":{"line":170,"column":71}}]},"9":{"loc":{"start":{"line":170,"column":25},"end":{"line":170,"column":65}},"type":"binary-expr","locations":[{"start":{"line":170,"column":25},"end":{"line":170,"column":65}},{"start":{"line":170,"column":60},"end":{"line":170,"column":65}}]},"10":{"loc":{"start":{"line":178,"column":19},"end":{"line":178,"column":38}},"type":"default-arg","locations":[{"start":{"line":178,"column":35},"end":{"line":178,"column":38}}]},"11":{"loc":{"start":{"line":185,"column":39},"end":{"line":185,"column":57}},"type":"default-arg","locations":[{"start":{"line":185,"column":55},"end":{"line":185,"column":57}}]},"12":{"loc":{"start":{"line":202,"column":4},"end":{"line":214,"column":5}},"type":"if","locations":[{"start":{"line":202,"column":4},"end":{"line":214,"column":5}},{"start":{"line":208,"column":11},"end":{"line":214,"column":5}}]},"13":{"loc":{"start":{"line":208,"column":11},"end":{"line":214,"column":5}},"type":"if","locations":[{"start":{"line":208,"column":11},"end":{"line":214,"column":5}}]},"14":{"loc":{"start":{"line":218,"column":4},"end":{"line":234,"column":5}},"type":"if","locations":[{"start":{"line":218,"column":4},"end":{"line":234,"column":5}}]},"15":{"loc":{"start":{"line":221,"column":6},"end":{"line":233,"column":7}},"type":"if","locations":[{"start":{"line":221,"column":6},"end":{"line":233,"column":7}},{"start":{"line":227,"column":13},"end":{"line":233,"column":7}}]},"16":{"loc":{"start":{"line":227,"column":13},"end":{"line":233,"column":7}},"type":"if","locations":[{"start":{"line":227,"column":13},"end":{"line":233,"column":7}}]},"17":{"loc":{"start":{"line":237,"column":4},"end":{"line":253,"column":5}},"type":"if","locations":[{"start":{"line":237,"column":4},"end":{"line":253,"column":5}}]},"18":{"loc":{"start":{"line":240,"column":6},"end":{"line":252,"column":7}},"type":"if","locations":[{"start":{"line":240,"column":6},"end":{"line":252,"column":7}},{"start":{"line":246,"column":13},"end":{"line":252,"column":7}}]},"19":{"loc":{"start":{"line":246,"column":13},"end":{"line":252,"column":7}},"type":"if","locations":[{"start":{"line":246,"column":13},"end":{"line":252,"column":7}}]}},"s":{"0":0,"1":0,"2":0,"3":0,"4":0,"5":0,"6":0,"7":0,"8":0,"9":0,"10":0,"11":0,"12":0,"13":0,"14":0,"15":0,"16":0,"17":0,"18":0,"19":0,"20":0,"21":0,"22":0,"23":0,"24":0,"25":0,"26":0,"27":0,"28":0,"29":0,"30":0,"31":0,"32":0,"33":0,"34":0,"35":0,"36":0,"37":0,"38":0,"39":0,"40":0,"41":0,"42":0,"43":0,"44":0,"45":0,"46":0,"47":0,"48":0,"49":0,"50":0,"51":0,"52":0,"53":0,"54":0,"55":0,"56":0,"57":0,"58":0,"59":0,"60":0,"61":0,"62":0,"63":0,"64":0,"65":0,"66":0,"67":0,"68":0,"69":0,"70":0,"71":0,"72":0,"73":0,"74":0,"75":0,"76":0,"77":0,"78":0,"79":0,"80":0,"81":0,"82":0,"83":0,"84":0,"85":0,"86":0,"87":0},"f":{"0":0,"1":0,"2":0,"3":0,"4":0,"5":0,"6":0,"7":0,"8":0,"9":0,"10":0,"11":0,"12":0,"13":0,"14":0,"15":0,"16":0,"17":0,"18":0,"19":0,"20":0,"21":0,"22":0,"23":0,"24":0,"25":0,"26":0,"27":0},"b":{"0":[0,0],"1":[0,0],"2":[0,0],"3":[0,0,0],"4":[0],"5":[0],"6":[0],"7":[0,0],"8":[0,0],"9":[0,0],"10":[0],"11":[0],"12":[0,0],"13":[0],"14":[0],"15":[0,0],"16":[0],"17":[0],"18":[0,0],"19":[0]}}
}
