TN:
SF:../../backend/src/controllers/MonitorController.ts
FN:31,(anonymous_7)
FN:40,(anonymous_9)
FN:42,(anonymous_10)
FN:87,(anonymous_11)
FN:122,(anonymous_13)
FN:157,(anonymous_15)
FN:165,(anonymous_17)
FN:178,(anonymous_18)
FN:180,(anonymous_19)
FN:184,(anonymous_20)
FN:191,(anonymous_21)
FN:210,(anonymous_22)
FN:239,(anonymous_24)
FN:244,(anonymous_25)
FN:254,(anonymous_26)
FN:255,(anonymous_27)
FN:259,(anonymous_28)
FN:261,(anonymous_29)
FN:262,(anonymous_30)
FN:285,(anonymous_31)
FN:293,(anonymous_33)
FN:318,(anonymous_34)
FNF:22
FNH:0
FNDA:0,(anonymous_7)
FNDA:0,(anonymous_9)
FNDA:0,(anonymous_10)
FNDA:0,(anonymous_11)
FNDA:0,(anonymous_13)
FNDA:0,(anonymous_15)
FNDA:0,(anonymous_17)
FNDA:0,(anonymous_18)
FNDA:0,(anonymous_19)
FNDA:0,(anonymous_20)
FNDA:0,(anonymous_21)
FNDA:0,(anonymous_22)
FNDA:0,(anonymous_24)
FNDA:0,(anonymous_25)
FNDA:0,(anonymous_26)
FNDA:0,(anonymous_27)
FNDA:0,(anonymous_28)
FNDA:0,(anonymous_29)
FNDA:0,(anonymous_30)
FNDA:0,(anonymous_31)
FNDA:0,(anonymous_33)
FNDA:0,(anonymous_34)
DA:2,0
DA:3,0
DA:27,0
DA:32,0
DA:33,0
DA:34,0
DA:35,0
DA:38,0
DA:39,0
DA:40,0
DA:42,0
DA:43,0
DA:45,0
DA:70,0
DA:76,0
DA:77,0
DA:88,0
DA:89,0
DA:92,0
DA:93,0
DA:95,0
DA:98,0
DA:99,0
DA:101,0
DA:111,0
DA:112,0
DA:123,0
DA:124,0
DA:127,0
DA:128,0
DA:130,0
DA:133,0
DA:134,0
DA:136,0
DA:146,0
DA:147,0
DA:158,0
DA:159,0
DA:160,0
DA:161,0
DA:164,0
DA:165,0
DA:168,0
DA:178,0
DA:180,0
DA:184,0
DA:191,0
DA:194,0
DA:199,0
DA:200,0
DA:211,0
DA:212,0
DA:217,0
DA:219,0
DA:220,0
DA:221,0
DA:223,0
DA:224,0
DA:225,0
DA:227,0
DA:228,0
DA:229,0
DA:231,0
DA:232,0
DA:235,0
DA:236,0
DA:238,0
DA:239,0
DA:242,0
DA:244,0
DA:245,0
DA:246,0
DA:247,0
DA:249,0
DA:253,0
DA:254,0
DA:255,0
DA:259,0
DA:261,0
DA:262,0
DA:265,0
DA:274,0
DA:275,0
DA:286,0
DA:287,0
DA:288,0
DA:293,0
DA:294,0
DA:296,0
DA:306,0
DA:307,0
DA:319,0
DA:320,0
DA:321,0
DA:330,0
DA:335,0
DA:336,0
LF:97
LH:0
BRDA:39,0,0,0
BRDA:39,0,1,0
BRDA:43,1,0,0
BRDA:43,1,1,0
BRDA:89,2,0,0
BRDA:92,3,0,0
BRDA:92,3,1,0
BRDA:124,4,0,0
BRDA:127,5,0,0
BRDA:127,5,1,0
BRDA:177,6,0,0
BRDA:177,6,1,0
BRDA:186,7,0,0
BRDA:186,7,1,0
BRDA:212,8,0,0
BRDA:217,9,0,0
BRDA:217,9,1,0
BRDA:217,9,2,0
BRDA:217,9,3,0
BRDA:246,10,0,0
BRDA:258,11,0,0
BRDA:258,11,1,0
BRDA:296,12,0,0
BRDA:296,12,1,0
BRDA:298,13,0,0
BRDA:298,13,1,0
BRDA:303,14,0,0
BRDA:303,14,1,0
BRDA:320,15,0,0
BRF:29
BRH:0
end_of_record
TN:
SF:../../backend/src/middleware/errorMonitor.ts
FN:45,(anonymous_0)
FN:49,(anonymous_1)
FN:59,(anonymous_2)
FN:60,(anonymous_3)
FN:119,(anonymous_4)
FN:141,(anonymous_5)
FN:143,(anonymous_6)
FN:149,(anonymous_7)
FN:156,(anonymous_8)
FN:158,(anonymous_9)
FN:165,(anonymous_10)
FN:172,(anonymous_11)
FN:185,(anonymous_12)
FN:205,(anonymous_13)
FN:223,(anonymous_14)
FN:235,(anonymous_15)
FN:237,(anonymous_16)
FN:261,(anonymous_17)
FN:279,(anonymous_18)
FN:294,(anonymous_19)
FN:299,(anonymous_20)
FN:304,(anonymous_21)
FN:314,(anonymous_22)
FN:316,(anonymous_23)
FN:339,(anonymous_24)
FN:364,(anonymous_25)
FN:378,(anonymous_26)
FN:380,(anonymous_27)
FN:381,(anonymous_28)
FN:387,(anonymous_29)
FN:400,(anonymous_30)
FNF:31
FNH:0
FNDA:0,(anonymous_0)
FNDA:0,(anonymous_1)
FNDA:0,(anonymous_2)
FNDA:0,(anonymous_3)
FNDA:0,(anonymous_4)
FNDA:0,(anonymous_5)
FNDA:0,(anonymous_6)
FNDA:0,(anonymous_7)
FNDA:0,(anonymous_8)
FNDA:0,(anonymous_9)
FNDA:0,(anonymous_10)
FNDA:0,(anonymous_11)
FNDA:0,(anonymous_12)
FNDA:0,(anonymous_13)
FNDA:0,(anonymous_14)
FNDA:0,(anonymous_15)
FNDA:0,(anonymous_16)
FNDA:0,(anonymous_17)
FNDA:0,(anonymous_18)
FNDA:0,(anonymous_19)
FNDA:0,(anonymous_20)
FNDA:0,(anonymous_21)
FNDA:0,(anonymous_22)
FNDA:0,(anonymous_23)
FNDA:0,(anonymous_24)
FNDA:0,(anonymous_25)
FNDA:0,(anonymous_26)
FNDA:0,(anonymous_27)
FNDA:0,(anonymous_28)
FNDA:0,(anonymous_29)
FNDA:0,(anonymous_30)
DA:35,0
DA:36,0
DA:37,0
DA:38,0
DA:39,0
DA:46,0
DA:49,0
DA:50,0
DA:51,0
DA:52,0
DA:60,0
DA:61,0
DA:80,0
DA:83,0
DA:84,0
DA:91,0
DA:92,0
DA:101,0
DA:102,0
DA:104,0
DA:123,0
DA:134,0
DA:135,0
DA:142,0
DA:143,0
DA:150,0
DA:157,0
DA:158,0
DA:166,0
DA:183,0
DA:185,0
DA:186,0
DA:187,0
DA:193,0
DA:194,0
DA:204,0
DA:205,0
DA:208,0
DA:209,0
DA:217,0
DA:224,0
DA:227,0
DA:228,0
DA:237,0
DA:238,0
DA:240,0
DA:248,0
DA:254,0
DA:255,0
DA:256,0
DA:261,0
DA:262,0
DA:264,0
DA:272,0
DA:279,0
DA:280,0
DA:282,0
DA:295,0
DA:296,0
DA:299,0
DA:302,0
DA:304,0
DA:305,0
DA:306,0
DA:307,0
DA:309,0
DA:313,0
DA:314,0
DA:315,0
DA:316,0
DA:317,0
DA:319,0
DA:320,0
DA:321,0
DA:322,0
DA:323,0
DA:326,0
DA:340,0
DA:342,0
DA:343,0
DA:344,0
DA:345,0
DA:346,0
DA:347,0
DA:348,0
DA:349,0
DA:350,0
DA:351,0
DA:352,0
DA:353,0
DA:354,0
DA:355,0
DA:357,0
DA:365,0
DA:367,0
DA:368,0
DA:379,0
DA:380,0
DA:381,0
DA:389,0
DA:394,0
DA:401,0
DA:406,0
DA:408,0
LF:104
LH:0
BRDA:65,0,0,0
BRDA:65,0,1,0
BRDA:67,1,0,0
BRDA:67,1,1,0
BRDA:68,2,0,0
BRDA:68,2,1,0
BRDA:68,3,0,0
BRDA:68,3,1,0
BRDA:70,4,0,0
BRDA:70,4,1,0
BRDA:70,4,2,0
BRDA:83,5,0,0
BRDA:83,5,1,0
BRDA:91,6,0,0
BRDA:101,7,0,0
BRDA:107,8,0,0
BRDA:107,8,1,0
BRDA:109,9,0,0
BRDA:109,9,1,0
BRDA:121,10,0,0
BRDA:149,11,0,0
BRDA:156,12,0,0
BRDA:165,13,0,0
BRDA:186,14,0,0
BRDA:186,14,1,0
BRDA:193,15,0,0
BRDA:208,16,0,0
BRDA:227,17,0,0
BRDA:254,18,0,0
BRDA:266,19,0,0
BRDA:266,19,1,0
BRDA:266,20,0,0
BRDA:266,20,1,0
BRDA:266,21,0,0
BRDA:266,21,1,0
BRDA:267,22,0,0
BRDA:267,22,1,0
BRDA:267,23,0,0
BRDA:267,23,1,0
BRDA:272,24,0,0
BRDA:272,24,1,0
BRDA:272,25,0,0
BRDA:272,25,1,0
BRDA:272,26,0,0
BRDA:272,26,1,0
BRDA:274,27,0,0
BRDA:274,27,1,0
BRDA:274,28,0,0
BRDA:274,28,1,0
BRDA:306,29,0,0
BRDA:320,30,0,0
BRDA:320,30,1,0
BRDA:322,31,0,0
BRDA:342,32,0,0
BRDA:342,32,1,0
BRDA:342,33,0,0
BRDA:342,33,1,0
BRDA:344,34,0,0
BRDA:344,34,1,0
BRDA:346,35,0,0
BRDA:346,35,1,0
BRDA:346,36,0,0
BRDA:346,36,1,0
BRDA:348,37,0,0
BRDA:348,37,1,0
BRDA:348,38,0,0
BRDA:348,38,1,0
BRDA:350,39,0,0
BRDA:350,39,1,0
BRDA:350,40,0,0
BRDA:350,40,1,0
BRDA:352,41,0,0
BRDA:352,41,1,0
BRDA:354,42,0,0
BRDA:354,42,1,0
BRDA:367,43,0,0
BRF:76
BRH:0
end_of_record
TN:
SF:../../backend/src/middleware/performance.ts
FN:41,(anonymous_0)
FN:43,(anonymous_1)
FN:49,(anonymous_2)
FN:57,(anonymous_3)
FN:58,(anonymous_4)
FN:66,(anonymous_5)
FN:104,(anonymous_6)
FN:116,(anonymous_7)
FN:121,(anonymous_8)
FN:126,(anonymous_9)
FN:135,(anonymous_10)
FN:137,(anonymous_11)
FN:138,(anonymous_12)
FN:139,(anonymous_13)
FN:157,(anonymous_14)
FN:159,(anonymous_15)
FN:165,(anonymous_16)
FN:178,(anonymous_17)
FN:185,(anonymous_18)
FN:188,(anonymous_19)
FN:195,(anonymous_20)
FN:219,(anonymous_21)
FN:238,(anonymous_22)
FN:261,(anonymous_23)
FN:263,(anonymous_24)
FN:269,(anonymous_25)
FN:283,(anonymous_26)
FN:297,(anonymous_27)
FNF:28
FNH:0
FNDA:0,(anonymous_0)
FNDA:0,(anonymous_1)
FNDA:0,(anonymous_2)
FNDA:0,(anonymous_3)
FNDA:0,(anonymous_4)
FNDA:0,(anonymous_5)
FNDA:0,(anonymous_6)
FNDA:0,(anonymous_7)
FNDA:0,(anonymous_8)
FNDA:0,(anonymous_9)
FNDA:0,(anonymous_10)
FNDA:0,(anonymous_11)
FNDA:0,(anonymous_12)
FNDA:0,(anonymous_13)
FNDA:0,(anonymous_14)
FNDA:0,(anonymous_15)
FNDA:0,(anonymous_16)
FNDA:0,(anonymous_17)
FNDA:0,(anonymous_18)
FNDA:0,(anonymous_19)
FNDA:0,(anonymous_20)
FNDA:0,(anonymous_21)
FNDA:0,(anonymous_22)
FNDA:0,(anonymous_23)
FNDA:0,(anonymous_24)
FNDA:0,(anonymous_25)
FNDA:0,(anonymous_26)
FNDA:0,(anonymous_27)
DA:2,0
DA:35,0
DA:36,0
DA:37,0
DA:38,0
DA:39,0
DA:43,0
DA:44,0
DA:45,0
DA:49,0
DA:50,0
DA:58,0
DA:59,0
DA:60,0
DA:63,0
DA:66,0
DA:67,0
DA:68,0
DA:70,0
DA:83,0
DA:86,0
DA:87,0
DA:97,0
DA:105,0
DA:108,0
DA:109,0
DA:117,0
DA:118,0
DA:121,0
DA:124,0
DA:126,0
DA:127,0
DA:128,0
DA:129,0
DA:131,0
DA:135,0
DA:136,0
DA:137,0
DA:138,0
DA:139,0
DA:141,0
DA:150,0
DA:158,0
DA:159,0
DA:166,0
DA:179,0
DA:186,0
DA:187,0
DA:188,0
DA:196,0
DA:199,0
DA:200,0
DA:202,0
DA:203,0
DA:208,0
DA:209,0
DA:217,0
DA:218,0
DA:219,0
DA:221,0
DA:222,0
DA:227,0
DA:228,0
DA:237,0
DA:238,0
DA:240,0
DA:241,0
DA:246,0
DA:247,0
DA:255,0
DA:262,0
DA:263,0
DA:270,0
DA:271,0
DA:273,0
DA:285,0
DA:288,0
DA:298,0
DA:303,0
DA:305,0
LF:80
LH:0
BRDA:73,0,0,0
BRDA:73,0,1,0
BRDA:79,1,0,0
BRDA:79,1,1,0
BRDA:79,2,0,0
BRDA:79,2,1,0
BRDA:80,3,0,0
BRDA:80,3,1,0
BRDA:80,3,2,0
BRDA:86,4,0,0
BRDA:108,5,0,0
BRDA:128,6,0,0
BRDA:170,7,0,0
BRDA:170,7,1,0
BRDA:170,8,0,0
BRDA:170,8,1,0
BRDA:170,9,0,0
BRDA:170,9,1,0
BRDA:178,10,0,0
BRDA:185,11,0,0
BRDA:202,12,0,0
BRDA:202,12,1,0
BRDA:208,13,0,0
BRDA:218,14,0,0
BRDA:221,15,0,0
BRDA:221,15,1,0
BRDA:227,16,0,0
BRDA:237,17,0,0
BRDA:240,18,0,0
BRDA:240,18,1,0
BRDA:246,19,0,0
BRF:31
BRH:0
end_of_record
