TN:
SF:src/App.vue
FN:11,(anonymous_0)
FN:15,(anonymous_1)
FN:20,(anonymous_2)
FN:23,(anonymous_3)
FN:41,render
FNF:5
FNH:0
FNDA:0,(anonymous_0)
FNDA:0,(anonymous_1)
FNDA:0,(anonymous_2)
FNDA:0,(anonymous_3)
FNDA:0,render
DA:3,0
DA:6,0
DA:7,0
DA:8,0
DA:9,0
DA:12,0
DA:13,0
DA:14,0
DA:15,0
DA:16,0
DA:18,0
DA:20,0
DA:21,0
DA:23,0
DA:24,0
DA:26,0
DA:29,0
DA:33,0
DA:37,0
DA:38,0
DA:39,0
DA:40,0
DA:42,0
DA:43,0
DA:47,0
DA:48,0
LF:26
LH:0
BRF:0
BRH:0
end_of_record
TN:
SF:src/components/PaymentForm.vue
FN:3,(anonymous_0)
FN:9,(anonymous_1)
FN:15,(anonymous_2)
FN:19,(anonymous_3)
FN:24,(anonymous_4)
FN:27,(anonymous_5)
FN:34,(anonymous_6)
FN:35,adopt
FN:36,(anonymous_8)
FN:40,(anonymous_9)
FN:41,fulfilled
FN:48,rejected
FN:55,step
FN:61,(anonymous_13)
FN:64,(anonymous_14)
FN:79,(anonymous_15)
FN:82,verb
FN:83,(anonymous_17)
FN:87,step
FN:185,(anonymous_19)
FN:213,(anonymous_20)
FN:216,(anonymous_21)
FN:219,(anonymous_22)
FN:223,(anonymous_23)
FN:228,(anonymous_24)
FN:233,(anonymous_25)
FN:238,(anonymous_26)
FN:242,(anonymous_27)
FN:263,(anonymous_28)
FN:267,(anonymous_29)
FN:274,(anonymous_30)
FN:281,(anonymous_31)
FN:286,(anonymous_32)
FN:287,(anonymous_33)
FN:289,(anonymous_34)
FN:365,(anonymous_35)
FN:366,(anonymous_36)
FN:368,(anonymous_37)
FN:381,(anonymous_38)
FN:389,(anonymous_39)
FN:398,(anonymous_40)
FN:413,(anonymous_41)
FN:414,(anonymous_42)
FN:416,(anonymous_43)
FN:426,(anonymous_44)
FN:430,(anonymous_45)
FN:439,(anonymous_46)
FN:454,(anonymous_47)
FN:455,(anonymous_48)
FN:457,(anonymous_49)
FN:470,(anonymous_50)
FN:488,(anonymous_51)
FN:489,(anonymous_52)
FN:491,(anonymous_53)
FN:501,(anonymous_54)
FN:518,(anonymous_55)
FN:523,(anonymous_56)
FN:529,(anonymous_57)
FN:533,(anonymous_58)
FN:535,(anonymous_59)
FN:540,(anonymous_60)
FN:541,(anonymous_61)
FN:543,(anonymous_62)
FN:577,(anonymous_63)
FN:579,(anonymous_64)
FN:588,(anonymous_65)
FN:639,(anonymous_66)
FN:752,render
FN:775,(anonymous_68)
FN:791,(anonymous_69)
FN:809,(anonymous_70)
FN:834,(anonymous_71)
FN:861,(anonymous_72)
FN:921,(anonymous_73)
FN:984,(anonymous_74)
FNF:75
FNH:0
FNDA:0,(anonymous_0)
FNDA:0,(anonymous_1)
FNDA:0,(anonymous_2)
FNDA:0,(anonymous_3)
FNDA:0,(anonymous_4)
FNDA:0,(anonymous_5)
FNDA:0,(anonymous_6)
FNDA:0,adopt
FNDA:0,(anonymous_8)
FNDA:0,(anonymous_9)
FNDA:0,fulfilled
FNDA:0,rejected
FNDA:0,step
FNDA:0,(anonymous_13)
FNDA:0,(anonymous_14)
FNDA:0,(anonymous_15)
FNDA:0,verb
FNDA:0,(anonymous_17)
FNDA:0,step
FNDA:0,(anonymous_19)
FNDA:0,(anonymous_20)
FNDA:0,(anonymous_21)
FNDA:0,(anonymous_22)
FNDA:0,(anonymous_23)
FNDA:0,(anonymous_24)
FNDA:0,(anonymous_25)
FNDA:0,(anonymous_26)
FNDA:0,(anonymous_27)
FNDA:0,(anonymous_28)
FNDA:0,(anonymous_29)
FNDA:0,(anonymous_30)
FNDA:0,(anonymous_31)
FNDA:0,(anonymous_32)
FNDA:0,(anonymous_33)
FNDA:0,(anonymous_34)
FNDA:0,(anonymous_35)
FNDA:0,(anonymous_36)
FNDA:0,(anonymous_37)
FNDA:0,(anonymous_38)
FNDA:0,(anonymous_39)
FNDA:0,(anonymous_40)
FNDA:0,(anonymous_41)
FNDA:0,(anonymous_42)
FNDA:0,(anonymous_43)
FNDA:0,(anonymous_44)
FNDA:0,(anonymous_45)
FNDA:0,(anonymous_46)
FNDA:0,(anonymous_47)
FNDA:0,(anonymous_48)
FNDA:0,(anonymous_49)
FNDA:0,(anonymous_50)
FNDA:0,(anonymous_51)
FNDA:0,(anonymous_52)
FNDA:0,(anonymous_53)
FNDA:0,(anonymous_54)
FNDA:0,(anonymous_55)
FNDA:0,(anonymous_56)
FNDA:0,(anonymous_57)
FNDA:0,(anonymous_58)
FNDA:0,(anonymous_59)
FNDA:0,(anonymous_60)
FNDA:0,(anonymous_61)
FNDA:0,(anonymous_62)
FNDA:0,(anonymous_63)
FNDA:0,(anonymous_64)
FNDA:0,(anonymous_65)
FNDA:0,(anonymous_66)
FNDA:0,render
FNDA:0,(anonymous_68)
FNDA:0,(anonymous_69)
FNDA:0,(anonymous_70)
FNDA:0,(anonymous_71)
FNDA:0,(anonymous_72)
FNDA:0,(anonymous_73)
FNDA:0,(anonymous_74)
DA:3,0
DA:4,0
DA:5,0
DA:6,0
DA:7,0
DA:10,0
DA:14,0
DA:16,0
DA:17,0
DA:19,0
DA:20,0
DA:25,0
DA:27,0
DA:28,0
DA:29,0
DA:30,0
DA:31,0
DA:32,0
DA:34,0
DA:36,0
DA:37,0
DA:40,0
DA:42,0
DA:43,0
DA:45,0
DA:49,0
DA:50,0
DA:52,0
DA:56,0
DA:58,0
DA:61,0
DA:62,0
DA:65,0
DA:66,0
DA:75,0
DA:80,0
DA:83,0
DA:84,0
DA:88,0
DA:89,0
DA:90,0
DA:91,0
DA:92,0
DA:95,0
DA:96,0
DA:98,0
DA:99,0
DA:104,0
DA:105,0
DA:106,0
DA:107,0
DA:109,0
DA:110,0
DA:111,0
DA:113,0
DA:114,0
DA:115,0
DA:117,0
DA:118,0
DA:119,0
DA:121,0
DA:122,0
DA:123,0
DA:124,0
DA:126,0
DA:127,0
DA:128,0
DA:129,0
DA:131,0
DA:132,0
DA:133,0
DA:135,0
DA:137,0
DA:138,0
DA:140,0
DA:142,0
DA:143,0
DA:149,0
DA:152,0
DA:153,0
DA:154,0
DA:155,0
DA:157,0
DA:186,0
DA:187,0
DA:188,0
DA:189,0
DA:191,0
DA:193,0
DA:195,0
DA:196,0
DA:197,0
DA:198,0
DA:199,0
DA:200,0
DA:201,0
DA:202,0
DA:204,0
DA:210,0
DA:211,0
DA:213,0
DA:214,0
DA:216,0
DA:217,0
DA:219,0
DA:221,0
DA:223,0
DA:225,0
DA:228,0
DA:229,0
DA:230,0
DA:233,0
DA:234,0
DA:238,0
DA:239,0
DA:242,0
DA:243,0
DA:245,0
DA:246,0
DA:250,0
DA:252,0
DA:253,0
DA:257,0
DA:259,0
DA:260,0
DA:263,0
DA:264,0
DA:267,0
DA:269,0
DA:270,0
DA:271,0
DA:274,0
DA:276,0
DA:277,0
DA:278,0
DA:281,0
DA:283,0
DA:286,0
DA:287,0
DA:289,0
DA:290,0
DA:292,0
DA:293,0
DA:294,0
DA:299,0
DA:301,0
DA:303,0
DA:304,0
DA:305,0
DA:306,0
DA:307,0
DA:308,0
DA:309,0
DA:311,0
DA:313,0
DA:315,0
DA:317,0
DA:319,0
DA:321,0
DA:323,0
DA:324,0
DA:326,0
DA:328,0
DA:329,0
DA:331,0
DA:333,0
DA:334,0
DA:336,0
DA:338,0
DA:339,0
DA:341,0
DA:344,0
DA:345,0
DA:346,0
DA:347,0
DA:349,0
DA:351,0
DA:352,0
DA:353,0
DA:354,0
DA:356,0
DA:357,0
DA:359,0
DA:365,0
DA:366,0
DA:368,0
DA:369,0
DA:371,0
DA:379,0
DA:381,0
DA:382,0
DA:390,0
DA:399,0
DA:400,0
DA:401,0
DA:403,0
DA:413,0
DA:414,0
DA:416,0
DA:417,0
DA:419,0
DA:425,0
DA:426,0
DA:427,0
DA:431,0
DA:440,0
DA:441,0
DA:442,0
DA:444,0
DA:454,0
DA:455,0
DA:457,0
DA:458,0
DA:460,0
DA:468,0
DA:470,0
DA:471,0
DA:475,0
DA:476,0
DA:488,0
DA:489,0
DA:491,0
DA:492,0
DA:494,0
DA:500,0
DA:501,0
DA:502,0
DA:505,0
DA:506,0
DA:518,0
DA:520,0
DA:523,0
DA:525,0
DA:526,0
DA:529,0
DA:530,0
DA:533,0
DA:534,0
DA:535,0
DA:536,0
DA:540,0
DA:541,0
DA:543,0
DA:544,0
DA:546,0
DA:547,0
DA:549,0
DA:550,0
DA:551,0
DA:552,0
DA:553,0
DA:560,0
DA:561,0
DA:562,0
DA:563,0
DA:565,0
DA:567,0
DA:568,0
DA:569,0
DA:571,0
DA:577,0
DA:578,0
DA:580,0
DA:581,0
DA:585,0
DA:589,0
DA:590,0
DA:593,0
DA:631,0
DA:635,0
DA:639,0
DA:640,0
DA:641,0
DA:642,0
DA:643,0
DA:646,0
DA:648,0
DA:649,0
DA:650,0
DA:651,0
DA:652,0
DA:653,0
DA:654,0
DA:655,0
DA:656,0
DA:660,0
DA:661,0
DA:662,0
DA:663,0
DA:664,0
DA:665,0
DA:666,0
DA:667,0
DA:671,0
DA:672,0
DA:673,0
DA:677,0
DA:678,0
DA:681,0
DA:682,0
DA:683,0
DA:684,0
DA:685,0
DA:689,0
DA:690,0
DA:693,0
DA:694,0
DA:695,0
DA:696,0
DA:697,0
DA:701,0
DA:705,0
DA:706,0
DA:707,0
DA:708,0
DA:709,0
DA:710,0
DA:714,0
DA:715,0
DA:716,0
DA:720,0
DA:721,0
DA:724,0
DA:725,0
DA:726,0
DA:727,0
DA:731,0
DA:732,0
DA:733,0
DA:734,0
DA:735,0
DA:736,0
DA:737,0
DA:738,0
DA:739,0
DA:746,0
DA:747,0
DA:748,0
DA:749,0
DA:750,0
DA:751,0
DA:753,0
DA:754,0
DA:775,0
DA:791,0
DA:809,0
DA:834,0
DA:862,0
DA:921,0
DA:984,0
DA:1002,0
DA:1003,0
LF:352
LH:0
BRDA:3,0,0,0
BRDA:3,0,1,0
BRDA:3,0,2,0
BRDA:3,1,0,0
BRDA:3,1,1,0
BRDA:4,2,0,0
BRDA:4,2,1,0
BRDA:6,3,0,0
BRDA:6,3,1,0
BRDA:6,4,0,0
BRDA:6,4,1,0
BRDA:6,5,0,0
BRDA:6,5,1,0
BRDA:6,6,0,0
BRDA:6,6,1,0
BRDA:16,7,0,0
BRDA:16,7,1,0
BRDA:19,8,0,0
BRDA:19,8,1,0
BRDA:19,8,2,0
BRDA:19,9,0,0
BRDA:19,9,1,0
BRDA:27,10,0,0
BRDA:27,10,1,0
BRDA:27,10,2,0
BRDA:28,11,0,0
BRDA:28,11,1,0
BRDA:28,12,0,0
BRDA:28,12,1,0
BRDA:30,13,0,0
BRDA:30,13,1,0
BRDA:30,14,0,0
BRDA:30,14,1,0
BRDA:30,15,0,0
BRDA:30,15,1,0
BRDA:34,16,0,0
BRDA:34,16,1,0
BRDA:34,16,2,0
BRDA:36,17,0,0
BRDA:36,17,1,0
BRDA:40,18,0,0
BRDA:40,18,1,0
BRDA:56,19,0,0
BRDA:56,19,1,0
BRDA:58,20,0,0
BRDA:58,20,1,0
BRDA:61,21,0,0
BRDA:61,21,1,0
BRDA:61,21,2,0
BRDA:65,22,0,0
BRDA:65,22,1,0
BRDA:79,23,0,0
BRDA:79,23,1,0
BRDA:88,24,0,0
BRDA:88,24,1,0
BRDA:89,25,0,0
BRDA:89,25,1,0
BRDA:89,26,0,0
BRDA:89,26,1,0
BRDA:90,27,0,0
BRDA:90,27,1,0
BRDA:90,28,0,0
BRDA:90,28,1,0
BRDA:90,28,2,0
BRDA:90,29,0,0
BRDA:90,29,1,0
BRDA:90,30,0,0
BRDA:90,30,1,0
BRDA:90,31,0,0
BRDA:90,31,1,0
BRDA:90,32,0,0
BRDA:90,32,1,0
BRDA:91,33,0,0
BRDA:91,33,1,0
BRDA:92,34,0,0
BRDA:92,34,1,0
BRDA:92,34,2,0
BRDA:92,34,3,0
BRDA:92,34,4,0
BRDA:92,34,5,0
BRDA:113,35,0,0
BRDA:113,35,1,0
BRDA:113,36,0,0
BRDA:113,36,1,0
BRDA:113,36,2,0
BRDA:113,37,0,0
BRDA:113,37,1,0
BRDA:117,38,0,0
BRDA:117,38,1,0
BRDA:117,39,0,0
BRDA:117,39,1,0
BRDA:117,39,2,0
BRDA:117,39,3,0
BRDA:121,40,0,0
BRDA:121,40,1,0
BRDA:121,41,0,0
BRDA:121,41,1,0
BRDA:126,42,0,0
BRDA:126,42,1,0
BRDA:126,43,0,0
BRDA:126,43,1,0
BRDA:131,44,0,0
BRDA:131,44,1,0
BRDA:142,45,0,0
BRDA:142,45,1,0
BRDA:144,46,0,0
BRDA:144,46,1,0
BRDA:214,47,0,0
BRDA:214,47,1,0
BRDA:217,48,0,0
BRDA:217,48,1,0
BRDA:221,49,0,0
BRDA:221,49,1,0
BRDA:221,50,0,0
BRDA:221,50,1,0
BRDA:221,51,0,0
BRDA:221,51,1,0
BRDA:225,52,0,0
BRDA:225,52,1,0
BRDA:225,53,0,0
BRDA:225,53,1,0
BRDA:225,54,0,0
BRDA:225,54,1,0
BRDA:234,55,0,0
BRDA:234,55,1,0
BRDA:234,55,2,0
BRDA:234,55,3,0
BRDA:243,56,0,0
BRDA:243,56,1,0
BRDA:245,57,0,0
BRDA:245,57,1,0
BRDA:245,58,0,0
BRDA:245,58,1,0
BRDA:252,59,0,0
BRDA:252,59,1,0
BRDA:252,60,0,0
BRDA:252,60,1,0
BRDA:271,61,0,0
BRDA:271,61,1,0
BRDA:271,62,0,0
BRDA:271,62,1,0
BRDA:278,63,0,0
BRDA:278,63,1,0
BRDA:278,64,0,0
BRDA:278,64,1,0
BRDA:283,65,0,0
BRDA:283,65,1,0
BRDA:283,66,0,0
BRDA:283,66,1,0
BRDA:290,67,0,0
BRDA:290,67,1,0
BRDA:290,67,2,0
BRDA:290,67,3,0
BRDA:290,67,4,0
BRDA:290,67,5,0
BRDA:290,67,6,0
BRDA:290,67,7,0
BRDA:290,67,8,0
BRDA:290,67,9,0
BRDA:290,67,10,0
BRDA:290,67,11,0
BRDA:290,67,12,0
BRDA:290,67,13,0
BRDA:290,67,14,0
BRDA:292,68,0,0
BRDA:292,68,1,0
BRDA:293,69,0,0
BRDA:293,69,1,0
BRDA:309,70,0,0
BRDA:309,70,1,0
BRDA:309,70,2,0
BRDA:309,70,3,0
BRDA:352,71,0,0
BRDA:352,71,1,0
BRDA:369,72,0,0
BRDA:369,72,1,0
BRDA:371,73,0,0
BRDA:371,73,1,0
BRDA:372,74,0,0
BRDA:372,74,1,0
BRDA:391,75,0,0
BRDA:391,75,1,0
BRDA:399,76,0,0
BRDA:399,76,1,0
BRDA:417,77,0,0
BRDA:417,77,1,0
BRDA:419,78,0,0
BRDA:419,78,1,0
BRDA:420,79,0,0
BRDA:420,79,1,0
BRDA:432,80,0,0
BRDA:432,80,1,0
BRDA:440,81,0,0
BRDA:440,81,1,0
BRDA:458,82,0,0
BRDA:458,82,1,0
BRDA:458,82,2,0
BRDA:460,83,0,0
BRDA:460,83,1,0
BRDA:461,84,0,0
BRDA:461,84,1,0
BRDA:477,85,0,0
BRDA:477,85,1,0
BRDA:492,86,0,0
BRDA:492,86,1,0
BRDA:492,86,2,0
BRDA:494,87,0,0
BRDA:494,87,1,0
BRDA:495,88,0,0
BRDA:495,88,1,0
BRDA:507,89,0,0
BRDA:507,89,1,0
BRDA:520,90,0,0
BRDA:520,90,1,0
BRDA:520,91,0,0
BRDA:520,91,1,0
BRDA:525,92,0,0
BRDA:525,92,1,0
BRDA:525,93,0,0
BRDA:525,93,1,0
BRDA:544,94,0,0
BRDA:544,94,1,0
BRDA:544,94,2,0
BRDA:544,94,3,0
BRDA:547,95,0,0
BRDA:547,95,1,0
BRDA:550,96,0,0
BRDA:550,96,1,0
BRDA:560,97,0,0
BRDA:560,97,1,0
BRDA:580,98,0,0
BRDA:580,98,1,0
BRDA:580,99,0,0
BRDA:580,99,1,0
BRDA:639,100,0,0
BRDA:639,100,1,0
BRDA:639,100,2,0
BRDA:640,101,0,0
BRDA:640,101,1,0
BRDA:640,102,0,0
BRDA:640,102,1,0
BRDA:641,103,0,0
BRDA:641,103,1,0
BRDA:641,104,0,0
BRDA:641,104,1,0
BRDA:642,105,0,0
BRDA:642,105,1,0
BRDA:646,106,0,0
BRDA:646,106,1,0
BRDA:761,107,0,0
BRDA:761,107,1,0
BRDA:775,108,0,0
BRDA:775,108,1,0
BRDA:782,109,0,0
BRDA:782,109,1,0
BRDA:791,110,0,0
BRDA:791,110,1,0
BRDA:798,111,0,0
BRDA:798,111,1,0
BRDA:805,112,0,0
BRDA:805,112,1,0
BRDA:809,113,0,0
BRDA:809,113,1,0
BRDA:822,114,0,0
BRDA:822,114,1,0
BRDA:830,115,0,0
BRDA:830,115,1,0
BRDA:834,116,0,0
BRDA:834,116,1,0
BRDA:847,117,0,0
BRDA:847,117,1,0
BRDA:857,118,0,0
BRDA:857,118,1,0
BRDA:882,119,0,0
BRDA:882,119,1,0
BRDA:909,120,0,0
BRDA:909,120,1,0
BRDA:912,121,0,0
BRDA:912,121,1,0
BRDA:925,122,0,0
BRDA:925,122,1,0
BRDA:932,123,0,0
BRDA:932,123,1,0
BRDA:941,124,0,0
BRDA:941,124,1,0
BRDA:950,125,0,0
BRDA:950,125,1,0
BRDA:956,126,0,0
BRDA:956,126,1,0
BRDA:967,127,0,0
BRDA:967,127,1,0
BRF:291
BRH:0
end_of_record
TN:
SF:src/components/QRScanner.vue
FN:3,(anonymous_0)
FN:4,adopt
FN:5,(anonymous_2)
FN:9,(anonymous_3)
FN:10,fulfilled
FN:17,rejected
FN:24,step
FN:30,(anonymous_7)
FN:33,(anonymous_8)
FN:48,(anonymous_9)
FN:51,verb
FN:52,(anonymous_11)
FN:56,step
FN:153,(anonymous_13)
FN:172,(anonymous_14)
FN:173,(anonymous_15)
FN:174,(anonymous_16)
FN:175,(anonymous_17)
FN:177,(anonymous_18)
FN:184,(anonymous_19)
FN:187,(anonymous_20)
FN:190,(anonymous_21)
FN:203,(anonymous_22)
FN:212,(anonymous_23)
FN:213,(anonymous_24)
FN:215,(anonymous_25)
FN:233,(anonymous_26)
FN:243,(anonymous_27)
FN:260,(anonymous_28)
FN:265,(anonymous_29)
FN:273,(anonymous_30)
FN:279,(anonymous_31)
FN:293,(anonymous_32)
FN:302,(anonymous_33)
FN:307,(anonymous_34)
FN:383,render
FN:420,(anonymous_36)
FN:433,(anonymous_37)
FN:462,(anonymous_38)
FNF:39
FNH:5
FNDA:0,(anonymous_0)
FNDA:0,adopt
FNDA:0,(anonymous_2)
FNDA:0,(anonymous_3)
FNDA:0,fulfilled
FNDA:0,rejected
FNDA:0,step
FNDA:0,(anonymous_7)
FNDA:0,(anonymous_8)
FNDA:0,(anonymous_9)
FNDA:0,verb
FNDA:0,(anonymous_11)
FNDA:0,step
FNDA:24,(anonymous_13)
FNDA:0,(anonymous_14)
FNDA:0,(anonymous_15)
FNDA:0,(anonymous_16)
FNDA:0,(anonymous_17)
FNDA:0,(anonymous_18)
FNDA:0,(anonymous_19)
FNDA:0,(anonymous_20)
FNDA:0,(anonymous_21)
FNDA:0,(anonymous_22)
FNDA:0,(anonymous_23)
FNDA:0,(anonymous_24)
FNDA:0,(anonymous_25)
FNDA:0,(anonymous_26)
FNDA:0,(anonymous_27)
FNDA:0,(anonymous_28)
FNDA:0,(anonymous_29)
FNDA:0,(anonymous_30)
FNDA:0,(anonymous_31)
FNDA:0,(anonymous_32)
FNDA:0,(anonymous_33)
FNDA:0,(anonymous_34)
FNDA:25,render
FNDA:26,(anonymous_36)
FNDA:2,(anonymous_37)
FNDA:24,(anonymous_38)
DA:3,1
DA:5,0
DA:6,0
DA:9,0
DA:11,0
DA:12,0
DA:14,0
DA:18,0
DA:19,0
DA:21,0
DA:25,0
DA:27,0
DA:30,1
DA:31,0
DA:34,0
DA:35,0
DA:44,0
DA:49,0
DA:52,0
DA:53,0
DA:57,0
DA:58,0
DA:59,0
DA:60,0
DA:61,0
DA:64,0
DA:65,0
DA:67,0
DA:68,0
DA:73,0
DA:74,0
DA:75,0
DA:76,0
DA:78,0
DA:79,0
DA:80,0
DA:82,0
DA:83,0
DA:84,0
DA:86,0
DA:87,0
DA:88,0
DA:90,0
DA:91,0
DA:92,0
DA:93,0
DA:95,0
DA:96,0
DA:97,0
DA:98,0
DA:100,0
DA:101,0
DA:102,0
DA:104,0
DA:106,0
DA:107,0
DA:109,0
DA:111,0
DA:112,0
DA:118,1
DA:121,1
DA:122,1
DA:123,1
DA:154,24
DA:155,24
DA:156,24
DA:157,24
DA:159,24
DA:161,24
DA:162,24
DA:163,24
DA:164,24
DA:169,24
DA:170,24
DA:172,24
DA:173,0
DA:174,0
DA:175,0
DA:176,0
DA:178,0
DA:180,0
DA:185,0
DA:186,0
DA:188,0
DA:191,0
DA:195,0
DA:200,0
DA:204,0
DA:212,24
DA:213,0
DA:215,0
DA:216,0
DA:219,0
DA:220,0
DA:222,0
DA:224,0
DA:225,0
DA:226,0
DA:227,0
DA:229,0
DA:230,0
DA:234,0
DA:235,0
DA:236,0
DA:237,0
DA:239,0
DA:240,0
DA:244,0
DA:245,0
DA:246,0
DA:248,0
DA:249,0
DA:250,0
DA:254,0
DA:260,24
DA:261,0
DA:262,0
DA:265,24
DA:267,0
DA:268,0
DA:269,0
DA:270,0
DA:273,24
DA:275,0
DA:276,0
DA:279,24
DA:280,0
DA:281,0
DA:282,0
DA:286,0
DA:288,0
DA:289,0
DA:290,0
DA:293,24
DA:295,0
DA:299,0
DA:302,24
DA:304,0
DA:307,24
DA:308,0
DA:309,0
DA:310,0
DA:311,0
DA:312,0
DA:313,0
DA:315,0
DA:319,24
DA:320,0
DA:323,24
DA:327,24
DA:346,24
DA:350,24
DA:354,1
DA:355,1
DA:356,1
DA:357,1
DA:358,1
DA:361,1
DA:362,1
DA:366,1
DA:369,1
DA:370,1
DA:371,1
DA:372,1
DA:373,1
DA:374,1
DA:375,1
DA:376,1
DA:377,1
DA:378,1
DA:379,1
DA:380,1
DA:381,1
DA:382,1
DA:384,25
DA:385,25
DA:420,26
DA:433,2
DA:462,24
DA:480,1
DA:481,1
LF:181
LH:60
BRDA:3,0,0,1
BRDA:3,0,1,1
BRDA:3,0,2,1
BRDA:5,1,0,0
BRDA:5,1,1,0
BRDA:9,2,0,0
BRDA:9,2,1,0
BRDA:25,3,0,0
BRDA:25,3,1,0
BRDA:27,4,0,0
BRDA:27,4,1,0
BRDA:30,5,0,1
BRDA:30,5,1,1
BRDA:30,5,2,1
BRDA:34,6,0,0
BRDA:34,6,1,0
BRDA:48,7,0,0
BRDA:48,7,1,0
BRDA:57,8,0,0
BRDA:57,8,1,0
BRDA:58,9,0,0
BRDA:58,9,1,0
BRDA:58,10,0,0
BRDA:58,10,1,0
BRDA:59,11,0,0
BRDA:59,11,1,0
BRDA:59,12,0,0
BRDA:59,12,1,0
BRDA:59,12,2,0
BRDA:59,13,0,0
BRDA:59,13,1,0
BRDA:59,14,0,0
BRDA:59,14,1,0
BRDA:59,15,0,0
BRDA:59,15,1,0
BRDA:59,16,0,0
BRDA:59,16,1,0
BRDA:60,17,0,0
BRDA:60,17,1,0
BRDA:61,18,0,0
BRDA:61,18,1,0
BRDA:61,18,2,0
BRDA:61,18,3,0
BRDA:61,18,4,0
BRDA:61,18,5,0
BRDA:82,19,0,0
BRDA:82,19,1,0
BRDA:82,20,0,0
BRDA:82,20,1,0
BRDA:82,20,2,0
BRDA:82,21,0,0
BRDA:82,21,1,0
BRDA:86,22,0,0
BRDA:86,22,1,0
BRDA:86,23,0,0
BRDA:86,23,1,0
BRDA:86,23,2,0
BRDA:86,23,3,0
BRDA:90,24,0,0
BRDA:90,24,1,0
BRDA:90,25,0,0
BRDA:90,25,1,0
BRDA:95,26,0,0
BRDA:95,26,1,0
BRDA:95,27,0,0
BRDA:95,27,1,0
BRDA:100,28,0,0
BRDA:100,28,1,0
BRDA:111,29,0,0
BRDA:111,29,1,0
BRDA:113,30,0,0
BRDA:113,30,1,0
BRDA:178,31,0,0
BRDA:178,31,1,0
BRDA:185,32,0,0
BRDA:185,32,1,0
BRDA:216,33,0,0
BRDA:216,33,1,0
BRDA:219,34,0,0
BRDA:219,34,1,0
BRDA:225,35,0,0
BRDA:225,35,1,0
BRDA:235,36,0,0
BRDA:235,36,1,0
BRDA:235,37,0,0
BRDA:235,37,1,0
BRDA:245,38,0,0
BRDA:245,38,1,0
BRDA:245,39,0,0
BRDA:245,39,1,0
BRDA:248,40,0,0
BRDA:248,40,1,0
BRDA:270,41,0,0
BRDA:270,41,1,0
BRDA:270,42,0,0
BRDA:270,42,1,0
BRDA:275,43,0,0
BRDA:275,43,1,0
BRDA:275,44,0,0
BRDA:275,44,1,0
BRDA:281,45,0,0
BRDA:281,45,1,0
BRDA:299,46,0,0
BRDA:299,46,1,0
BRDA:299,47,0,0
BRDA:299,47,1,0
BRDA:304,48,0,0
BRDA:304,48,1,0
BRDA:304,49,0,0
BRDA:304,49,1,0
BRDA:308,50,0,0
BRDA:308,50,1,0
BRDA:310,51,0,0
BRDA:310,51,1,0
BRDA:312,52,0,0
BRDA:312,52,1,0
BRDA:319,53,0,0
BRDA:319,53,1,24
BRDA:387,54,0,25
BRDA:387,54,1,0
BRDA:398,55,0,0
BRDA:398,55,1,25
BRDA:433,56,0,26
BRDA:433,56,1,24
BRDA:465,57,0,0
BRDA:465,57,1,24
BRF:126
BRH:12
end_of_record
TN:
SF:src/components/RealtimeStatus.vue
FN:53,(anonymous_0)
FN:74,(anonymous_1)
FN:77,(anonymous_2)
FN:89,(anonymous_3)
FN:94,(anonymous_4)
FN:103,(anonymous_5)
FN:106,(anonymous_6)
FN:112,(anonymous_7)
FN:123,(anonymous_8)
FN:127,(anonymous_9)
FN:141,(anonymous_10)
FN:151,(anonymous_11)
FN:164,(anonymous_12)
FN:175,(anonymous_13)
FN:208,(anonymous_14)
FN:212,(anonymous_15)
FN:215,(anonymous_16)
FN:222,(anonymous_17)
FN:226,(anonymous_18)
FN:233,(anonymous_19)
FN:240,(anonymous_20)
FN:246,(anonymous_21)
FN:248,(anonymous_22)
FN:258,(anonymous_23)
FN:265,(anonymous_24)
FN:279,(anonymous_25)
FN:285,(anonymous_26)
FN:286,(anonymous_27)
FN:294,(anonymous_28)
FN:307,(anonymous_29)
FN:312,(anonymous_30)
FN:317,(anonymous_31)
FN:321,(anonymous_32)
FN:325,(anonymous_33)
FN:331,(anonymous_34)
FN:341,(anonymous_35)
FN:354,(anonymous_36)
FN:359,(anonymous_37)
FN:365,(anonymous_38)
FN:367,(anonymous_39)
FN:370,(anonymous_40)
FN:382,(anonymous_41)
FN:397,(anonymous_42)
FN:400,(anonymous_43)
FN:403,(anonymous_44)
FN:406,(anonymous_45)
FN:409,(anonymous_46)
FN:412,(anonymous_47)
FN:415,(anonymous_48)
FN:418,(anonymous_49)
FN:512,render
FN:574,(anonymous_51)
FN:623,(anonymous_52)
FN:635,(anonymous_53)
FNF:54
FNH:0
FNDA:0,(anonymous_0)
FNDA:0,(anonymous_1)
FNDA:0,(anonymous_2)
FNDA:0,(anonymous_3)
FNDA:0,(anonymous_4)
FNDA:0,(anonymous_5)
FNDA:0,(anonymous_6)
FNDA:0,(anonymous_7)
FNDA:0,(anonymous_8)
FNDA:0,(anonymous_9)
FNDA:0,(anonymous_10)
FNDA:0,(anonymous_11)
FNDA:0,(anonymous_12)
FNDA:0,(anonymous_13)
FNDA:0,(anonymous_14)
FNDA:0,(anonymous_15)
FNDA:0,(anonymous_16)
FNDA:0,(anonymous_17)
FNDA:0,(anonymous_18)
FNDA:0,(anonymous_19)
FNDA:0,(anonymous_20)
FNDA:0,(anonymous_21)
FNDA:0,(anonymous_22)
FNDA:0,(anonymous_23)
FNDA:0,(anonymous_24)
FNDA:0,(anonymous_25)
FNDA:0,(anonymous_26)
FNDA:0,(anonymous_27)
FNDA:0,(anonymous_28)
FNDA:0,(anonymous_29)
FNDA:0,(anonymous_30)
FNDA:0,(anonymous_31)
FNDA:0,(anonymous_32)
FNDA:0,(anonymous_33)
FNDA:0,(anonymous_34)
FNDA:0,(anonymous_35)
FNDA:0,(anonymous_36)
FNDA:0,(anonymous_37)
FNDA:0,(anonymous_38)
FNDA:0,(anonymous_39)
FNDA:0,(anonymous_40)
FNDA:0,(anonymous_41)
FNDA:0,(anonymous_42)
FNDA:0,(anonymous_43)
FNDA:0,(anonymous_44)
FNDA:0,(anonymous_45)
FNDA:0,(anonymous_46)
FNDA:0,(anonymous_47)
FNDA:0,(anonymous_48)
FNDA:0,(anonymous_49)
FNDA:0,render
FNDA:0,(anonymous_51)
FNDA:0,(anonymous_52)
FNDA:0,(anonymous_53)
DA:3,0
DA:6,0
DA:7,0
DA:8,0
DA:54,0
DA:55,0
DA:56,0
DA:58,0
DA:60,0
DA:61,0
DA:62,0
DA:63,0
DA:64,0
DA:65,0
DA:66,0
DA:67,0
DA:69,0
DA:70,0
DA:71,0
DA:72,0
DA:74,0
DA:75,0
DA:77,0
DA:78,0
DA:80,0
DA:82,0
DA:84,0
DA:86,0
DA:89,0
DA:90,0
DA:94,0
DA:95,0
DA:96,0
DA:98,0
DA:99,0
DA:100,0
DA:101,0
DA:104,0
DA:107,0
DA:108,0
DA:112,0
DA:113,0
DA:114,0
DA:115,0
DA:116,0
DA:117,0
DA:118,0
DA:119,0
DA:120,0
DA:123,0
DA:124,0
DA:127,0
DA:128,0
DA:129,0
DA:130,0
DA:131,0
DA:132,0
DA:133,0
DA:135,0
DA:138,0
DA:141,0
DA:142,0
DA:143,0
DA:146,0
DA:147,0
DA:151,0
DA:152,0
DA:153,0
DA:154,0
DA:155,0
DA:156,0
DA:157,0
DA:159,0
DA:160,0
DA:161,0
DA:164,0
DA:165,0
DA:166,0
DA:167,0
DA:168,0
DA:169,0
DA:170,0
DA:171,0
DA:175,0
DA:176,0
DA:177,0
DA:178,0
DA:180,0
DA:182,0
DA:184,0
DA:187,0
DA:189,0
DA:190,0
DA:191,0
DA:193,0
DA:195,0
DA:196,0
DA:198,0
DA:199,0
DA:201,0
DA:203,0
DA:204,0
DA:208,0
DA:209,0
DA:210,0
DA:213,0
DA:216,0
DA:222,0
DA:223,0
DA:224,0
DA:225,0
DA:226,0
DA:227,0
DA:228,0
DA:229,0
DA:233,0
DA:234,0
DA:235,0
DA:236,0
DA:240,0
DA:241,0
DA:242,0
DA:243,0
DA:246,0
DA:247,0
DA:248,0
DA:249,0
DA:250,0
DA:258,0
DA:259,0
DA:260,0
DA:261,0
DA:265,0
DA:266,0
DA:267,0
DA:269,0
DA:276,0
DA:278,0
DA:279,0
DA:280,0
DA:285,0
DA:286,0
DA:287,0
DA:289,0
DA:290,0
DA:294,0
DA:295,0
DA:302,0
DA:303,0
DA:307,0
DA:308,0
DA:312,0
DA:313,0
DA:317,0
DA:318,0
DA:321,0
DA:322,0
DA:325,0
DA:326,0
DA:327,0
DA:328,0
DA:331,0
DA:332,0
DA:333,0
DA:341,0
DA:342,0
DA:343,0
DA:354,0
DA:355,0
DA:356,0
DA:359,0
DA:360,0
DA:361,0
DA:362,0
DA:365,0
DA:366,0
DA:368,0
DA:369,0
DA:370,0
DA:371,0
DA:376,0
DA:383,0
DA:386,0
DA:398,0
DA:401,0
DA:404,0
DA:407,0
DA:410,0
DA:413,0
DA:416,0
DA:419,0
DA:444,0
DA:448,0
DA:452,0
DA:453,0
DA:454,0
DA:455,0
DA:456,0
DA:457,0
DA:458,0
DA:462,0
DA:466,0
DA:467,0
DA:468,0
DA:469,0
DA:470,0
DA:471,0
DA:472,0
DA:473,0
DA:474,0
DA:475,0
DA:476,0
DA:477,0
DA:478,0
DA:479,0
DA:483,0
DA:484,0
DA:485,0
DA:489,0
DA:490,0
DA:491,0
DA:492,0
DA:493,0
DA:494,0
DA:495,0
DA:499,0
DA:500,0
DA:501,0
DA:502,0
DA:506,0
DA:507,0
DA:508,0
DA:509,0
DA:510,0
DA:511,0
DA:513,0
DA:575,0
DA:624,0
DA:635,0
DA:653,0
DA:654,0
LF:241
LH:0
BRDA:75,0,0,0
BRDA:75,0,1,0
BRDA:78,1,0,0
BRDA:78,1,1,0
BRDA:78,1,2,0
BRDA:78,1,3,0
BRDA:95,2,0,0
BRDA:95,2,1,0
BRDA:95,3,0,0
BRDA:95,3,1,0
BRDA:130,4,0,0
BRDA:130,4,1,0
BRDA:132,5,0,0
BRDA:132,5,1,0
BRDA:132,6,0,0
BRDA:132,6,1,0
BRDA:155,7,0,0
BRDA:155,7,1,0
BRDA:170,8,0,0
BRDA:170,8,1,0
BRDA:170,9,0,0
BRDA:170,9,1,0
BRDA:180,10,0,0
BRDA:180,10,1,0
BRDA:182,11,0,0
BRDA:182,11,1,0
BRDA:187,12,0,0
BRDA:187,12,1,0
BRDA:190,13,0,0
BRDA:190,13,1,0
BRDA:193,14,0,0
BRDA:193,14,1,0
BRDA:196,15,0,0
BRDA:196,15,1,0
BRDA:209,16,0,0
BRDA:209,16,1,0
BRDA:209,17,0,0
BRDA:209,17,1,0
BRDA:223,18,0,0
BRDA:223,18,1,0
BRDA:234,19,0,0
BRDA:234,19,1,0
BRDA:247,20,0,0
BRDA:247,20,1,0
BRDA:249,21,0,0
BRDA:249,21,1,0
BRDA:259,22,0,0
BRDA:259,22,1,0
BRDA:266,23,0,0
BRDA:266,23,1,0
BRDA:278,24,0,0
BRDA:278,24,1,0
BRDA:289,25,0,0
BRDA:289,25,1,0
BRDA:302,26,0,0
BRDA:302,26,1,0
BRDA:355,27,0,0
BRDA:355,27,1,0
BRDA:368,28,0,0
BRDA:368,28,1,0
BRDA:515,29,0,0
BRDA:515,29,1,0
BRDA:527,30,0,0
BRDA:527,30,1,0
BRDA:533,31,0,0
BRDA:533,31,1,0
BRDA:561,32,0,0
BRDA:561,32,1,0
BRDA:570,33,0,0
BRDA:570,33,1,0
BRDA:590,34,0,0
BRDA:590,34,1,0
BRDA:599,35,0,0
BRDA:599,35,1,0
BRDA:606,36,0,0
BRDA:606,36,1,0
BRDA:621,37,0,0
BRDA:621,37,1,0
BRDA:621,38,0,0
BRDA:621,38,1,0
BRDA:643,39,0,0
BRDA:643,39,1,0
BRF:82
BRH:0
end_of_record
TN:
SF:src/components/ShoppingCart.vue
FN:26,(anonymous_0)
FN:59,(anonymous_1)
FN:62,(anonymous_2)
FN:65,(anonymous_3)
FN:70,(anonymous_4)
FN:71,(anonymous_5)
FN:77,(anonymous_6)
FN:86,(anonymous_7)
FN:92,(anonymous_8)
FN:96,(anonymous_9)
FN:100,(anonymous_10)
FN:101,(anonymous_11)
FN:107,(anonymous_12)
FN:111,(anonymous_13)
FN:118,(anonymous_14)
FN:131,(anonymous_15)
FN:132,(anonymous_16)
FN:141,(anonymous_17)
FN:142,(anonymous_18)
FN:155,(anonymous_19)
FN:160,(anonymous_20)
FN:165,(anonymous_21)
FN:170,(anonymous_22)
FN:179,(anonymous_23)
FN:184,(anonymous_24)
FN:189,(anonymous_25)
FN:193,(anonymous_26)
FN:205,(anonymous_27)
FN:212,(anonymous_28)
FN:216,(anonymous_29)
FN:232,(anonymous_30)
FN:243,(anonymous_31)
FN:253,(anonymous_32)
FN:302,(anonymous_33)
FN:456,render
FN:486,(anonymous_35)
FN:526,(anonymous_36)
FN:531,(anonymous_37)
FN:537,(anonymous_38)
FN:640,(anonymous_39)
FN:657,(anonymous_40)
FN:669,(anonymous_41)
FN:671,(anonymous_42)
FN:679,(anonymous_43)
FNF:44
FNH:0
FNDA:0,(anonymous_0)
FNDA:0,(anonymous_1)
FNDA:0,(anonymous_2)
FNDA:0,(anonymous_3)
FNDA:0,(anonymous_4)
FNDA:0,(anonymous_5)
FNDA:0,(anonymous_6)
FNDA:0,(anonymous_7)
FNDA:0,(anonymous_8)
FNDA:0,(anonymous_9)
FNDA:0,(anonymous_10)
FNDA:0,(anonymous_11)
FNDA:0,(anonymous_12)
FNDA:0,(anonymous_13)
FNDA:0,(anonymous_14)
FNDA:0,(anonymous_15)
FNDA:0,(anonymous_16)
FNDA:0,(anonymous_17)
FNDA:0,(anonymous_18)
FNDA:0,(anonymous_19)
FNDA:0,(anonymous_20)
FNDA:0,(anonymous_21)
FNDA:0,(anonymous_22)
FNDA:0,(anonymous_23)
FNDA:0,(anonymous_24)
FNDA:0,(anonymous_25)
FNDA:0,(anonymous_26)
FNDA:0,(anonymous_27)
FNDA:0,(anonymous_28)
FNDA:0,(anonymous_29)
FNDA:0,(anonymous_30)
FNDA:0,(anonymous_31)
FNDA:0,(anonymous_32)
FNDA:0,(anonymous_33)
FNDA:0,render
FNDA:0,(anonymous_35)
FNDA:0,(anonymous_36)
FNDA:0,(anonymous_37)
FNDA:0,(anonymous_38)
FNDA:0,(anonymous_39)
FNDA:0,(anonymous_40)
FNDA:0,(anonymous_41)
FNDA:0,(anonymous_42)
FNDA:0,(anonymous_43)
DA:3,0
DA:6,0
DA:7,0
DA:8,0
DA:9,0
DA:11,0
DA:27,0
DA:28,0
DA:29,0
DA:31,0
DA:33,0
DA:34,0
DA:36,0
DA:37,0
DA:38,0
DA:40,0
DA:56,0
DA:57,0
DA:59,0
DA:60,0
DA:62,0
DA:63,0
DA:65,0
DA:67,0
DA:70,0
DA:71,0
DA:72,0
DA:73,0
DA:77,0
DA:78,0
DA:79,0
DA:81,0
DA:82,0
DA:83,0
DA:86,0
DA:87,0
DA:89,0
DA:92,0
DA:93,0
DA:96,0
DA:97,0
DA:100,0
DA:101,0
DA:102,0
DA:107,0
DA:108,0
DA:111,0
DA:112,0
DA:113,0
DA:115,0
DA:118,0
DA:119,0
DA:120,0
DA:122,0
DA:123,0
DA:125,0
DA:126,0
DA:128,0
DA:131,0
DA:132,0
DA:133,0
DA:135,0
DA:136,0
DA:137,0
DA:141,0
DA:142,0
DA:143,0
DA:145,0
DA:146,0
DA:147,0
DA:149,0
DA:151,0
DA:155,0
DA:156,0
DA:157,0
DA:160,0
DA:162,0
DA:165,0
DA:167,0
DA:170,0
DA:171,0
DA:172,0
DA:173,0
DA:174,0
DA:175,0
DA:176,0
DA:179,0
DA:181,0
DA:184,0
DA:186,0
DA:189,0
DA:190,0
DA:193,0
DA:194,0
DA:195,0
DA:199,0
DA:201,0
DA:202,0
DA:205,0
DA:206,0
DA:207,0
DA:208,0
DA:212,0
DA:213,0
DA:216,0
DA:217,0
DA:218,0
DA:220,0
DA:229,0
DA:232,0
DA:234,0
DA:235,0
DA:236,0
DA:237,0
DA:243,0
DA:244,0
DA:245,0
DA:246,0
DA:247,0
DA:251,0
DA:254,0
DA:257,0
DA:294,0
DA:298,0
DA:302,0
DA:303,0
DA:304,0
DA:305,0
DA:306,0
DA:309,0
DA:311,0
DA:312,0
DA:313,0
DA:314,0
DA:315,0
DA:316,0
DA:317,0
DA:318,0
DA:322,0
DA:326,0
DA:327,0
DA:331,0
DA:332,0
DA:333,0
DA:334,0
DA:339,0
DA:340,0
DA:341,0
DA:342,0
DA:343,0
DA:344,0
DA:348,0
DA:349,0
DA:350,0
DA:354,0
DA:358,0
DA:362,0
DA:363,0
DA:366,0
DA:367,0
DA:368,0
DA:369,0
DA:372,0
DA:373,0
DA:374,0
DA:375,0
DA:378,0
DA:379,0
DA:380,0
DA:383,0
DA:387,0
DA:391,0
DA:392,0
DA:396,0
DA:400,0
DA:401,0
DA:405,0
DA:406,0
DA:407,0
DA:408,0
DA:409,0
DA:410,0
DA:411,0
DA:415,0
DA:416,0
DA:417,0
DA:418,0
DA:419,0
DA:423,0
DA:424,0
DA:425,0
DA:426,0
DA:427,0
DA:431,0
DA:432,0
DA:433,0
DA:437,0
DA:438,0
DA:439,0
DA:440,0
DA:441,0
DA:442,0
DA:443,0
DA:444,0
DA:445,0
DA:446,0
DA:447,0
DA:448,0
DA:451,0
DA:452,0
DA:453,0
DA:454,0
DA:455,0
DA:457,0
DA:458,0
DA:459,0
DA:460,0
DA:488,0
DA:526,0
DA:531,0
DA:537,0
DA:640,0
DA:657,0
DA:669,0
DA:673,0
DA:679,0
DA:695,0
DA:696,0
LF:228
LH:0
BRDA:67,0,0,0
BRDA:67,0,1,0
BRDA:67,1,0,0
BRDA:67,1,1,0
BRDA:67,2,0,0
BRDA:67,2,1,0
BRDA:72,3,0,0
BRDA:72,3,1,0
BRDA:72,4,0,0
BRDA:72,4,1,0
BRDA:78,5,0,0
BRDA:78,5,1,0
BRDA:78,6,0,0
BRDA:78,6,1,0
BRDA:83,7,0,0
BRDA:83,7,1,0
BRDA:93,8,0,0
BRDA:93,8,1,0
BRDA:101,9,0,0
BRDA:101,9,1,0
BRDA:101,9,2,0
BRDA:112,10,0,0
BRDA:112,10,1,0
BRDA:112,11,0,0
BRDA:112,11,1,0
BRDA:119,12,0,0
BRDA:119,12,1,0
BRDA:119,13,0,0
BRDA:119,13,1,0
BRDA:122,14,0,0
BRDA:122,14,1,0
BRDA:125,15,0,0
BRDA:125,15,1,0
BRDA:125,16,0,0
BRDA:125,16,1,0
BRDA:135,17,0,0
BRDA:135,17,1,0
BRDA:135,18,0,0
BRDA:135,18,1,0
BRDA:145,19,0,0
BRDA:145,19,1,0
BRDA:146,20,0,0
BRDA:146,20,1,0
BRDA:162,21,0,0
BRDA:162,21,1,0
BRDA:162,22,0,0
BRDA:162,22,1,0
BRDA:167,23,0,0
BRDA:167,23,1,0
BRDA:167,24,0,0
BRDA:167,24,1,0
BRDA:181,25,0,0
BRDA:181,25,1,0
BRDA:181,26,0,0
BRDA:181,26,1,0
BRDA:186,27,0,0
BRDA:186,27,1,0
BRDA:186,28,0,0
BRDA:186,28,1,0
BRDA:194,29,0,0
BRDA:194,29,1,0
BRDA:194,30,0,0
BRDA:194,30,1,0
BRDA:207,31,0,0
BRDA:207,31,1,0
BRDA:217,32,0,0
BRDA:217,32,1,0
BRDA:234,33,0,0
BRDA:234,33,1,0
BRDA:246,34,0,0
BRDA:246,34,1,0
BRDA:246,35,0,0
BRDA:246,35,1,0
BRDA:302,36,0,0
BRDA:302,36,1,0
BRDA:302,36,2,0
BRDA:303,37,0,0
BRDA:303,37,1,0
BRDA:303,38,0,0
BRDA:303,38,1,0
BRDA:304,39,0,0
BRDA:304,39,1,0
BRDA:304,40,0,0
BRDA:304,40,1,0
BRDA:305,41,0,0
BRDA:305,41,1,0
BRDA:309,42,0,0
BRDA:309,42,1,0
BRDA:465,43,0,0
BRDA:465,43,1,0
BRDA:469,44,0,0
BRDA:469,44,1,0
BRDA:481,45,0,0
BRDA:481,45,1,0
BRDA:490,46,0,0
BRDA:490,46,1,0
BRDA:496,47,0,0
BRDA:496,47,1,0
BRDA:496,48,0,0
BRDA:496,48,1,0
BRDA:496,49,0,0
BRDA:496,49,1,0
BRDA:503,50,0,0
BRDA:503,50,1,0
BRDA:509,51,0,0
BRDA:509,51,1,0
BRDA:509,52,0,0
BRDA:509,52,1,0
BRDA:512,53,0,0
BRDA:512,53,1,0
BRDA:512,54,0,0
BRDA:512,54,1,0
BRDA:517,55,0,0
BRDA:517,55,1,0
BRDA:517,56,0,0
BRDA:517,56,1,0
BRDA:545,57,0,0
BRDA:545,57,1,0
BRDA:554,58,0,0
BRDA:554,58,1,0
BRDA:561,59,0,0
BRDA:561,59,1,0
BRDA:576,60,0,0
BRDA:576,60,1,0
BRDA:599,61,0,0
BRDA:599,61,1,0
BRDA:607,62,0,0
BRDA:607,62,1,0
BRDA:613,63,0,0
BRDA:613,63,1,0
BRDA:630,64,0,0
BRDA:630,64,1,0
BRDA:669,65,0,0
BRDA:669,65,1,0
BRDA:676,66,0,0
BRDA:676,66,1,0
BRDA:676,67,0,0
BRDA:676,67,1,0
BRF:138
BRH:0
end_of_record
TN:
SF:src/config/env.ts
FN:138,(anonymous_0)
FN:154,(anonymous_1)
FNF:2
FNH:0
FNDA:0,(anonymous_0)
FNDA:0,(anonymous_1)
DA:48,0
DA:78,0
DA:108,0
DA:138,0
DA:139,0
DA:140,0
DA:141,0
DA:143,0
DA:147,0
DA:154,0
DA:155,0
DA:156,0
DA:160,0
DA:164,0
DA:186,0
LF:15
LH:0
BRDA:140,0,0,0
BRF:1
BRH:0
end_of_record
TN:
SF:src/pages/booking/confirm.vue
FN:3,(anonymous_0)
FN:9,(anonymous_1)
FN:15,(anonymous_2)
FN:19,(anonymous_3)
FN:24,(anonymous_4)
FN:27,(anonymous_5)
FN:34,(anonymous_6)
FN:35,adopt
FN:36,(anonymous_8)
FN:40,(anonymous_9)
FN:41,fulfilled
FN:48,rejected
FN:55,step
FN:61,(anonymous_13)
FN:64,(anonymous_14)
FN:79,(anonymous_15)
FN:82,verb
FN:83,(anonymous_17)
FN:87,step
FN:149,(anonymous_19)
FN:166,(anonymous_20)
FN:221,(anonymous_21)
FN:227,(anonymous_22)
FN:231,(anonymous_23)
FN:237,(anonymous_24)
FN:244,(anonymous_25)
FN:248,(anonymous_26)
FN:252,(anonymous_27)
FN:255,(anonymous_28)
FN:263,(anonymous_29)
FN:268,(anonymous_30)
FN:271,(anonymous_31)
FN:279,(anonymous_32)
FN:282,(anonymous_33)
FN:285,(anonymous_34)
FN:290,(anonymous_35)
FN:291,(anonymous_36)
FN:292,(anonymous_37)
FN:306,(anonymous_38)
FN:307,(anonymous_39)
FN:308,(anonymous_40)
FN:311,(anonymous_41)
FN:331,(anonymous_42)
FN:344,(anonymous_43)
FN:351,(anonymous_44)
FN:356,(anonymous_45)
FN:361,(anonymous_46)
FN:367,(anonymous_47)
FN:371,(anonymous_48)
FN:377,(anonymous_49)
FN:383,(anonymous_50)
FN:388,(anonymous_51)
FN:400,(anonymous_52)
FN:404,(anonymous_53)
FN:411,(anonymous_54)
FN:415,(anonymous_55)
FN:420,(anonymous_56)
FN:425,(anonymous_57)
FN:429,(anonymous_58)
FN:441,(anonymous_59)
FN:442,(anonymous_60)
FN:445,(anonymous_61)
FN:520,(anonymous_62)
FN:526,(anonymous_63)
FN:533,(anonymous_64)
FN:541,(anonymous_65)
FN:545,(anonymous_66)
FN:549,(anonymous_67)
FN:622,(anonymous_68)
FN:826,render
FN:848,(anonymous_70)
FN:924,(anonymous_71)
FN:935,(anonymous_72)
FN:947,(anonymous_73)
FN:1097,(anonymous_74)
FN:1115,(anonymous_75)
FN:1117,(anonymous_76)
FN:1118,(anonymous_77)
FN:1139,(anonymous_78)
FN:1157,(anonymous_79)
FN:1159,(anonymous_80)
FN:1160,(anonymous_81)
FN:1170,(anonymous_82)
FN:1171,(anonymous_83)
FN:1192,(anonymous_84)
FN:1204,(anonymous_85)
FN:1206,(anonymous_86)
FN:1214,(anonymous_87)
FNF:88
FNH:0
FNDA:0,(anonymous_0)
FNDA:0,(anonymous_1)
FNDA:0,(anonymous_2)
FNDA:0,(anonymous_3)
FNDA:0,(anonymous_4)
FNDA:0,(anonymous_5)
FNDA:0,(anonymous_6)
FNDA:0,adopt
FNDA:0,(anonymous_8)
FNDA:0,(anonymous_9)
FNDA:0,fulfilled
FNDA:0,rejected
FNDA:0,step
FNDA:0,(anonymous_13)
FNDA:0,(anonymous_14)
FNDA:0,(anonymous_15)
FNDA:0,verb
FNDA:0,(anonymous_17)
FNDA:0,step
FNDA:0,(anonymous_19)
FNDA:0,(anonymous_20)
FNDA:0,(anonymous_21)
FNDA:0,(anonymous_22)
FNDA:0,(anonymous_23)
FNDA:0,(anonymous_24)
FNDA:0,(anonymous_25)
FNDA:0,(anonymous_26)
FNDA:0,(anonymous_27)
FNDA:0,(anonymous_28)
FNDA:0,(anonymous_29)
FNDA:0,(anonymous_30)
FNDA:0,(anonymous_31)
FNDA:0,(anonymous_32)
FNDA:0,(anonymous_33)
FNDA:0,(anonymous_34)
FNDA:0,(anonymous_35)
FNDA:0,(anonymous_36)
FNDA:0,(anonymous_37)
FNDA:0,(anonymous_38)
FNDA:0,(anonymous_39)
FNDA:0,(anonymous_40)
FNDA:0,(anonymous_41)
FNDA:0,(anonymous_42)
FNDA:0,(anonymous_43)
FNDA:0,(anonymous_44)
FNDA:0,(anonymous_45)
FNDA:0,(anonymous_46)
FNDA:0,(anonymous_47)
FNDA:0,(anonymous_48)
FNDA:0,(anonymous_49)
FNDA:0,(anonymous_50)
FNDA:0,(anonymous_51)
FNDA:0,(anonymous_52)
FNDA:0,(anonymous_53)
FNDA:0,(anonymous_54)
FNDA:0,(anonymous_55)
FNDA:0,(anonymous_56)
FNDA:0,(anonymous_57)
FNDA:0,(anonymous_58)
FNDA:0,(anonymous_59)
FNDA:0,(anonymous_60)
FNDA:0,(anonymous_61)
FNDA:0,(anonymous_62)
FNDA:0,(anonymous_63)
FNDA:0,(anonymous_64)
FNDA:0,(anonymous_65)
FNDA:0,(anonymous_66)
FNDA:0,(anonymous_67)
FNDA:0,(anonymous_68)
FNDA:0,render
FNDA:0,(anonymous_70)
FNDA:0,(anonymous_71)
FNDA:0,(anonymous_72)
FNDA:0,(anonymous_73)
FNDA:0,(anonymous_74)
FNDA:0,(anonymous_75)
FNDA:0,(anonymous_76)
FNDA:0,(anonymous_77)
FNDA:0,(anonymous_78)
FNDA:0,(anonymous_79)
FNDA:0,(anonymous_80)
FNDA:0,(anonymous_81)
FNDA:0,(anonymous_82)
FNDA:0,(anonymous_83)
FNDA:0,(anonymous_84)
FNDA:0,(anonymous_85)
FNDA:0,(anonymous_86)
FNDA:0,(anonymous_87)
DA:3,0
DA:4,0
DA:5,0
DA:6,0
DA:7,0
DA:10,0
DA:14,0
DA:16,0
DA:17,0
DA:19,0
DA:20,0
DA:25,0
DA:27,0
DA:28,0
DA:29,0
DA:30,0
DA:31,0
DA:32,0
DA:34,0
DA:36,0
DA:37,0
DA:40,0
DA:42,0
DA:43,0
DA:45,0
DA:49,0
DA:50,0
DA:52,0
DA:56,0
DA:58,0
DA:61,0
DA:62,0
DA:65,0
DA:66,0
DA:75,0
DA:80,0
DA:83,0
DA:84,0
DA:88,0
DA:89,0
DA:90,0
DA:91,0
DA:92,0
DA:95,0
DA:96,0
DA:98,0
DA:99,0
DA:104,0
DA:105,0
DA:106,0
DA:107,0
DA:109,0
DA:110,0
DA:111,0
DA:113,0
DA:114,0
DA:115,0
DA:117,0
DA:118,0
DA:119,0
DA:121,0
DA:122,0
DA:123,0
DA:124,0
DA:126,0
DA:127,0
DA:128,0
DA:129,0
DA:131,0
DA:132,0
DA:133,0
DA:135,0
DA:137,0
DA:138,0
DA:140,0
DA:142,0
DA:143,0
DA:149,0
DA:150,0
DA:154,0
DA:157,0
DA:158,0
DA:159,0
DA:160,0
DA:161,0
DA:162,0
DA:164,0
DA:167,0
DA:168,0
DA:169,0
DA:170,0
DA:172,0
DA:173,0
DA:174,0
DA:175,0
DA:176,0
DA:177,0
DA:178,0
DA:179,0
DA:180,0
DA:181,0
DA:182,0
DA:183,0
DA:185,0
DA:191,0
DA:199,0
DA:213,0
DA:214,0
DA:215,0
DA:217,0
DA:218,0
DA:219,0
DA:221,0
DA:222,0
DA:223,0
DA:224,0
DA:227,0
DA:229,0
DA:231,0
DA:232,0
DA:233,0
DA:235,0
DA:237,0
DA:238,0
DA:239,0
DA:240,0
DA:241,0
DA:242,0
DA:244,0
DA:246,0
DA:248,0
DA:249,0
DA:250,0
DA:252,0
DA:253,0
DA:255,0
DA:256,0
DA:257,0
DA:259,0
DA:260,0
DA:261,0
DA:263,0
DA:264,0
DA:266,0
DA:268,0
DA:269,0
DA:271,0
DA:272,0
DA:273,0
DA:275,0
DA:277,0
DA:279,0
DA:280,0
DA:282,0
DA:283,0
DA:285,0
DA:286,0
DA:290,0
DA:291,0
DA:292,0
DA:293,0
DA:295,0
DA:297,0
DA:298,0
DA:299,0
DA:300,0
DA:306,0
DA:307,0
DA:308,0
DA:309,0
DA:311,0
DA:312,0
DA:324,0
DA:326,0
DA:331,0
DA:332,0
DA:333,0
DA:334,0
DA:335,0
DA:336,0
DA:341,0
DA:344,0
DA:345,0
DA:346,0
DA:347,0
DA:351,0
DA:353,0
DA:356,0
DA:358,0
DA:361,0
DA:362,0
DA:363,0
DA:364,0
DA:367,0
DA:368,0
DA:371,0
DA:373,0
DA:374,0
DA:377,0
DA:379,0
DA:380,0
DA:383,0
DA:385,0
DA:388,0
DA:389,0
DA:390,0
DA:391,0
DA:392,0
DA:393,0
DA:395,0
DA:397,0
DA:400,0
DA:401,0
DA:404,0
DA:405,0
DA:406,0
DA:407,0
DA:411,0
DA:412,0
DA:415,0
DA:417,0
DA:420,0
DA:422,0
DA:425,0
DA:426,0
DA:429,0
DA:430,0
DA:431,0
DA:435,0
DA:437,0
DA:438,0
DA:441,0
DA:442,0
DA:445,0
DA:446,0
DA:448,0
DA:449,0
DA:453,0
DA:456,0
DA:457,0
DA:461,0
DA:463,0
DA:465,0
DA:466,0
DA:469,0
DA:484,0
DA:486,0
DA:487,0
DA:488,0
DA:489,0
DA:490,0
DA:492,0
DA:495,0
DA:504,0
DA:506,0
DA:507,0
DA:508,0
DA:512,0
DA:514,0
DA:520,0
DA:521,0
DA:522,0
DA:526,0
DA:527,0
DA:533,0
DA:534,0
DA:535,0
DA:541,0
DA:542,0
DA:545,0
DA:546,0
DA:549,0
DA:550,0
DA:552,0
DA:614,0
DA:618,0
DA:622,0
DA:623,0
DA:624,0
DA:625,0
DA:626,0
DA:629,0
DA:631,0
DA:632,0
DA:633,0
DA:634,0
DA:635,0
DA:636,0
DA:639,0
DA:640,0
DA:641,0
DA:642,0
DA:643,0
DA:644,0
DA:645,0
DA:646,0
DA:647,0
DA:648,0
DA:649,0
DA:650,0
DA:651,0
DA:652,0
DA:653,0
DA:654,0
DA:655,0
DA:656,0
DA:657,0
DA:658,0
DA:659,0
DA:660,0
DA:661,0
DA:662,0
DA:663,0
DA:664,0
DA:665,0
DA:666,0
DA:667,0
DA:671,0
DA:672,0
DA:676,0
DA:677,0
DA:680,0
DA:681,0
DA:682,0
DA:683,0
DA:684,0
DA:685,0
DA:686,0
DA:687,0
DA:688,0
DA:691,0
DA:695,0
DA:696,0
DA:697,0
DA:698,0
DA:699,0
DA:700,0
DA:701,0
DA:702,0
DA:706,0
DA:707,0
DA:708,0
DA:709,0
DA:710,0
DA:711,0
DA:712,0
DA:713,0
DA:714,0
DA:715,0
DA:716,0
DA:720,0
DA:724,0
DA:738,0
DA:742,0
DA:743,0
DA:746,0
DA:747,0
DA:748,0
DA:749,0
DA:750,0
DA:754,0
DA:755,0
DA:756,0
DA:760,0
DA:761,0
DA:762,0
DA:766,0
DA:767,0
DA:768,0
DA:772,0
DA:773,0
DA:774,0
DA:775,0
DA:776,0
DA:777,0
DA:778,0
DA:782,0
DA:783,0
DA:784,0
DA:785,0
DA:788,0
DA:789,0
DA:793,0
DA:794,0
DA:795,0
DA:796,0
DA:800,0
DA:804,0
DA:805,0
DA:806,0
DA:807,0
DA:808,0
DA:809,0
DA:810,0
DA:811,0
DA:812,0
DA:813,0
DA:814,0
DA:815,0
DA:816,0
DA:817,0
DA:818,0
DA:821,0
DA:822,0
DA:823,0
DA:824,0
DA:825,0
DA:827,0
DA:828,0
DA:829,0
DA:830,0
DA:831,0
DA:832,0
DA:850,0
DA:924,0
DA:935,0
DA:947,0
DA:1097,0
DA:1115,0
DA:1117,0
DA:1119,0
DA:1139,0
DA:1157,0
DA:1159,0
DA:1161,0
DA:1170,0
DA:1172,0
DA:1192,0
DA:1204,0
DA:1208,0
DA:1214,0
DA:1241,0
DA:1242,0
LF:433
LH:0
BRDA:3,0,0,0
BRDA:3,0,1,0
BRDA:3,0,2,0
BRDA:3,1,0,0
BRDA:3,1,1,0
BRDA:4,2,0,0
BRDA:4,2,1,0
BRDA:6,3,0,0
BRDA:6,3,1,0
BRDA:6,4,0,0
BRDA:6,4,1,0
BRDA:6,5,0,0
BRDA:6,5,1,0
BRDA:6,6,0,0
BRDA:6,6,1,0
BRDA:16,7,0,0
BRDA:16,7,1,0
BRDA:19,8,0,0
BRDA:19,8,1,0
BRDA:19,8,2,0
BRDA:19,9,0,0
BRDA:19,9,1,0
BRDA:27,10,0,0
BRDA:27,10,1,0
BRDA:27,10,2,0
BRDA:28,11,0,0
BRDA:28,11,1,0
BRDA:28,12,0,0
BRDA:28,12,1,0
BRDA:30,13,0,0
BRDA:30,13,1,0
BRDA:30,14,0,0
BRDA:30,14,1,0
BRDA:30,15,0,0
BRDA:30,15,1,0
BRDA:34,16,0,0
BRDA:34,16,1,0
BRDA:34,16,2,0
BRDA:36,17,0,0
BRDA:36,17,1,0
BRDA:40,18,0,0
BRDA:40,18,1,0
BRDA:56,19,0,0
BRDA:56,19,1,0
BRDA:58,20,0,0
BRDA:58,20,1,0
BRDA:61,21,0,0
BRDA:61,21,1,0
BRDA:61,21,2,0
BRDA:65,22,0,0
BRDA:65,22,1,0
BRDA:79,23,0,0
BRDA:79,23,1,0
BRDA:88,24,0,0
BRDA:88,24,1,0
BRDA:89,25,0,0
BRDA:89,25,1,0
BRDA:89,26,0,0
BRDA:89,26,1,0
BRDA:90,27,0,0
BRDA:90,27,1,0
BRDA:90,28,0,0
BRDA:90,28,1,0
BRDA:90,28,2,0
BRDA:90,29,0,0
BRDA:90,29,1,0
BRDA:90,30,0,0
BRDA:90,30,1,0
BRDA:90,31,0,0
BRDA:90,31,1,0
BRDA:90,32,0,0
BRDA:90,32,1,0
BRDA:91,33,0,0
BRDA:91,33,1,0
BRDA:92,34,0,0
BRDA:92,34,1,0
BRDA:92,34,2,0
BRDA:92,34,3,0
BRDA:92,34,4,0
BRDA:92,34,5,0
BRDA:113,35,0,0
BRDA:113,35,1,0
BRDA:113,36,0,0
BRDA:113,36,1,0
BRDA:113,36,2,0
BRDA:113,37,0,0
BRDA:113,37,1,0
BRDA:117,38,0,0
BRDA:117,38,1,0
BRDA:117,39,0,0
BRDA:117,39,1,0
BRDA:117,39,2,0
BRDA:117,39,3,0
BRDA:121,40,0,0
BRDA:121,40,1,0
BRDA:121,41,0,0
BRDA:121,41,1,0
BRDA:126,42,0,0
BRDA:126,42,1,0
BRDA:126,43,0,0
BRDA:126,43,1,0
BRDA:131,44,0,0
BRDA:131,44,1,0
BRDA:142,45,0,0
BRDA:142,45,1,0
BRDA:144,46,0,0
BRDA:144,46,1,0
BRDA:149,47,0,0
BRDA:149,47,1,0
BRDA:149,47,2,0
BRDA:150,48,0,0
BRDA:150,48,1,0
BRDA:150,49,0,0
BRDA:150,49,1,0
BRDA:222,50,0,0
BRDA:222,50,1,0
BRDA:229,51,0,0
BRDA:229,51,1,0
BRDA:229,52,0,0
BRDA:229,52,1,0
BRDA:229,53,0,0
BRDA:229,53,1,0
BRDA:232,54,0,0
BRDA:232,54,1,0
BRDA:238,55,0,0
BRDA:238,55,1,0
BRDA:238,56,0,0
BRDA:238,56,1,0
BRDA:241,57,0,0
BRDA:241,57,1,0
BRDA:246,58,0,0
BRDA:246,58,1,0
BRDA:250,59,0,0
BRDA:250,59,1,0
BRDA:250,60,0,0
BRDA:250,60,1,0
BRDA:253,61,0,0
BRDA:253,61,1,0
BRDA:256,62,0,0
BRDA:256,62,1,0
BRDA:256,63,0,0
BRDA:256,63,1,0
BRDA:261,64,0,0
BRDA:261,64,1,0
BRDA:269,65,0,0
BRDA:269,65,1,0
BRDA:273,66,0,0
BRDA:273,66,1,0
BRDA:280,67,0,0
BRDA:280,67,1,0
BRDA:283,68,0,0
BRDA:283,68,1,0
BRDA:286,69,0,0
BRDA:286,69,1,0
BRDA:286,69,2,0
BRDA:286,69,3,0
BRDA:286,69,4,0
BRDA:286,69,5,0
BRDA:293,70,0,0
BRDA:293,70,1,0
BRDA:338,71,0,0
BRDA:338,71,1,0
BRDA:338,72,0,0
BRDA:338,72,1,0
BRDA:345,73,0,0
BRDA:345,73,1,0
BRDA:346,74,0,0
BRDA:346,74,1,0
BRDA:347,75,0,0
BRDA:347,75,1,0
BRDA:353,76,0,0
BRDA:353,76,1,0
BRDA:353,77,0,0
BRDA:353,77,1,0
BRDA:358,78,0,0
BRDA:358,78,1,0
BRDA:358,79,0,0
BRDA:358,79,1,0
BRDA:374,80,0,0
BRDA:374,80,1,0
BRDA:374,81,0,0
BRDA:374,81,1,0
BRDA:380,82,0,0
BRDA:380,82,1,0
BRDA:380,83,0,0
BRDA:380,83,1,0
BRDA:385,84,0,0
BRDA:385,84,1,0
BRDA:385,85,0,0
BRDA:385,85,1,0
BRDA:392,86,0,0
BRDA:392,86,1,0
BRDA:406,87,0,0
BRDA:406,87,1,0
BRDA:417,88,0,0
BRDA:417,88,1,0
BRDA:417,89,0,0
BRDA:417,89,1,0
BRDA:422,90,0,0
BRDA:422,90,1,0
BRDA:422,91,0,0
BRDA:422,91,1,0
BRDA:430,92,0,0
BRDA:430,92,1,0
BRDA:430,93,0,0
BRDA:430,93,1,0
BRDA:446,94,0,0
BRDA:446,94,1,0
BRDA:446,94,2,0
BRDA:446,94,3,0
BRDA:446,94,4,0
BRDA:448,95,0,0
BRDA:448,95,1,0
BRDA:456,96,0,0
BRDA:456,96,1,0
BRDA:479,97,0,0
BRDA:479,97,1,0
BRDA:479,98,0,0
BRDA:479,98,1,0
BRDA:487,99,0,0
BRDA:487,99,1,0
BRDA:487,100,0,0
BRDA:487,100,1,0
BRDA:490,101,0,0
BRDA:490,101,1,0
BRDA:509,102,0,0
BRDA:509,102,1,0
BRDA:536,103,0,0
BRDA:536,103,1,0
BRDA:622,104,0,0
BRDA:622,104,1,0
BRDA:622,104,2,0
BRDA:623,105,0,0
BRDA:623,105,1,0
BRDA:623,106,0,0
BRDA:623,106,1,0
BRDA:624,107,0,0
BRDA:624,107,1,0
BRDA:624,108,0,0
BRDA:624,108,1,0
BRDA:625,109,0,0
BRDA:625,109,1,0
BRDA:629,110,0,0
BRDA:629,110,1,0
BRDA:855,111,0,0
BRDA:855,111,1,0
BRDA:855,112,0,0
BRDA:855,112,1,0
BRDA:855,113,0,0
BRDA:855,113,1,0
BRDA:865,114,0,0
BRDA:865,114,1,0
BRDA:869,115,0,0
BRDA:869,115,1,0
BRDA:878,116,0,0
BRDA:878,116,1,0
BRDA:886,117,0,0
BRDA:886,117,1,0
BRDA:895,118,0,0
BRDA:895,118,1,0
BRDA:903,119,0,0
BRDA:903,119,1,0
BRDA:907,120,0,0
BRDA:907,120,1,0
BRDA:910,121,0,0
BRDA:910,121,1,0
BRDA:924,122,0,0
BRDA:924,122,1,0
BRDA:935,123,0,0
BRDA:935,123,1,0
BRDA:947,124,0,0
BRDA:947,124,1,0
BRDA:961,125,0,0
BRDA:961,125,1,0
BRDA:978,126,0,0
BRDA:978,126,1,0
BRDA:1006,127,0,0
BRDA:1006,127,1,0
BRDA:1014,128,0,0
BRDA:1014,128,1,0
BRDA:1025,129,0,0
BRDA:1025,129,1,0
BRDA:1031,130,0,0
BRDA:1031,130,1,0
BRDA:1037,131,0,0
BRDA:1037,131,1,0
BRDA:1043,132,0,0
BRDA:1043,132,1,0
BRDA:1051,133,0,0
BRDA:1051,133,1,0
BRDA:1054,134,0,0
BRDA:1054,134,1,0
BRDA:1054,135,0,0
BRDA:1054,135,1,0
BRDA:1069,136,0,0
BRDA:1069,136,1,0
BRDA:1084,137,0,0
BRDA:1084,137,1,0
BRDA:1146,138,0,0
BRDA:1146,138,1,0
BRDA:1204,139,0,0
BRDA:1204,139,1,0
BRDA:1211,140,0,0
BRDA:1211,140,1,0
BRDA:1211,141,0,0
BRDA:1211,141,1,0
BRDA:1229,142,0,0
BRDA:1229,142,1,0
BRF:308
BRH:0
end_of_record
TN:
SF:src/pages/booking/verify.vue
FN:3,(anonymous_0)
FN:4,adopt
FN:5,(anonymous_2)
FN:9,(anonymous_3)
FN:10,fulfilled
FN:17,rejected
FN:24,step
FN:30,(anonymous_7)
FN:33,(anonymous_8)
FN:48,(anonymous_9)
FN:51,verb
FN:52,(anonymous_11)
FN:56,step
FN:118,(anonymous_13)
FN:134,(anonymous_14)
FN:172,(anonymous_15)
FN:175,(anonymous_16)
FN:178,(anonymous_17)
FN:185,(anonymous_18)
FN:192,(anonymous_19)
FN:195,(anonymous_20)
FN:200,(anonymous_21)
FN:201,(anonymous_22)
FN:202,(anonymous_23)
FN:221,(anonymous_24)
FN:222,(anonymous_25)
FN:223,(anonymous_26)
FN:282,(anonymous_27)
FN:283,(anonymous_28)
FN:284,(anonymous_29)
FN:309,(anonymous_30)
FN:343,(anonymous_31)
FN:347,(anonymous_32)
FN:352,(anonymous_33)
FN:363,(anonymous_34)
FN:374,(anonymous_35)
FN:387,(anonymous_36)
FN:402,(anonymous_37)
FN:411,(anonymous_38)
FN:416,(anonymous_39)
FN:425,(anonymous_40)
FN:426,(anonymous_41)
FN:427,(anonymous_42)
FN:444,(anonymous_43)
FN:448,(anonymous_44)
FN:453,(anonymous_45)
FN:461,(anonymous_46)
FN:468,(anonymous_47)
FN:476,(anonymous_48)
FN:477,(anonymous_49)
FN:479,(anonymous_50)
FN:484,(anonymous_51)
FN:485,(anonymous_52)
FN:486,(anonymous_53)
FN:510,(anonymous_54)
FN:515,(anonymous_55)
FN:528,(anonymous_56)
FN:534,(anonymous_57)
FN:535,(anonymous_58)
FN:536,(anonymous_59)
FN:549,(anonymous_60)
FN:566,(anonymous_61)
FN:570,(anonymous_62)
FN:573,(anonymous_63)
FN:578,(anonymous_64)
FN:584,(anonymous_65)
FN:587,(anonymous_66)
FN:597,(anonymous_67)
FN:600,(anonymous_68)
FN:647,(anonymous_69)
FN:869,render
FN:896,(anonymous_71)
FN:1065,(anonymous_72)
FN:1082,(anonymous_73)
FN:1148,(anonymous_74)
FNF:75
FNH:0
FNDA:0,(anonymous_0)
FNDA:0,adopt
FNDA:0,(anonymous_2)
FNDA:0,(anonymous_3)
FNDA:0,fulfilled
FNDA:0,rejected
FNDA:0,step
FNDA:0,(anonymous_7)
FNDA:0,(anonymous_8)
FNDA:0,(anonymous_9)
FNDA:0,verb
FNDA:0,(anonymous_11)
FNDA:0,step
FNDA:0,(anonymous_13)
FNDA:0,(anonymous_14)
FNDA:0,(anonymous_15)
FNDA:0,(anonymous_16)
FNDA:0,(anonymous_17)
FNDA:0,(anonymous_18)
FNDA:0,(anonymous_19)
FNDA:0,(anonymous_20)
FNDA:0,(anonymous_21)
FNDA:0,(anonymous_22)
FNDA:0,(anonymous_23)
FNDA:0,(anonymous_24)
FNDA:0,(anonymous_25)
FNDA:0,(anonymous_26)
FNDA:0,(anonymous_27)
FNDA:0,(anonymous_28)
FNDA:0,(anonymous_29)
FNDA:0,(anonymous_30)
FNDA:0,(anonymous_31)
FNDA:0,(anonymous_32)
FNDA:0,(anonymous_33)
FNDA:0,(anonymous_34)
FNDA:0,(anonymous_35)
FNDA:0,(anonymous_36)
FNDA:0,(anonymous_37)
FNDA:0,(anonymous_38)
FNDA:0,(anonymous_39)
FNDA:0,(anonymous_40)
FNDA:0,(anonymous_41)
FNDA:0,(anonymous_42)
FNDA:0,(anonymous_43)
FNDA:0,(anonymous_44)
FNDA:0,(anonymous_45)
FNDA:0,(anonymous_46)
FNDA:0,(anonymous_47)
FNDA:0,(anonymous_48)
FNDA:0,(anonymous_49)
FNDA:0,(anonymous_50)
FNDA:0,(anonymous_51)
FNDA:0,(anonymous_52)
FNDA:0,(anonymous_53)
FNDA:0,(anonymous_54)
FNDA:0,(anonymous_55)
FNDA:0,(anonymous_56)
FNDA:0,(anonymous_57)
FNDA:0,(anonymous_58)
FNDA:0,(anonymous_59)
FNDA:0,(anonymous_60)
FNDA:0,(anonymous_61)
FNDA:0,(anonymous_62)
FNDA:0,(anonymous_63)
FNDA:0,(anonymous_64)
FNDA:0,(anonymous_65)
FNDA:0,(anonymous_66)
FNDA:0,(anonymous_67)
FNDA:0,(anonymous_68)
FNDA:0,(anonymous_69)
FNDA:0,render
FNDA:0,(anonymous_71)
FNDA:0,(anonymous_72)
FNDA:0,(anonymous_73)
FNDA:0,(anonymous_74)
DA:3,0
DA:5,0
DA:6,0
DA:9,0
DA:11,0
DA:12,0
DA:14,0
DA:18,0
DA:19,0
DA:21,0
DA:25,0
DA:27,0
DA:30,0
DA:31,0
DA:34,0
DA:35,0
DA:44,0
DA:49,0
DA:52,0
DA:53,0
DA:57,0
DA:58,0
DA:59,0
DA:60,0
DA:61,0
DA:64,0
DA:65,0
DA:67,0
DA:68,0
DA:73,0
DA:74,0
DA:75,0
DA:76,0
DA:78,0
DA:79,0
DA:80,0
DA:82,0
DA:83,0
DA:84,0
DA:86,0
DA:87,0
DA:88,0
DA:90,0
DA:91,0
DA:92,0
DA:93,0
DA:95,0
DA:96,0
DA:97,0
DA:98,0
DA:100,0
DA:101,0
DA:102,0
DA:104,0
DA:106,0
DA:107,0
DA:109,0
DA:111,0
DA:112,0
DA:118,0
DA:119,0
DA:123,0
DA:126,0
DA:127,0
DA:128,0
DA:129,0
DA:130,0
DA:132,0
DA:135,0
DA:136,0
DA:137,0
DA:138,0
DA:140,0
DA:142,0
DA:143,0
DA:144,0
DA:146,0
DA:168,0
DA:170,0
DA:172,0
DA:173,0
DA:175,0
DA:176,0
DA:178,0
DA:179,0
DA:180,0
DA:181,0
DA:182,0
DA:183,0
DA:185,0
DA:186,0
DA:187,0
DA:188,0
DA:189,0
DA:190,0
DA:192,0
DA:193,0
DA:195,0
DA:196,0
DA:200,0
DA:201,0
DA:202,0
DA:203,0
DA:205,0
DA:207,0
DA:208,0
DA:210,0
DA:211,0
DA:212,0
DA:213,0
DA:215,0
DA:221,0
DA:222,0
DA:223,0
DA:224,0
DA:226,0
DA:271,0
DA:272,0
DA:277,0
DA:282,0
DA:283,0
DA:284,0
DA:285,0
DA:286,0
DA:287,0
DA:302,0
DA:304,0
DA:309,0
DA:310,0
DA:311,0
DA:319,0
DA:320,0
DA:322,0
DA:323,0
DA:324,0
DA:325,0
DA:326,0
DA:327,0
DA:328,0
DA:329,0
DA:330,0
DA:331,0
DA:332,0
DA:333,0
DA:334,0
DA:335,0
DA:336,0
DA:337,0
DA:339,0
DA:343,0
DA:344,0
DA:345,0
DA:347,0
DA:352,0
DA:353,0
DA:361,0
DA:363,0
DA:364,0
DA:372,0
DA:374,0
DA:375,0
DA:376,0
DA:377,0
DA:378,0
DA:379,0
DA:380,0
DA:381,0
DA:382,0
DA:384,0
DA:387,0
DA:388,0
DA:389,0
DA:390,0
DA:391,0
DA:392,0
DA:393,0
DA:394,0
DA:395,0
DA:397,0
DA:399,0
DA:400,0
DA:402,0
DA:403,0
DA:409,0
DA:411,0
DA:412,0
DA:413,0
DA:416,0
DA:418,0
DA:419,0
DA:420,0
DA:425,0
DA:426,0
DA:427,0
DA:428,0
DA:430,0
DA:435,0
DA:440,0
DA:444,0
DA:446,0
DA:448,0
DA:450,0
DA:453,0
DA:455,0
DA:456,0
DA:461,0
DA:463,0
DA:468,0
DA:470,0
DA:476,0
DA:477,0
DA:478,0
DA:479,0
DA:480,0
DA:481,0
DA:485,0
DA:486,0
DA:487,0
DA:489,0
DA:490,0
DA:495,0
DA:501,0
DA:506,0
DA:510,0
DA:511,0
DA:515,0
DA:517,0
DA:524,0
DA:528,0
DA:529,0
DA:534,0
DA:535,0
DA:536,0
DA:537,0
DA:539,0
DA:540,0
DA:542,0
DA:543,0
DA:544,0
DA:549,0
DA:550,0
DA:551,0
DA:552,0
DA:558,0
DA:566,0
DA:567,0
DA:570,0
DA:571,0
DA:573,0
DA:574,0
DA:575,0
DA:578,0
DA:580,0
DA:581,0
DA:584,0
DA:585,0
DA:587,0
DA:588,0
DA:589,0
DA:592,0
DA:598,0
DA:601,0
DA:639,0
DA:643,0
DA:647,0
DA:648,0
DA:649,0
DA:650,0
DA:651,0
DA:654,0
DA:656,0
DA:657,0
DA:658,0
DA:659,0
DA:660,0
DA:661,0
DA:664,0
DA:665,0
DA:666,0
DA:669,0
DA:670,0
DA:671,0
DA:672,0
DA:673,0
DA:674,0
DA:678,0
DA:679,0
DA:680,0
DA:684,0
DA:688,0
DA:702,0
DA:706,0
DA:710,0
DA:714,0
DA:715,0
DA:716,0
DA:719,0
DA:720,0
DA:721,0
DA:722,0
DA:723,0
DA:724,0
DA:728,0
DA:729,0
DA:730,0
DA:734,0
DA:735,0
DA:736,0
DA:740,0
DA:741,0
DA:742,0
DA:743,0
DA:744,0
DA:745,0
DA:746,0
DA:747,0
DA:748,0
DA:749,0
DA:750,0
DA:751,0
DA:754,0
DA:755,0
DA:758,0
DA:759,0
DA:760,0
DA:761,0
DA:762,0
DA:763,0
DA:764,0
DA:765,0
DA:766,0
DA:767,0
DA:768,0
DA:769,0
DA:770,0
DA:771,0
DA:775,0
DA:776,0
DA:777,0
DA:778,0
DA:779,0
DA:780,0
DA:781,0
DA:782,0
DA:783,0
DA:784,0
DA:785,0
DA:786,0
DA:787,0
DA:788,0
DA:792,0
DA:793,0
DA:794,0
DA:798,0
DA:799,0
DA:800,0
DA:804,0
DA:805,0
DA:806,0
DA:807,0
DA:808,0
DA:809,0
DA:813,0
DA:816,0
DA:817,0
DA:818,0
DA:819,0
DA:823,0
DA:826,0
DA:827,0
DA:828,0
DA:829,0
DA:830,0
DA:831,0
DA:832,0
DA:854,0
DA:855,0
DA:859,0
DA:860,0
DA:861,0
DA:862,0
DA:866,0
DA:867,0
DA:868,0
DA:870,0
DA:871,0
DA:872,0
DA:898,0
DA:1066,0
DA:1083,0
DA:1148,0
DA:1178,0
DA:1179,0
LF:393
LH:0
BRDA:3,0,0,0
BRDA:3,0,1,0
BRDA:3,0,2,0
BRDA:5,1,0,0
BRDA:5,1,1,0
BRDA:9,2,0,0
BRDA:9,2,1,0
BRDA:25,3,0,0
BRDA:25,3,1,0
BRDA:27,4,0,0
BRDA:27,4,1,0
BRDA:30,5,0,0
BRDA:30,5,1,0
BRDA:30,5,2,0
BRDA:34,6,0,0
BRDA:34,6,1,0
BRDA:48,7,0,0
BRDA:48,7,1,0
BRDA:57,8,0,0
BRDA:57,8,1,0
BRDA:58,9,0,0
BRDA:58,9,1,0
BRDA:58,10,0,0
BRDA:58,10,1,0
BRDA:59,11,0,0
BRDA:59,11,1,0
BRDA:59,12,0,0
BRDA:59,12,1,0
BRDA:59,12,2,0
BRDA:59,13,0,0
BRDA:59,13,1,0
BRDA:59,14,0,0
BRDA:59,14,1,0
BRDA:59,15,0,0
BRDA:59,15,1,0
BRDA:59,16,0,0
BRDA:59,16,1,0
BRDA:60,17,0,0
BRDA:60,17,1,0
BRDA:61,18,0,0
BRDA:61,18,1,0
BRDA:61,18,2,0
BRDA:61,18,3,0
BRDA:61,18,4,0
BRDA:61,18,5,0
BRDA:82,19,0,0
BRDA:82,19,1,0
BRDA:82,20,0,0
BRDA:82,20,1,0
BRDA:82,20,2,0
BRDA:82,21,0,0
BRDA:82,21,1,0
BRDA:86,22,0,0
BRDA:86,22,1,0
BRDA:86,23,0,0
BRDA:86,23,1,0
BRDA:86,23,2,0
BRDA:86,23,3,0
BRDA:90,24,0,0
BRDA:90,24,1,0
BRDA:90,25,0,0
BRDA:90,25,1,0
BRDA:95,26,0,0
BRDA:95,26,1,0
BRDA:95,27,0,0
BRDA:95,27,1,0
BRDA:100,28,0,0
BRDA:100,28,1,0
BRDA:111,29,0,0
BRDA:111,29,1,0
BRDA:113,30,0,0
BRDA:113,30,1,0
BRDA:118,31,0,0
BRDA:118,31,1,0
BRDA:118,31,2,0
BRDA:119,32,0,0
BRDA:119,32,1,0
BRDA:119,33,0,0
BRDA:119,33,1,0
BRDA:176,34,0,0
BRDA:176,34,1,0
BRDA:176,34,2,0
BRDA:176,34,3,0
BRDA:183,35,0,0
BRDA:183,35,1,0
BRDA:190,36,0,0
BRDA:190,36,1,0
BRDA:196,37,0,0
BRDA:196,37,1,0
BRDA:203,38,0,0
BRDA:203,38,1,0
BRDA:203,38,2,0
BRDA:211,39,0,0
BRDA:211,39,1,0
BRDA:251,40,0,0
BRDA:251,40,1,0
BRDA:252,41,0,0
BRDA:252,41,1,0
BRDA:253,42,0,0
BRDA:253,42,1,0
BRDA:254,43,0,0
BRDA:254,43,1,0
BRDA:286,44,0,0
BRDA:286,44,1,0
BRDA:344,45,0,0
BRDA:344,45,1,0
BRDA:361,46,0,0
BRDA:361,46,1,0
BRDA:372,47,0,0
BRDA:372,47,1,0
BRDA:378,48,0,0
BRDA:378,48,1,0
BRDA:381,49,0,0
BRDA:381,49,1,0
BRDA:392,50,0,0
BRDA:392,50,1,0
BRDA:394,51,0,0
BRDA:394,51,1,0
BRDA:409,52,0,0
BRDA:409,52,1,0
BRDA:446,53,0,0
BRDA:446,53,1,0
BRDA:446,54,0,0
BRDA:446,54,1,0
BRDA:450,55,0,0
BRDA:450,55,1,0
BRDA:450,56,0,0
BRDA:450,56,1,0
BRDA:455,57,0,0
BRDA:455,57,1,0
BRDA:455,58,0,0
BRDA:455,58,1,0
BRDA:455,59,0,0
BRDA:455,59,1,0
BRDA:471,60,0,0
BRDA:471,60,1,0
BRDA:471,61,0,0
BRDA:471,61,1,0
BRDA:487,62,0,0
BRDA:487,62,1,0
BRDA:537,63,0,0
BRDA:537,63,1,0
BRDA:551,64,0,0
BRDA:551,64,1,0
BRDA:574,65,0,0
BRDA:574,65,1,0
BRDA:580,66,0,0
BRDA:580,66,1,0
BRDA:588,67,0,0
BRDA:588,67,1,0
BRDA:647,68,0,0
BRDA:647,68,1,0
BRDA:647,68,2,0
BRDA:648,69,0,0
BRDA:648,69,1,0
BRDA:648,70,0,0
BRDA:648,70,1,0
BRDA:649,71,0,0
BRDA:649,71,1,0
BRDA:649,72,0,0
BRDA:649,72,1,0
BRDA:650,73,0,0
BRDA:650,73,1,0
BRDA:654,74,0,0
BRDA:654,74,1,0
BRDA:910,75,0,0
BRDA:910,75,1,0
BRDA:918,76,0,0
BRDA:918,76,1,0
BRDA:923,77,0,0
BRDA:923,77,1,0
BRDA:962,78,0,0
BRDA:962,78,1,0
BRDA:973,79,0,0
BRDA:973,79,1,0
BRDA:973,80,0,0
BRDA:973,80,1,0
BRDA:973,81,0,0
BRDA:973,81,1,0
BRDA:977,82,0,0
BRDA:977,82,1,0
BRDA:977,83,0,0
BRDA:977,83,1,0
BRDA:978,84,0,0
BRDA:978,84,1,0
BRDA:978,85,0,0
BRDA:978,85,1,0
BRDA:980,86,0,0
BRDA:980,86,1,0
BRDA:980,87,0,0
BRDA:980,87,1,0
BRDA:998,88,0,0
BRDA:998,88,1,0
BRDA:998,89,0,0
BRDA:998,89,1,0
BRDA:1012,90,0,0
BRDA:1012,90,1,0
BRDA:1034,91,0,0
BRDA:1034,91,1,0
BRDA:1034,92,0,0
BRDA:1034,92,1,0
BRDA:1034,93,0,0
BRDA:1034,93,1,0
BRDA:1036,94,0,0
BRDA:1036,94,1,0
BRDA:1042,95,0,0
BRDA:1042,95,1,0
BRDA:1048,96,0,0
BRDA:1048,96,1,0
BRDA:1061,97,0,0
BRDA:1061,97,1,0
BRDA:1061,98,0,0
BRDA:1061,98,1,0
BRDA:1061,99,0,0
BRDA:1061,99,1,0
BRDA:1061,100,0,0
BRDA:1061,100,1,0
BRDA:1078,101,0,0
BRDA:1078,101,1,0
BRDA:1111,102,0,0
BRDA:1111,102,1,0
BRDA:1113,103,0,0
BRDA:1113,103,1,0
BRDA:1120,104,0,0
BRDA:1120,104,1,0
BRDA:1127,105,0,0
BRDA:1127,105,1,0
BRDA:1134,106,0,0
BRDA:1134,106,1,0
BRDA:1169,107,0,0
BRDA:1169,107,1,0
BRF:231
BRH:0
end_of_record
TN:
SF:src/pages/index/index.vue
FN:3,(anonymous_0)
FN:4,(anonymous_1)
FN:13,(anonymous_2)
FN:14,adopt
FN:15,(anonymous_4)
FN:19,(anonymous_5)
FN:20,fulfilled
FN:27,rejected
FN:34,step
FN:40,(anonymous_9)
FN:43,(anonymous_10)
FN:58,(anonymous_11)
FN:61,verb
FN:62,(anonymous_13)
FN:66,step
FN:128,(anonymous_15)
FN:146,(anonymous_16)
FN:232,(anonymous_17)
FN:237,(anonymous_18)
FN:238,(anonymous_19)
FN:239,(anonymous_20)
FN:251,(anonymous_21)
FN:252,(anonymous_22)
FN:254,(anonymous_23)
FN:269,(anonymous_24)
FN:291,(anonymous_25)
FN:292,(anonymous_26)
FN:293,(anonymous_27)
FN:297,(anonymous_28)
FN:306,(anonymous_29)
FN:310,(anonymous_30)
FN:315,(anonymous_31)
FN:320,(anonymous_32)
FN:326,(anonymous_33)
FN:345,(anonymous_34)
FN:350,(anonymous_35)
FN:355,(anonymous_36)
FN:362,(anonymous_37)
FN:371,(anonymous_38)
FN:372,(anonymous_39)
FN:373,(anonymous_40)
FN:387,(anonymous_41)
FN:393,(anonymous_42)
FN:395,(anonymous_43)
FN:406,(anonymous_44)
FN:412,(anonymous_45)
FN:418,(anonymous_46)
FN:423,(anonymous_47)
FN:428,(anonymous_48)
FN:433,(anonymous_49)
FN:438,(anonymous_50)
FN:443,(anonymous_51)
FN:448,(anonymous_52)
FN:453,(anonymous_53)
FN:458,(anonymous_54)
FN:464,(anonymous_55)
FN:467,(anonymous_56)
FN:517,(anonymous_57)
FN:639,render
FN:683,(anonymous_59)
FN:695,(anonymous_60)
FN:696,(anonymous_61)
FN:699,(anonymous_62)
FN:701,(anonymous_63)
FN:733,(anonymous_64)
FN:737,(anonymous_65)
FN:782,(anonymous_66)
FN:787,(anonymous_67)
FN:815,(anonymous_68)
FN:850,(anonymous_69)
FN:870,(anonymous_70)
FN:874,(anonymous_71)
FNF:72
FNH:0
FNDA:0,(anonymous_0)
FNDA:0,(anonymous_1)
FNDA:0,(anonymous_2)
FNDA:0,adopt
FNDA:0,(anonymous_4)
FNDA:0,(anonymous_5)
FNDA:0,fulfilled
FNDA:0,rejected
FNDA:0,step
FNDA:0,(anonymous_9)
FNDA:0,(anonymous_10)
FNDA:0,(anonymous_11)
FNDA:0,verb
FNDA:0,(anonymous_13)
FNDA:0,step
FNDA:0,(anonymous_15)
FNDA:0,(anonymous_16)
FNDA:0,(anonymous_17)
FNDA:0,(anonymous_18)
FNDA:0,(anonymous_19)
FNDA:0,(anonymous_20)
FNDA:0,(anonymous_21)
FNDA:0,(anonymous_22)
FNDA:0,(anonymous_23)
FNDA:0,(anonymous_24)
FNDA:0,(anonymous_25)
FNDA:0,(anonymous_26)
FNDA:0,(anonymous_27)
FNDA:0,(anonymous_28)
FNDA:0,(anonymous_29)
FNDA:0,(anonymous_30)
FNDA:0,(anonymous_31)
FNDA:0,(anonymous_32)
FNDA:0,(anonymous_33)
FNDA:0,(anonymous_34)
FNDA:0,(anonymous_35)
FNDA:0,(anonymous_36)
FNDA:0,(anonymous_37)
FNDA:0,(anonymous_38)
FNDA:0,(anonymous_39)
FNDA:0,(anonymous_40)
FNDA:0,(anonymous_41)
FNDA:0,(anonymous_42)
FNDA:0,(anonymous_43)
FNDA:0,(anonymous_44)
FNDA:0,(anonymous_45)
FNDA:0,(anonymous_46)
FNDA:0,(anonymous_47)
FNDA:0,(anonymous_48)
FNDA:0,(anonymous_49)
FNDA:0,(anonymous_50)
FNDA:0,(anonymous_51)
FNDA:0,(anonymous_52)
FNDA:0,(anonymous_53)
FNDA:0,(anonymous_54)
FNDA:0,(anonymous_55)
FNDA:0,(anonymous_56)
FNDA:0,(anonymous_57)
FNDA:0,render
FNDA:0,(anonymous_59)
FNDA:0,(anonymous_60)
FNDA:0,(anonymous_61)
FNDA:0,(anonymous_62)
FNDA:0,(anonymous_63)
FNDA:0,(anonymous_64)
FNDA:0,(anonymous_65)
FNDA:0,(anonymous_66)
FNDA:0,(anonymous_67)
FNDA:0,(anonymous_68)
FNDA:0,(anonymous_69)
FNDA:0,(anonymous_70)
FNDA:0,(anonymous_71)
DA:3,0
DA:4,0
DA:5,0
DA:6,0
DA:7,0
DA:9,0
DA:11,0
DA:13,0
DA:15,0
DA:16,0
DA:19,0
DA:21,0
DA:22,0
DA:24,0
DA:28,0
DA:29,0
DA:31,0
DA:35,0
DA:37,0
DA:40,0
DA:41,0
DA:44,0
DA:45,0
DA:54,0
DA:59,0
DA:62,0
DA:63,0
DA:67,0
DA:68,0
DA:69,0
DA:70,0
DA:71,0
DA:74,0
DA:75,0
DA:77,0
DA:78,0
DA:83,0
DA:84,0
DA:85,0
DA:86,0
DA:88,0
DA:89,0
DA:90,0
DA:92,0
DA:93,0
DA:94,0
DA:96,0
DA:97,0
DA:98,0
DA:100,0
DA:101,0
DA:102,0
DA:103,0
DA:105,0
DA:106,0
DA:107,0
DA:108,0
DA:110,0
DA:111,0
DA:112,0
DA:114,0
DA:116,0
DA:117,0
DA:119,0
DA:121,0
DA:122,0
DA:128,0
DA:129,0
DA:133,0
DA:136,0
DA:137,0
DA:138,0
DA:139,0
DA:140,0
DA:141,0
DA:142,0
DA:144,0
DA:147,0
DA:148,0
DA:149,0
DA:150,0
DA:152,0
DA:153,0
DA:154,0
DA:155,0
DA:156,0
DA:157,0
DA:158,0
DA:160,0
DA:174,0
DA:215,0
DA:216,0
DA:230,0
DA:232,0
DA:233,0
DA:237,0
DA:238,0
DA:239,0
DA:240,0
DA:242,0
DA:244,0
DA:245,0
DA:251,0
DA:252,0
DA:254,0
DA:255,0
DA:257,0
DA:258,0
DA:267,0
DA:268,0
DA:269,0
DA:270,0
DA:275,0
DA:277,0
DA:278,0
DA:279,0
DA:283,0
DA:285,0
DA:291,0
DA:292,0
DA:293,0
DA:294,0
DA:295,0
DA:297,0
DA:298,0
DA:299,0
DA:301,0
DA:306,0
DA:307,0
DA:308,0
DA:312,0
DA:313,0
DA:316,0
DA:317,0
DA:318,0
DA:320,0
DA:321,0
DA:322,0
DA:327,0
DA:328,0
DA:329,0
DA:331,0
DA:345,0
DA:347,0
DA:350,0
DA:352,0
DA:355,0
DA:356,0
DA:357,0
DA:359,0
DA:362,0
DA:363,0
DA:364,0
DA:366,0
DA:371,0
DA:372,0
DA:373,0
DA:374,0
DA:376,0
DA:377,0
DA:379,0
DA:380,0
DA:381,0
DA:387,0
DA:388,0
DA:389,0
DA:393,0
DA:394,0
DA:395,0
DA:396,0
DA:398,0
DA:399,0
DA:401,0
DA:402,0
DA:406,0
DA:407,0
DA:412,0
DA:413,0
DA:414,0
DA:418,0
DA:419,0
DA:423,0
DA:424,0
DA:428,0
DA:429,0
DA:433,0
DA:434,0
DA:438,0
DA:439,0
DA:443,0
DA:444,0
DA:448,0
DA:449,0
DA:453,0
DA:454,0
DA:458,0
DA:459,0
DA:464,0
DA:465,0
DA:467,0
DA:470,0
DA:509,0
DA:513,0
DA:517,0
DA:518,0
DA:519,0
DA:520,0
DA:521,0
DA:524,0
DA:526,0
DA:527,0
DA:528,0
DA:529,0
DA:530,0
DA:531,0
DA:532,0
DA:533,0
DA:534,0
DA:535,0
DA:536,0
DA:537,0
DA:541,0
DA:542,0
DA:546,0
DA:547,0
DA:548,0
DA:549,0
DA:550,0
DA:554,0
DA:555,0
DA:556,0
DA:557,0
DA:558,0
DA:559,0
DA:560,0
DA:561,0
DA:565,0
DA:568,0
DA:569,0
DA:573,0
DA:576,0
DA:577,0
DA:581,0
DA:584,0
DA:585,0
DA:589,0
DA:592,0
DA:593,0
DA:597,0
DA:598,0
DA:599,0
DA:600,0
DA:601,0
DA:602,0
DA:603,0
DA:604,0
DA:605,0
DA:606,0
DA:607,0
DA:608,0
DA:609,0
DA:610,0
DA:611,0
DA:612,0
DA:616,0
DA:620,0
DA:624,0
DA:628,0
DA:629,0
DA:630,0
DA:631,0
DA:632,0
DA:633,0
DA:634,0
DA:635,0
DA:636,0
DA:637,0
DA:638,0
DA:640,0
DA:641,0
DA:642,0
DA:643,0
DA:644,0
DA:683,0
DA:695,0
DA:697,0
DA:699,0
DA:701,0
DA:734,0
DA:737,0
DA:784,0
DA:787,0
DA:816,0
DA:850,0
DA:871,0
DA:874,0
DA:897,0
DA:898,0
LF:298
LH:0
BRDA:3,0,0,0
BRDA:3,0,1,0
BRDA:3,0,2,0
BRDA:4,1,0,0
BRDA:4,1,1,0
BRDA:7,2,0,0
BRDA:7,2,1,0
BRDA:13,3,0,0
BRDA:13,3,1,0
BRDA:13,3,2,0
BRDA:15,4,0,0
BRDA:15,4,1,0
BRDA:19,5,0,0
BRDA:19,5,1,0
BRDA:35,6,0,0
BRDA:35,6,1,0
BRDA:37,7,0,0
BRDA:37,7,1,0
BRDA:40,8,0,0
BRDA:40,8,1,0
BRDA:40,8,2,0
BRDA:44,9,0,0
BRDA:44,9,1,0
BRDA:58,10,0,0
BRDA:58,10,1,0
BRDA:67,11,0,0
BRDA:67,11,1,0
BRDA:68,12,0,0
BRDA:68,12,1,0
BRDA:68,13,0,0
BRDA:68,13,1,0
BRDA:69,14,0,0
BRDA:69,14,1,0
BRDA:69,15,0,0
BRDA:69,15,1,0
BRDA:69,15,2,0
BRDA:69,16,0,0
BRDA:69,16,1,0
BRDA:69,17,0,0
BRDA:69,17,1,0
BRDA:69,18,0,0
BRDA:69,18,1,0
BRDA:69,19,0,0
BRDA:69,19,1,0
BRDA:70,20,0,0
BRDA:70,20,1,0
BRDA:71,21,0,0
BRDA:71,21,1,0
BRDA:71,21,2,0
BRDA:71,21,3,0
BRDA:71,21,4,0
BRDA:71,21,5,0
BRDA:92,22,0,0
BRDA:92,22,1,0
BRDA:92,23,0,0
BRDA:92,23,1,0
BRDA:92,23,2,0
BRDA:92,24,0,0
BRDA:92,24,1,0
BRDA:96,25,0,0
BRDA:96,25,1,0
BRDA:96,26,0,0
BRDA:96,26,1,0
BRDA:96,26,2,0
BRDA:96,26,3,0
BRDA:100,27,0,0
BRDA:100,27,1,0
BRDA:100,28,0,0
BRDA:100,28,1,0
BRDA:105,29,0,0
BRDA:105,29,1,0
BRDA:105,30,0,0
BRDA:105,30,1,0
BRDA:110,31,0,0
BRDA:110,31,1,0
BRDA:121,32,0,0
BRDA:121,32,1,0
BRDA:123,33,0,0
BRDA:123,33,1,0
BRDA:128,34,0,0
BRDA:128,34,1,0
BRDA:128,34,2,0
BRDA:129,35,0,0
BRDA:129,35,1,0
BRDA:129,36,0,0
BRDA:129,36,1,0
BRDA:233,37,0,0
BRDA:233,37,1,0
BRDA:240,38,0,0
BRDA:240,38,1,0
BRDA:255,39,0,0
BRDA:255,39,1,0
BRDA:255,39,2,0
BRDA:255,39,3,0
BRDA:268,40,0,0
BRDA:268,40,1,0
BRDA:268,41,0,0
BRDA:268,41,1,0
BRDA:294,42,0,0
BRDA:294,42,1,0
BRDA:321,43,0,0
BRDA:321,43,1,0
BRDA:321,44,0,0
BRDA:321,44,1,0
BRDA:327,45,0,0
BRDA:327,45,1,0
BRDA:328,46,0,0
BRDA:328,46,1,0
BRDA:347,47,0,0
BRDA:347,47,1,0
BRDA:347,48,0,0
BRDA:347,48,1,0
BRDA:352,49,0,0
BRDA:352,49,1,0
BRDA:352,50,0,0
BRDA:352,50,1,0
BRDA:363,51,0,0
BRDA:363,51,1,0
BRDA:374,52,0,0
BRDA:374,52,1,0
BRDA:388,53,0,0
BRDA:388,53,1,0
BRDA:388,54,0,0
BRDA:388,54,1,0
BRDA:394,55,0,0
BRDA:394,55,1,0
BRDA:394,56,0,0
BRDA:394,56,1,0
BRDA:398,57,0,0
BRDA:398,57,1,0
BRDA:401,58,0,0
BRDA:401,58,1,0
BRDA:401,59,0,0
BRDA:401,59,1,0
BRDA:413,60,0,0
BRDA:413,60,1,0
BRDA:517,61,0,0
BRDA:517,61,1,0
BRDA:517,61,2,0
BRDA:518,62,0,0
BRDA:518,62,1,0
BRDA:518,63,0,0
BRDA:518,63,1,0
BRDA:519,64,0,0
BRDA:519,64,1,0
BRDA:519,65,0,0
BRDA:519,65,1,0
BRDA:520,66,0,0
BRDA:520,66,1,0
BRDA:524,67,0,0
BRDA:524,67,1,0
BRDA:668,68,0,0
BRDA:668,68,1,0
BRDA:669,69,0,0
BRDA:669,69,1,0
BRDA:709,70,0,0
BRDA:709,70,1,0
BRDA:743,71,0,0
BRDA:743,71,1,0
BRDA:791,72,0,0
BRDA:791,72,1,0
BRDA:791,73,0,0
BRDA:791,73,1,0
BRDA:791,74,0,0
BRDA:791,74,1,0
BRDA:808,75,0,0
BRDA:808,75,1,0
BRDA:813,76,0,0
BRDA:813,76,1,0
BRDA:813,77,0,0
BRDA:813,77,1,0
BRDA:813,78,0,0
BRDA:813,78,1,0
BRDA:828,79,0,0
BRDA:828,79,1,0
BRDA:830,80,0,0
BRDA:830,80,1,0
BRDA:887,81,0,0
BRDA:887,81,1,0
BRF:179
BRH:0
end_of_record
TN:
SF:src/pages/merchant/login.vue
FNF:0
FNH:0
LF:0
LH:0
BRF:0
BRH:0
end_of_record
TN:
SF:src/pages/order/confirm.vue
FN:3,(anonymous_0)
FN:9,(anonymous_1)
FN:15,(anonymous_2)
FN:19,(anonymous_3)
FN:24,(anonymous_4)
FN:27,(anonymous_5)
FN:34,(anonymous_6)
FN:35,adopt
FN:36,(anonymous_8)
FN:40,(anonymous_9)
FN:41,fulfilled
FN:48,rejected
FN:55,step
FN:61,(anonymous_13)
FN:64,(anonymous_14)
FN:79,(anonymous_15)
FN:82,verb
FN:83,(anonymous_17)
FN:87,step
FN:149,(anonymous_19)
FN:167,(anonymous_20)
FN:217,(anonymous_21)
FN:225,(anonymous_22)
FN:231,(anonymous_23)
FN:237,(anonymous_24)
FN:243,(anonymous_25)
FN:250,(anonymous_26)
FN:255,(anonymous_27)
FN:269,(anonymous_28)
FN:274,(anonymous_29)
FN:280,(anonymous_30)
FN:281,(anonymous_31)
FN:282,(anonymous_32)
FN:295,(anonymous_33)
FN:296,(anonymous_34)
FN:297,(anonymous_35)
FN:331,(anonymous_36)
FN:339,(anonymous_37)
FN:341,(anonymous_38)
FN:347,(anonymous_39)
FN:354,(anonymous_40)
FN:358,(anonymous_41)
FN:362,(anonymous_42)
FN:366,(anonymous_43)
FN:371,(anonymous_44)
FN:383,(anonymous_45)
FN:386,(anonymous_46)
FN:390,(anonymous_47)
FN:394,(anonymous_48)
FN:395,(anonymous_49)
FN:398,(anonymous_50)
FN:461,(anonymous_51)
FN:470,(anonymous_52)
FN:478,(anonymous_53)
FN:485,(anonymous_54)
FN:489,(anonymous_55)
FN:493,(anonymous_56)
FN:496,(anonymous_57)
FN:563,(anonymous_58)
FN:756,render
FN:777,(anonymous_60)
FN:840,(anonymous_61)
FN:856,(anonymous_62)
FN:939,(anonymous_63)
FN:1021,(anonymous_64)
FN:1034,(anonymous_65)
FN:1035,(anonymous_66)
FN:1043,(anonymous_67)
FN:1062,(anonymous_68)
FNF:69
FNH:0
FNDA:0,(anonymous_0)
FNDA:0,(anonymous_1)
FNDA:0,(anonymous_2)
FNDA:0,(anonymous_3)
FNDA:0,(anonymous_4)
FNDA:0,(anonymous_5)
FNDA:0,(anonymous_6)
FNDA:0,adopt
FNDA:0,(anonymous_8)
FNDA:0,(anonymous_9)
FNDA:0,fulfilled
FNDA:0,rejected
FNDA:0,step
FNDA:0,(anonymous_13)
FNDA:0,(anonymous_14)
FNDA:0,(anonymous_15)
FNDA:0,verb
FNDA:0,(anonymous_17)
FNDA:0,step
FNDA:0,(anonymous_19)
FNDA:0,(anonymous_20)
FNDA:0,(anonymous_21)
FNDA:0,(anonymous_22)
FNDA:0,(anonymous_23)
FNDA:0,(anonymous_24)
FNDA:0,(anonymous_25)
FNDA:0,(anonymous_26)
FNDA:0,(anonymous_27)
FNDA:0,(anonymous_28)
FNDA:0,(anonymous_29)
FNDA:0,(anonymous_30)
FNDA:0,(anonymous_31)
FNDA:0,(anonymous_32)
FNDA:0,(anonymous_33)
FNDA:0,(anonymous_34)
FNDA:0,(anonymous_35)
FNDA:0,(anonymous_36)
FNDA:0,(anonymous_37)
FNDA:0,(anonymous_38)
FNDA:0,(anonymous_39)
FNDA:0,(anonymous_40)
FNDA:0,(anonymous_41)
FNDA:0,(anonymous_42)
FNDA:0,(anonymous_43)
FNDA:0,(anonymous_44)
FNDA:0,(anonymous_45)
FNDA:0,(anonymous_46)
FNDA:0,(anonymous_47)
FNDA:0,(anonymous_48)
FNDA:0,(anonymous_49)
FNDA:0,(anonymous_50)
FNDA:0,(anonymous_51)
FNDA:0,(anonymous_52)
FNDA:0,(anonymous_53)
FNDA:0,(anonymous_54)
FNDA:0,(anonymous_55)
FNDA:0,(anonymous_56)
FNDA:0,(anonymous_57)
FNDA:0,(anonymous_58)
FNDA:0,render
FNDA:0,(anonymous_60)
FNDA:0,(anonymous_61)
FNDA:0,(anonymous_62)
FNDA:0,(anonymous_63)
FNDA:0,(anonymous_64)
FNDA:0,(anonymous_65)
FNDA:0,(anonymous_66)
FNDA:0,(anonymous_67)
FNDA:0,(anonymous_68)
DA:3,0
DA:4,0
DA:5,0
DA:6,0
DA:7,0
DA:10,0
DA:14,0
DA:16,0
DA:17,0
DA:19,0
DA:20,0
DA:25,0
DA:27,0
DA:28,0
DA:29,0
DA:30,0
DA:31,0
DA:32,0
DA:34,0
DA:36,0
DA:37,0
DA:40,0
DA:42,0
DA:43,0
DA:45,0
DA:49,0
DA:50,0
DA:52,0
DA:56,0
DA:58,0
DA:61,0
DA:62,0
DA:65,0
DA:66,0
DA:75,0
DA:80,0
DA:83,0
DA:84,0
DA:88,0
DA:89,0
DA:90,0
DA:91,0
DA:92,0
DA:95,0
DA:96,0
DA:98,0
DA:99,0
DA:104,0
DA:105,0
DA:106,0
DA:107,0
DA:109,0
DA:110,0
DA:111,0
DA:113,0
DA:114,0
DA:115,0
DA:117,0
DA:118,0
DA:119,0
DA:121,0
DA:122,0
DA:123,0
DA:124,0
DA:126,0
DA:127,0
DA:128,0
DA:129,0
DA:131,0
DA:132,0
DA:133,0
DA:135,0
DA:137,0
DA:138,0
DA:140,0
DA:142,0
DA:143,0
DA:149,0
DA:150,0
DA:154,0
DA:157,0
DA:158,0
DA:159,0
DA:160,0
DA:161,0
DA:162,0
DA:163,0
DA:165,0
DA:168,0
DA:169,0
DA:170,0
DA:171,0
DA:172,0
DA:174,0
DA:175,0
DA:176,0
DA:178,0
DA:179,0
DA:181,0
DA:185,0
DA:189,0
DA:190,0
DA:191,0
DA:193,0
DA:194,0
DA:211,0
DA:212,0
DA:213,0
DA:215,0
DA:217,0
DA:218,0
DA:223,0
DA:225,0
DA:226,0
DA:227,0
DA:229,0
DA:231,0
DA:232,0
DA:233,0
DA:235,0
DA:237,0
DA:238,0
DA:239,0
DA:241,0
DA:243,0
DA:245,0
DA:246,0
DA:248,0
DA:250,0
DA:251,0
DA:253,0
DA:255,0
DA:256,0
DA:258,0
DA:259,0
DA:261,0
DA:262,0
DA:264,0
DA:265,0
DA:267,0
DA:269,0
DA:270,0
DA:271,0
DA:272,0
DA:274,0
DA:275,0
DA:276,0
DA:280,0
DA:281,0
DA:282,0
DA:283,0
DA:285,0
DA:287,0
DA:288,0
DA:289,0
DA:295,0
DA:296,0
DA:297,0
DA:298,0
DA:300,0
DA:324,0
DA:326,0
DA:331,0
DA:332,0
DA:333,0
DA:334,0
DA:335,0
DA:339,0
DA:341,0
DA:342,0
DA:344,0
DA:347,0
DA:349,0
DA:354,0
DA:355,0
DA:358,0
DA:360,0
DA:362,0
DA:364,0
DA:366,0
DA:367,0
DA:368,0
DA:369,0
DA:371,0
DA:372,0
DA:373,0
DA:377,0
DA:379,0
DA:380,0
DA:383,0
DA:384,0
DA:386,0
DA:387,0
DA:390,0
DA:391,0
DA:394,0
DA:395,0
DA:398,0
DA:399,0
DA:401,0
DA:402,0
DA:404,0
DA:405,0
DA:408,0
DA:429,0
DA:431,0
DA:432,0
DA:433,0
DA:435,0
DA:437,0
DA:439,0
DA:444,0
DA:446,0
DA:447,0
DA:448,0
DA:449,0
DA:453,0
DA:455,0
DA:461,0
DA:462,0
DA:464,0
DA:466,0
DA:470,0
DA:471,0
DA:472,0
DA:479,0
DA:480,0
DA:485,0
DA:486,0
DA:489,0
DA:490,0
DA:493,0
DA:494,0
DA:496,0
DA:497,0
DA:498,0
DA:500,0
DA:501,0
DA:503,0
DA:504,0
DA:507,0
DA:555,0
DA:559,0
DA:563,0
DA:564,0
DA:565,0
DA:566,0
DA:567,0
DA:570,0
DA:572,0
DA:573,0
DA:574,0
DA:575,0
DA:576,0
DA:577,0
DA:578,0
DA:581,0
DA:582,0
DA:583,0
DA:584,0
DA:588,0
DA:589,0
DA:590,0
DA:594,0
DA:595,0
DA:596,0
DA:597,0
DA:598,0
DA:599,0
DA:600,0
DA:601,0
DA:602,0
DA:606,0
DA:607,0
DA:608,0
DA:611,0
DA:612,0
DA:613,0
DA:614,0
DA:615,0
DA:619,0
DA:620,0
DA:621,0
DA:622,0
DA:623,0
DA:624,0
DA:625,0
DA:626,0
DA:627,0
DA:631,0
DA:635,0
DA:636,0
DA:637,0
DA:638,0
DA:639,0
DA:640,0
DA:641,0
DA:642,0
DA:643,0
DA:644,0
DA:648,0
DA:649,0
DA:653,0
DA:657,0
DA:658,0
DA:659,0
DA:660,0
DA:661,0
DA:662,0
DA:663,0
DA:667,0
DA:668,0
DA:672,0
DA:676,0
DA:677,0
DA:678,0
DA:679,0
DA:680,0
DA:683,0
DA:684,0
DA:685,0
DA:688,0
DA:689,0
DA:690,0
DA:691,0
DA:692,0
DA:696,0
DA:697,0
DA:698,0
DA:702,0
DA:703,0
DA:704,0
DA:708,0
DA:709,0
DA:710,0
DA:714,0
DA:715,0
DA:716,0
DA:720,0
DA:721,0
DA:722,0
DA:726,0
DA:727,0
DA:728,0
DA:729,0
DA:730,0
DA:731,0
DA:732,0
DA:733,0
DA:734,0
DA:735,0
DA:736,0
DA:737,0
DA:738,0
DA:739,0
DA:740,0
DA:741,0
DA:742,0
DA:743,0
DA:744,0
DA:745,0
DA:746,0
DA:747,0
DA:751,0
DA:752,0
DA:757,0
DA:758,0
DA:759,0
DA:779,0
DA:842,0
DA:857,0
DA:939,0
DA:1021,0
DA:1034,0
DA:1037,0
DA:1043,0
DA:1062,0
DA:1090,0
DA:1091,0
LF:379
LH:0
BRDA:3,0,0,0
BRDA:3,0,1,0
BRDA:3,0,2,0
BRDA:3,1,0,0
BRDA:3,1,1,0
BRDA:4,2,0,0
BRDA:4,2,1,0
BRDA:6,3,0,0
BRDA:6,3,1,0
BRDA:6,4,0,0
BRDA:6,4,1,0
BRDA:6,5,0,0
BRDA:6,5,1,0
BRDA:6,6,0,0
BRDA:6,6,1,0
BRDA:16,7,0,0
BRDA:16,7,1,0
BRDA:19,8,0,0
BRDA:19,8,1,0
BRDA:19,8,2,0
BRDA:19,9,0,0
BRDA:19,9,1,0
BRDA:27,10,0,0
BRDA:27,10,1,0
BRDA:27,10,2,0
BRDA:28,11,0,0
BRDA:28,11,1,0
BRDA:28,12,0,0
BRDA:28,12,1,0
BRDA:30,13,0,0
BRDA:30,13,1,0
BRDA:30,14,0,0
BRDA:30,14,1,0
BRDA:30,15,0,0
BRDA:30,15,1,0
BRDA:34,16,0,0
BRDA:34,16,1,0
BRDA:34,16,2,0
BRDA:36,17,0,0
BRDA:36,17,1,0
BRDA:40,18,0,0
BRDA:40,18,1,0
BRDA:56,19,0,0
BRDA:56,19,1,0
BRDA:58,20,0,0
BRDA:58,20,1,0
BRDA:61,21,0,0
BRDA:61,21,1,0
BRDA:61,21,2,0
BRDA:65,22,0,0
BRDA:65,22,1,0
BRDA:79,23,0,0
BRDA:79,23,1,0
BRDA:88,24,0,0
BRDA:88,24,1,0
BRDA:89,25,0,0
BRDA:89,25,1,0
BRDA:89,26,0,0
BRDA:89,26,1,0
BRDA:90,27,0,0
BRDA:90,27,1,0
BRDA:90,28,0,0
BRDA:90,28,1,0
BRDA:90,28,2,0
BRDA:90,29,0,0
BRDA:90,29,1,0
BRDA:90,30,0,0
BRDA:90,30,1,0
BRDA:90,31,0,0
BRDA:90,31,1,0
BRDA:90,32,0,0
BRDA:90,32,1,0
BRDA:91,33,0,0
BRDA:91,33,1,0
BRDA:92,34,0,0
BRDA:92,34,1,0
BRDA:92,34,2,0
BRDA:92,34,3,0
BRDA:92,34,4,0
BRDA:92,34,5,0
BRDA:113,35,0,0
BRDA:113,35,1,0
BRDA:113,36,0,0
BRDA:113,36,1,0
BRDA:113,36,2,0
BRDA:113,37,0,0
BRDA:113,37,1,0
BRDA:117,38,0,0
BRDA:117,38,1,0
BRDA:117,39,0,0
BRDA:117,39,1,0
BRDA:117,39,2,0
BRDA:117,39,3,0
BRDA:121,40,0,0
BRDA:121,40,1,0
BRDA:121,41,0,0
BRDA:121,41,1,0
BRDA:126,42,0,0
BRDA:126,42,1,0
BRDA:126,43,0,0
BRDA:126,43,1,0
BRDA:131,44,0,0
BRDA:131,44,1,0
BRDA:142,45,0,0
BRDA:142,45,1,0
BRDA:144,46,0,0
BRDA:144,46,1,0
BRDA:149,47,0,0
BRDA:149,47,1,0
BRDA:149,47,2,0
BRDA:150,48,0,0
BRDA:150,48,1,0
BRDA:150,49,0,0
BRDA:150,49,1,0
BRDA:223,50,0,0
BRDA:223,50,1,0
BRDA:226,51,0,0
BRDA:226,51,1,0
BRDA:227,52,0,0
BRDA:227,52,1,0
BRDA:232,53,0,0
BRDA:232,53,1,0
BRDA:238,54,0,0
BRDA:238,54,1,0
BRDA:245,55,0,0
BRDA:245,55,1,0
BRDA:245,56,0,0
BRDA:245,56,1,0
BRDA:245,57,0,0
BRDA:245,57,1,0
BRDA:245,58,0,0
BRDA:245,58,1,0
BRDA:251,59,0,0
BRDA:251,59,1,0
BRDA:258,60,0,0
BRDA:258,60,1,0
BRDA:261,61,0,0
BRDA:261,61,1,0
BRDA:264,62,0,0
BRDA:264,62,1,0
BRDA:270,63,0,0
BRDA:270,63,1,0
BRDA:271,64,0,0
BRDA:271,64,1,0
BRDA:271,65,0,0
BRDA:271,65,1,0
BRDA:275,66,0,0
BRDA:275,66,1,0
BRDA:283,67,0,0
BRDA:283,67,1,0
BRDA:332,68,0,0
BRDA:332,68,1,0
BRDA:341,69,0,0
BRDA:341,69,1,0
BRDA:341,70,0,0
BRDA:341,70,1,0
BRDA:341,71,0,0
BRDA:341,71,1,0
BRDA:344,72,0,0
BRDA:344,72,1,0
BRDA:360,73,0,0
BRDA:360,73,1,0
BRDA:360,74,0,0
BRDA:360,74,1,0
BRDA:364,75,0,0
BRDA:364,75,1,0
BRDA:364,76,0,0
BRDA:364,76,1,0
BRDA:367,77,0,0
BRDA:367,77,1,0
BRDA:367,78,0,0
BRDA:367,78,1,0
BRDA:368,79,0,0
BRDA:368,79,1,0
BRDA:372,80,0,0
BRDA:372,80,1,0
BRDA:372,81,0,0
BRDA:372,81,1,0
BRDA:399,82,0,0
BRDA:399,82,1,0
BRDA:399,82,2,0
BRDA:399,82,3,0
BRDA:399,82,4,0
BRDA:401,83,0,0
BRDA:401,83,1,0
BRDA:410,84,0,0
BRDA:410,84,1,0
BRDA:415,85,0,0
BRDA:415,85,1,0
BRDA:415,86,0,0
BRDA:415,86,1,0
BRDA:417,87,0,0
BRDA:417,87,1,0
BRDA:425,88,0,0
BRDA:425,88,1,0
BRDA:425,89,0,0
BRDA:425,89,1,0
BRDA:425,90,0,0
BRDA:425,90,1,0
BRDA:433,91,0,0
BRDA:433,91,1,0
BRDA:440,92,0,0
BRDA:440,92,1,0
BRDA:474,93,0,0
BRDA:474,93,1,0
BRDA:479,94,0,0
BRDA:479,94,1,0
BRDA:497,95,0,0
BRDA:497,95,1,0
BRDA:500,96,0,0
BRDA:500,96,1,0
BRDA:503,97,0,0
BRDA:503,97,1,0
BRDA:563,98,0,0
BRDA:563,98,1,0
BRDA:563,98,2,0
BRDA:564,99,0,0
BRDA:564,99,1,0
BRDA:564,100,0,0
BRDA:564,100,1,0
BRDA:565,101,0,0
BRDA:565,101,1,0
BRDA:565,102,0,0
BRDA:565,102,1,0
BRDA:566,103,0,0
BRDA:566,103,1,0
BRDA:570,104,0,0
BRDA:570,104,1,0
BRDA:781,105,0,0
BRDA:781,105,1,0
BRDA:788,106,0,0
BRDA:788,106,1,0
BRDA:790,107,0,0
BRDA:790,107,1,0
BRDA:821,108,0,0
BRDA:821,108,1,0
BRDA:847,109,0,0
BRDA:847,109,1,0
BRDA:847,110,0,0
BRDA:847,110,1,0
BRDA:847,111,0,0
BRDA:847,111,1,0
BRDA:854,112,0,0
BRDA:854,112,1,0
BRDA:854,113,0,0
BRDA:854,113,1,0
BRDA:854,114,0,0
BRDA:854,114,1,0
BRDA:865,115,0,0
BRDA:865,115,1,0
BRDA:894,116,0,0
BRDA:894,116,1,0
BRDA:901,117,0,0
BRDA:901,117,1,0
BRDA:901,118,0,0
BRDA:901,118,1,0
BRDA:901,119,0,0
BRDA:901,119,1,0
BRDA:913,120,0,0
BRDA:913,120,1,0
BRDA:925,121,0,0
BRDA:925,121,1,0
BRDA:925,122,0,0
BRDA:925,122,1,0
BRDA:939,123,0,0
BRDA:939,123,1,0
BRDA:956,124,0,0
BRDA:956,124,1,0
BRDA:962,125,0,0
BRDA:962,125,1,0
BRDA:968,126,0,0
BRDA:968,126,1,0
BRDA:974,127,0,0
BRDA:974,127,1,0
BRDA:980,128,0,0
BRDA:980,128,1,0
BRDA:980,129,0,0
BRDA:980,129,1,0
BRDA:986,130,0,0
BRDA:986,130,1,0
BRDA:1040,131,0,0
BRDA:1040,131,1,0
BRDA:1040,132,0,0
BRDA:1040,132,1,0
BRDA:1055,133,0,0
BRDA:1055,133,1,0
BRDA:1055,134,0,0
BRDA:1055,134,1,0
BRDA:1055,135,0,0
BRDA:1055,135,1,0
BRDA:1062,136,0,0
BRDA:1062,136,1,0
BRDA:1065,137,0,0
BRDA:1065,137,1,0
BRDA:1077,138,0,0
BRDA:1077,138,1,0
BRF:296
BRH:0
end_of_record
TN:
SF:src/pages/order/scan.vue
FN:3,(anonymous_0)
FN:4,(anonymous_1)
FN:13,(anonymous_2)
FN:14,adopt
FN:15,(anonymous_4)
FN:19,(anonymous_5)
FN:20,fulfilled
FN:27,rejected
FN:34,step
FN:40,(anonymous_9)
FN:43,(anonymous_10)
FN:58,(anonymous_11)
FN:61,verb
FN:62,(anonymous_13)
FN:66,step
FN:128,(anonymous_15)
FN:145,(anonymous_16)
FN:196,(anonymous_17)
FN:200,(anonymous_18)
FN:206,(anonymous_19)
FN:207,(anonymous_20)
FN:208,(anonymous_21)
FN:220,(anonymous_22)
FN:221,(anonymous_23)
FN:222,(anonymous_24)
FN:266,(anonymous_25)
FN:267,(anonymous_26)
FN:268,(anonymous_27)
FN:361,(anonymous_28)
FN:368,(anonymous_29)
FN:370,(anonymous_30)
FN:372,(anonymous_31)
FN:377,(anonymous_32)
FN:378,(anonymous_33)
FN:384,(anonymous_34)
FN:388,(anonymous_35)
FN:389,(anonymous_36)
FN:391,(anonymous_37)
FN:431,(anonymous_38)
FN:439,(anonymous_39)
FN:443,(anonymous_40)
FN:466,(anonymous_41)
FN:467,(anonymous_42)
FN:468,(anonymous_43)
FN:489,(anonymous_44)
FN:494,(anonymous_45)
FN:500,(anonymous_46)
FN:501,(anonymous_47)
FN:503,(anonymous_48)
FN:540,(anonymous_49)
FN:545,(anonymous_50)
FN:550,(anonymous_51)
FN:554,(anonymous_52)
FN:559,(anonymous_53)
FN:586,(anonymous_54)
FN:587,(anonymous_55)
FN:589,(anonymous_56)
FN:602,(anonymous_57)
FN:611,(anonymous_58)
FN:615,(anonymous_59)
FN:619,(anonymous_60)
FN:627,(anonymous_61)
FN:631,(anonymous_62)
FN:632,(anonymous_63)
FN:633,(anonymous_64)
FN:647,(anonymous_65)
FN:653,(anonymous_66)
FN:665,(anonymous_67)
FN:725,(anonymous_68)
FN:930,render
FN:1001,(anonymous_70)
FN:1003,(anonymous_71)
FN:1007,(anonymous_72)
FN:1028,(anonymous_73)
FN:1034,(anonymous_74)
FN:1039,(anonymous_75)
FN:1052,(anonymous_76)
FN:1061,(anonymous_77)
FN:1066,(anonymous_78)
FN:1088,(anonymous_79)
FN:1127,(anonymous_80)
FN:1132,(anonymous_81)
FN:1137,(anonymous_82)
FN:1175,(anonymous_83)
FN:1180,(anonymous_84)
FN:1209,(anonymous_85)
FNF:86
FNH:0
FNDA:0,(anonymous_0)
FNDA:0,(anonymous_1)
FNDA:0,(anonymous_2)
FNDA:0,adopt
FNDA:0,(anonymous_4)
FNDA:0,(anonymous_5)
FNDA:0,fulfilled
FNDA:0,rejected
FNDA:0,step
FNDA:0,(anonymous_9)
FNDA:0,(anonymous_10)
FNDA:0,(anonymous_11)
FNDA:0,verb
FNDA:0,(anonymous_13)
FNDA:0,step
FNDA:0,(anonymous_15)
FNDA:0,(anonymous_16)
FNDA:0,(anonymous_17)
FNDA:0,(anonymous_18)
FNDA:0,(anonymous_19)
FNDA:0,(anonymous_20)
FNDA:0,(anonymous_21)
FNDA:0,(anonymous_22)
FNDA:0,(anonymous_23)
FNDA:0,(anonymous_24)
FNDA:0,(anonymous_25)
FNDA:0,(anonymous_26)
FNDA:0,(anonymous_27)
FNDA:0,(anonymous_28)
FNDA:0,(anonymous_29)
FNDA:0,(anonymous_30)
FNDA:0,(anonymous_31)
FNDA:0,(anonymous_32)
FNDA:0,(anonymous_33)
FNDA:0,(anonymous_34)
FNDA:0,(anonymous_35)
FNDA:0,(anonymous_36)
FNDA:0,(anonymous_37)
FNDA:0,(anonymous_38)
FNDA:0,(anonymous_39)
FNDA:0,(anonymous_40)
FNDA:0,(anonymous_41)
FNDA:0,(anonymous_42)
FNDA:0,(anonymous_43)
FNDA:0,(anonymous_44)
FNDA:0,(anonymous_45)
FNDA:0,(anonymous_46)
FNDA:0,(anonymous_47)
FNDA:0,(anonymous_48)
FNDA:0,(anonymous_49)
FNDA:0,(anonymous_50)
FNDA:0,(anonymous_51)
FNDA:0,(anonymous_52)
FNDA:0,(anonymous_53)
FNDA:0,(anonymous_54)
FNDA:0,(anonymous_55)
FNDA:0,(anonymous_56)
FNDA:0,(anonymous_57)
FNDA:0,(anonymous_58)
FNDA:0,(anonymous_59)
FNDA:0,(anonymous_60)
FNDA:0,(anonymous_61)
FNDA:0,(anonymous_62)
FNDA:0,(anonymous_63)
FNDA:0,(anonymous_64)
FNDA:0,(anonymous_65)
FNDA:0,(anonymous_66)
FNDA:0,(anonymous_67)
FNDA:0,(anonymous_68)
FNDA:0,render
FNDA:0,(anonymous_70)
FNDA:0,(anonymous_71)
FNDA:0,(anonymous_72)
FNDA:0,(anonymous_73)
FNDA:0,(anonymous_74)
FNDA:0,(anonymous_75)
FNDA:0,(anonymous_76)
FNDA:0,(anonymous_77)
FNDA:0,(anonymous_78)
FNDA:0,(anonymous_79)
FNDA:0,(anonymous_80)
FNDA:0,(anonymous_81)
FNDA:0,(anonymous_82)
FNDA:0,(anonymous_83)
FNDA:0,(anonymous_84)
FNDA:0,(anonymous_85)
DA:3,0
DA:4,0
DA:5,0
DA:6,0
DA:7,0
DA:9,0
DA:11,0
DA:13,0
DA:15,0
DA:16,0
DA:19,0
DA:21,0
DA:22,0
DA:24,0
DA:28,0
DA:29,0
DA:31,0
DA:35,0
DA:37,0
DA:40,0
DA:41,0
DA:44,0
DA:45,0
DA:54,0
DA:59,0
DA:62,0
DA:63,0
DA:67,0
DA:68,0
DA:69,0
DA:70,0
DA:71,0
DA:74,0
DA:75,0
DA:77,0
DA:78,0
DA:83,0
DA:84,0
DA:85,0
DA:86,0
DA:88,0
DA:89,0
DA:90,0
DA:92,0
DA:93,0
DA:94,0
DA:96,0
DA:97,0
DA:98,0
DA:100,0
DA:101,0
DA:102,0
DA:103,0
DA:105,0
DA:106,0
DA:107,0
DA:108,0
DA:110,0
DA:111,0
DA:112,0
DA:114,0
DA:116,0
DA:117,0
DA:119,0
DA:121,0
DA:122,0
DA:128,0
DA:129,0
DA:133,0
DA:136,0
DA:137,0
DA:138,0
DA:139,0
DA:140,0
DA:141,0
DA:143,0
DA:146,0
DA:147,0
DA:148,0
DA:149,0
DA:150,0
DA:152,0
DA:153,0
DA:154,0
DA:155,0
DA:156,0
DA:157,0
DA:158,0
DA:160,0
DA:165,0
DA:168,0
DA:190,0
DA:191,0
DA:193,0
DA:194,0
DA:196,0
DA:197,0
DA:198,0
DA:200,0
DA:201,0
DA:206,0
DA:207,0
DA:208,0
DA:209,0
DA:211,0
DA:213,0
DA:214,0
DA:220,0
DA:221,0
DA:222,0
DA:223,0
DA:225,0
DA:259,0
DA:261,0
DA:266,0
DA:267,0
DA:268,0
DA:269,0
DA:271,0
DA:354,0
DA:356,0
DA:361,0
DA:362,0
DA:363,0
DA:365,0
DA:368,0
DA:369,0
DA:370,0
DA:371,0
DA:373,0
DA:377,0
DA:378,0
DA:379,0
DA:381,0
DA:384,0
DA:385,0
DA:388,0
DA:389,0
DA:391,0
DA:392,0
DA:394,0
DA:395,0
DA:397,0
DA:398,0
DA:399,0
DA:400,0
DA:402,0
DA:403,0
DA:404,0
DA:406,0
DA:407,0
DA:409,0
DA:413,0
DA:415,0
DA:417,0
DA:418,0
DA:419,0
DA:423,0
DA:425,0
DA:431,0
DA:432,0
DA:433,0
DA:439,0
DA:440,0
DA:443,0
DA:444,0
DA:446,0
DA:447,0
DA:448,0
DA:452,0
DA:453,0
DA:454,0
DA:455,0
DA:456,0
DA:463,0
DA:466,0
DA:467,0
DA:468,0
DA:469,0
DA:470,0
DA:472,0
DA:478,0
DA:482,0
DA:484,0
DA:489,0
DA:491,0
DA:494,0
DA:496,0
DA:497,0
DA:500,0
DA:501,0
DA:503,0
DA:504,0
DA:506,0
DA:507,0
DA:511,0
DA:513,0
DA:515,0
DA:516,0
DA:517,0
DA:519,0
DA:520,0
DA:521,0
DA:523,0
DA:524,0
DA:525,0
DA:527,0
DA:528,0
DA:532,0
DA:534,0
DA:540,0
DA:542,0
DA:545,0
DA:547,0
DA:550,0
DA:551,0
DA:554,0
DA:556,0
DA:559,0
DA:560,0
DA:561,0
DA:565,0
DA:567,0
DA:580,0
DA:586,0
DA:587,0
DA:588,0
DA:590,0
DA:592,0
DA:593,0
DA:597,0
DA:599,0
DA:602,0
DA:603,0
DA:604,0
DA:605,0
DA:607,0
DA:611,0
DA:612,0
DA:615,0
DA:616,0
DA:619,0
DA:620,0
DA:622,0
DA:627,0
DA:631,0
DA:632,0
DA:633,0
DA:634,0
DA:636,0
DA:637,0
DA:639,0
DA:640,0
DA:641,0
DA:647,0
DA:648,0
DA:650,0
DA:654,0
DA:655,0
DA:656,0
DA:661,0
DA:665,0
DA:666,0
DA:668,0
DA:717,0
DA:721,0
DA:725,0
DA:726,0
DA:727,0
DA:728,0
DA:729,0
DA:732,0
DA:734,0
DA:735,0
DA:736,0
DA:737,0
DA:738,0
DA:739,0
DA:742,0
DA:743,0
DA:744,0
DA:747,0
DA:751,0
DA:756,0
DA:757,0
DA:760,0
DA:761,0
DA:762,0
DA:763,0
DA:764,0
DA:765,0
DA:766,0
DA:767,0
DA:768,0
DA:769,0
DA:770,0
DA:771,0
DA:774,0
DA:778,0
DA:779,0
DA:780,0
DA:784,0
DA:785,0
DA:786,0
DA:787,0
DA:788,0
DA:792,0
DA:796,0
DA:800,0
DA:801,0
DA:802,0
DA:803,0
DA:804,0
DA:805,0
DA:806,0
DA:807,0
DA:808,0
DA:811,0
DA:812,0
DA:813,0
DA:814,0
DA:815,0
DA:816,0
DA:817,0
DA:821,0
DA:822,0
DA:825,0
DA:829,0
DA:833,0
DA:834,0
DA:835,0
DA:836,0
DA:840,0
DA:844,0
DA:845,0
DA:846,0
DA:847,0
DA:851,0
DA:852,0
DA:856,0
DA:857,0
DA:860,0
DA:861,0
DA:862,0
DA:863,0
DA:866,0
DA:870,0
DA:871,0
DA:872,0
DA:875,0
DA:876,0
DA:877,0
DA:878,0
DA:881,0
DA:885,0
DA:886,0
DA:887,0
DA:888,0
DA:893,0
DA:894,0
DA:898,0
DA:899,0
DA:900,0
DA:901,0
DA:902,0
DA:903,0
DA:906,0
DA:907,0
DA:908,0
DA:909,0
DA:932,0
DA:933,0
DA:934,0
DA:1001,0
DA:1004,0
DA:1007,0
DA:1028,0
DA:1036,0
DA:1039,0
DA:1052,0
DA:1063,0
DA:1066,0
DA:1089,0
DA:1127,0
DA:1132,0
DA:1137,0
DA:1175,0
DA:1180,0
DA:1209,0
DA:1244,0
DA:1245,0
LF:391
LH:0
BRDA:3,0,0,0
BRDA:3,0,1,0
BRDA:3,0,2,0
BRDA:4,1,0,0
BRDA:4,1,1,0
BRDA:7,2,0,0
BRDA:7,2,1,0
BRDA:13,3,0,0
BRDA:13,3,1,0
BRDA:13,3,2,0
BRDA:15,4,0,0
BRDA:15,4,1,0
BRDA:19,5,0,0
BRDA:19,5,1,0
BRDA:35,6,0,0
BRDA:35,6,1,0
BRDA:37,7,0,0
BRDA:37,7,1,0
BRDA:40,8,0,0
BRDA:40,8,1,0
BRDA:40,8,2,0
BRDA:44,9,0,0
BRDA:44,9,1,0
BRDA:58,10,0,0
BRDA:58,10,1,0
BRDA:67,11,0,0
BRDA:67,11,1,0
BRDA:68,12,0,0
BRDA:68,12,1,0
BRDA:68,13,0,0
BRDA:68,13,1,0
BRDA:69,14,0,0
BRDA:69,14,1,0
BRDA:69,15,0,0
BRDA:69,15,1,0
BRDA:69,15,2,0
BRDA:69,16,0,0
BRDA:69,16,1,0
BRDA:69,17,0,0
BRDA:69,17,1,0
BRDA:69,18,0,0
BRDA:69,18,1,0
BRDA:69,19,0,0
BRDA:69,19,1,0
BRDA:70,20,0,0
BRDA:70,20,1,0
BRDA:71,21,0,0
BRDA:71,21,1,0
BRDA:71,21,2,0
BRDA:71,21,3,0
BRDA:71,21,4,0
BRDA:71,21,5,0
BRDA:92,22,0,0
BRDA:92,22,1,0
BRDA:92,23,0,0
BRDA:92,23,1,0
BRDA:92,23,2,0
BRDA:92,24,0,0
BRDA:92,24,1,0
BRDA:96,25,0,0
BRDA:96,25,1,0
BRDA:96,26,0,0
BRDA:96,26,1,0
BRDA:96,26,2,0
BRDA:96,26,3,0
BRDA:100,27,0,0
BRDA:100,27,1,0
BRDA:100,28,0,0
BRDA:100,28,1,0
BRDA:105,29,0,0
BRDA:105,29,1,0
BRDA:105,30,0,0
BRDA:105,30,1,0
BRDA:110,31,0,0
BRDA:110,31,1,0
BRDA:121,32,0,0
BRDA:121,32,1,0
BRDA:123,33,0,0
BRDA:123,33,1,0
BRDA:128,34,0,0
BRDA:128,34,1,0
BRDA:128,34,2,0
BRDA:129,35,0,0
BRDA:129,35,1,0
[...]
FN:50,createOrder
FN:67,(anonymous_8)
FN:83,fetchOrders
FN:101,fetchOrderDetail
FN:112,(anonymous_11)
FN:126,cancelOrder
FN:146,updateOrderStatus
FN:153,(anonymous_14)
FN:162,handleOrderStatusUpdate
FN:174,(anonymous_16)
FN:192,setCurrentOrder
FN:199,getOrdersByStatus
FN:200,(anonymous_19)
FN:206,getOrderStatusText
FN:224,getOrderStatusColor
FN:242,canCancelOrder
FN:249,canReviewOrder
FN:256,clearOrders
FNF:25
FNH:0
FNDA:0,(anonymous_0)
FNDA:0,(anonymous_1)
FNDA:0,(anonymous_2)
FNDA:0,(anonymous_3)
FNDA:0,(anonymous_4)
FNDA:0,(anonymous_5)
FNDA:0,(anonymous_6)
FNDA:0,createOrder
FNDA:0,(anonymous_8)
FNDA:0,fetchOrders
FNDA:0,fetchOrderDetail
FNDA:0,(anonymous_11)
FNDA:0,cancelOrder
FNDA:0,updateOrderStatus
FNDA:0,(anonymous_14)
FNDA:0,handleOrderStatusUpdate
FNDA:0,(anonymous_16)
FNDA:0,setCurrentOrder
FNDA:0,getOrdersByStatus
FNDA:0,(anonymous_19)
FNDA:0,getOrderStatusText
FNDA:0,getOrderStatusColor
FNDA:0,canCancelOrder
FNDA:0,canReviewOrder
FNDA:0,clearOrders
DA:6,0
DA:7,0
DA:9,0
DA:11,0
DA:15,0
DA:18,0
DA:21,0
DA:24,0
DA:29,0
DA:30,0
DA:34,0
DA:35,0
DA:36,0
DA:41,0
DA:42,0
DA:61,0
DA:62,0
DA:63,0
DA:64,0
DA:67,0
DA:68,0
DA:69,0
DA:71,0
DA:74,0
DA:76,0
DA:88,0
DA:89,0
DA:90,0
DA:91,0
DA:92,0
DA:94,0
DA:102,0
DA:103,0
DA:104,0
DA:107,0
DA:108,0
DA:112,0
DA:113,0
DA:114,0
DA:117,0
DA:119,0
DA:127,0
DA:128,0
DA:129,0
DA:132,0
DA:134,0
DA:139,0
DA:148,0
DA:149,0
DA:153,0
DA:154,0
DA:155,0
DA:168,0
DA:170,0
DA:173,0
DA:174,0
DA:175,0
DA:176,0
DA:181,0
DA:182,0
DA:193,0
DA:200,0
DA:207,0
DA:218,0
DA:225,0
DA:236,0
DA:243,0
DA:250,0
DA:257,0
DA:258,0
DA:261,0
LF:71
LH:0
BRDA:68,0,0,0
BRDA:68,0,1,0
BRDA:90,1,0,0
BRDA:90,1,1,0
BRDA:107,2,0,0
BRDA:113,3,0,0
BRDA:148,4,0,0
BRDA:154,5,0,0
BRDA:173,6,0,0
BRDA:175,7,0,0
BRDA:181,8,0,0
BRDA:218,9,0,0
BRDA:218,9,1,0
BRDA:236,10,0,0
BRDA:236,10,1,0
BRF:15
BRH:0
end_of_record
TN:
SF:src/stores/user.ts
FN:12,(anonymous_0)
FN:27,(anonymous_1)
FN:30,(anonymous_2)
FN:33,(anonymous_3)
FN:36,(anonymous_4)
FN:39,(anonymous_5)
FN:42,(anonymous_6)
FN:49,initUserState
FN:63,loadUserFromStorage
FN:70,login
FN:91,wechatLogin
FN:108,register
FN:133,logout
FN:147,refreshUserInfo
FN:163,updateUserInfo
FN:179,checkPermission
FN:186,getUserPrice
FN:193,ensureLoggedIn
FN:218,persistState
FN:227,clearPersistedState
FN:234,$subscribe
FNF:21
FNH:0
FNDA:0,(anonymous_0)
FNDA:0,(anonymous_1)
FNDA:0,(anonymous_2)
FNDA:0,(anonymous_3)
FNDA:0,(anonymous_4)
FNDA:0,(anonymous_5)
FNDA:0,(anonymous_6)
FNDA:0,initUserState
FNDA:0,loadUserFromStorage
FNDA:0,login
FNDA:0,wechatLogin
FNDA:0,register
FNDA:0,logout
FNDA:0,refreshUserInfo
FNDA:0,updateUserInfo
FNDA:0,checkPermission
FNDA:0,getUserPrice
FNDA:0,ensureLoggedIn
FNDA:0,persistState
FNDA:0,clearPersistedState
FNDA:0,$subscribe
DA:6,0
DA:7,0
DA:9,0
DA:10,0
DA:12,0
DA:16,0
DA:19,0
DA:22,0
DA:27,0
DA:30,0
DA:33,0
DA:36,0
DA:39,0
DA:42,0
DA:50,0
DA:51,0
DA:53,0
DA:54,0
DA:55,0
DA:64,0
DA:71,0
DA:72,0
DA:73,0
DA:79,0
DA:80,0
DA:82,0
DA:84,0
DA:92,0
DA:93,0
DA:94,0
DA:96,0
DA:97,0
DA:99,0
DA:101,0
DA:114,0
DA:115,0
DA:116,0
DA:121,0
DA:122,0
DA:124,0
DA:126,0
DA:134,0
DA:135,0
DA:136,0
DA:138,0
DA:139,0
DA:140,0
DA:148,0
DA:150,0
DA:151,0
DA:152,0
DA:153,0
DA:155,0
DA:156,0
DA:164,0
DA:166,0
DA:167,0
DA:168,0
DA:169,0
DA:170,0
DA:172,0
DA:180,0
DA:187,0
DA:194,0
DA:195,0
DA:198,0
DA:201,0
DA:202,0
DA:205,0
DA:206,0
DA:209,0
DA:219,0
DA:220,0
DA:228,0
DA:229,0
DA:230,0
DA:238,0
LF:77
LH:0
BRDA:27,0,0,0
BRDA:27,0,1,0
BRDA:30,1,0,0
BRDA:30,1,1,0
BRDA:33,2,0,0
BRDA:33,2,1,0
BRDA:36,3,0,0
BRDA:36,3,1,0
BRDA:39,4,0,0
BRDA:39,4,1,0
BRDA:42,5,0,0
BRDA:42,5,1,0
BRDA:53,6,0,0
BRDA:53,7,0,0
BRDA:53,7,1,0
BRDA:148,8,0,0
BRDA:164,9,0,0
BRDA:194,10,0,0
BRDA:219,11,0,0
BRF:19
BRH:0
end_of_record
TN:
SF:src/utils/analytics.ts
FN:59,(anonymous_0)
FN:68,(anonymous_1)
FN:75,(anonymous_2)
FN:80,(anonymous_3)
FN:95,(anonymous_4)
FN:129,(anonymous_5)
FN:162,(anonymous_6)
FN:195,(anonymous_7)
FN:211,(anonymous_8)
FN:226,(anonymous_9)
FN:233,(anonymous_10)
FN:250,(anonymous_11)
FN:259,(anonymous_12)
FN:266,(anonymous_13)
FN:274,(anonymous_14)
FN:281,(anonymous_15)
FN:287,(anonymous_16)
FN:295,(anonymous_17)
FN:303,(anonymous_18)
FN:310,(anonymous_19)
FN:318,(anonymous_20)
FN:325,(anonymous_21)
FN:332,(anonymous_22)
FN:341,(anonymous_23)
FN:348,(anonymous_24)
FN:352,(anonymous_25)
FN:360,(anonymous_26)
FN:370,(anonymous_27)
FN:387,(anonymous_28)
FN:425,(anonymous_29)
FN:436,(anonymous_30)
FN:445,(anonymous_31)
FN:463,(anonymous_32)
FN:464,(anonymous_33)
FN:472,(anonymous_34)
FN:484,(anonymous_35)
FN:496,(anonymous_36)
FN:503,(anonymous_37)
FN:535,install
FN:541,trackEvent
FN:542,(anonymous_40)
FN:545,(anonymous_41)
FNF:42
FNH:0
FNDA:0,(anonymous_0)
FNDA:0,(anonymous_1)
FNDA:0,(anonymous_2)
FNDA:0,(anonymous_3)
FNDA:0,(anonymous_4)
FNDA:0,(anonymous_5)
FNDA:0,(anonymous_6)
FNDA:0,(anonymous_7)
FNDA:0,(anonymous_8)
FNDA:0,(anonymous_9)
FNDA:0,(anonymous_10)
FNDA:0,(anonymous_11)
FNDA:0,(anonymous_12)
FNDA:0,(anonymous_13)
FNDA:0,(anonymous_14)
FNDA:0,(anonymous_15)
FNDA:0,(anonymous_16)
FNDA:0,(anonymous_17)
FNDA:0,(anonymous_18)
FNDA:0,(anonymous_19)
FNDA:0,(anonymous_20)
FNDA:0,(anonymous_21)
FNDA:0,(anonymous_22)
FNDA:0,(anonymous_23)
FNDA:0,(anonymous_24)
FNDA:0,(anonymous_25)
FNDA:0,(anonymous_26)
FNDA:0,(anonymous_27)
FNDA:0,(anonymous_28)
FNDA:0,(anonymous_29)
FNDA:0,(anonymous_30)
FNDA:0,(anonymous_31)
FNDA:0,(anonymous_32)
FNDA:0,(anonymous_33)
FNDA:0,(anonymous_34)
FNDA:0,(anonymous_35)
FNDA:0,(anonymous_36)
FNDA:0,(anonymous_37)
FNDA:0,install
FNDA:0,trackEvent
FNDA:0,(anonymous_40)
FNDA:0,(anonymous_41)
DA:50,0
DA:51,0
DA:52,0
DA:55,0
DA:56,0
DA:57,0
DA:60,0
DA:61,0
DA:62,0
DA:69,0
DA:72,0
DA:75,0
DA:76,0
DA:80,0
DA:81,0
DA:82,0
DA:84,0
DA:89,0
DA:96,0
DA:98,0
DA:114,0
DA:115,0
DA:116,0
DA:118,0
DA:121,0
DA:122,0
DA:130,0
DA:133,0
DA:135,0
DA:144,0
DA:145,0
DA:146,0
DA:147,0
DA:149,0
DA:152,0
DA:168,0
DA:170,0
DA:180,0
DA:182,0
DA:185,0
DA:196,0
DA:198,0
DA:200,0
DA:205,0
DA:216,0
DA:227,0
DA:237,0
DA:238,0
DA:240,0
DA:251,0
DA:260,0
DA:267,0
DA:275,0
DA:282,0
DA:288,0
DA:296,0
DA:304,0
DA:311,0
DA:319,0
DA:326,0
DA:333,0
DA:342,0
DA:343,0
DA:349,0
DA:353,0
DA:354,0
DA:361,0
DA:376,0
DA:388,0
DA:389,0
DA:391,0
DA:392,0
DA:400,0
DA:409,0
DA:411,0
DA:412,0
DA:413,0
DA:415,0
DA:418,0
DA:426,0
DA:428,0
DA:429,0
DA:437,0
DA:438,0
DA:439,0
DA:446,0
DA:448,0
DA:464,0
DA:465,0
DA:473,0
DA:474,0
DA:475,0
DA:476,0
DA:485,0
DA:486,0
DA:487,0
DA:489,0
DA:497,0
DA:504,0
DA:510,0
DA:511,0
DA:512,0
DA:513,0
DA:514,0
DA:515,0
DA:516,0
DA:517,0
DA:521,0
DA:522,0
DA:523,0
DA:524,0
DA:527,0
DA:532,0
DA:535,0
DA:536,0
DA:537,0
DA:541,0
DA:542,0
DA:543,0
DA:545,0
DA:546,0
DA:547,0
DA:549,0
DA:552,0
DA:556,0
LF:125
LH:0
BRDA:69,0,0,0
BRDA:81,1,0,0
BRDA:81,1,1,0
BRDA:95,2,0,0
BRDA:96,3,0,0
BRDA:121,4,0,0
BRDA:130,5,0,0
BRDA:136,6,0,0
BRDA:136,6,1,0
BRDA:137,7,0,0
BRDA:137,7,1,0
BRDA:165,8,0,0
BRDA:166,9,0,0
BRDA:168,10,0,0
BRDA:195,11,0,0
BRDA:196,12,0,0
BRDA:214,13,0,0
BRDA:226,14,0,0
BRDA:235,15,0,0
BRDA:237,16,0,0
BRDA:237,16,1,0
BRDA:238,17,0,0
BRDA:238,17,1,0
BRDA:388,18,0,0
BRDA:388,19,0,0
BRDA:388,19,1,0
BRDA:389,20,0,0
BRDA:389,21,0,0
BRDA:389,21,1,0
BRDA:389,21,2,0
BRDA:409,22,0,0
BRDA:428,23,0,0
BRDA:473,24,0,0
BRDA:475,25,0,0
BRDA:510,26,0,0
BRDA:510,26,1,0
BRDA:521,27,0,0
BRDA:546,28,0,0
BRDA:546,28,1,0
BRF:39
BRH:0
end_of_record
TN:
SF:src/utils/navigation.ts
FN:17,isTabbarPage
FN:28,navigateTo
FN:63,redirectTo
FN:94,reLaunch
FN:107,navigateBack
FN:124,preloadPage
FNF:6
FNH:0
FNDA:0,isTabbarPage
FNDA:0,navigateTo
FNDA:0,redirectTo
FNDA:0,reLaunch
FNDA:0,navigateBack
FNDA:0,preloadPage
DA:7,0
DA:19,0
DA:21,0
DA:22,0
DA:28,0
DA:36,0
DA:37,0
DA:39,0
DA:41,0
DA:49,0
DA:63,0
DA:69,0
DA:70,0
DA:72,0
DA:74,0
DA:82,0
DA:94,0
DA:100,0
DA:101,0
DA:107,0
DA:115,0
DA:124,0
DA:125,0
DA:126,0
DA:131,0
DA:140,0
LF:26
LH:0
BRDA:21,0,0,0
BRDA:21,0,1,0
BRDA:36,1,0,0
BRDA:36,1,1,0
BRDA:37,2,0,0
BRDA:37,2,1,0
BRDA:39,3,0,0
BRDA:39,3,1,0
BRDA:69,4,0,0
BRDA:69,4,1,0
BRDA:70,5,0,0
BRDA:70,5,1,0
BRDA:72,6,0,0
BRDA:72,6,1,0
BRDA:100,7,0,0
BRDA:100,7,1,0
BRDA:107,8,0,0
BRDA:125,9,0,0
BRF:18
BRH:0
end_of_record
TN:
SF:src/utils/optimization.ts
FN:29,(anonymous_6)
FN:41,(anonymous_7)
FN:46,(anonymous_8)
FN:47,(anonymous_9)
FN:58,(anonymous_10)
FN:75,(anonymous_11)
FN:85,(anonymous_12)
FN:91,(anonymous_13)
FN:96,(anonymous_14)
FN:106,(anonymous_15)
FN:122,(anonymous_16)
FN:131,(anonymous_17)
FN:139,(anonymous_18)
FN:162,(anonymous_19)
FN:189,(anonymous_20)
FN:196,(anonymous_21)
FN:209,(anonymous_22)
FN:220,(anonymous_23)
FN:226,(anonymous_24)
FN:239,(anonymous_25)
FN:243,(anonymous_26)
FN:249,(anonymous_27)
FN:255,(anonymous_28)
FN:259,(anonymous_29)
FN:274,(anonymous_30)
FN:278,(anonymous_31)
FN:286,(anonymous_32)
FN:298,(anonymous_33)
FN:323,(anonymous_34)
FN:335,(anonymous_35)
FN:338,(anonymous_36)
FN:339,(anonymous_37)
FN:355,(anonymous_38)
FN:360,(anonymous_39)
FN:373,(anonymous_40)
FN:378,(anonymous_41)
FN:389,(anonymous_42)
FN:394,(anonymous_43)
FN:397,(anonymous_44)
FN:402,(anonymous_45)
FN:413,(anonymous_46)
FN:414,(anonymous_47)
FN:421,(anonymous_48)
FN:428,(anonymous_49)
FN:436,debounce
FN:443,executedFunction
FN:444,(anonymous_52)
FN:460,throttle
FN:466,executedFunction
FN:470,(anonymous_55)
FN:478,loadComponent
FN:479,(anonymous_57)
FN:482,(anonymous_58)
FN:489,compressImage
FN:495,(anonymous_60)
FN:500,(anonymous_61)
FN:516,(anonymous_62)
FN:525,(anonymous_63)
FN:536,(anonymous_64)
FN:538,(anonymous_65)
FN:539,(anonymous_66)
FN:546,(anonymous_67)
FN:553,(anonymous_68)
FN:560,(anonymous_69)
FN:567,(anonymous_70)
FN:568,(anonymous_71)
FNF:66
FNH:0
FNDA:0,(anonymous_6)
FNDA:0,(anonymous_7)
FNDA:0,(anonymous_8)
FNDA:0,(anonymous_9)
FNDA:0,(anonymous_10)
FNDA:0,(anonymous_11)
FNDA:0,(anonymous_12)
FNDA:0,(anonymous_13)
FNDA:0,(anonymous_14)
FNDA:0,(anonymous_15)
FNDA:0,(anonymous_16)
FNDA:0,(anonymous_17)
FNDA:0,(anonymous_18)
FNDA:0,(anonymous_19)
FNDA:0,(anonymous_20)
FNDA:0,(anonymous_21)
FNDA:0,(anonymous_22)
FNDA:0,(anonymous_23)
FNDA:0,(anonymous_24)
FNDA:0,(anonymous_25)
FNDA:0,(anonymous_26)
FNDA:0,(anonymous_27)
FNDA:0,(anonymous_28)
FNDA:0,(anonymous_29)
FNDA:0,(anonymous_30)
FNDA:0,(anonymous_31)
FNDA:0,(anonymous_32)
FNDA:0,(anonymous_33)
FNDA:0,(anonymous_34)
FNDA:0,(anonymous_35)
FNDA:0,(anonymous_36)
FNDA:0,(anonymous_37)
FNDA:0,(anonymous_38)
FNDA:0,(anonymous_39)
FNDA:0,(anonymous_40)
FNDA:0,(anonymous_41)
FNDA:0,(anonymous_42)
FNDA:0,(anonymous_43)
FNDA:0,(anonymous_44)
FNDA:0,(anonymous_45)
FNDA:0,(anonymous_46)
FNDA:0,(anonymous_47)
FNDA:0,(anonymous_48)
FNDA:0,(anonymous_49)
FNDA:0,debounce
FNDA:0,executedFunction
FNDA:0,(anonymous_52)
FNDA:0,throttle
FNDA:0,executedFunction
FNDA:0,(anonymous_55)
FNDA:0,loadComponent
FNDA:0,(anonymous_57)
FNDA:0,(anonymous_58)
FNDA:0,compressImage
FNDA:0,(anonymous_60)
FNDA:0,(anonymous_61)
FNDA:0,(anonymous_62)
FNDA:0,(anonymous_63)
FNDA:0,(anonymous_64)
FNDA:0,(anonymous_65)
FNDA:0,(anonymous_66)
FNDA:0,(anonymous_67)
FNDA:0,(anonymous_68)
FNDA:0,(anonymous_69)
FNDA:0,(anonymous_70)
FNDA:0,(anonymous_71)
DA:25,0
DA:26,0
DA:30,0
DA:38,0
DA:42,0
DA:43,0
DA:46,0
DA:47,0
DA:48,0
DA:49,0
DA:59,0
DA:61,0
DA:64,0
DA:65,0
DA:66,0
DA:69,0
DA:76,0
DA:78,0
DA:79,0
DA:86,0
DA:87,0
DA:90,0
DA:91,0
DA:92,0
DA:93,0
DA:94,0
DA:96,0
DA:97,0
DA:98,0
DA:100,0
DA:107,0
DA:108,0
DA:109,0
DA:111,0
DA:119,0
DA:123,0
DA:131,0
DA:132,0
DA:141,0
DA:142,0
DA:145,0
DA:151,0
DA:154,0
DA:155,0
DA:163,0
DA:165,0
DA:167,0
DA:168,0
DA:169,0
DA:170,0
DA:172,0
DA:176,0
DA:177,0
DA:178,0
DA:182,0
DA:183,0
DA:190,0
DA:197,0
DA:199,0
DA:200,0
DA:203,0
DA:210,0
DA:212,0
DA:213,0
DA:226,0
DA:228,0
DA:240,0
DA:241,0
DA:243,0
DA:244,0
DA:245,0
DA:249,0
DA:256,0
DA:257,0
DA:259,0
DA:260,0
DA:261,0
DA:262,0
DA:266,0
DA:267,0
DA:275,0
DA:277,0
DA:278,0
DA:280,0
DA:287,0
DA:288,0
DA:289,0
DA:291,0
DA:299,0
DA:300,0
DA:301,0
DA:303,0
DA:304,0
DA:307,0
DA:308,0
DA:310,0
DA:314,0
DA:317,0
DA:324,0
DA:325,0
DA:326,0
DA:328,0
DA:336,0
DA:337,0
DA:338,0
DA:339,0
DA:341,0
DA:350,0
DA:356,0
DA:357,0
DA:360,0
DA:361,0
DA:362,0
DA:363,0
DA:365,0
DA:366,0
DA:369,0
DA:370,0
DA:373,0
DA:374,0
DA:375,0
DA:378,0
DA:379,0
DA:382,0
DA:390,0
DA:391,0
DA:394,0
DA:395,0
DA:397,0
DA:398,0
DA:399,0
DA:402,0
DA:403,0
DA:406,0
DA:414,0
DA:415,0
DA:422,0
DA:429,0
DA:436,0
DA:443,0
DA:444,0
DA:445,0
DA:446,0
DA:449,0
DA:450,0
DA:451,0
DA:453,0
DA:460,0
DA:466,0
DA:467,0
DA:468,0
DA:469,0
DA:470,0
DA:478,0
DA:479,0
DA:480,0
DA:482,0
DA:489,0
DA:495,0
DA:496,0
DA:497,0
DA:498,0
DA:500,0
DA:502,0
DA:504,0
DA:505,0
DA:506,0
DA:507,0
DA:510,0
DA:511,0
DA:514,0
DA:516,0
DA:517,0
DA:518,0
DA:520,0
DA:525,0
DA:526,0
DA:533,0
DA:534,0
DA:537,0
DA:538,0
DA:539,0
DA:547,0
DA:554,0
DA:561,0
DA:562,0
DA:563,0
DA:568,0
DA:573,0
DA:574,0
DA:575,0
DA:576,0
LF:192
LH:0
BRDA:29,0,0,0
BRDA:42,1,0,0
BRDA:42,2,0,0
BRDA:42,2,1,0
BRDA:48,3,0,0
BRDA:59,4,0,0
BRDA:64,5,0,0
BRDA:76,6,0,0
BRDA:87,7,0,0
BRDA:87,8,0,0
BRDA:87,8,1,0
BRDA:107,9,0,0
BRDA:122,10,0,0
BRDA:141,11,0,0
BRDA:154,12,0,0
BRDA:165,13,0,0
BRDA:168,14,0,0
BRDA:176,15,0,0
BRDA:199,16,0,0
BRDA:212,17,0,0
BRDA:231,18,0,0
BRDA:231,18,1,0
BRDA:232,19,0,0
BRDA:232,19,1,0
BRDA:244,20,0,0
BRDA:260,21,0,0
BRDA:266,22,0,0
BRDA:275,23,0,0
BRDA:288,24,0,0
BRDA:288,24,1,0
BRDA:300,25,0,0
BRDA:300,25,1,0
BRDA:303,26,0,0
BRDA:307,27,0,0
BRDA:307,27,1,0
BRDA:325,28,0,0
BRDA:325,28,1,0
BRDA:337,29,0,0
BRDA:337,29,1,0
BRDA:355,30,0,0
BRDA:356,31,0,0
BRDA:365,32,0,0
BRDA:369,33,0,0
BRDA:390,34,0,0
BRDA:446,35,0,0
BRDA:449,36,0,0
BRDA:449,36,1,0
BRDA:453,37,0,0
BRDA:467,38,0,0
BRDA:491,39,0,0
BRDA:492,40,0,0
BRDA:493,41,0,0
BRDA:504,42,0,0
BRDA:504,43,0,0
BRDA:504,43,1,0
BRDA:517,44,0,0
BRDA:517,44,1,0
BRDA:537,45,0,0
BRDA:547,46,0,0
BRDA:547,46,1,0
BRDA:562,47,0,0
BRF:61
BRH:0
end_of_record
TN:
SF:src/utils/performance.ts
FN:67,(anonymous_0)
FN:74,(anonymous_1)
FN:93,(anonymous_2)
FN:116,(anonymous_3)
FN:120,(anonymous_4)
FN:143,(anonymous_5)
FN:183,(anonymous_6)
FN:195,(anonymous_7)
FN:196,(anonymous_8)
FN:216,(anonymous_9)
FN:252,(anonymous_10)
FN:286,(anonymous_11)
FN:300,(anonymous_12)
FN:303,(anonymous_13)
FN:306,(anonymous_14)
FN:323,(anonymous_15)
FN:353,(anonymous_16)
FN:360,(anonymous_17)
FN:371,(anonymous_18)
FN:375,(anonymous_19)
FN:376,(anonymous_20)
FN:382,(anonymous_21)
FN:394,(anonymous_22)
FN:398,(anonymous_23)
FN:409,(anonymous_24)
FN:423,(anonymous_25)
FN:427,(anonymous_26)
FN:434,(anonymous_27)
FN:437,(anonymous_28)
FN:450,(anonymous_29)
FN:452,(anonymous_30)
FN:457,(anonymous_31)
FN:465,(anonymous_32)
FN:495,(anonymous_33)
FN:498,(anonymous_34)
FN:499,(anonymous_35)
FN:500,(anonymous_36)
FN:501,(anonymous_37)
FN:507,(anonymous_38)
FN:519,(anonymous_39)
FN:532,(anonymous_40)
FN:540,(anonymous_41)
FN:554,trackApi
FN:555,(anonymous_43)
FN:558,(anonymous_44)
FNF:45
FNH:0
FNDA:0,(anonymous_0)
FNDA:0,(anonymous_1)
FNDA:0,(anonymous_2)
FNDA:0,(anonymous_3)
FNDA:0,(anonymous_4)
FNDA:0,(anonymous_5)
FNDA:0,(anonymous_6)
FNDA:0,(anonymous_7)
FNDA:0,(anonymous_8)
FNDA:0,(anonymous_9)
FNDA:0,(anonymous_10)
FNDA:0,(anonymous_11)
FNDA:0,(anonymous_12)
FNDA:0,(anonymous_13)
FNDA:0,(anonymous_14)
FNDA:0,(anonymous_15)
FNDA:0,(anonymous_16)
FNDA:0,(anonymous_17)
FNDA:0,(anonymous_18)
FNDA:0,(anonymous_19)
FNDA:0,(anonymous_20)
FNDA:0,(anonymous_21)
FNDA:0,(anonymous_22)
FNDA:0,(anonymous_23)
FNDA:0,(anonymous_24)
FNDA:0,(anonymous_25)
FNDA:0,(anonymous_26)
FNDA:0,(anonymous_27)
FNDA:0,(anonymous_28)
FNDA:0,(anonymous_29)
FNDA:0,(anonymous_30)
FNDA:0,(anonymous_31)
FNDA:0,(anonymous_32)
FNDA:0,(anonymous_33)
FNDA:0,(anonymous_34)
FNDA:0,(anonymous_35)
FNDA:0,(anonymous_36)
FNDA:0,(anonymous_37)
FNDA:0,(anonymous_38)
FNDA:0,(anonymous_39)
FNDA:0,(anonymous_40)
FNDA:0,(anonymous_41)
FNDA:0,trackApi
FNDA:0,(anonymous_43)
FNDA:0,(anonymous_44)
DA:51,0
DA:52,0
DA:53,0
DA:54,0
DA:55,0
DA:56,0
DA:57,0
DA:60,0
DA:68,0
DA:75,0
DA:78,0
DA:81,0
DA:84,0
DA:87,0
DA:94,0
DA:96,0
DA:97,0
DA:105,0
DA:108,0
DA:109,0
DA:117,0
DA:119,0
DA:120,0
DA:122,0
DA:123,0
DA:124,0
DA:127,0
DA:128,0
DA:130,0
DA:131,0
DA:135,0
DA:137,0
DA:151,0
DA:153,0
DA:163,0
DA:166,0
DA:167,0
DA:171,0
DA:172,0
DA:184,0
DA:186,0
DA:187,0
DA:189,0
DA:191,0
DA:195,0
DA:196,0
DA:202,0
DA:205,0
DA:206,0
DA:222,0
DA:224,0
DA:232,0
DA:235,0
DA:236,0
DA:240,0
DA:241,0
DA:259,0
DA:261,0
DA:273,0
DA:276,0
DA:277,0
DA:280,0
DA:298,0
DA:300,0
DA:303,0
DA:306,0
DA:311,0
DA:324,0
DA:326,0
DA:327,0
DA:329,0
DA:341,0
DA:343,0
DA:346,0
DA:354,0
DA:361,0
DA:362,0
DA:363,0
DA:364,0
DA:365,0
DA:372,0
DA:375,0
DA:376,0
DA:377,0
DA:382,0
DA:383,0
DA:384,0
DA:386,0
DA:395,0
DA:398,0
DA:399,0
DA:409,0
DA:410,0
DA:424,0
DA:427,0
DA:428,0
DA:429,0
DA:434,0
DA:435,0
DA:437,0
DA:438,0
DA:442,0
DA:452,0
DA:453,0
DA:457,0
DA:458,0
DA:468,0
DA:470,0
DA:471,0
DA:473,0
DA:474,0
DA:476,0
DA:477,0
DA:479,0
DA:482,0
DA:483,0
DA:496,0
DA:498,0
DA:499,0
DA:500,0
DA:501,0
DA:508,0
DA:509,0
DA:510,0
DA:512,0
DA:520,0
DA:521,0
DA:522,0
DA:523,0
DA:525,0
DA:533,0
DA:535,0
DA:536,0
DA:539,0
DA:540,0
DA:541,0
DA:542,0
DA:546,0
DA:551,0
DA:554,0
DA:555,0
DA:556,0
DA:558,0
DA:559,0
DA:560,0
DA:562,0
DA:563,0
DA:564,0
DA:566,0
DA:574,0
DA:576,0
DA:578,0
DA:586,0
DA:590,0
DA:594,0
LF:155
LH:0
BRDA:75,0,0,0
BRDA:93,1,0,0
BRDA:94,2,0,0
BRDA:108,3,0,0
BRDA:117,4,0,0
BRDA:120,5,0,0
BRDA:120,5,1,0
BRDA:122,6,0,0
BRDA:130,7,0,0
BRDA:151,8,0,0
BRDA:166,9,0,0
BRDA:171,10,0,0
BRDA:184,11,0,0
BRDA:184,12,0,0
BRDA:184,12,1,0
BRDA:189,13,0,0
BRDA:195,14,0,0
BRDA:195,14,1,0
BRDA:196,15,0,0
BRDA:196,15,1,0
BRDA:205,16,0,0
BRDA:222,17,0,0
BRDA:235,18,0,0
BRDA:240,19,0,0
BRDA:240,20,0,0
BRDA:240,20,1,0
BRDA:259,21,0,0
BRDA:276,22,0,0
BRDA:299,23,0,0
BRDA:299,23,1,0
BRDA:302,24,0,0
BRDA:302,24,1,0
BRDA:305,25,0,0
BRDA:305,25,1,0
BRDA:324,26,0,0
BRDA:324,27,0,0
BRDA:324,27,1,0
BRDA:341,28,0,0
BRDA:372,29,0,0
BRDA:383,30,0,0
BRDA:383,30,1,0
BRDA:395,31,0,0
BRDA:415,32,0,0
BRDA:415,32,1,0
BRDA:424,33,0,0
BRDA:435,34,0,0
BRDA:468,35,0,0
BRDA:468,35,1,0
BRDA:468,35,2,0
BRDA:468,35,3,0
BRDA:482,36,0,0
BRDA:533,37,0,0
BRDA:535,38,0,0
BRDA:539,39,0,0
BRDA:541,40,0,0
BRF:55
BRH:0
end_of_record
TN:
SF:src/utils/platform.ts
FN:8,(anonymous_0)
FN:17,(anonymous_1)
FN:26,(anonymous_2)
FN:41,(anonymous_3)
FN:42,(anonymous_4)
FN:64,(anonymous_5)
FN:65,(anonymous_6)
FN:70,(anonymous_7)
FN:81,(anonymous_8)
FN:118,(anonymous_9)
FN:139,(anonymous_10)
FN:140,(anonymous_11)
FN:168,(anonymous_12)
FN:169,(anonymous_13)
FN:177,(anonymous_14)
FN:223,(anonymous_15)
FN:224,(anonymous_16)
FN:239,(anonymous_17)
FN:259,(anonymous_18)
FNF:19
FNH:0
FNDA:0,(anonymous_0)
FNDA:0,(anonymous_1)
FNDA:0,(anonymous_2)
FNDA:0,(anonymous_3)
FNDA:0,(anonymous_4)
FNDA:0,(anonymous_5)
FNDA:0,(anonymous_6)
FNDA:0,(anonymous_7)
FNDA:0,(anonymous_8)
FNDA:0,(anonymous_9)
FNDA:0,(anonymous_10)
FNDA:0,(anonymous_11)
FNDA:0,(anonymous_12)
FNDA:0,(anonymous_13)
FNDA:0,(anonymous_14)
FNDA:0,(anonymous_15)
FNDA:0,(anonymous_16)
FNDA:0,(anonymous_17)
FNDA:0,(anonymous_18)
DA:7,0
DA:10,0
DA:13,0
DA:19,0
DA:22,0
DA:28,0
DA:31,0
DA:37,0
DA:42,0
DA:43,0
DA:45,0
DA:53,0
DA:65,0
DA:66,0
DA:68,0
DA:69,0
DA:71,0
DA:82,0
DA:84,0
DA:102,0
DA:114,0
DA:119,0
DA:121,0
DA:140,0
DA:141,0
DA:143,0
DA:144,0
DA:145,0
DA:152,0
DA:156,0
DA:169,0
DA:170,0
DA:172,0
DA:173,0
DA:174,0
DA:175,0
DA:177,0
DA:178,0
DA:179,0
DA:180,0
DA:181,0
DA:183,0
DA:184,0
DA:185,0
DA:186,0
DA:187,0
DA:195,0
DA:201,0
DA:205,0
DA:208,0
DA:224,0
DA:225,0
DA:227,0
DA:228,0
DA:229,0
DA:230,0
DA:231,0
DA:233,0
DA:237,0
DA:239,0
DA:248,0
DA:260,0
DA:261,0
DA:263,0
LF:64
LH:0
BRDA:43,0,0,0
BRDA:43,0,1,0
BRDA:64,1,0,0
BRDA:66,2,0,0
BRDA:66,2,1,0
BRDA:68,3,0,0
BRDA:68,3,1,0
BRDA:74,4,0,0
BRDA:74,4,1,0
BRDA:76,5,0,0
BRDA:76,5,1,0
BRDA:77,6,0,0
BRDA:77,6,1,0
BRDA:139,7,0,0
BRDA:141,8,0,0
BRDA:141,8,1,0
BRDA:144,9,0,0
BRDA:144,9,1,0
BRDA:168,10,0,0
BRDA:170,11,0,0
BRDA:170,11,1,0
BRDA:175,12,0,0
BRDA:175,12,1,0
BRDA:179,13,0,0
BRDA:179,13,1,0
BRDA:179,14,0,0
BRDA:179,14,1,0
BRDA:225,15,0,0
BRDA:225,15,1,0
BRDA:227,16,0,0
BRDA:227,16,1,0
BRDA:227,17,0,0
BRDA:227,17,1,0
BRDA:228,18,0,0
BRDA:228,18,1,0
BRDA:229,19,0,0
BRDA:229,19,1,0
BRDA:259,20,0,0
BRDA:260,21,0,0
BRDA:260,21,1,0
BRF:40
BRH:0
end_of_record
